[38;5;112m[Appium][0m Welcome to Appium v2.13.1
[38;5;112m[Appium][0m Non-default server args:
[38;5;112m[Appium][0m { basePath: [32m'/wd/hub'[39m, loglevel: [32m'info'[39m, port: [33m52663[39m }
[38;5;112m[Appium][0m Attempting to load driver uiautomator2...
[38;5;112m[Appium][0m Appium REST http interface listener started on http://0.0.0.0:52663/wd/hub
[38;5;112m[Appium][0m You can provide the following URLs in your client code to connect to this server:
	http://192.168.1.65:52663/wd/hub
	http://127.0.0.1:52663/wd/hub (only accessible from the same host)
[38;5;112m[Appium][0m Available drivers:
[38;5;112m[Appium][0m   - uiautomator2@3.9.7 (automationName 'UiAutomator2')
[38;5;112m[Appium][0m No plugins have been installed. Use the "appium plugin" command to install the one(s) you want to use.
[38;5;86m[HTTP][0m [37m-->[39m [37mGET[39m [37m/wd/hub/status[39m [90m{}[39m
[38;5;86m[HTTP][0m [37m<-- GET /wd/hub/status [39m[32m200[39m [90m6 ms - 111[39m [90m[39m
[38;5;86m[HTTP][0m [37m-->[39m [37mGET[39m [37m/wd/hub/status[39m [90m{}[39m
[38;5;86m[HTTP][0m [37m<-- GET /wd/hub/status [39m[32m200[39m [90m2 ms - 111[39m [90m[39m
[38;5;86m[HTTP][0m [37m-->[39m [37mPOST[39m [37m/wd/hub/session[39m [90m{"capabilities":{"firstMatch":[{"appium:app":"C:\\Users\\User\\Downloads\\Setia_City_Mall_Version_5_13_11_(Version_Code_162).apk","appium:autoGrantPermissions":true,"appium:automationName":"uiautomator2","appium:deviceName":"samsung SM-M115F (Android 12)","appium:fullReset":false,"appium:newCommandTimeout":1800,"appium:noReset":true,"appium:platformName":"ANDROID","appium:platformVersion":"12","appium:systemPort":52681,"appium:udid":"R9JN70X3DWJ","platformName":"ANDROID"}]},"desiredCapabilities":{"appium:app":"C:\\Users\\User\\Downloads\\Setia_City_Mall_Version_5_13_11_(Version_Code_162).apk","appium:autoGrantPermissions":true,"appium:automationName":"uiautomator2","appium:deviceName":"samsung SM-M115F (Android 12)","appium:fullReset":false,"appium:newCommandTimeout":1800,"appium:noReset":true,"appium:platformName":"ANDROID","appium:platformVersion":"12","appium:systemPort":52681,"appium:udid":"R9JN70X3DWJ"}}[39m
[38;5;123m[BaseDriver][0m Ignoring capability 'appium:platformName=ANDROID' and using capability 'platformName=ANDROID'
[38;5;123m[BaseDriver][0m The capabilities ["platformName"] are standard capabilities and do not require "appium:" prefix
[38;5;112m[Appium][0m Attempting to find matching driver for automationName 'uiautomator2' and platformName 'ANDROID'
[38;5;112m[Appium][0m The 'uiautomator2' driver was installed and matched caps.
[38;5;112m[Appium][0m Will require it at C:\Users\User\.appium\node_modules\appium-uiautomator2-driver
[38;5;134m[AppiumDriver@d8df][0m Appium v2.13.1 creating new AndroidUiautomator2Driver (v3.9.7) session
[38;5;134m[AppiumDriver@d8df][0m Checking BaseDriver versions for Appium and AndroidUiautomator2Driver
[38;5;134m[AppiumDriver@d8df][0m Appium's BaseDriver version is 9.13.1
[38;5;134m[AppiumDriver@d8df][0m AndroidUiautomator2Driver's BaseDriver version is 9.13.1
[38;5;33m[ce102f53][0m[38;5;-26m[AndroidUiautomator2Driver@1a07][0m Session created with session id: ce102f53-3702-401a-8f9d-4d60448f79e2
[38;5;33m[ce102f53][0m[38;5;229m[ADB][0m Found 1 'build-tools' folders under 'C:\Users\User\.katalon\tools\android_sdk' (newest first):
[38;5;33m[ce102f53][0m[38;5;229m[ADB][0m     C:\Users\User\.katalon\tools\android_sdk\build-tools\29.0.3
[38;5;33m[ce102f53][0m[38;5;229m[ADB][0m Using 'adb.exe' from 'C:\Users\User\.katalon\tools\android_sdk\platform-tools\adb.exe'
[38;5;33m[ce102f53][0m[38;5;-26m[AndroidUiautomator2Driver@1a07][0m Retrieving device list
[38;5;33m[ce102f53][0m[38;5;-26m[AndroidUiautomator2Driver@1a07][0m Using device: R9JN70X3DWJ
[38;5;33m[ce102f53][0m[38;5;229m[ADB][0m Using 'adb.exe' from 'C:\Users\User\.katalon\tools\android_sdk\platform-tools\adb.exe'
[38;5;33m[ce102f53][0m[38;5;123m[BaseDriver][0m Using local app 'C:\Users\User\Downloads\Setia_City_Mall_Version_5_13_11_(Version_Code_162).apk'
[38;5;33m[ce102f53][0m[38;5;229m[ADB][0m Getting device platform version
[38;5;33m[ce102f53][0m[38;5;-26m[AndroidUiautomator2Driver@1a07][0m Relaxing hidden api policy
[38;5;33m[ce102f53][0m[38;5;229m[ADB][0m Using 'aapt2.exe' from 'C:\Users\User\.katalon\tools\android_sdk\build-tools\29.0.3\aapt2.exe'
[38;5;33m[ce102f53][0m[38;5;229m[ADB][0m Package name: 'com.convep.setiacitymall'
[38;5;33m[ce102f53][0m[38;5;229m[ADB][0m Main activity name: 'com.convep.scm.MainActivity'
[38;5;33m[ce102f53][0m[38;5;-26m[AndroidUiautomator2Driver@1a07][0m Server packages are not going to be (re)installed
[38;5;33m[ce102f53][0m[38;5;229m[ADB][0m Adding packages ["io.appium.settings","io.appium.uiautomator2.server","io.appium.uiautomator2.server.test"] to Doze whitelist
[38;5;33m[ce102f53][0m[38;5;229m[ADB][0m Using 'apksigner.jar' from 'C:\Users\User\.katalon\tools\android_sdk\build-tools\29.0.3\lib\apksigner.jar'
[38;5;33m[ce102f53][0m[38;5;229m[ADB][0m 'C:\Users\User\Downloads\Setia_City_Mall_Version_5_13_11_(Version_Code_162).apk' is signed with a non-default certificate
[38;5;33m[ce102f53][0m[38;5;229m[ADB][0m The application at 'C:\Users\User\Downloads\Setia_City_Mall_Version_5_13_11_(Version_Code_162).apk' will not be cached, because the device under test has confirmed the support of streamed installs
[38;5;33m[ce102f53][0m[38;5;229m[ADB][0m The installation of 'Setia_City_Mall_Version_5_13_11_(Version_Code_162).apk' took 7280ms
[38;5;33m[ce102f53][0m[38;5;-26m[AndroidUiautomator2Driver@1a07][0m Starting UIAutomator2 server 7.1.9
[38;5;33m[ce102f53][0m[38;5;-26m[AndroidUiautomator2Driver@1a07][0m Using UIAutomator2 server from 'C:\Users\User\.appium\node_modules\appium-uiautomator2-driver\node_modules\appium-uiautomator2-server\apks\appium-uiautomator2-server-v7.1.9.apk' and test from 'C:\Users\User\.appium\node_modules\appium-uiautomator2-driver\node_modules\appium-uiautomator2-server\apks\appium-uiautomator2-server-debug-androidTest.apk'
[38;5;33m[ce102f53][0m[38;5;-26m[AndroidUiautomator2Driver@1a07][0m Waiting up to 30000ms for UiAutomator2 to be online...
[38;5;33m[ce102f53][0m[38;5;-26m[AndroidUiautomator2Driver@1a07][0m socket hang up
[38;5;33m[ce102f53][0m[38;5;-26m[AndroidUiautomator2Driver@1a07][0m socket hang up
[38;5;33m[ce102f53][0m[38;5;-26m[AndroidUiautomator2Driver@1a07][0m socket hang up
[38;5;33m[ce102f53][0m[38;5;-26m[AndroidUiautomator2Driver@1a07][0m socket hang up
[38;5;33m[ce102f53][0m[38;5;-26m[AndroidUiautomator2Driver@1a07][0m socket hang up
[38;5;33m[ce102f53][0m[38;5;-26m[AndroidUiautomator2Driver@1a07][0m Determined the downstream protocol as 'W3C'
[38;5;33m[ce102f53][0m[38;5;-26m[AndroidUiautomator2Driver@1a07][0m Screen already unlocked, doing nothing
[38;5;33m[ce102f53][0m[38;5;-26m[AndroidUiautomator2Driver@1a07][0m Starting 'com.convep.setiacitymall/com.convep.scm.MainActivity and waiting for 'com.convep.setiacitymall/com.convep.scm.MainActivity'
[38;5;33m[ce102f53][0m[38;5;134m[AppiumDriver@d8df][0m New AndroidUiautomator2Driver session created successfully, session ce102f53-3702-401a-8f9d-4d60448f79e2 added to master session list
[38;5;33m[ce102f53][0m[38;5;86m[HTTP][0m [37m<-- POST /wd/hub/session [39m[32m200[39m [90m19083 ms - 1294[39m [90m[39m
[38;5;86m[HTTP][0m [37m-->[39m [37mGET[39m [37m/wd/hub/status[39m [90m{}[39m
[38;5;86m[HTTP][0m [37m<-- GET /wd/hub/status [39m[32m200[39m [90m1 ms - 111[39m [90m[39m
[38;5;33m[ce102f53][0m[38;5;86m[HTTP][0m [37m-->[39m [37mPOST[39m [37m/wd/hub/session/ce102f53-3702-401a-8f9d-4d60448f79e2/timeouts[39m [90m{"implicit":60000}[39m
[38;5;33m[ce102f53][0m[38;5;86m[HTTP][0m [37m<-- POST /wd/hub/session/ce102f53-3702-401a-8f9d-4d60448f79e2/timeouts [39m[32m200[39m [90m4 ms - 14[39m [90m[39m
[38;5;33m[ce102f53][0m[38;5;86m[HTTP][0m [37m-->[39m [37mGET[39m [37m/wd/hub/session/ce102f53-3702-401a-8f9d-4d60448f79e2/source[39m [90m{}[39m
[38;5;33m[ce102f53][0m[38;5;-26m[AndroidUiautomator2Driver@1a07][0m Driver proxy active, passing request on via HTTP proxy
[38;5;33m[ce102f53][0m[38;5;-26m[AndroidUiautomator2Driver@1a07][0m Replacing sessionId d502f144-9a79-4bf6-bd70-62de2105b3d6 with ce102f53-3702-401a-8f9d-4d60448f79e2
[38;5;33m[ce102f53][0m[38;5;86m[HTTP][0m [37m<-- GET /wd/hub/session/ce102f53-3702-401a-8f9d-4d60448f79e2/source [39m[32m200[39m [90m239 ms - 2797[39m [90m[39m
[38;5;33m[ce102f53][0m[38;5;86m[HTTP][0m [37m-->[39m [37mGET[39m [37m/wd/hub/session/ce102f53-3702-401a-8f9d-4d60448f79e2/screenshot[39m [90m{}[39m
[38;5;33m[ce102f53][0m[38;5;86m[HTTP][0m [37m<-- GET /wd/hub/session/ce102f53-3702-401a-8f9d-4d60448f79e2/screenshot [39m[32m200[39m [90m780 ms - 23108[39m [90m[39m
[38;5;33m[ce102f53][0m[38;5;86m[HTTP][0m [37m-->[39m [37mGET[39m [37m/wd/hub/session/ce102f53-3702-401a-8f9d-4d60448f79e2/window/rect[39m [90m{}[39m
[38;5;33m[ce102f53][0m[38;5;86m[HTTP][0m [37m<-- GET /wd/hub/session/ce102f53-3702-401a-8f9d-4d60448f79e2/window/rect [39m[32m200[39m [90m50 ms - 49[39m [90m[39m
[38;5;33m[ce102f53][0m[38;5;86m[HTTP][0m [37m-->[39m [37mPOST[39m [37m/wd/hub/session/ce102f53-3702-401a-8f9d-4d60448f79e2/elements[39m [90m{"using":"xpath","value":"//*[@class = 'hierarchy']"}[39m
[38;5;33m[ce102f53][0m[38;5;86m[HTTP][0m [37m<-- POST /wd/hub/session/ce102f53-3702-401a-8f9d-4d60448f79e2/elements [39m[32m200[39m [90m60251 ms - 12[39m [90m[39m
[38;5;33m[ce102f53][0m[38;5;86m[HTTP][0m [37m-->[39m [37mGET[39m [37m/wd/hub/session/ce102f53-3702-401a-8f9d-4d60448f79e2/source[39m [90m{}[39m
[38;5;33m[ce102f53][0m[38;5;-26m[AndroidUiautomator2Driver@1a07][0m Driver proxy active, passing request on via HTTP proxy
[38;5;33m[ce102f53][0m[38;5;-26m[AndroidUiautomator2Driver@1a07][0m Replacing sessionId d502f144-9a79-4bf6-bd70-62de2105b3d6 with ce102f53-3702-401a-8f9d-4d60448f79e2
[38;5;33m[ce102f53][0m[38;5;86m[HTTP][0m [37m<-- GET /wd/hub/session/ce102f53-3702-401a-8f9d-4d60448f79e2/source [39m[32m200[39m [90m286 ms - 28404[39m [90m[39m
[38;5;33m[ce102f53][0m[38;5;86m[HTTP][0m [37m-->[39m [37mGET[39m [37m/wd/hub/session/ce102f53-3702-401a-8f9d-4d60448f79e2/screenshot[39m [90m{}[39m
[38;5;33m[ce102f53][0m[38;5;86m[HTTP][0m [37m<-- GET /wd/hub/session/ce102f53-3702-401a-8f9d-4d60448f79e2/screenshot [39m[32m200[39m [90m1519 ms - 883728[39m [90m[39m
[38;5;33m[ce102f53][0m[38;5;86m[HTTP][0m [37m-->[39m [37mGET[39m [37m/wd/hub/session/ce102f53-3702-401a-8f9d-4d60448f79e2/window/rect[39m [90m{}[39m
[38;5;33m[ce102f53][0m[38;5;86m[HTTP][0m [37m<-- GET /wd/hub/session/ce102f53-3702-401a-8f9d-4d60448f79e2/window/rect [39m[32m200[39m [90m43 ms - 49[39m [90m[39m
[38;5;33m[ce102f53][0m[38;5;86m[HTTP][0m [37m-->[39m [37mPOST[39m [37m/wd/hub/session/ce102f53-3702-401a-8f9d-4d60448f79e2/elements[39m [90m{"using":"xpath","value":"//*[@class = 'android.view.ViewGroup' and (@text = '' or . = '')]"}[39m
[38;5;33m[ce102f53][0m[38;5;86m[HTTP][0m [37m<-- POST /wd/hub/session/ce102f53-3702-401a-8f9d-4d60448f79e2/elements [39m[32m200[39m [90m495 ms - 4875[39m [90m[39m
[38;5;33m[ce102f53][0m[38;5;86m[HTTP][0m [37m-->[39m [37mGET[39m [37m/wd/hub/session/ce102f53-3702-401a-8f9d-4d60448f79e2/element/00000000-0000-06e5-ffff-ffff00000009/rect[39m [90m{}[39m
[38;5;33m[ce102f53][0m[38;5;-26m[AndroidUiautomator2Driver@1a07][0m Driver proxy active, passing request on via HTTP proxy
[38;5;33m[ce102f53][0m[38;5;-26m[AndroidUiautomator2Driver@1a07][0m Replacing sessionId d502f144-9a79-4bf6-bd70-62de2105b3d6 with ce102f53-3702-401a-8f9d-4d60448f79e2
[38;5;33m[ce102f53][0m[38;5;86m[HTTP][0m [37m<-- GET /wd/hub/session/ce102f53-3702-401a-8f9d-4d60448f79e2/element/00000000-0000-06e5-ffff-ffff00000009/rect [39m[32m200[39m [90m54 ms - 101[39m [90m[39m
[38;5;33m[ce102f53][0m[38;5;86m[HTTP][0m [37m-->[39m [37mPOST[39m [37m/wd/hub/session/ce102f53-3702-401a-8f9d-4d60448f79e2/element/00000000-0000-06e5-ffff-ffff00000009/click[39m [90m{"id":"00000000-0000-06e5-ffff-ffff00000009"}[39m
[38;5;33m[ce102f53][0m[38;5;86m[HTTP][0m [37m<-- POST /wd/hub/session/ce102f53-3702-401a-8f9d-4d60448f79e2/element/00000000-0000-06e5-ffff-ffff00000009/click [39m[32m200[39m [90m82 ms - 14[39m [90m[39m
[38;5;33m[ce102f53][0m[38;5;86m[HTTP][0m [37m-->[39m [37mGET[39m [37m/wd/hub/session/ce102f53-3702-401a-8f9d-4d60448f79e2/source[39m [90m{}[39m
[38;5;33m[ce102f53][0m[38;5;-26m[AndroidUiautomator2Driver@1a07][0m Driver proxy active, passing request on via HTTP proxy
[38;5;33m[ce102f53][0m[38;5;-26m[AndroidUiautomator2Driver@1a07][0m Replacing sessionId d502f144-9a79-4bf6-bd70-62de2105b3d6 with ce102f53-3702-401a-8f9d-4d60448f79e2
[38;5;33m[ce102f53][0m[38;5;86m[HTTP][0m [37m<-- GET /wd/hub/session/ce102f53-3702-401a-8f9d-4d60448f79e2/source [39m[32m200[39m [90m279 ms - 28404[39m [90m[39m
[38;5;33m[ce102f53][0m[38;5;86m[HTTP][0m [37m-->[39m [37mGET[39m [37m/wd/hub/session/ce102f53-3702-401a-8f9d-4d60448f79e2/screenshot[39m [90m{}[39m
[38;5;33m[ce102f53][0m[38;5;86m[HTTP][0m [37m<-- GET /wd/hub/session/ce102f53-3702-401a-8f9d-4d60448f79e2/screenshot [39m[32m200[39m [90m1452 ms - 883952[39m [90m[39m
[38;5;33m[ce102f53][0m[38;5;86m[HTTP][0m [37m-->[39m [37mGET[39m [37m/wd/hub/session/ce102f53-3702-401a-8f9d-4d60448f79e2/window/rect[39m [90m{}[39m
[38;5;33m[ce102f53][0m[38;5;86m[HTTP][0m [37m<-- GET /wd/hub/session/ce102f53-3702-401a-8f9d-4d60448f79e2/window/rect [39m[32m200[39m [90m32 ms - 49[39m [90m[39m
[38;5;33m[ce102f53][0m[38;5;86m[HTTP][0m [37m-->[39m [37mPOST[39m [37m/wd/hub/session/ce102f53-3702-401a-8f9d-4d60448f79e2/elements[39m [90m{"using":"xpath","value":"//*[@class = 'android.widget.FrameLayout' and (@text = '' or . = '')]"}[39m
[38;5;33m[ce102f53][0m[38;5;86m[HTTP][0m [37m<-- POST /wd/hub/session/ce102f53-3702-401a-8f9d-4d60448f79e2/elements [39m[32m200[39m [90m407 ms - 2187[39m [90m[39m
[38;5;33m[ce102f53][0m[38;5;86m[HTTP][0m [37m-->[39m [37mGET[39m [37m/wd/hub/session/ce102f53-3702-401a-8f9d-4d60448f79e2/element/00000000-0000-06db-ffff-ffff7ffffffe/rect[39m [90m{}[39m
[38;5;33m[ce102f53][0m[38;5;-26m[AndroidUiautomator2Driver@1a07][0m Driver proxy active, passing request on via HTTP proxy
[38;5;33m[ce102f53][0m[38;5;-26m[AndroidUiautomator2Driver@1a07][0m Replacing sessionId d502f144-9a79-4bf6-bd70-62de2105b3d6 with ce102f53-3702-401a-8f9d-4d60448f79e2
[38;5;33m[ce102f53][0m[38;5;86m[HTTP][0m [37m<-- GET /wd/hub/session/ce102f53-3702-401a-8f9d-4d60448f79e2/element/00000000-0000-06db-ffff-ffff7ffffffe/rect [39m[32m200[39m [90m35 ms - 100[39m [90m[39m
[38;5;33m[ce102f53][0m[38;5;86m[HTTP][0m [37m-->[39m [37mPOST[39m [37m/wd/hub/session/ce102f53-3702-401a-8f9d-4d60448f79e2/element/00000000-0000-06db-ffff-ffff7ffffffe/click[39m [90m{"id":"00000000-0000-06db-ffff-ffff7ffffffe"}[39m
[38;5;33m[ce102f53][0m[38;5;86m[HTTP][0m [37m<-- POST /wd/hub/session/ce102f53-3702-401a-8f9d-4d60448f79e2/element/00000000-0000-06db-ffff-ffff7ffffffe/click [39m[32m200[39m [90m131 ms - 14[39m [90m[39m
[38;5;33m[ce102f53][0m[38;5;86m[HTTP][0m [37m-->[39m [37mGET[39m [37m/wd/hub/session/ce102f53-3702-401a-8f9d-4d60448f79e2/source[39m [90m{}[39m
[38;5;33m[ce102f53][0m[38;5;-26m[AndroidUiautomator2Driver@1a07][0m Driver proxy active, passing request on via HTTP proxy
[38;5;33m[ce102f53][0m[38;5;-26m[AndroidUiautomator2Driver@1a07][0m Replacing sessionId d502f144-9a79-4bf6-bd70-62de2105b3d6 with ce102f53-3702-401a-8f9d-4d60448f79e2
[38;5;33m[ce102f53][0m[38;5;86m[HTTP][0m [37m<-- GET /wd/hub/session/ce102f53-3702-401a-8f9d-4d60448f79e2/source [39m[32m200[39m [90m400 ms - 9825[39m [90m[39m
[38;5;33m[ce102f53][0m[38;5;86m[HTTP][0m [37m-->[39m [37mGET[39m [37m/wd/hub/session/ce102f53-3702-401a-8f9d-4d60448f79e2/screenshot[39m [90m{}[39m
[38;5;33m[ce102f53][0m[38;5;86m[HTTP][0m [37m<-- GET /wd/hub/session/ce102f53-3702-401a-8f9d-4d60448f79e2/screenshot [39m[32m200[39m [90m816 ms - 32852[39m [90m[39m
[38;5;33m[ce102f53][0m[38;5;86m[HTTP][0m [37m-->[39m [37mDELETE[39m [37m/wd/hub/session/ce102f53-3702-401a-8f9d-4d60448f79e2[39m [90m{}[39m
[38;5;33m[ce102f53][0m[38;5;134m[AppiumDriver@d8df][0m Removing session ce102f53-3702-401a-8f9d-4d60448f79e2 from our master session list
[38;5;33m[ce102f53][0m[38;5;-26m[AndroidUiautomator2Driver@1a07][0m Restoring hidden api policy to the device default configuration
[38;5;33m[ce102f53][0m[38;5;86m[HTTP][0m [37m<-- DELETE /wd/hub/session/ce102f53-3702-401a-8f9d-4d60448f79e2 [39m[32m200[39m [90m308 ms - 14[39m [90m[39m
