[38;5;112m[Appium][0m Welcome to Appium v2.13.1
[38;5;112m[Appium][0m Non-default server args:
[38;5;112m[Appium][0m { basePath: [32m'/wd/hub'[39m, loglevel: [32m'info'[39m, port: [33m52308[39m }
[38;5;112m[Appium][0m Attempting to load driver uiautomator2...
[38;5;112m[Appium][0m Appium REST http interface listener started on http://0.0.0.0:52308/wd/hub
[38;5;112m[Appium][0m You can provide the following URLs in your client code to connect to this server:
	http://192.168.1.229:52308/wd/hub
	http://127.0.0.1:52308/wd/hub (only accessible from the same host)
[38;5;112m[Appium][0m Available drivers:
[38;5;112m[Appium][0m   - uiautomator2@3.9.5 (automationName 'UiAutomator2')
[38;5;112m[Appium][0m No plugins have been installed. Use the "appium plugin" command to install the one(s) you want to use.
[38;5;86m[HTTP][0m [37m-->[39m [37mGET[39m [37m/wd/hub/status[39m [90m{}[39m
[38;5;86m[HTTP][0m [37m<-- GET /wd/hub/status [39m[32m200[39m [90m5 ms - 111[39m [90m[39m
[38;5;86m[HTTP][0m [37m-->[39m [37mPOST[39m [37m/wd/hub/session[39m [90m{"capabilities":{"firstMatch":[{"appium:app":"C:\\Users\\TUF\\git\\test\\Test Files\\Setia_City_Mall_Version_5_13_11_(Version_Code_162).apk","appium:autoGrantPermissions":true,"appium:automationName":"uiautomator2","appium:deviceName":"samsung SM-A015F (Android 12)","appium:fullReset":true,"appium:newCommandTimeout":1800,"appium:noReset":false,"appium:platformName":"ANDROID","appium:platformVersion":"12","appium:systemPort":52307,"appium:udid":"R9PNC036RCJ","platformName":"ANDROID"}]},"desiredCapabilities":{"appium:app":"C:\\Users\\TUF\\git\\test\\Test Files\\Setia_City_Mall_Version_5_13_11_(Version_Code_162).apk","appium:autoGrantPermissions":true,"appium:automationName":"uiautomator2","appium:deviceName":"samsung SM-A015F (Android 12)","appium:fullReset":true,"appium:newCommandTimeout":1800,"appium:noReset":false,"appium:platformName":"ANDROID","appium:platformVersion":"12","appium:systemPort":52307,"appium:udid":"R9PNC036RCJ"}}[39m
[38;5;123m[BaseDriver][0m Ignoring capability 'appium:platformName=ANDROID' and using capability 'platformName=ANDROID'
[38;5;123m[BaseDriver][0m The capabilities ["platformName"] are standard capabilities and do not require "appium:" prefix
[38;5;112m[Appium][0m Attempting to find matching driver for automationName 'uiautomator2' and platformName 'ANDROID'
[38;5;112m[Appium][0m The 'uiautomator2' driver was installed and matched caps.
[38;5;112m[Appium][0m Will require it at C:\Users\TUF\.appium\node_modules\appium-uiautomator2-driver
[38;5;99m[AppiumDriver@85d8][0m Appium v2.13.1 creating new AndroidUiautomator2Driver (v3.9.5) session
[38;5;99m[AppiumDriver@85d8][0m Checking BaseDriver versions for Appium and AndroidUiautomator2Driver
[38;5;99m[AppiumDriver@85d8][0m Appium's BaseDriver version is 9.13.1
[38;5;99m[AppiumDriver@85d8][0m AndroidUiautomator2Driver's BaseDriver version is 9.13.1
[38;5;59m[5740cf84][0m[38;5;-196m[AndroidUiautomator2Driver@f227][0m Session created with session id: 5740cf84-366d-4d88-8de7-ec36c6ed7580
[38;5;59m[5740cf84][0m[38;5;229m[ADB][0m Found 2 'build-tools' folders under 'C:\Users\TUF\AppData\Local\Android\Sdk' (newest first):
[38;5;59m[5740cf84][0m[38;5;229m[ADB][0m     C:\Users\TUF\AppData\Local\Android\Sdk\build-tools\35.0.0
[38;5;59m[5740cf84][0m[38;5;229m[ADB][0m     C:\Users\TUF\AppData\Local\Android\Sdk\build-tools\34.0.0
[38;5;59m[5740cf84][0m[38;5;229m[ADB][0m Using 'adb.exe' from 'C:\Users\TUF\AppData\Local\Android\Sdk\platform-tools\adb.exe'
[38;5;59m[5740cf84][0m[38;5;-196m[AndroidUiautomator2Driver@f227][0m Retrieving device list
[38;5;59m[5740cf84][0m[38;5;-196m[AndroidUiautomator2Driver@f227][0m Using device: R9PNC036RCJ
[38;5;59m[5740cf84][0m[38;5;229m[ADB][0m Using 'adb.exe' from 'C:\Users\TUF\AppData\Local\Android\Sdk\platform-tools\adb.exe'
[38;5;59m[5740cf84][0m[38;5;123m[BaseDriver][0m Using local app 'C:\Users\TUF\git\test\Test Files\Setia_City_Mall_Version_5_13_11_(Version_Code_162).apk'
[38;5;59m[5740cf84][0m[38;5;229m[ADB][0m Getting device platform version
[38;5;59m[5740cf84][0m[38;5;-196m[AndroidUiautomator2Driver@f227][0m Relaxing hidden api policy
[38;5;59m[5740cf84][0m[38;5;229m[ADB][0m Using 'aapt2.exe' from 'C:\Users\TUF\AppData\Local\Android\Sdk\build-tools\35.0.0\aapt2.exe'
[38;5;59m[5740cf84][0m[38;5;229m[ADB][0m Package name: 'com.convep.setiacitymall'
[38;5;59m[5740cf84][0m[38;5;229m[ADB][0m Main activity name: 'com.convep.scm.MainActivity'
[38;5;59m[5740cf84][0m[38;5;229m[ADB][0m Using 'apksigner.jar' from 'C:\Users\TUF\AppData\Local\Android\Sdk\build-tools\35.0.0\lib\apksigner.jar'
[38;5;59m[5740cf84][0m[38;5;-196m[AndroidUiautomator2Driver@f227][0m Server packages are not going to be (re)installed
[38;5;59m[5740cf84][0m[38;5;229m[ADB][0m Adding packages ["io.appium.settings","io.appium.uiautomator2.server","io.appium.uiautomator2.server.test"] to Doze whitelist
[38;5;59m[5740cf84][0m[38;5;229m[ADB][0m 'C:\Users\TUF\git\test\Test Files\Setia_City_Mall_Version_5_13_11_(Version_Code_162).apk' is signed with a non-default certificate
[38;5;59m[5740cf84][0m[38;5;229m[ADB][0m com.convep.setiacitymall was not uninstalled, because it was not present on the device
[38;5;59m[5740cf84][0m[38;5;229m[ADB][0m The application at 'C:\Users\TUF\git\test\Test Files\Setia_City_Mall_Version_5_13_11_(Version_Code_162).apk' will not be cached, because the device under test has confirmed the support of streamed installs
[38;5;59m[5740cf84][0m[38;5;229m[ADB][0m The installation of 'Setia_City_Mall_Version_5_13_11_(Version_Code_162).apk' took 10241ms
[38;5;59m[5740cf84][0m[38;5;-196m[AndroidUiautomator2Driver@f227][0m Starting UIAutomator2 server 7.1.7
[38;5;59m[5740cf84][0m[38;5;-196m[AndroidUiautomator2Driver@f227][0m Using UIAutomator2 server from 'C:\Users\TUF\.appium\node_modules\appium-uiautomator2-driver\node_modules\appium-uiautomator2-server\apks\appium-uiautomator2-server-v7.1.7.apk' and test from 'C:\Users\TUF\.appium\node_modules\appium-uiautomator2-driver\node_modules\appium-uiautomator2-server\apks\appium-uiautomator2-server-debug-androidTest.apk'
[38;5;59m[5740cf84][0m[38;5;-196m[AndroidUiautomator2Driver@f227][0m Waiting up to 30000ms for UiAutomator2 to be online...
[38;5;59m[5740cf84][0m[38;5;-196m[AndroidUiautomator2Driver@f227][0m socket hang up
[38;5;59m[5740cf84][0m[38;5;-196m[AndroidUiautomator2Driver@f227][0m socket hang up
[38;5;59m[5740cf84][0m[38;5;-196m[AndroidUiautomator2Driver@f227][0m socket hang up
[38;5;59m[5740cf84][0m[38;5;-196m[AndroidUiautomator2Driver@f227][0m socket hang up
[38;5;59m[5740cf84][0m[38;5;-196m[AndroidUiautomator2Driver@f227][0m socket hang up
[38;5;59m[5740cf84][0m[38;5;-196m[AndroidUiautomator2Driver@f227][0m Determined the downstream protocol as 'W3C'
[38;5;59m[5740cf84][0m[38;5;-196m[AndroidUiautomator2Driver@f227][0m Screen already unlocked, doing nothing
[38;5;59m[5740cf84][0m[38;5;-196m[AndroidUiautomator2Driver@f227][0m Starting 'com.convep.setiacitymall/com.convep.scm.MainActivity and waiting for 'com.convep.setiacitymall/com.convep.scm.MainActivity'
[38;5;59m[5740cf84][0m[38;5;99m[AppiumDriver@85d8][0m New AndroidUiautomator2Driver session created successfully, session 5740cf84-366d-4d88-8de7-ec36c6ed7580 added to master session list
[38;5;59m[5740cf84][0m[38;5;86m[HTTP][0m [37m<-- POST /wd/hub/session [39m[32m200[39m [90m20865 ms - 1269[39m [90m[39m
[38;5;86m[HTTP][0m [37m-->[39m [37mGET[39m [37m/wd/hub/status[39m [90m{}[39m
[38;5;86m[HTTP][0m [37m<-- GET /wd/hub/status [39m[32m200[39m [90m1 ms - 111[39m [90m[39m
[38;5;59m[5740cf84][0m[38;5;86m[HTTP][0m [37m-->[39m [37mPOST[39m [37m/wd/hub/session/5740cf84-366d-4d88-8de7-ec36c6ed7580/timeouts[39m [90m{"implicit":40000}[39m
[38;5;59m[5740cf84][0m[38;5;86m[HTTP][0m [37m<-- POST /wd/hub/session/5740cf84-366d-4d88-8de7-ec36c6ed7580/timeouts [39m[32m200[39m [90m2 ms - 14[39m [90m[39m
[38;5;59m[5740cf84][0m[38;5;86m[HTTP][0m [37m-->[39m [37mPOST[39m [37m/wd/hub/session/5740cf84-366d-4d88-8de7-ec36c6ed7580/execute/sync[39m [90m{"args":[],"script":"mobile: getSystemBars"}[39m
[38;5;59m[5740cf84][0m[38;5;-196m[AndroidUiautomator2Driver@f227][0m Executing native command 'mobile: getSystemBars'
[38;5;59m[5740cf84][0m[38;5;86m[HTTP][0m [37m<-- POST /wd/hub/session/5740cf84-366d-4d88-8de7-ec36c6ed7580/execute/sync [39m[32m200[39m [90m125 ms - 148[39m [90m[39m
[38;5;59m[5740cf84][0m[38;5;86m[HTTP][0m [37m-->[39m [37mPOST[39m [37m/wd/hub/session/5740cf84-366d-4d88-8de7-ec36c6ed7580/timeouts[39m [90m{"implicit":50}[39m
[38;5;59m[5740cf84][0m[38;5;86m[HTTP][0m [37m<-- POST /wd/hub/session/5740cf84-366d-4d88-8de7-ec36c6ed7580/timeouts [39m[32m200[39m [90m1 ms - 14[39m [90m[39m
[38;5;59m[5740cf84][0m[38;5;86m[HTTP][0m [37m-->[39m [37mGET[39m [37m/wd/hub/session/5740cf84-366d-4d88-8de7-ec36c6ed7580/window/rect[39m [90m{}[39m
[38;5;59m[5740cf84][0m[38;5;86m[HTTP][0m [37m<-- GET /wd/hub/session/5740cf84-366d-4d88-8de7-ec36c6ed7580/window/rect [39m[32m200[39m [90m36 ms - 49[39m [90m[39m
[38;5;59m[5740cf84][0m[38;5;86m[HTTP][0m [37m-->[39m [37mPOST[39m [37m/wd/hub/session/5740cf84-366d-4d88-8de7-ec36c6ed7580/elements[39m [90m{"using":"xpath","value":"//*[@class = 'android.widget.ImageView' and (@text = '' or . = '')]"}[39m
[38;5;59m[5740cf84][0m[38;5;86m[HTTP][0m [37m<-- POST /wd/hub/session/5740cf84-366d-4d88-8de7-ec36c6ed7580/elements [39m[32m200[39m [90m873 ms - 12[39m [90m[39m
[38;5;59m[5740cf84][0m[38;5;86m[HTTP][0m [37m-->[39m [37mPOST[39m [37m/wd/hub/session/5740cf84-366d-4d88-8de7-ec36c6ed7580/elements[39m [90m{"using":"xpath","value":"//*[@class = 'android.widget.ImageView' and (@text = '' or . = '')]"}[39m
[38;5;59m[5740cf84][0m[38;5;86m[HTTP][0m [37m<-- POST /wd/hub/session/5740cf84-366d-4d88-8de7-ec36c6ed7580/elements [39m[32m200[39m [90m210 ms - 12[39m [90m[39m
[38;5;59m[5740cf84][0m[38;5;86m[HTTP][0m [37m-->[39m [37mPOST[39m [37m/wd/hub/session/5740cf84-366d-4d88-8de7-ec36c6ed7580/elements[39m [90m{"using":"xpath","value":"//*[@class = 'android.widget.ImageView' and (@text = '' or . = '')]"}[39m
[38;5;59m[5740cf84][0m[38;5;86m[HTTP][0m [37m<-- POST /wd/hub/session/5740cf84-366d-4d88-8de7-ec36c6ed7580/elements [39m[32m200[39m [90m223 ms - 12[39m [90m[39m
[38;5;59m[5740cf84][0m[38;5;86m[HTTP][0m [37m-->[39m [37mPOST[39m [37m/wd/hub/session/5740cf84-366d-4d88-8de7-ec36c6ed7580/elements[39m [90m{"using":"xpath","value":"//*[@class = 'android.widget.ImageView' and (@text = '' or . = '')]"}[39m
[38;5;59m[5740cf84][0m[38;5;86m[HTTP][0m [37m<-- POST /wd/hub/session/5740cf84-366d-4d88-8de7-ec36c6ed7580/elements [39m[32m200[39m [90m203 ms - 12[39m [90m[39m
[38;5;59m[5740cf84][0m[38;5;86m[HTTP][0m [37m-->[39m [37mPOST[39m [37m/wd/hub/session/5740cf84-366d-4d88-8de7-ec36c6ed7580/elements[39m [90m{"using":"xpath","value":"//*[@class = 'android.widget.ImageView' and (@text = '' or . = '')]"}[39m
[38;5;59m[5740cf84][0m[38;5;86m[HTTP][0m [37m<-- POST /wd/hub/session/5740cf84-366d-4d88-8de7-ec36c6ed7580/elements [39m[32m200[39m [90m214 ms - 12[39m [90m[39m
[38;5;59m[5740cf84][0m[38;5;86m[HTTP][0m [37m-->[39m [37mPOST[39m [37m/wd/hub/session/5740cf84-366d-4d88-8de7-ec36c6ed7580/elements[39m [90m{"using":"xpath","value":"//*[@class = 'android.widget.ImageView' and (@text = '' or . = '')]"}[39m
[38;5;59m[5740cf84][0m[38;5;86m[HTTP][0m [37m<-- POST /wd/hub/session/5740cf84-366d-4d88-8de7-ec36c6ed7580/elements [39m[32m200[39m [90m2950 ms - 395[39m [90m[39m
[38;5;59m[5740cf84][0m[38;5;86m[HTTP][0m [37m-->[39m [37mGET[39m [37m/wd/hub/session/5740cf84-366d-4d88-8de7-ec36c6ed7580/element/00000000-0000-0696-ffff-ffff00000010/rect[39m [90m{}[39m
[38;5;59m[5740cf84][0m[38;5;-196m[AndroidUiautomator2Driver@f227][0m Driver proxy active, passing request on via HTTP proxy
[38;5;59m[5740cf84][0m[38;5;-196m[AndroidUiautomator2Driver@f227][0m Replacing sessionId f145e5a5-2381-4c6e-afa9-d00f0a2c9114 with 5740cf84-366d-4d88-8de7-ec36c6ed7580
[38;5;59m[5740cf84][0m[38;5;86m[HTTP][0m [37m<-- GET /wd/hub/session/5740cf84-366d-4d88-8de7-ec36c6ed7580/element/00000000-0000-0696-ffff-ffff00000010/rect [39m[32m200[39m [90m2703 ms - 101[39m [90m[39m
[38;5;59m[5740cf84][0m[38;5;86m[HTTP][0m [37m-->[39m [37mPOST[39m [37m/wd/hub/session/5740cf84-366d-4d88-8de7-ec36c6ed7580/timeouts[39m [90m{"implicit":40000}[39m
[38;5;59m[5740cf84][0m[38;5;86m[HTTP][0m [37m<-- POST /wd/hub/session/5740cf84-366d-4d88-8de7-ec36c6ed7580/timeouts [39m[32m200[39m [90m2 ms - 14[39m [90m[39m
[38;5;59m[5740cf84][0m[38;5;86m[HTTP][0m [37m-->[39m [37mPOST[39m [37m/wd/hub/session/5740cf84-366d-4d88-8de7-ec36c6ed7580/element/00000000-0000-0696-ffff-ffff00000010/click[39m [90m{"id":"00000000-0000-0696-ffff-ffff00000010"}[39m
[38;5;59m[5740cf84][0m[38;5;86m[HTTP][0m [37m<-- POST /wd/hub/session/5740cf84-366d-4d88-8de7-ec36c6ed7580/element/00000000-0000-0696-ffff-ffff00000010/click [39m[32m200[39m [90m210 ms - 14[39m [90m[39m
[38;5;59m[5740cf84][0m[38;5;86m[HTTP][0m [37m-->[39m [37mPOST[39m [37m/wd/hub/session/5740cf84-366d-4d88-8de7-ec36c6ed7580/timeouts[39m [90m{"implicit":50}[39m
[38;5;59m[5740cf84][0m[38;5;86m[HTTP][0m [37m<-- POST /wd/hub/session/5740cf84-366d-4d88-8de7-ec36c6ed7580/timeouts [39m[32m200[39m [90m1 ms - 14[39m [90m[39m
[38;5;59m[5740cf84][0m[38;5;86m[HTTP][0m [37m-->[39m [37mGET[39m [37m/wd/hub/session/5740cf84-366d-4d88-8de7-ec36c6ed7580/window/rect[39m [90m{}[39m
[38;5;59m[5740cf84][0m[38;5;86m[HTTP][0m [37m<-- GET /wd/hub/session/5740cf84-366d-4d88-8de7-ec36c6ed7580/window/rect [39m[32m200[39m [90m43 ms - 49[39m [90m[39m
[38;5;59m[5740cf84][0m[38;5;86m[HTTP][0m [37m-->[39m [37mPOST[39m [37m/wd/hub/session/5740cf84-366d-4d88-8de7-ec36c6ed7580/elements[39m [90m{"using":"xpath","value":"//*[@class = 'android.widget.ImageView' and (@text = '' or . = '')]"}[39m
[38;5;59m[5740cf84][0m[38;5;86m[HTTP][0m [37m<-- POST /wd/hub/session/5740cf84-366d-4d88-8de7-ec36c6ed7580/elements [39m[32m200[39m [90m935 ms - 1419[39m [90m[39m
[38;5;59m[5740cf84][0m[38;5;86m[HTTP][0m [37m-->[39m [37mGET[39m [37m/wd/hub/session/5740cf84-366d-4d88-8de7-ec36c6ed7580/element/00000000-0000-0696-ffff-ffff0000004f/rect[39m [90m{}[39m
[38;5;59m[5740cf84][0m[38;5;-196m[AndroidUiautomator2Driver@f227][0m Driver proxy active, passing request on via HTTP proxy
[38;5;59m[5740cf84][0m[38;5;-196m[AndroidUiautomator2Driver@f227][0m Replacing sessionId f145e5a5-2381-4c6e-afa9-d00f0a2c9114 with 5740cf84-366d-4d88-8de7-ec36c6ed7580
[38;5;59m[5740cf84][0m[38;5;86m[HTTP][0m [37m<-- GET /wd/hub/session/5740cf84-366d-4d88-8de7-ec36c6ed7580/element/00000000-0000-0696-ffff-ffff0000004f/rect [39m[32m200[39m [90m47 ms - 98[39m [90m[39m
[38;5;59m[5740cf84][0m[38;5;86m[HTTP][0m [37m-->[39m [37mPOST[39m [37m/wd/hub/session/5740cf84-366d-4d88-8de7-ec36c6ed7580/timeouts[39m [90m{"implicit":40000}[39m
[38;5;59m[5740cf84][0m[38;5;86m[HTTP][0m [37m<-- POST /wd/hub/session/5740cf84-366d-4d88-8de7-ec36c6ed7580/timeouts [39m[32m200[39m [90m1 ms - 14[39m [90m[39m
[38;5;59m[5740cf84][0m[38;5;86m[HTTP][0m [37m-->[39m [37mPOST[39m [37m/wd/hub/session/5740cf84-366d-4d88-8de7-ec36c6ed7580/element/00000000-0000-0696-ffff-ffff0000004f/click[39m [90m{"id":"00000000-0000-0696-ffff-ffff0000004f"}[39m
[38;5;59m[5740cf84][0m[38;5;86m[HTTP][0m [37m<-- POST /wd/hub/session/5740cf84-366d-4d88-8de7-ec36c6ed7580/element/00000000-0000-0696-ffff-ffff0000004f/click [39m[32m200[39m [90m83 ms - 14[39m [90m[39m
[38;5;59m[5740cf84][0m[38;5;86m[HTTP][0m [37m-->[39m [37mPOST[39m [37m/wd/hub/session/5740cf84-366d-4d88-8de7-ec36c6ed7580/timeouts[39m [90m{"implicit":50}[39m
[38;5;59m[5740cf84][0m[38;5;86m[HTTP][0m [37m<-- POST /wd/hub/session/5740cf84-366d-4d88-8de7-ec36c6ed7580/timeouts [39m[32m200[39m [90m1 ms - 14[39m [90m[39m
[38;5;59m[5740cf84][0m[38;5;86m[HTTP][0m [37m-->[39m [37mGET[39m [37m/wd/hub/session/5740cf84-366d-4d88-8de7-ec36c6ed7580/window/rect[39m [90m{}[39m
[38;5;59m[5740cf84][0m[38;5;86m[HTTP][0m [37m<-- GET /wd/hub/session/5740cf84-366d-4d88-8de7-ec36c6ed7580/window/rect [39m[32m200[39m [90m27 ms - 49[39m [90m[39m
[38;5;59m[5740cf84][0m[38;5;86m[HTTP][0m [37m-->[39m [37mPOST[39m [37m/wd/hub/session/5740cf84-366d-4d88-8de7-ec36c6ed7580/elements[39m [90m{"using":"xpath","value":"//*[@class = 'android.widget.TextView' and (@text = 'About' or . = 'About')]"}[39m
[38;5;59m[5740cf84][0m[38;5;86m[HTTP][0m [37m<-- POST /wd/hub/session/5740cf84-366d-4d88-8de7-ec36c6ed7580/elements [39m[32m200[39m [90m684 ms - 12[39m [90m[39m
[38;5;59m[5740cf84][0m[38;5;86m[HTTP][0m [37m-->[39m [37mPOST[39m [37m/wd/hub/session/5740cf84-366d-4d88-8de7-ec36c6ed7580/elements[39m [90m{"using":"xpath","value":"//*[@class = 'android.widget.TextView' and (@text = 'About' or . = 'About')]"}[39m
[38;5;59m[5740cf84][0m[38;5;86m[HTTP][0m [37m<-- POST /wd/hub/session/5740cf84-366d-4d88-8de7-ec36c6ed7580/elements [39m[32m200[39m [90m654 ms - 12[39m [90m[39m
[38;5;59m[5740cf84][0m[38;5;86m[HTTP][0m [37m-->[39m [37mPOST[39m [37m/wd/hub/session/5740cf84-366d-4d88-8de7-ec36c6ed7580/elements[39m [90m{"using":"xpath","value":"//*[@class = 'android.widget.TextView' and (@text = 'About' or . = 'About')]"}[39m
[38;5;59m[5740cf84][0m[38;5;86m[HTTP][0m [37m<-- POST /wd/hub/session/5740cf84-366d-4d88-8de7-ec36c6ed7580/elements [39m[32m200[39m [90m496 ms - 12[39m [90m[39m
[38;5;59m[5740cf84][0m[38;5;86m[HTTP][0m [37m-->[39m [37mPOST[39m [37m/wd/hub/session/5740cf84-366d-4d88-8de7-ec36c6ed7580/elements[39m [90m{"using":"xpath","value":"//*[@class = 'android.widget.TextView' and (@text = 'About' or . = 'About')]"}[39m
[38;5;59m[5740cf84][0m[38;5;86m[HTTP][0m [37m<-- POST /wd/hub/session/5740cf84-366d-4d88-8de7-ec36c6ed7580/elements [39m[32m200[39m [90m431 ms - 12[39m [90m[39m
[38;5;59m[5740cf84][0m[38;5;86m[HTTP][0m [37m-->[39m [37mPOST[39m [37m/wd/hub/session/5740cf84-366d-4d88-8de7-ec36c6ed7580/elements[39m [90m{"using":"xpath","value":"//*[@class = 'android.widget.TextView' and (@text = 'About' or . = 'About')]"}[39m
[38;5;59m[5740cf84][0m[38;5;86m[HTTP][0m [37m<-- POST /wd/hub/session/5740cf84-366d-4d88-8de7-ec36c6ed7580/elements [39m[32m200[39m [90m370 ms - 12[39m [90m[39m
[38;5;59m[5740cf84][0m[38;5;86m[HTTP][0m [37m-->[39m [37mPOST[39m [37m/wd/hub/session/5740cf84-366d-4d88-8de7-ec36c6ed7580/elements[39m [90m{"using":"xpath","value":"//*[@class = 'android.widget.TextView' and (@text = 'About' or . = 'About')]"}[39m
[38;5;59m[5740cf84][0m[38;5;86m[HTTP][0m [37m<-- POST /wd/hub/session/5740cf84-366d-4d88-8de7-ec36c6ed7580/elements [39m[32m200[39m [90m390 ms - 12[39m [90m[39m
[38;5;59m[5740cf84][0m[38;5;86m[HTTP][0m [37m-->[39m [37mPOST[39m [37m/wd/hub/session/5740cf84-366d-4d88-8de7-ec36c6ed7580/elements[39m [90m{"using":"xpath","value":"//*[@class = 'android.widget.TextView' and (@text = 'About' or . = 'About')]"}[39m
[38;5;59m[5740cf84][0m[38;5;86m[HTTP][0m [37m<-- POST /wd/hub/session/5740cf84-366d-4d88-8de7-ec36c6ed7580/elements [39m[32m200[39m [90m362 ms - 12[39m [90m[39m
[38;5;59m[5740cf84][0m[38;5;86m[HTTP][0m [37m-->[39m [37mPOST[39m [37m/wd/hub/session/5740cf84-366d-4d88-8de7-ec36c6ed7580/elements[39m [90m{"using":"xpath","value":"//*[@class = 'android.widget.TextView' and (@text = 'About' or . = 'About')]"}[39m
[38;5;59m[5740cf84][0m[38;5;86m[HTTP][0m [37m<-- POST /wd/hub/session/5740cf84-366d-4d88-8de7-ec36c6ed7580/elements [39m[32m200[39m [90m340 ms - 12[39m [90m[39m
[38;5;59m[5740cf84][0m[38;5;86m[HTTP][0m [37m-->[39m [37mPOST[39m [37m/wd/hub/session/5740cf84-366d-4d88-8de7-ec36c6ed7580/elements[39m [90m{"using":"xpath","value":"//*[@class = 'android.widget.TextView' and (@text = 'About' or . = 'About')]"}[39m
[38;5;59m[5740cf84][0m[38;5;86m[HTTP][0m [37m<-- POST /wd/hub/session/5740cf84-366d-4d88-8de7-ec36c6ed7580/elements [39m[32m200[39m [90m306 ms - 12[39m [90m[39m
[38;5;59m[5740cf84][0m[38;5;86m[HTTP][0m [37m-->[39m [37mPOST[39m [37m/wd/hub/session/5740cf84-366d-4d88-8de7-ec36c6ed7580/elements[39m [90m{"using":"xpath","value":"//*[@class = 'android.widget.TextView' and (@text = 'About' or . = 'About')]"}[39m
[38;5;59m[5740cf84][0m[38;5;86m[HTTP][0m [37m<-- POST /wd/hub/session/5740cf84-366d-4d88-8de7-ec36c6ed7580/elements [39m[32m200[39m [90m301 ms - 12[39m [90m[39m
[38;5;59m[5740cf84][0m[38;5;86m[HTTP][0m [37m-->[39m [37mPOST[39m [37m/wd/hub/session/5740cf84-366d-4d88-8de7-ec36c6ed7580/elements[39m [90m{"using":"xpath","value":"//*[@class = 'android.widget.TextView' and (@text = 'About' or . = 'About')]"}[39m
[38;5;59m[5740cf84][0m[38;5;86m[HTTP][0m [37m<-- POST /wd/hub/session/5740cf84-366d-4d88-8de7-ec36c6ed7580/elements [39m[32m200[39m [90m298 ms - 12[39m [90m[39m
[38;5;59m[5740cf84][0m[38;5;86m[HTTP][0m [37m-->[39m [37mPOST[39m [37m/wd/hub/session/5740cf84-366d-4d88-8de7-ec36c6ed7580/elements[39m [90m{"using":"xpath","value":"//*[@class = 'android.widget.TextView' and (@text = 'About' or . = 'About')]"}[39m
[38;5;59m[5740cf84][0m[38;5;86m[HTTP][0m [37m<-- POST /wd/hub/session/5740cf84-366d-4d88-8de7-ec36c6ed7580/elements [39m[32m200[39m [90m303 ms - 12[39m [90m[39m
[38;5;59m[5740cf84][0m[38;5;86m[HTTP][0m [37m-->[39m [37mPOST[39m [37m/wd/hub/session/5740cf84-366d-4d88-8de7-ec36c6ed7580/elements[39m [90m{"using":"xpath","value":"//*[@class = 'android.widget.TextView' and (@text = 'About' or . = 'About')]"}[39m
[38;5;59m[5740cf84][0m[38;5;86m[HTTP][0m [37m<-- POST /wd/hub/session/5740cf84-366d-4d88-8de7-ec36c6ed7580/elements [39m[32m200[39m [90m319 ms - 12[39m [90m[39m
[38;5;59m[5740cf84][0m[38;5;86m[HTTP][0m [37m-->[39m [37mPOST[39m [37m/wd/hub/session/5740cf84-366d-4d88-8de7-ec36c6ed7580/elements[39m [90m{"using":"xpath","value":"//*[@class = 'android.widget.TextView' and (@text = 'About' or . = 'About')]"}[39m
[38;5;59m[5740cf84][0m[38;5;86m[HTTP][0m [37m<-- POST /wd/hub/session/5740cf84-366d-4d88-8de7-ec36c6ed7580/elements [39m[32m200[39m [90m258 ms - 12[39m [90m[39m
[38;5;59m[5740cf84][0m[38;5;86m[HTTP][0m [37m-->[39m [37mPOST[39m [37m/wd/hub/session/5740cf84-366d-4d88-8de7-ec36c6ed7580/elements[39m [90m{"using":"xpath","value":"//*[@class = 'android.widget.TextView' and (@text = 'About' or . = 'About')]"}[39m
[38;5;59m[5740cf84][0m[38;5;86m[HTTP][0m [37m<-- POST /wd/hub/session/5740cf84-366d-4d88-8de7-ec36c6ed7580/elements [39m[32m200[39m [90m295 ms - 12[39m [90m[39m
[38;5;59m[5740cf84][0m[38;5;86m[HTTP][0m [37m-->[39m [37mPOST[39m [37m/wd/hub/session/5740cf84-366d-4d88-8de7-ec36c6ed7580/elements[39m [90m{"using":"xpath","value":"//*[@class = 'android.widget.TextView' and (@text = 'About' or . = 'About')]"}[39m
[38;5;59m[5740cf84][0m[38;5;86m[HTTP][0m [37m<-- POST /wd/hub/session/5740cf84-366d-4d88-8de7-ec36c6ed7580/elements [39m[32m200[39m [90m240 ms - 12[39m [90m[39m
[38;5;59m[5740cf84][0m[38;5;86m[HTTP][0m [37m-->[39m [37mPOST[39m [37m/wd/hub/session/5740cf84-366d-4d88-8de7-ec36c6ed7580/elements[39m [90m{"using":"xpath","value":"//*[@class = 'android.widget.TextView' and (@text = 'About' or . = 'About')]"}[39m
[38;5;59m[5740cf84][0m[38;5;86m[HTTP][0m [37m<-- POST /wd/hub/session/5740cf84-366d-4d88-8de7-ec36c6ed7580/elements [39m[32m200[39m [90m759 ms - 12[39m [90m[39m
[38;5;59m[5740cf84][0m[38;5;86m[HTTP][0m [37m-->[39m [37mPOST[39m [37m/wd/hub/session/5740cf84-366d-4d88-8de7-ec36c6ed7580/elements[39m [90m{"using":"xpath","value":"//*[@class = 'android.widget.TextView' and (@text = 'About' or . = 'About')]"}[39m
[38;5;59m[5740cf84][0m[38;5;86m[HTTP][0m [37m<-- POST /wd/hub/session/5740cf84-366d-4d88-8de7-ec36c6ed7580/elements [39m[32m200[39m [90m1907 ms - 139[39m [90m[39m
[38;5;59m[5740cf84][0m[38;5;86m[HTTP][0m [37m-->[39m [37mGET[39m [37m/wd/hub/session/5740cf84-366d-4d88-8de7-ec36c6ed7580/element/00000000-0000-0696-ffff-ffff00000037/rect[39m [90m{}[39m
[38;5;59m[5740cf84][0m[38;5;-196m[AndroidUiautomator2Driver@f227][0m Driver proxy active, passing request on via HTTP proxy
[38;5;59m[5740cf84][0m[38;5;-196m[AndroidUiautomator2Driver@f227][0m Replacing sessionId f145e5a5-2381-4c6e-afa9-d00f0a2c9114 with 5740cf84-366d-4d88-8de7-ec36c6ed7580
[38;5;59m[5740cf84][0m[38;5;86m[HTTP][0m [37m<-- GET /wd/hub/session/5740cf84-366d-4d88-8de7-ec36c6ed7580/element/00000000-0000-0696-ffff-ffff00000037/rect [39m[32m200[39m [90m33 ms - 100[39m [90m[39m
[38;5;59m[5740cf84][0m[38;5;86m[HTTP][0m [37m-->[39m [37mPOST[39m [37m/wd/hub/session/5740cf84-366d-4d88-8de7-ec36c6ed7580/timeouts[39m [90m{"implicit":40000}[39m
[38;5;59m[5740cf84][0m[38;5;86m[HTTP][0m [37m<-- POST /wd/hub/session/5740cf84-366d-4d88-8de7-ec36c6ed7580/timeouts [39m[32m200[39m [90m1 ms - 14[39m [90m[39m
[38;5;59m[5740cf84][0m[38;5;86m[HTTP][0m [37m-->[39m [37mPOST[39m [37m/wd/hub/session/5740cf84-366d-4d88-8de7-ec36c6ed7580/element/00000000-0000-0696-ffff-ffff00000037/click[39m [90m{"id":"00000000-0000-0696-ffff-ffff00000037"}[39m
[38;5;59m[5740cf84][0m[38;5;86m[HTTP][0m [37m<-- POST /wd/hub/session/5740cf84-366d-4d88-8de7-ec36c6ed7580/element/00000000-0000-0696-ffff-ffff00000037/click [39m[32m200[39m [90m78 ms - 14[39m [90m[39m
[38;5;59m[5740cf84][0m[38;5;86m[HTTP][0m [37m-->[39m [37mPOST[39m [37m/wd/hub/session/5740cf84-366d-4d88-8de7-ec36c6ed7580/timeouts[39m [90m{"implicit":50}[39m
[38;5;59m[5740cf84][0m[38;5;86m[HTTP][0m [37m<-- POST /wd/hub/session/5740cf84-366d-4d88-8de7-ec36c6ed7580/timeouts [39m[32m200[39m [90m1 ms - 14[39m [90m[39m
[38;5;59m[5740cf84][0m[38;5;86m[HTTP][0m [37m-->[39m [37mGET[39m [37m/wd/hub/session/5740cf84-366d-4d88-8de7-ec36c6ed7580/window/rect[39m [90m{}[39m
[38;5;59m[5740cf84][0m[38;5;86m[HTTP][0m [37m<-- GET /wd/hub/session/5740cf84-366d-4d88-8de7-ec36c6ed7580/window/rect [39m[32m200[39m [90m40 ms - 49[39m [90m[39m
[38;5;59m[5740cf84][0m[38;5;86m[HTTP][0m [37m-->[39m [37mPOST[39m [37m/wd/hub/session/5740cf84-366d-4d88-8de7-ec36c6ed7580/elements[39m [90m{"using":"xpath","value":"//*[@class = 'android.widget.TextView' and (@text = 'Services' or . = 'Services')]"}[39m
[38;5;59m[5740cf84][0m[38;5;86m[HTTP][0m [37m<-- POST /wd/hub/session/5740cf84-366d-4d88-8de7-ec36c6ed7580/elements [39m[32m200[39m [90m355 ms - 12[39m [90m[39m
[38;5;59m[5740cf84][0m[38;5;86m[HTTP][0m [37m-->[39m [37mPOST[39m [37m/wd/hub/session/5740cf84-366d-4d88-8de7-ec36c6ed7580/elements[39m [90m{"using":"xpath","value":"//*[@class = 'android.widget.TextView' and (@text = 'Services' or . = 'Services')]"}[39m
[38;5;59m[5740cf84][0m[38;5;86m[HTTP][0m [37m<-- POST /wd/hub/session/5740cf84-366d-4d88-8de7-ec36c6ed7580/elements [39m[32m200[39m [90m1860 ms - 139[39m [90m[39m
[38;5;59m[5740cf84][0m[38;5;86m[HTTP][0m [37m-->[39m [37mGET[39m [37m/wd/hub/session/5740cf84-366d-4d88-8de7-ec36c6ed7580/element/00000000-0000-0696-ffff-ffff00000097/rect[39m [90m{}[39m
[38;5;59m[5740cf84][0m[38;5;-196m[AndroidUiautomator2Driver@f227][0m Driver proxy active, passing request on via HTTP proxy
[38;5;59m[5740cf84][0m[38;5;-196m[AndroidUiautomator2Driver@f227][0m Replacing sessionId f145e5a5-2381-4c6e-afa9-d00f0a2c9114 with 5740cf84-366d-4d88-8de7-ec36c6ed7580
[38;5;59m[5740cf84][0m[38;5;86m[HTTP][0m [37m<-- GET /wd/hub/session/5740cf84-366d-4d88-8de7-ec36c6ed7580/element/00000000-0000-0696-ffff-ffff00000097/rect [39m[32m200[39m [90m30 ms - 103[39m [90m[39m
[38;5;59m[5740cf84][0m[38;5;86m[HTTP][0m [37m-->[39m [37mPOST[39m [37m/wd/hub/session/5740cf84-366d-4d88-8de7-ec36c6ed7580/timeouts[39m [90m{"implicit":40000}[39m
[38;5;59m[5740cf84][0m[38;5;86m[HTTP][0m [37m<-- POST /wd/hub/session/5740cf84-366d-4d88-8de7-ec36c6ed7580/timeouts [39m[32m200[39m [90m1 ms - 14[39m [90m[39m
[38;5;59m[5740cf84][0m[38;5;86m[HTTP][0m [37m-->[39m [37mPOST[39m [37m/wd/hub/session/5740cf84-366d-4d88-8de7-ec36c6ed7580/element/00000000-0000-0696-ffff-ffff00000097/click[39m [90m{"id":"00000000-0000-0696-ffff-ffff00000097"}[39m
[38;5;59m[5740cf84][0m[38;5;86m[HTTP][0m [37m<-- POST /wd/hub/session/5740cf84-366d-4d88-8de7-ec36c6ed7580/element/00000000-0000-0696-ffff-ffff00000097/click [39m[32m200[39m [90m91 ms - 14[39m [90m[39m
[38;5;59m[5740cf84][0m[38;5;86m[HTTP][0m [37m-->[39m [37mPOST[39m [37m/wd/hub/session/5740cf84-366d-4d88-8de7-ec36c6ed7580/timeouts[39m [90m{"implicit":50}[39m
[38;5;59m[5740cf84][0m[38;5;86m[HTTP][0m [37m<-- POST /wd/hub/session/5740cf84-366d-4d88-8de7-ec36c6ed7580/timeouts [39m[32m200[39m [90m1 ms - 14[39m [90m[39m
[38;5;59m[5740cf84][0m[38;5;86m[HTTP][0m [37m-->[39m [37mGET[39m [37m/wd/hub/session/5740cf84-366d-4d88-8de7-ec36c6ed7580/window/rect[39m [90m{}[39m
[38;5;59m[5740cf84][0m[38;5;86m[HTTP][0m [37m<-- GET /wd/hub/session/5740cf84-366d-4d88-8de7-ec36c6ed7580/window/rect [39m[32m200[39m [90m21 ms - 49[39m [90m[39m
[38;5;59m[5740cf84][0m[38;5;86m[HTTP][0m [37m-->[39m [37mPOST[39m [37m/wd/hub/session/5740cf84-366d-4d88-8de7-ec36c6ed7580/elements[39m [90m{"using":"xpath","value":"//*[@class = 'android.widget.ScrollView' and (@text = '' or . = '')]"}[39m
[38;5;59m[5740cf84][0m[38;5;86m[HTTP][0m [37m<-- POST /wd/hub/session/5740cf84-366d-4d88-8de7-ec36c6ed7580/elements [39m[32m200[39m [90m293 ms - 139[39m [90m[39m
[38;5;59m[5740cf84][0m[38;5;86m[HTTP][0m [37m-->[39m [37mGET[39m [37m/wd/hub/session/5740cf84-366d-4d88-8de7-ec36c6ed7580/element/00000000-0000-0696-ffff-ffff0000008a/rect[39m [90m{}[39m
[38;5;59m[5740cf84][0m[38;5;-196m[AndroidUiautomator2Driver@f227][0m Driver proxy active, passing request on via HTTP proxy
[38;5;59m[5740cf84][0m[38;5;-196m[AndroidUiautomator2Driver@f227][0m Replacing sessionId f145e5a5-2381-4c6e-afa9-d00f0a2c9114 with 5740cf84-366d-4d88-8de7-ec36c6ed7580
[38;5;59m[5740cf84][0m[38;5;86m[HTTP][0m [37m<-- GET /wd/hub/session/5740cf84-366d-4d88-8de7-ec36c6ed7580/element/00000000-0000-0696-ffff-ffff0000008a/rect [39m[32m200[39m [90m1205 ms - 102[39m [90m[39m
[38;5;59m[5740cf84][0m[38;5;86m[HTTP][0m [37m-->[39m [37mPOST[39m [37m/wd/hub/session/5740cf84-366d-4d88-8de7-ec36c6ed7580/timeouts[39m [90m{"implicit":40000}[39m
[38;5;59m[5740cf84][0m[38;5;86m[HTTP][0m [37m<-- POST /wd/hub/session/5740cf84-366d-4d88-8de7-ec36c6ed7580/timeouts [39m[32m200[39m [90m1 ms - 14[39m [90m[39m
[38;5;59m[5740cf84][0m[38;5;86m[HTTP][0m [37m-->[39m [37mPOST[39m [37m/wd/hub/session/5740cf84-366d-4d88-8de7-ec36c6ed7580/element/00000000-0000-0696-ffff-ffff0000008a/click[39m [90m{"id":"00000000-0000-0696-ffff-ffff0000008a"}[39m
[38;5;59m[5740cf84][0m[38;5;86m[HTTP][0m [37m<-- POST /wd/hub/session/5740cf84-366d-4d88-8de7-ec36c6ed7580/element/00000000-0000-0696-ffff-ffff0000008a/click [39m[32m200[39m [90m111 ms - 14[39m [90m[39m
[38;5;59m[5740cf84][0m[38;5;86m[HTTP][0m [37m-->[39m [37mPOST[39m [37m/wd/hub/session/5740cf84-366d-4d88-8de7-ec36c6ed7580/timeouts[39m [90m{"implicit":50}[39m
[38;5;59m[5740cf84][0m[38;5;86m[HTTP][0m [37m<-- POST /wd/hub/session/5740cf84-366d-4d88-8de7-ec36c6ed7580/timeouts [39m[32m200[39m [90m1 ms - 14[39m [90m[39m
[38;5;59m[5740cf84][0m[38;5;86m[HTTP][0m [37m-->[39m [37mGET[39m [37m/wd/hub/session/5740cf84-366d-4d88-8de7-ec36c6ed7580/window/rect[39m [90m{}[39m
[38;5;59m[5740cf84][0m[38;5;86m[HTTP][0m [37m<-- GET /wd/hub/session/5740cf84-366d-4d88-8de7-ec36c6ed7580/window/rect [39m[32m200[39m [90m34 ms - 49[39m [90m[39m
[38;5;59m[5740cf84][0m[38;5;86m[HTTP][0m [37m-->[39m [37mPOST[39m [37m/wd/hub/session/5740cf84-366d-4d88-8de7-ec36c6ed7580/elements[39m [90m{"using":"xpath","value":"//*[@class = 'android.widget.TextView' and (@text = 'ATM' or . = 'ATM')]"}[39m
[38;5;59m[5740cf84][0m[38;5;86m[HTTP][0m [37m<-- POST /wd/hub/session/5740cf84-366d-4d88-8de7-ec36c6ed7580/elements [39m[32m200[39m [90m376 ms - 139[39m [90m[39m
[38;5;59m[5740cf84][0m[38;5;86m[HTTP][0m [37m-->[39m [37mGET[39m [37m/wd/hub/session/5740cf84-366d-4d88-8de7-ec36c6ed7580/element/00000000-0000-0696-ffff-ffff000000c1/rect[39m [90m{}[39m
[38;5;59m[5740cf84][0m[38;5;-196m[AndroidUiautomator2Driver@f227][0m Driver proxy active, passing request on via HTTP proxy
[38;5;59m[5740cf84][0m[38;5;-196m[AndroidUiautomator2Driver@f227][0m Replacing sessionId f145e5a5-2381-4c6e-afa9-d00f0a2c9114 with 5740cf84-366d-4d88-8de7-ec36c6ed7580
[38;5;59m[5740cf84][0m[38;5;86m[HTTP][0m [37m<-- GET /wd/hub/session/5740cf84-366d-4d88-8de7-ec36c6ed7580/element/00000000-0000-0696-ffff-ffff000000c1/rect [39m[32m200[39m [90m31 ms - 100[39m [90m[39m
[38;5;59m[5740cf84][0m[38;5;86m[HTTP][0m [37m-->[39m [37mPOST[39m [37m/wd/hub/session/5740cf84-366d-4d88-8de7-ec36c6ed7580/timeouts[39m [90m{"implicit":40000}[39m
[38;5;59m[5740cf84][0m[38;5;86m[HTTP][0m [37m<-- POST /wd/hub/session/5740cf84-366d-4d88-8de7-ec36c6ed7580/timeouts [39m[32m200[39m [90m1 ms - 14[39m [90m[39m
[38;5;59m[5740cf84][0m[38;5;86m[HTTP][0m [37m-->[39m [37mPOST[39m [37m/wd/hub/session/5740cf84-366d-4d88-8de7-ec36c6ed7580/element/00000000-0000-0696-ffff-ffff000000c1/click[39m [90m{"id":"00000000-0000-0696-ffff-ffff000000c1"}[39m
[38;5;59m[5740cf84][0m[38;5;86m[HTTP][0m [37m<-- POST /wd/hub/session/5740cf84-366d-4d88-8de7-ec36c6ed7580/element/00000000-0000-0696-ffff-ffff000000c1/click [39m[32m200[39m [90m84 ms - 14[39m [90m[39m
[38;5;59m[5740cf84][0m[38;5;86m[HTTP][0m [37m-->[39m [37mPOST[39m [37m/wd/hub/session/5740cf84-366d-4d88-8de7-ec36c6ed7580/timeouts[39m [90m{"implicit":50}[39m
[38;5;59m[5740cf84][0m[38;5;86m[HTTP][0m [37m<-- POST /wd/hub/session/5740cf84-366d-4d88-8de7-ec36c6ed7580/timeouts [39m[32m200[39m [90m1 ms - 14[39m [90m[39m
[38;5;59m[5740cf84][0m[38;5;86m[HTTP][0m [37m-->[39m [37mGET[39m [37m/wd/hub/session/5740cf84-366d-4d88-8de7-ec36c6ed7580/window/rect[39m [90m{}[39m
[38;5;59m[5740cf84][0m[38;5;86m[HTTP][0m [37m<-- GET /wd/hub/session/5740cf84-366d-4d88-8de7-ec36c6ed7580/window/rect [39m[32m200[39m [90m23 ms - 49[39m [90m[39m
[38;5;59m[5740cf84][0m[38;5;86m[HTTP][0m [37m-->[39m [37mPOST[39m [37m/wd/hub/session/5740cf84-366d-4d88-8de7-ec36c6ed7580/elements[39m [90m{"using":"xpath","value":"//*[@class = 'android.widget.ImageView' and (@text = '' or . = '')]"}[39m
[38;5;59m[5740cf84][0m[38;5;86m[HTTP][0m [37m<-- POST /wd/hub/session/5740cf84-366d-4d88-8de7-ec36c6ed7580/elements [39m[32m200[39m [90m491 ms - 1291[39m [90m[39m
[38;5;59m[5740cf84][0m[38;5;86m[HTTP][0m [37m-->[39m [37mGET[39m [37m/wd/hub/session/5740cf84-366d-4d88-8de7-ec36c6ed7580/element/00000000-0000-0696-ffff-ffff000000ab/rect[39m [90m{}[39m
[38;5;59m[5740cf84][0m[38;5;-196m[AndroidUiautomator2Driver@f227][0m Driver proxy active, passing request on via HTTP proxy
[38;5;59m[5740cf84][0m[38;5;-196m[AndroidUiautomator2Driver@f227][0m Replacing sessionId f145e5a5-2381-4c6e-afa9-d00f0a2c9114 with 5740cf84-366d-4d88-8de7-ec36c6ed7580
[38;5;59m[5740cf84][0m[38;5;86m[HTTP][0m [37m<-- GET /wd/hub/session/5740cf84-366d-4d88-8de7-ec36c6ed7580/element/00000000-0000-0696-ffff-ffff000000ab/rect [39m[32m200[39m [90m887 ms - 99[39m [90m[39m
[38;5;59m[5740cf84][0m[38;5;86m[HTTP][0m [37m-->[39m [37mPOST[39m [37m/wd/hub/session/5740cf84-366d-4d88-8de7-ec36c6ed7580/timeouts[39m [90m{"implicit":40000}[39m
[38;5;59m[5740cf84][0m[38;5;86m[HTTP][0m [37m<-- POST /wd/hub/session/5740cf84-366d-4d88-8de7-ec36c6ed7580/timeouts [39m[32m200[39m [90m1 ms - 14[39m [90m[39m
[38;5;59m[5740cf84][0m[38;5;86m[HTTP][0m [37m-->[39m [37mPOST[39m [37m/wd/hub/session/5740cf84-366d-4d88-8de7-ec36c6ed7580/element/00000000-0000-0696-ffff-ffff000000ab/click[39m [90m{"id":"00000000-0000-0696-ffff-ffff000000ab"}[39m
[38;5;59m[5740cf84][0m[38;5;86m[HTTP][0m [37m<-- POST /wd/hub/session/5740cf84-366d-4d88-8de7-ec36c6ed7580/element/00000000-0000-0696-ffff-ffff000000ab/click [39m[32m200[39m [90m86 ms - 14[39m [90m[39m
[38;5;59m[5740cf84][0m[38;5;86m[HTTP][0m [37m-->[39m [37mPOST[39m [37m/wd/hub/session/5740cf84-366d-4d88-8de7-ec36c6ed7580/timeouts[39m [90m{"implicit":50}[39m
[38;5;59m[5740cf84][0m[38;5;86m[HTTP][0m [37m<-- POST /wd/hub/session/5740cf84-366d-4d88-8de7-ec36c6ed7580/timeouts [39m[32m200[39m [90m1 ms - 14[39m [90m[39m
[38;5;59m[5740cf84][0m[38;5;86m[HTTP][0m [37m-->[39m [37mGET[39m [37m/wd/hub/session/5740cf84-366d-4d88-8de7-ec36c6ed7580/window/rect[39m [90m{}[39m
[38;5;59m[5740cf84][0m[38;5;86m[HTTP][0m [37m<-- GET /wd/hub/session/5740cf84-366d-4d88-8de7-ec36c6ed7580/window/rect [39m[32m200[39m [90m31 ms - 49[39m [90m[39m
[38;5;59m[5740cf84][0m[38;5;86m[HTTP][0m [37m-->[39m [37mPOST[39m [37m/wd/hub/session/5740cf84-366d-4d88-8de7-ec36c6ed7580/elements[39m [90m{"using":"xpath","value":"//*[@class = 'android.widget.TextView' and (@text = 'Bus' or . = 'Bus')]"}[39m
[38;5;59m[5740cf84][0m[38;5;86m[HTTP][0m [37m<-- POST /wd/hub/session/5740cf84-366d-4d88-8de7-ec36c6ed7580/elements [39m[32m200[39m [90m740 ms - 139[39m [90m[39m
[38;5;59m[5740cf84][0m[38;5;86m[HTTP][0m [37m-->[39m [37mGET[39m [37m/wd/hub/session/5740cf84-366d-4d88-8de7-ec36c6ed7580/element/00000000-0000-0696-ffff-ffff000000c5/rect[39m [90m{}[39m
[38;5;59m[5740cf84][0m[38;5;-196m[AndroidUiautomator2Driver@f227][0m Driver proxy active, passing request on via HTTP proxy
[38;5;59m[5740cf84][0m[38;5;-196m[AndroidUiautomator2Driver@f227][0m Replacing sessionId f145e5a5-2381-4c6e-afa9-d00f0a2c9114 with 5740cf84-366d-4d88-8de7-ec36c6ed7580
[38;5;59m[5740cf84][0m[38;5;86m[HTTP][0m [37m<-- GET /wd/hub/session/5740cf84-366d-4d88-8de7-ec36c6ed7580/element/00000000-0000-0696-ffff-ffff000000c5/rect [39m[32m200[39m [90m347 ms - 101[39m [90m[39m
[38;5;59m[5740cf84][0m[38;5;86m[HTTP][0m [37m-->[39m [37mPOST[39m [37m/wd/hub/session/5740cf84-366d-4d88-8de7-ec36c6ed7580/timeouts[39m [90m{"implicit":40000}[39m
[38;5;59m[5740cf84][0m[38;5;86m[HTTP][0m [37m<-- POST /wd/hub/session/5740cf84-366d-4d88-8de7-ec36c6ed7580/timeouts [39m[32m200[39m [90m1 ms - 14[39m [90m[39m
[38;5;59m[5740cf84][0m[38;5;86m[HTTP][0m [37m-->[39m [37mPOST[39m [37m/wd/hub/session/5740cf84-366d-4d88-8de7-ec36c6ed7580/element/00000000-0000-0696-ffff-ffff000000c5/click[39m [90m{"id":"00000000-0000-0696-ffff-ffff000000c5"}[39m
[38;5;59m[5740cf84][0m[38;5;86m[HTTP][0m [37m<-- POST /wd/hub/session/5740cf84-366d-4d88-8de7-ec36c6ed7580/element/00000000-0000-0696-ffff-ffff000000c5/click [39m[32m200[39m [90m89 ms - 14[39m [90m[39m
[38;5;59m[5740cf84][0m[38;5;86m[HTTP][0m [37m-->[39m [37mPOST[39m [37m/wd/hub/session/5740cf84-366d-4d88-8de7-ec36c6ed7580/timeouts[39m [90m{"implicit":50}[39m
[38;5;59m[5740cf84][0m[38;5;86m[HTTP][0m [37m<-- POST /wd/hub/session/5740cf84-366d-4d88-8de7-ec36c6ed7580/timeouts [39m[32m200[39m [90m1 ms - 14[39m [90m[39m
[38;5;59m[5740cf84][0m[38;5;86m[HTTP][0m [37m-->[39m [37mGET[39m [37m/wd/hub/session/5740cf84-366d-4d88-8de7-ec36c6ed7580/window/rect[39m [90m{}[39m
[38;5;59m[5740cf84][0m[38;5;86m[HTTP][0m [37m<-- GET /wd/hub/session/5740cf84-366d-4d88-8de7-ec36c6ed7580/window/rect [39m[32m200[39m [90m27 ms - 49[39m [90m[39m
[38;5;59m[5740cf84][0m[38;5;86m[HTTP][0m [37m-->[39m [37mPOST[39m [37m/wd/hub/session/5740cf84-366d-4d88-8de7-ec36c6ed7580/elements[39m [90m{"using":"xpath","value":"//*[@class = 'android.widget.ImageView' and (@text = '' or . = '')]"}[39m
[38;5;59m[5740cf84][0m[38;5;86m[HTTP][0m [37m<-- POST /wd/hub/session/5740cf84-366d-4d88-8de7-ec36c6ed7580/elements [39m[32m200[39m [90m426 ms - 1291[39m [90m[39m
[38;5;59m[5740cf84][0m[38;5;86m[HTTP][0m [37m-->[39m [37mGET[39m [37m/wd/hub/session/5740cf84-366d-4d88-8de7-ec36c6ed7580/element/00000000-0000-0696-ffff-ffff000000ab/rect[39m [90m{}[39m
[38;5;59m[5740cf84][0m[38;5;-196m[AndroidUiautomator2Driver@f227][0m Driver proxy active, passing request on via HTTP proxy
[38;5;59m[5740cf84][0m[38;5;-196m[AndroidUiautomator2Driver@f227][0m Replacing sessionId f145e5a5-2381-4c6e-afa9-d00f0a2c9114 with 5740cf84-366d-4d88-8de7-ec36c6ed7580
[38;5;59m[5740cf84][0m[38;5;86m[HTTP][0m [37m<-- GET /wd/hub/session/5740cf84-366d-4d88-8de7-ec36c6ed7580/element/00000000-0000-0696-ffff-ffff000000ab/rect [39m[32m200[39m [90m870 ms - 99[39m [90m[39m
[38;5;59m[5740cf84][0m[38;5;86m[HTTP][0m [37m-->[39m [37mPOST[39m [37m/wd/hub/session/5740cf84-366d-4d88-8de7-ec36c6ed7580/timeouts[39m [90m{"implicit":40000}[39m
[38;5;59m[5740cf84][0m[38;5;86m[HTTP][0m [37m<-- POST /wd/hub/session/5740cf84-366d-4d88-8de7-ec36c6ed7580/timeouts [39m[32m200[39m [90m1 ms - 14[39m [90m[39m
[38;5;59m[5740cf84][0m[38;5;86m[HTTP][0m [37m-->[39m [37mPOST[39m [37m/wd/hub/session/5740cf84-366d-4d88-8de7-ec36c6ed7580/element/00000000-0000-0696-ffff-ffff000000ab/click[39m [90m{"id":"00000000-0000-0696-ffff-ffff000000ab"}[39m
[38;5;59m[5740cf84][0m[38;5;86m[HTTP][0m [37m<-- POST /wd/hub/session/5740cf84-366d-4d88-8de7-ec36c6ed7580/element/00000000-0000-0696-ffff-ffff000000ab/click [39m[32m200[39m [90m75 ms - 14[39m [90m[39m
[38;5;59m[5740cf84][0m[38;5;86m[HTTP][0m [37m-->[39m [37mPOST[39m [37m/wd/hub/session/5740cf84-366d-4d88-8de7-ec36c6ed7580/timeouts[39m [90m{"implicit":50}[39m
[38;5;59m[5740cf84][0m[38;5;86m[HTTP][0m [37m<-- POST /wd/hub/session/5740cf84-366d-4d88-8de7-ec36c6ed7580/timeouts [39m[32m200[39m [90m1 ms - 14[39m [90m[39m
[38;5;59m[5740cf84][0m[38;5;86m[HTTP][0m [37m-->[39m [37mGET[39m [37m/wd/hub/session/5740cf84-366d-4d88-8de7-ec36c6ed7580/window/rect[39m [90m{}[39m
[38;5;59m[5740cf84][0m[38;5;86m[HTTP][0m [37m<-- GET /wd/hub/session/5740cf84-366d-4d88-8de7-ec36c6ed7580/window/rect [39m[32m200[39m [90m32 ms - 49[39m [90m[39m
[38;5;59m[5740cf84][0m[38;5;86m[HTTP][0m [37m-->[39m [37mPOST[39m [37m/wd/hub/session/5740cf84-366d-4d88-8de7-ec36c6ed7580/elements[39m [90m{"using":"xpath","value":"//*[@class = 'android.widget.TextView' and (@text = 'Car Park Help-Desk' or . = 'Car Park Help-Desk')]"}[39m
[38;5;59m[5740cf84][0m[38;5;86m[HTTP][0m [37m<-- POST /wd/hub/session/5740cf84-366d-4d88-8de7-ec36c6ed7580/elements [39m[32m200[39m [90m526 ms - 12[39m [90m[39m
[38;5;59m[5740cf84][0m[38;5;86m[HTTP][0m [37m-->[39m [37mPOST[39m [37m/wd/hub/session/5740cf84-366d-4d88-8de7-ec36c6ed7580/elements[39m [90m{"using":"xpath","value":"//*[@class = 'android.widget.TextView' and (@text = 'Car Park Help-Desk' or . = 'Car Park Help-Desk')]"}[39m
[38;5;59m[5740cf84][0m[38;5;86m[HTTP][0m [37m<-- POST /wd/hub/session/5740cf84-366d-4d88-8de7-ec36c6ed7580/elements [39m[32m200[39m [90m917 ms - 139[39m [90m[39m
[38;5;59m[5740cf84][0m[38;5;86m[HTTP][0m [37m-->[39m [37mGET[39m [37m/wd/hub/session/5740cf84-366d-4d88-8de7-ec36c6ed7580/element/00000000-0000-0696-ffff-ffff000000c9/rect[39m [90m{}[39m
[38;5;59m[5740cf84][0m[38;5;-196m[AndroidUiautomator2Driver@f227][0m Driver proxy active, passing request on via HTTP proxy
[38;5;59m[5740cf84][0m[38;5;-196m[AndroidUiautomator2Driver@f227][0m Replacing sessionId f145e5a5-2381-4c6e-afa9-d00f0a2c9114 with 5740cf84-366d-4d88-8de7-ec36c6ed7580
[38;5;59m[5740cf84][0m[38;5;86m[HTTP][0m [37m<-- GET /wd/hub/session/5740cf84-366d-4d88-8de7-ec36c6ed7580/element/00000000-0000-0696-ffff-ffff000000c9/rect [39m[32m200[39m [90m31 ms - 102[39m [90m[39m
[38;5;59m[5740cf84][0m[38;5;86m[HTTP][0m [37m-->[39m [37mPOST[39m [37m/wd/hub/session/5740cf84-366d-4d88-8de7-ec36c6ed7580/timeouts[39m [90m{"implicit":40000}[39m
[38;5;59m[5740cf84][0m[38;5;86m[HTTP][0m [37m<-- POST /wd/hub/session/5740cf84-366d-4d88-8de7-ec36c6ed7580/timeouts [39m[32m200[39m [90m1 ms - 14[39m [90m[39m
[38;5;59m[5740cf84][0m[38;5;86m[HTTP][0m [37m-->[39m [37mPOST[39m [37m/wd/hub/session/5740cf84-366d-4d88-8de7-ec36c6ed7580/element/00000000-0000-0696-ffff-ffff000000c9/click[39m [90m{"id":"00000000-0000-0696-ffff-ffff000000c9"}[39m
[38;5;59m[5740cf84][0m[38;5;86m[HTTP][0m [37m<-- POST /wd/hub/session/5740cf84-366d-4d88-8de7-ec36c6ed7580/element/00000000-0000-0696-ffff-ffff000000c9/click [39m[32m200[39m [90m78 ms - 14[39m [90m[39m
[38;5;59m[5740cf84][0m[38;5;86m[HTTP][0m [37m-->[39m [37mPOST[39m [37m/wd/hub/session/5740cf84-366d-4d88-8de7-ec36c6ed7580/timeouts[39m [90m{"implicit":50}[39m
[38;5;59m[5740cf84][0m[38;5;86m[HTTP][0m [37m<-- POST /wd/hub/session/5740cf84-366d-4d88-8de7-ec36c6ed7580/timeouts [39m[32m200[39m [90m1 ms - 14[39m [90m[39m
[38;5;59m[5740cf84][0m[38;5;86m[HTTP][0m [37m-->[39m [37mGET[39m [37m/wd/hub/session/5740cf84-366d-4d88-8de7-ec36c6ed7580/window/rect[39m [90m{}[39m
[38;5;59m[5740cf84][0m[38;5;86m[HTTP][0m [37m<-- GET /wd/hub/session/5740cf84-366d-4d88-8de7-ec36c6ed7580/window/rect [39m[32m200[39m [90m22 ms - 49[39m [90m[39m
[38;5;59m[5740cf84][0m[38;5;86m[HTTP][0m [37m-->[39m [37mPOST[39m [37m/wd/hub/session/5740cf84-366d-4d88-8de7-ec36c6ed7580/elements[39m [90m{"using":"xpath","value":"//*[@class = 'android.widget.ImageView' and (@text = '' or . = '')]"}[39m
[38;5;59m[5740cf84][0m[38;5;86m[HTTP][0m [37m<-- POST /wd/hub/session/5740cf84-366d-4d88-8de7-ec36c6ed7580/elements [39m[32m200[39m [90m461 ms - 1291[39m [90m[39m
[38;5;59m[5740cf84][0m[38;5;86m[HTTP][0m [37m-->[39m [37mGET[39m [37m/wd/hub/session/5740cf84-366d-4d88-8de7-ec36c6ed7580/element/00000000-0000-0696-ffff-ffff000000ab/rect[39m [90m{}[39m
[38;5;59m[5740cf84][0m[38;5;-196m[AndroidUiautomator2Driver@f227][0m Driver proxy active, passing request on via HTTP proxy
[38;5;59m[5740cf84][0m[38;5;-196m[AndroidUiautomator2Driver@f227][0m Replacing sessionId f145e5a5-2381-4c6e-afa9-d00f0a2c9114 with 5740cf84-366d-4d88-8de7-ec36c6ed7580
[38;5;59m[5740cf84][0m[38;5;86m[HTTP][0m [37m<-- GET /wd/hub/session/5740cf84-366d-4d88-8de7-ec36c6ed7580/element/00000000-0000-0696-ffff-ffff000000ab/rect [39m[32m200[39m [90m850 ms - 99[39m [90m[39m
[38;5;59m[5740cf84][0m[38;5;86m[HTTP][0m [37m-->[39m [37mPOST[39m [37m/wd/hub/session/5740cf84-366d-4d88-8de7-ec36c6ed7580/timeouts[39m [90m{"implicit":40000}[39m
[38;5;59m[5740cf84][0m[38;5;86m[HTTP][0m [37m<-- POST /wd/hub/session/5740cf84-366d-4d88-8de7-ec36c6ed7580/timeouts [39m[32m200[39m [90m1 ms - 14[39m [90m[39m
[38;5;59m[5740cf84][0m[38;5;86m[HTTP][0m [37m-->[39m [37mPOST[39m [37m/wd/hub/session/5740cf84-366d-4d88-8de7-ec36c6ed7580/element/00000000-0000-0696-ffff-ffff000000ab/click[39m [90m{"id":"00000000-0000-0696-ffff-ffff000000ab"}[39m
[38;5;59m[5740cf84][0m[38;5;86m[HTTP][0m [37m<-- POST /wd/hub/session/5740cf84-366d-4d88-8de7-ec36c6ed7580/element/00000000-0000-0696-ffff-ffff000000ab/click [39m[32m200[39m [90m65 ms - 14[39m [90m[39m
[38;5;59m[5740cf84][0m[38;5;86m[HTTP][0m [37m-->[39m [37mPOST[39m [37m/wd/hub/session/5740cf84-366d-4d88-8de7-ec36c6ed7580/timeouts[39m [90m{"implicit":50}[39m
[38;5;59m[5740cf84][0m[38;5;86m[HTTP][0m [37m<-- POST /wd/hub/session/5740cf84-366d-4d88-8de7-ec36c6ed7580/timeouts [39m[32m200[39m [90m1 ms - 14[39m [90m[39m
[38;5;59m[5740cf84][0m[38;5;86m[HTTP][0m [37m-->[39m [37mGET[39m [37m/wd/hub/session/5740cf84-366d-4d88-8de7-ec36c6ed7580/window/rect[39m [90m{}[39m
[38;5;59m[5740cf84][0m[38;5;86m[HTTP][0m [37m<-- GET /wd/hub/session/5740cf84-366d-4d88-8de7-ec36c6ed7580/window/rect [39m[32m200[39m [90m21 ms - 49[39m [90m[39m
[38;5;59m[5740cf84][0m[38;5;86m[HTTP][0m [37m-->[39m [37mPOST[39m [37m/wd/hub/session/5740cf84-366d-4d88-8de7-ec36c6ed7580/elements[39m [90m{"using":"xpath","value":"//*[@class = 'android.widget.TextView' and (@text = 'Gift Wrapping' or . = 'Gift Wrapping')]"}[39m
[38;5;59m[5740cf84][0m[38;5;86m[HTTP][0m [37m<-- POST /wd/hub/session/5740cf84-366d-4d88-8de7-ec36c6ed7580/elements [39m[32m200[39m [90m757 ms - 139[39m [90m[39m
[38;5;59m[5740cf84][0m[38;5;86m[HTTP][0m [37m-->[39m [37mGET[39m [37m/wd/hub/session/5740cf84-366d-4d88-8de7-ec36c6ed7580/element/00000000-0000-0696-ffff-ffff000000ce/rect[39m [90m{}[39m
[38;5;59m[5740cf84][0m[38;5;-196m[AndroidUiautomator2Driver@f227][0m Driver proxy active, passing request on via HTTP proxy
[38;5;59m[5740cf84][0m[38;5;-196m[AndroidUiautomator2Driver@f227][0m Replacing sessionId f145e5a5-2381-4c6e-afa9-d00f0a2c9114 with 5740cf84-366d-4d88-8de7-ec36c6ed7580
[38;5;59m[5740cf84][0m[38;5;86m[HTTP][0m [37m<-- GET /wd/hub/session/5740cf84-366d-4d88-8de7-ec36c6ed7580/element/00000000-0000-0696-ffff-ffff000000ce/rect [39m[32m200[39m [90m352 ms - 101[39m [90m[39m
[38;5;59m[5740cf84][0m[38;5;86m[HTTP][0m [37m-->[39m [37mPOST[39m [37m/wd/hub/session/5740cf84-366d-4d88-8de7-ec36c6ed7580/timeouts[39m [90m{"implicit":40000}[39m
[38;5;59m[5740cf84][0m[38;5;86m[HTTP][0m [37m<-- POST /wd/hub/session/5740cf84-366d-4d88-8de7-ec36c6ed7580/timeouts [39m[32m200[39m [90m1 ms - 14[39m [90m[39m
[38;5;59m[5740cf84][0m[38;5;86m[HTTP][0m [37m-->[39m [37mPOST[39m [37m/wd/hub/session/5740cf84-366d-4d88-8de7-ec36c6ed7580/element/00000000-0000-0696-ffff-ffff000000ce/click[39m [90m{"id":"00000000-0000-0696-ffff-ffff000000ce"}[39m
[38;5;59m[5740cf84][0m[38;5;86m[HTTP][0m [37m<-- POST /wd/hub/session/5740cf84-366d-4d88-8de7-ec36c6ed7580/element/00000000-0000-0696-ffff-ffff000000ce/click [39m[32m200[39m [90m92 ms - 14[39m [90m[39m
[38;5;59m[5740cf84][0m[38;5;86m[HTTP][0m [37m-->[39m [37mPOST[39m [37m/wd/hub/session/5740cf84-366d-4d88-8de7-ec36c6ed7580/timeouts[39m [90m{"implicit":50}[39m
[38;5;59m[5740cf84][0m[38;5;86m[HTTP][0m [37m<-- POST /wd/hub/session/5740cf84-366d-4d88-8de7-ec36c6ed7580/timeouts [39m[32m200[39m [90m1 ms - 14[39m [90m[39m
[38;5;59m[5740cf84][0m[38;5;86m[HTTP][0m [37m-->[39m [37mGET[39m [37m/wd/hub/session/5740cf84-366d-4d88-8de7-ec36c6ed7580/window/rect[39m [90m{}[39m
[38;5;59m[5740cf84][0m[38;5;86m[HTTP][0m [37m<-- GET /wd/hub/session/5740cf84-366d-4d88-8de7-ec36c6ed7580/window/rect [39m[32m200[39m [90m25 ms - 49[39m [90m[39m
[38;5;59m[5740cf84][0m[38;5;86m[HTTP][0m [37m-->[39m [37mPOST[39m [37m/wd/hub/session/5740cf84-366d-4d88-8de7-ec36c6ed7580/elements[39m [90m{"using":"xpath","value":"//*[@class = 'android.widget.ImageView' and (@text = '' or . = '')]"}[39m
[38;5;59m[5740cf84][0m[38;5;86m[HTTP][0m [37m<-- POST /wd/hub/session/5740cf84-366d-4d88-8de7-ec36c6ed7580/elements [39m[32m200[39m [90m437 ms - 1291[39m [90m[39m
[38;5;59m[5740cf84][0m[38;5;86m[HTTP][0m [37m-->[39m [37mGET[39m [37m/wd/hub/session/5740cf84-366d-4d88-8de7-ec36c6ed7580/element/00000000-0000-0696-ffff-ffff000000ab/rect[39m [90m{}[39m
[38;5;59m[5740cf84][0m[38;5;-196m[AndroidUiautomator2Driver@f227][0m Driver proxy active, passing request on via HTTP proxy
[38;5;59m[5740cf84][0m[38;5;-196m[AndroidUiautomator2Driver@f227][0m Replacing sessionId f145e5a5-2381-4c6e-afa9-d00f0a2c9114 with 5740cf84-366d-4d88-8de7-ec36c6ed7580
[38;5;59m[5740cf84][0m[38;5;86m[HTTP][0m [37m<-- GET /wd/hub/session/5740cf84-366d-4d88-8de7-ec36c6ed7580/element/00000000-0000-0696-ffff-ffff000000ab/rect [39m[32m200[39m [90m842 ms - 99[39m [90m[39m
[38;5;59m[5740cf84][0m[38;5;86m[HTTP][0m [37m-->[39m [37mPOST[39m [37m/wd/hub/session/5740cf84-366d-4d88-8de7-ec36c6ed7580/timeouts[39m [90m{"implicit":40000}[39m
[38;5;59m[5740cf84][0m[38;5;86m[HTTP][0m [37m<-- POST /wd/hub/session/5740cf84-366d-4d88-8de7-ec36c6ed7580/timeouts [39m[32m200[39m [90m1 ms - 14[39m [90m[39m
[38;5;59m[5740cf84][0m[38;5;86m[HTTP][0m [37m-->[39m [37mPOST[39m [37m/wd/hub/session/5740cf84-366d-4d88-8de7-ec36c6ed7580/element/00000000-0000-0696-ffff-ffff000000ab/click[39m [90m{"id":"00000000-0000-0696-ffff-ffff000000ab"}[39m
[38;5;59m[5740cf84][0m[38;5;86m[HTTP][0m [37m<-- POST /wd/hub/session/5740cf84-366d-4d88-8de7-ec36c6ed7580/element/00000000-0000-0696-ffff-ffff000000ab/click [39m[32m200[39m [90m82 ms - 14[39m [90m[39m
[38;5;59m[5740cf84][0m[38;5;86m[HTTP][0m [37m-->[39m [37mPOST[39m [37m/wd/hub/session/5740cf84-366d-4d88-8de7-ec36c6ed7580/timeouts[39m [90m{"implicit":50}[39m
[38;5;59m[5740cf84][0m[38;5;86m[HTTP][0m [37m<-- POST /wd/hub/session/5740cf84-366d-4d88-8de7-ec36c6ed7580/timeouts [39m[32m200[39m [90m1 ms - 14[39m [90m[39m
[38;5;59m[5740cf84][0m[38;5;86m[HTTP][0m [37m-->[39m [37mGET[39m [37m/wd/hub/session/5740cf84-366d-4d88-8de7-ec36c6ed7580/window/rect[39m [90m{}[39m
[38;5;59m[5740cf84][0m[38;5;86m[HTTP][0m [37m<-- GET /wd/hub/session/5740cf84-366d-4d88-8de7-ec36c6ed7580/window/rect [39m[32m200[39m [90m29 ms - 49[39m [90m[39m
[38;5;59m[5740cf84][0m[38;5;86m[HTTP][0m [37m-->[39m [37mPOST[39m [37m/wd/hub/session/5740cf84-366d-4d88-8de7-ec36c6ed7580/elements[39m [90m{"using":"xpath","value":"//*[@class = 'android.widget.TextView' and (@text = 'Lost & Found' or . = 'Lost & Found')]"}[39m
[38;5;59m[5740cf84][0m[38;5;86m[HTTP][0m [37m<-- POST /wd/hub/session/5740cf84-366d-4d88-8de7-ec36c6ed7580/elements [39m[32m200[39m [90m437 ms - 12[39m [90m[39m
[38;5;59m[5740cf84][0m[38;5;86m[HTTP][0m [37m-->[39m [37mPOST[39m [37m/wd/hub/session/5740cf84-366d-4d88-8de7-ec36c6ed7580/elements[39m [90m{"using":"xpath","value":"//*[@class = 'android.widget.TextView' and (@text = 'Lost & Found' or . = 'Lost & Found')]"}[39m
[38;5;59m[5740cf84][0m[38;5;86m[HTTP][0m [37m<-- POST /wd/hub/session/5740cf84-366d-4d88-8de7-ec36c6ed7580/elements [39m[32m200[39m [90m1028 ms - 139[39m [90m[39m
[38;5;59m[5740cf84][0m[38;5;86m[HTTP][0m [37m-->[39m [37mGET[39m [37m/wd/hub/session/5740cf84-366d-4d88-8de7-ec36c6ed7580/element/00000000-0000-0696-ffff-ffff000000d2/rect[39m [90m{}[39m
[38;5;59m[5740cf84][0m[38;5;-196m[AndroidUiautomator2Driver@f227][0m Driver proxy active, passing request on via HTTP proxy
[38;5;59m[5740cf84][0m[38;5;-196m[AndroidUiautomator2Driver@f227][0m Replacing sessionId f145e5a5-2381-4c6e-afa9-d00f0a2c9114 with 5740cf84-366d-4d88-8de7-ec36c6ed7580
[38;5;59m[5740cf84][0m[38;5;86m[HTTP][0m [37m<-- GET /wd/hub/session/5740cf84-366d-4d88-8de7-ec36c6ed7580/element/00000000-0000-0696-ffff-ffff000000d2/rect [39m[32m200[39m [90m28 ms - 102[39m [90m[39m
[38;5;59m[5740cf84][0m[38;5;86m[HTTP][0m [37m-->[39m [37mPOST[39m [37m/wd/hub/session/5740cf84-366d-4d88-8de7-ec36c6ed7580/timeouts[39m [90m{"implicit":40000}[39m
[38;5;59m[5740cf84][0m[38;5;86m[HTTP][0m [37m<-- POST /wd/hub/session/5740cf84-366d-4d88-8de7-ec36c6ed7580/timeouts [39m[32m200[39m [90m1 ms - 14[39m [90m[39m
[38;5;59m[5740cf84][0m[38;5;86m[HTTP][0m [37m-->[39m [37mPOST[39m [37m/wd/hub/session/5740cf84-366d-4d88-8de7-ec36c6ed7580/element/00000000-0000-0696-ffff-ffff000000d2/click[39m [90m{"id":"00000000-0000-0696-ffff-ffff000000d2"}[39m
[38;5;59m[5740cf84][0m[38;5;86m[HTTP][0m [37m<-- POST /wd/hub/session/5740cf84-366d-4d88-8de7-ec36c6ed7580/element/00000000-0000-0696-ffff-ffff000000d2/click [39m[32m200[39m [90m81 ms - 14[39m [90m[39m
[38;5;59m[5740cf84][0m[38;5;86m[HTTP][0m [37m-->[39m [37mPOST[39m [37m/wd/hub/session/5740cf84-366d-4d88-8de7-ec36c6ed7580/timeouts[39m [90m{"implicit":50}[39m
[38;5;59m[5740cf84][0m[38;5;86m[HTTP][0m [37m<-- POST /wd/hub/session/5740cf84-366d-4d88-8de7-ec36c6ed7580/timeouts [39m[32m200[39m [90m1 ms - 14[39m [90m[39m
[38;5;59m[5740cf84][0m[38;5;86m[HTTP][0m [37m-->[39m [37mGET[39m [37m/wd/hub/session/5740cf84-366d-4d88-8de7-ec36c6ed7580/window/rect[39m [90m{}[39m
[38;5;59m[5740cf84][0m[38;5;86m[HTTP][0m [37m<-- GET /wd/hub/session/5740cf84-366d-4d88-8de7-ec36c6ed7580/window/rect [39m[32m200[39m [90m23 ms - 49[39m [90m[39m
[38;5;59m[5740cf84][0m[38;5;86m[HTTP][0m [37m-->[39m [37mPOST[39m [37m/wd/hub/session/5740cf84-366d-4d88-8de7-ec36c6ed7580/elements[39m [90m{"using":"xpath","value":"//*[@class = 'android.widget.ImageView' and (@text = '' or . = '')]"}[39m
[38;5;59m[5740cf84][0m[38;5;86m[HTTP][0m [37m<-- POST /wd/hub/session/5740cf84-366d-4d88-8de7-ec36c6ed7580/elements [39m[32m200[39m [90m458 ms - 1291[39m [90m[39m
[38;5;59m[5740cf84][0m[38;5;86m[HTTP][0m [37m-->[39m [37mGET[39m [37m/wd/hub/session/5740cf84-366d-4d88-8de7-ec36c6ed7580/element/00000000-0000-0696-ffff-ffff000000ab/rect[39m [90m{}[39m
[38;5;59m[5740cf84][0m[38;5;-196m[AndroidUiautomator2Driver@f227][0m Driver proxy active, passing request on via HTTP proxy
[38;5;59m[5740cf84][0m[38;5;-196m[AndroidUiautomator2Driver@f227][0m Replacing sessionId f145e5a5-2381-4c6e-afa9-d00f0a2c9114 with 5740cf84-366d-4d88-8de7-ec36c6ed7580
[38;5;59m[5740cf84][0m[38;5;86m[HTTP][0m [37m<-- GET /wd/hub/session/5740cf84-366d-4d88-8de7-ec36c6ed7580/element/00000000-0000-0696-ffff-ffff000000ab/rect [39m[32m200[39m [90m818 ms - 99[39m [90m[39m
[38;5;59m[5740cf84][0m[38;5;86m[HTTP][0m [37m-->[39m [37mPOST[39m [37m/wd/hub/session/5740cf84-366d-4d88-8de7-ec36c6ed7580/timeouts[39m [90m{"implicit":40000}[39m
[38;5;59m[5740cf84][0m[38;5;86m[HTTP][0m [37m<-- POST /wd/hub/session/5740cf84-366d-4d88-8de7-ec36c6ed7580/timeouts [39m[32m200[39m [90m1 ms - 14[39m [90m[39m
[38;5;59m[5740cf84][0m[38;5;86m[HTTP][0m [37m-->[39m [37mPOST[39m [37m/wd/hub/session/5740cf84-366d-4d88-8de7-ec36c6ed7580/element/00000000-0000-0696-ffff-ffff000000ab/click[39m [90m{"id":"00000000-0000-0696-ffff-ffff000000ab"}[39m
[38;5;59m[5740cf84][0m[38;5;86m[HTTP][0m [37m<-- POST /wd/hub/session/5740cf84-366d-4d88-8de7-ec36c6ed7580/element/00000000-0000-0696-ffff-ffff000000ab/click [39m[32m200[39m [90m78 ms - 14[39m [90m[39m
[38;5;59m[5740cf84][0m[38;5;86m[HTTP][0m [37m-->[39m [37mPOST[39m [37m/wd/hub/session/5740cf84-366d-4d88-8de7-ec36c6ed7580/timeouts[39m [90m{"implicit":50}[39m
[38;5;59m[5740cf84][0m[38;5;86m[HTTP][0m [37m<-- POST /wd/hub/session/5740cf84-366d-4d88-8de7-ec36c6ed7580/timeouts [39m[32m200[39m [90m1 ms - 14[39m [90m[39m
[38;5;59m[5740cf84][0m[38;5;86m[HTTP][0m [37m-->[39m [37mGET[39m [37m/wd/hub/session/5740cf84-366d-4d88-8de7-ec36c6ed7580/window/rect[39m [90m{}[39m
[38;5;59m[5740cf84][0m[38;5;86m[HTTP][0m [37m<-- GET /wd/hub/session/5740cf84-366d-4d88-8de7-ec36c6ed7580/window/rect [39m[32m200[39m [90m21 ms - 49[39m [90m[39m
[38;5;59m[5740cf84][0m[38;5;86m[HTTP][0m [37m-->[39m [37mPOST[39m [37m/wd/hub/session/5740cf84-366d-4d88-8de7-ec36c6ed7580/elements[39m [90m{"using":"xpath","value":"//*[@class = 'android.widget.TextView' and (@text = 'Amenities' or . = 'Amenities')]"}[39m
[38;5;59m[5740cf84][0m[38;5;86m[HTTP][0m [37m<-- POST /wd/hub/session/5740cf84-366d-4d88-8de7-ec36c6ed7580/elements [39m[32m200[39m [90m392 ms - 267[39m [90m[39m
[38;5;59m[5740cf84][0m[38;5;86m[HTTP][0m [37m-->[39m [37mGET[39m [37m/wd/hub/session/5740cf84-366d-4d88-8de7-ec36c6ed7580/element/00000000-0000-0696-ffff-ffff0000017a/rect[39m [90m{}[39m
[38;5;59m[5740cf84][0m[38;5;-196m[AndroidUiautomator2Driver@f227][0m Driver proxy active, passing request on via HTTP proxy
[38;5;59m[5740cf84][0m[38;5;-196m[AndroidUiautomator2Driver@f227][0m Got response with status 404: {"sessionId":"f145e5a5-2381-4c6e-afa9-d00f0a2c9114","value":{"error":"stale element reference","message":"Cached elements 'By.xpath: //*[@class = 'android.widget.TextView' and (@text = 'Amenities' or . = 'Amenities')]' do not exist in DOM anymore","stacktrace":"io.appium.uiautomator2.common.exceptions.StaleElementReferenceException: Cached elements 'By.xpath: //*[@class = 'android.widget.TextView' and (@text = 'Amenities' or . = 'Amenities')]' do not exist in DOM anymore\n\tat io.appium.uiautomator2.model.ElementsCache.restore(ElementsCache.java:78)\n\tat io.appium.uiautomator2.model.ElementsCache.get(ElementsCache.java:153)\n\tat io.appium.uiautomator2.handler.GetRect.safeHandle(GetRect.java:40)\n\tat io.appium.uiautomator2.handler.request.SafeRequestHandler.handle(SafeRequestHandler.java:59)\n\tat io.appium.uiautomator2.server.AppiumServlet.handleRequest(AppiumServlet.java:259)\n\tat io.appium.uiautomator2.server.AppiumServlet.handleHttpRequest(AppiumServlet.java:253)\n\tat io.appium.uiautomator2.http.Se...
[38;5;59m[5740cf84][0m[38;5;86m[HTTP][0m [37m<-- GET /wd/hub/session/5740cf84-366d-4d88-8de7-ec36c6ed7580/element/00000000-0000-0696-ffff-ffff0000017a/rect [39m[33m404[39m [90m692 ms - 4065[39m [90m[39m
[38;5;59m[5740cf84][0m[38;5;86m[HTTP][0m [37m-->[39m [37mPOST[39m [37m/wd/hub/session/5740cf84-366d-4d88-8de7-ec36c6ed7580/timeouts[39m [90m{"implicit":40000}[39m
[38;5;59m[5740cf84][0m[38;5;86m[HTTP][0m [37m<-- POST /wd/hub/session/5740cf84-366d-4d88-8de7-ec36c6ed7580/timeouts [39m[32m200[39m [90m1 ms - 14[39m [90m[39m
[38;5;59m[5740cf84][0m[38;5;86m[HTTP][0m [37m-->[39m [37mGET[39m [37m/wd/hub/session/5740cf84-366d-4d88-8de7-ec36c6ed7580/context[39m [90m{}[39m
[38;5;59m[5740cf84][0m[38;5;86m[HTTP][0m [37m<-- GET /wd/hub/session/5740cf84-366d-4d88-8de7-ec36c6ed7580/context [39m[32m200[39m [90m1 ms - 22[39m [90m[39m
[38;5;59m[5740cf84][0m[38;5;86m[HTTP][0m [37m-->[39m [37mGET[39m [37m/wd/hub/session/5740cf84-366d-4d88-8de7-ec36c6ed7580/contexts[39m [90m{}[39m
[38;5;59m[5740cf84][0m[38;5;86m[HTTP][0m [37m<-- GET /wd/hub/session/5740cf84-366d-4d88-8de7-ec36c6ed7580/contexts [39m[32m200[39m [90m313 ms - 24[39m [90m[39m
[38;5;59m[5740cf84][0m[38;5;86m[HTTP][0m [37m-->[39m [37mPOST[39m [37m/wd/hub/session/5740cf84-366d-4d88-8de7-ec36c6ed7580/context[39m [90m{"name":"NATIVE_APP"}[39m
[38;5;59m[5740cf84][0m[38;5;86m[HTTP][0m [37m<-- POST /wd/hub/session/5740cf84-366d-4d88-8de7-ec36c6ed7580/context [39m[32m200[39m [90m1 ms - 14[39m [90m[39m
[38;5;59m[5740cf84][0m[38;5;86m[HTTP][0m [37m-->[39m [37mGET[39m [37m/wd/hub/session/5740cf84-366d-4d88-8de7-ec36c6ed7580/screenshot[39m [90m{}[39m
[38;5;59m[5740cf84][0m[38;5;86m[HTTP][0m [37m<-- GET /wd/hub/session/5740cf84-366d-4d88-8de7-ec36c6ed7580/screenshot [39m[32m200[39m [90m1378 ms - 96456[39m [90m[39m
[38;5;59m[5740cf84][0m[38;5;86m[HTTP][0m [37m-->[39m [37mPOST[39m [37m/wd/hub/session/5740cf84-366d-4d88-8de7-ec36c6ed7580/context[39m [90m{"name":"NATIVE_APP"}[39m
[38;5;59m[5740cf84][0m[38;5;86m[HTTP][0m [37m<-- POST /wd/hub/session/5740cf84-366d-4d88-8de7-ec36c6ed7580/context [39m[32m200[39m [90m1 ms - 14[39m [90m[39m
[38;5;59m[5740cf84][0m[38;5;86m[HTTP][0m [37m-->[39m [37mPOST[39m [37m/wd/hub/session/5740cf84-366d-4d88-8de7-ec36c6ed7580/timeouts[39m [90m{"implicit":50}[39m
[38;5;59m[5740cf84][0m[38;5;86m[HTTP][0m [37m<-- POST /wd/hub/session/5740cf84-366d-4d88-8de7-ec36c6ed7580/timeouts [39m[32m200[39m [90m1 ms - 14[39m [90m[39m
[38;5;59m[5740cf84][0m[38;5;86m[HTTP][0m [37m-->[39m [37mGET[39m [37m/wd/hub/session/5740cf84-366d-4d88-8de7-ec36c6ed7580/window/rect[39m [90m{}[39m
[38;5;59m[5740cf84][0m[38;5;86m[HTTP][0m [37m<-- GET /wd/hub/session/5740cf84-366d-4d88-8de7-ec36c6ed7580/window/rect [39m[32m200[39m [90m28 ms - 49[39m [90m[39m
[38;5;59m[5740cf84][0m[38;5;86m[HTTP][0m [37m-->[39m [37mPOST[39m [37m/wd/hub/session/5740cf84-366d-4d88-8de7-ec36c6ed7580/elements[39m [90m{"using":"xpath","value":"//*[@class = 'android.widget.TextView' and (@text = 'Amenities' or . = 'Amenities')]"}[39m
[38;5;59m[5740cf84][0m[38;5;86m[HTTP][0m [37m<-- POST /wd/hub/session/5740cf84-366d-4d88-8de7-ec36c6ed7580/elements [39m[32m200[39m [90m345 ms - 139[39m [90m[39m
[38;5;59m[5740cf84][0m[38;5;86m[HTTP][0m [37m-->[39m [37mGET[39m [37m/wd/hub/session/5740cf84-366d-4d88-8de7-ec36c6ed7580/element/00000000-0000-0696-ffff-ffff000000b9/rect[39m [90m{}[39m
[38;5;59m[5740cf84][0m[38;5;-196m[AndroidUiautomator2Driver@f227][0m Driver proxy active, passing request on via HTTP proxy
[38;5;59m[5740cf84][0m[38;5;-196m[AndroidUiautomator2Driver@f227][0m Replacing sessionId f145e5a5-2381-4c6e-afa9-d00f0a2c9114 with 5740cf84-366d-4d88-8de7-ec36c6ed7580
[38;5;59m[5740cf84][0m[38;5;86m[HTTP][0m [37m<-- GET /wd/hub/session/5740cf84-366d-4d88-8de7-ec36c6ed7580/element/00000000-0000-0696-ffff-ffff000000b9/rect [39m[32m200[39m [90m29 ms - 103[39m [90m[39m
[38;5;59m[5740cf84][0m[38;5;86m[HTTP][0m [37m-->[39m [37mPOST[39m [37m/wd/hub/session/5740cf84-366d-4d88-8de7-ec36c6ed7580/timeouts[39m [90m{"implicit":40000}[39m
[38;5;59m[5740cf84][0m[38;5;86m[HTTP][0m [37m<-- POST /wd/hub/session/5740cf84-366d-4d88-8de7-ec36c6ed7580/timeouts [39m[32m200[39m [90m1 ms - 14[39m [90m[39m
[38;5;59m[5740cf84][0m[38;5;86m[HTTP][0m [37m-->[39m [37mPOST[39m [37m/wd/hub/session/5740cf84-366d-4d88-8de7-ec36c6ed7580/element/00000000-0000-0696-ffff-ffff000000b9/click[39m [90m{"id":"00000000-0000-0696-ffff-ffff000000b9"}[39m
[38;5;59m[5740cf84][0m[38;5;86m[HTTP][0m [37m<-- POST /wd/hub/session/5740cf84-366d-4d88-8de7-ec36c6ed7580/element/00000000-0000-0696-ffff-ffff000000b9/click [39m[32m200[39m [90m79 ms - 14[39m [90m[39m
[38;5;59m[5740cf84][0m[38;5;86m[HTTP][0m [37m-->[39m [37mPOST[39m [37m/wd/hub/session/5740cf84-366d-4d88-8de7-ec36c6ed7580/timeouts[39m [90m{"implicit":50}[39m
[38;5;59m[5740cf84][0m[38;5;86m[HTTP][0m [37m<-- POST /wd/hub/session/5740cf84-366d-4d88-8de7-ec36c6ed7580/timeouts [39m[32m200[39m [90m1 ms - 14[39m [90m[39m
[38;5;59m[5740cf84][0m[38;5;86m[HTTP][0m [37m-->[39m [37mGET[39m [37m/wd/hub/session/5740cf84-366d-4d88-8de7-ec36c6ed7580/window/rect[39m [90m{}[39m
[38;5;59m[5740cf84][0m[38;5;86m[HTTP][0m [37m<-- GET /wd/hub/session/5740cf84-366d-4d88-8de7-ec36c6ed7580/window/rect [39m[32m200[39m [90m26 ms - 49[39m [90m[39m
[38;5;59m[5740cf84][0m[38;5;86m[HTTP][0m [37m-->[39m [37mPOST[39m [37m/wd/hub/session/5740cf84-366d-4d88-8de7-ec36c6ed7580/elements[39m [90m{"using":"xpath","value":"//*[@class = 'android.widget.TextView' and (@text = 'Baby Strollers' or . = 'Baby Strollers')]"}[39m
[38;5;59m[5740cf84][0m[38;5;86m[HTTP][0m [37m<-- POST /wd/hub/session/5740cf84-366d-4d88-8de7-ec36c6ed7580/elements [39m[32m200[39m [90m383 ms - 12[39m [90m[39m
[38;5;59m[5740cf84][0m[38;5;86m[HTTP][0m [37m-->[39m [37mPOST[39m [37m/wd/hub/session/5740cf84-366d-4d88-8de7-ec36c6ed7580/elements[39m [90m{"using":"xpath","value":"//*[@class = 'android.widget.TextView' and (@text = 'Baby Strollers' or . = 'Baby Strollers')]"}[39m
[38;5;59m[5740cf84][0m[38;5;86m[HTTP][0m [37m<-- POST /wd/hub/session/5740cf84-366d-4d88-8de7-ec36c6ed7580/elements [39m[32m200[39m [90m1415 ms - 139[39m [90m[39m
[38;5;59m[5740cf84][0m[38;5;86m[HTTP][0m [37m-->[39m [37mGET[39m [37m/wd/hub/session/5740cf84-366d-4d88-8de7-ec36c6ed7580/element/00000000-0000-0696-ffff-ffff0000019c/rect[39m [90m{}[39m
[38;5;59m[5740cf84][0m[38;5;-196m[AndroidUiautomator2Driver@f227][0m Driver proxy active, passing request on via HTTP proxy
[38;5;59m[5740cf84][0m[38;5;-196m[AndroidUiautomator2Driver@f227][0m Replacing sessionId f145e5a5-2381-4c6e-afa9-d00f0a2c9114 with 5740cf84-366d-4d88-8de7-ec36c6ed7580
[38;5;59m[5740cf84][0m[38;5;86m[HTTP][0m [37m<-- GET /wd/hub/session/5740cf84-366d-4d88-8de7-ec36c6ed7580/element/00000000-0000-0696-ffff-ffff0000019c/rect [39m[32m200[39m [90m28 ms - 101[39m [90m[39m
[38;5;59m[5740cf84][0m[38;5;86m[HTTP][0m [37m-->[39m [37mPOST[39m [37m/wd/hub/session/5740cf84-366d-4d88-8de7-ec36c6ed7580/timeouts[39m [90m{"implicit":40000}[39m
[38;5;59m[5740cf84][0m[38;5;86m[HTTP][0m [37m<-- POST /wd/hub/session/5740cf84-366d-4d88-8de7-ec36c6ed7580/timeouts [39m[32m200[39m [90m1 ms - 14[39m [90m[39m
[38;5;59m[5740cf84][0m[38;5;86m[HTTP][0m [37m-->[39m [37mPOST[39m [37m/wd/hub/session/5740cf84-366d-4d88-8de7-ec36c6ed7580/element/00000000-0000-0696-ffff-ffff0000019c/click[39m [90m{"id":"00000000-0000-0696-ffff-ffff0000019c"}[39m
[38;5;59m[5740cf84][0m[38;5;86m[HTTP][0m [37m<-- POST /wd/hub/session/5740cf84-366d-4d88-8de7-ec36c6ed7580/element/00000000-0000-0696-ffff-ffff0000019c/click [39m[32m200[39m [90m59 ms - 14[39m [90m[39m
[38;5;59m[5740cf84][0m[38;5;86m[HTTP][0m [37m-->[39m [37mPOST[39m [37m/wd/hub/session/5740cf84-366d-4d88-8de7-ec36c6ed7580/timeouts[39m [90m{"implicit":50}[39m
[38;5;59m[5740cf84][0m[38;5;86m[HTTP][0m [37m<-- POST /wd/hub/session/5740cf84-366d-4d88-8de7-ec36c6ed7580/timeouts [39m[32m200[39m [90m1 ms - 14[39m [90m[39m
[38;5;59m[5740cf84][0m[38;5;86m[HTTP][0m [37m-->[39m [37mGET[39m [37m/wd/hub/session/5740cf84-366d-4d88-8de7-ec36c6ed7580/window/rect[39m [90m{}[39m
[38;5;59m[5740cf84][0m[38;5;86m[HTTP][0m [37m<-- GET /wd/hub/session/5740cf84-366d-4d88-8de7-ec36c6ed7580/window/rect [39m[32m200[39m [90m34 ms - 49[39m [90m[39m
[38;5;59m[5740cf84][0m[38;5;86m[HTTP][0m [37m-->[39m [37mPOST[39m [37m/wd/hub/session/5740cf84-366d-4d88-8de7-ec36c6ed7580/elements[39m [90m{"using":"xpath","value":"//*[@class = 'android.widget.ImageView' and (@text = '' or . = '')]"}[39m
[38;5;59m[5740cf84][0m[38;5;86m[HTTP][0m [37m<-- POST /wd/hub/session/5740cf84-366d-4d88-8de7-ec36c6ed7580/elements [39m[32m200[39m [90m405 ms - 1291[39m [90m[39m
[38;5;59m[5740cf84][0m[38;5;86m[HTTP][0m [37m-->[39m [37mGET[39m [37m/wd/hub/session/5740cf84-366d-4d88-8de7-ec36c6ed7580/element/00000000-0000-0696-ffff-ffff00000186/rect[39m [90m{}[39m
[38;5;59m[5740cf84][0m[38;5;-196m[AndroidUiautomator2Driver@f227][0m Driver proxy active, passing request on via HTTP proxy
[38;5;59m[5740cf84][0m[38;5;-196m[AndroidUiautomator2Driver@f227][0m Replacing sessionId f145e5a5-2381-4c6e-afa9-d00f0a2c9114 with 5740cf84-366d-4d88-8de7-ec36c6ed7580
[38;5;59m[5740cf84][0m[38;5;86m[HTTP][0m [37m<-- GET /wd/hub/session/5740cf84-366d-4d88-8de7-ec36c6ed7580/element/00000000-0000-0696-ffff-ffff00000186/rect [39m[32m200[39m [90m894 ms - 99[39m [90m[39m
[38;5;59m[5740cf84][0m[38;5;86m[HTTP][0m [37m-->[39m [37mPOST[39m [37m/wd/hub/session/5740cf84-366d-4d88-8de7-ec36c6ed7580/timeouts[39m [90m{"implicit":40000}[39m
[38;5;59m[5740cf84][0m[38;5;86m[HTTP][0m [37m<-- POST /wd/hub/session/5740cf84-366d-4d88-8de7-ec36c6ed7580/timeouts [39m[32m200[39m [90m1 ms - 14[39m [90m[39m
[38;5;59m[5740cf84][0m[38;5;86m[HTTP][0m [37m-->[39m [37mPOST[39m [37m/wd/hub/session/5740cf84-366d-4d88-8de7-ec36c6ed7580/element/00000000-0000-0696-ffff-ffff00000186/click[39m [90m{"id":"00000000-0000-0696-ffff-ffff00000186"}[39m
[38;5;59m[5740cf84][0m[38;5;86m[HTTP][0m [37m<-- POST /wd/hub/session/5740cf84-366d-4d88-8de7-ec36c6ed7580/element/00000000-0000-0696-ffff-ffff00000186/click [39m[32m200[39m [90m82 ms - 14[39m [90m[39m
[38;5;59m[5740cf84][0m[38;5;86m[HTTP][0m [37m-->[39m [37mPOST[39m [37m/wd/hub/session/5740cf84-366d-4d88-8de7-ec36c6ed7580/timeouts[39m [90m{"implicit":50}[39m
[38;5;59m[5740cf84][0m[38;5;86m[HTTP][0m [37m<-- POST /wd/hub/session/5740cf84-366d-4d88-8de7-ec36c6ed7580/timeouts [39m[32m200[39m [90m1 ms - 14[39m [90m[39m
[38;5;59m[5740cf84][0m[38;5;86m[HTTP][0m [37m-->[39m [37mGET[39m [37m/wd/hub/session/5740cf84-366d-4d88-8de7-ec36c6ed7580/window/rect[39m [90m{}[39m
[38;5;59m[5740cf84][0m[38;5;86m[HTTP][0m [37m<-- GET /wd/hub/session/5740cf84-366d-4d88-8de7-ec36c6ed7580/window/rect [39m[32m200[39m [90m27 ms - 49[39m [90m[39m
[38;5;59m[5740cf84][0m[38;5;86m[HTTP][0m [37m-->[39m [37mPOST[39m [37m/wd/hub/session/5740cf84-366d-4d88-8de7-ec36c6ed7580/elements[39m [90m{"using":"xpath","value":"//*[@class = 'android.widget.TextView' and (@text = 'Handicapped Bathrooms' or . = 'Handicapped Bathrooms')]"}[39m
[38;5;59m[5740cf84][0m[38;5;86m[HTTP][0m [37m<-- POST /wd/hub/session/5740cf84-366d-4d88-8de7-ec36c6ed7580/elements [39m[32m200[39m [90m891 ms - 139[39m [90m[39m
[38;5;59m[5740cf84][0m[38;5;86m[HTTP][0m [37m-->[39m [37mGET[39m [37m/wd/hub/session/5740cf84-366d-4d88-8de7-ec36c6ed7580/element/00000000-0000-0696-ffff-ffff000001a0/rect[39m [90m{}[39m
[38;5;59m[5740cf84][0m[38;5;-196m[AndroidUiautomator2Driver@f227][0m Driver proxy active, passing request on via HTTP proxy
[38;5;59m[5740cf84][0m[38;5;-196m[AndroidUiautomator2Driver@f227][0m Replacing sessionId f145e5a5-2381-4c6e-afa9-d00f0a2c9114 with 5740cf84-366d-4d88-8de7-ec36c6ed7580
[38;5;59m[5740cf84][0m[38;5;86m[HTTP][0m [37m<-- GET /wd/hub/session/5740cf84-366d-4d88-8de7-ec36c6ed7580/element/00000000-0000-0696-ffff-ffff000001a0/rect [39m[32m200[39m [90m284 ms - 102[39m [90m[39m
[38;5;59m[5740cf84][0m[38;5;86m[HTTP][0m [37m-->[39m [37mPOST[39m [37m/wd/hub/session/5740cf84-366d-4d88-8de7-ec36c6ed7580/timeouts[39m [90m{"implicit":40000}[39m
[38;5;59m[5740cf84][0m[38;5;86m[HTTP][0m [37m<-- POST /wd/hub/session/5740cf84-366d-4d88-8de7-ec36c6ed7580/timeouts [39m[32m200[39m [90m1 ms - 14[39m [90m[39m
[38;5;59m[5740cf84][0m[38;5;86m[HTTP][0m [37m-->[39m [37mPOST[39m [37m/wd/hub/session/5740cf84-366d-4d88-8de7-ec36c6ed7580/element/00000000-0000-0696-ffff-ffff000001a0/click[39m [90m{"id":"00000000-0000-0696-ffff-ffff000001a0"}[39m
[38;5;59m[5740cf84][0m[38;5;86m[HTTP][0m [37m<-- POST /wd/hub/session/5740cf84-366d-4d88-8de7-ec36c6ed7580/element/00000000-0000-0696-ffff-ffff000001a0/click [39m[32m200[39m [90m73 ms - 14[39m [90m[39m
[38;5;59m[5740cf84][0m[38;5;86m[HTTP][0m [37m-->[39m [37mPOST[39m [37m/wd/hub/session/5740cf84-366d-4d88-8de7-ec36c6ed7580/timeouts[39m [90m{"implicit":50}[39m
[38;5;59m[5740cf84][0m[38;5;86m[HTTP][0m [37m<-- POST /wd/hub/session/5740cf84-366d-4d88-8de7-ec36c6ed7580/timeouts [39m[32m200[39m [90m1 ms - 14[39m [90m[39m
[38;5;59m[5740cf84][0m[38;5;86m[HTTP][0m [37m-->[39m [37mGET[39m [37m/wd/hub/session/5740cf84-366d-4d88-8de7-ec36c6ed7580/window/rect[39m [90m{}[39m
[38;5;59m[5740cf84][0m[38;5;86m[HTTP][0m [37m<-- GET /wd/hub/session/5740cf84-366d-4d88-8de7-ec36c6ed7580/window/rect [39m[32m200[39m [90m31 ms - 49[39m [90m[39m
[38;5;59m[5740cf84][0m[38;5;86m[HTTP][0m [37m-->[39m [37mPOST[39m [37m/wd/hub/session/5740cf84-366d-4d88-8de7-ec36c6ed7580/elements[39m [90m{"using":"xpath","value":"//*[@class = 'android.widget.ImageView' and (@text = '' or . = '')]"}[39m
[38;5;59m[5740cf84][0m[38;5;86m[HTTP][0m [37m<-- POST /wd/hub/session/5740cf84-366d-4d88-8de7-ec36c6ed7580/elements [39m[32m200[39m [90m374 ms - 1291[39m [90m[39m
[38;5;59m[5740cf84][0m[38;5;86m[HTTP][0m [37m-->[39m [37mGET[39m [37m/wd/hub/session/5740cf84-366d-4d88-8de7-ec36c6ed7580/element/00000000-0000-0696-ffff-ffff00000186/rect[39m [90m{}[39m
[38;5;59m[5740cf84][0m[38;5;-196m[AndroidUiautomator2Driver@f227][0m Driver proxy active, passing request on via HTTP proxy
[38;5;59m[5740cf84][0m[38;5;-196m[AndroidUiautomator2Driver@f227][0m Replacing sessionId f145e5a5-2381-4c6e-afa9-d00f0a2c9114 with 5740cf84-366d-4d88-8de7-ec36c6ed7580
[38;5;59m[5740cf84][0m[38;5;86m[HTTP][0m [37m<-- GET /wd/hub/session/5740cf84-366d-4d88-8de7-ec36c6ed7580/element/00000000-0000-0696-ffff-ffff00000186/rect [39m[32m200[39m [90m1212 ms - 99[39m [90m[39m
[38;5;59m[5740cf84][0m[38;5;86m[HTTP][0m [37m-->[39m [37mPOST[39m [37m/wd/hub/session/5740cf84-366d-4d88-8de7-ec36c6ed7580/timeouts[39m [90m{"implicit":40000}[39m
[38;5;59m[5740cf84][0m[38;5;86m[HTTP][0m [37m<-- POST /wd/hub/session/5740cf84-366d-4d88-8de7-ec36c6ed7580/timeouts [39m[32m200[39m [90m1 ms - 14[39m [90m[39m
[38;5;59m[5740cf84][0m[38;5;86m[HTTP][0m [37m-->[39m [37mPOST[39m [37m/wd/hub/session/5740cf84-366d-4d88-8de7-ec36c6ed7580/element/00000000-0000-0696-ffff-ffff00000186/click[39m [90m{"id":"00000000-0000-0696-ffff-ffff00000186"}[39m
[38;5;59m[5740cf84][0m[38;5;86m[HTTP][0m [37m<-- POST /wd/hub/session/5740cf84-366d-4d88-8de7-ec36c6ed7580/element/00000000-0000-0696-ffff-ffff00000186/click [39m[32m200[39m [90m69 ms - 14[39m [90m[39m
[38;5;59m[5740cf84][0m[38;5;86m[HTTP][0m [37m-->[39m [37mPOST[39m [37m/wd/hub/session/5740cf84-366d-4d88-8de7-ec36c6ed7580/timeouts[39m [90m{"implicit":50}[39m
[38;5;59m[5740cf84][0m[38;5;86m[HTTP][0m [37m<-- POST /wd/hub/session/5740cf84-366d-4d88-8de7-ec36c6ed7580/timeouts [39m[32m200[39m [90m1 ms - 14[39m [90m[39m
[38;5;59m[5740cf84][0m[38;5;86m[HTTP][0m [37m-->[39m [37mGET[39m [37m/wd/hub/session/5740cf84-366d-4d88-8de7-ec36c6ed7580/window/rect[39m [90m{}[39m
[38;5;59m[5740cf84][0m[38;5;86m[HTTP][0m [37m<-- GET /wd/hub/session/5740cf84-366d-4d88-8de7-ec36c6ed7580/window/rect [39m[32m200[39m [90m20 ms - 49[39m [90m[39m
[38;5;59m[5740cf84][0m[38;5;86m[HTTP][0m [37m-->[39m [37mPOST[39m [37m/wd/hub/session/5740cf84-366d-4d88-8de7-ec36c6ed7580/elements[39m [90m{"using":"xpath","value":"//*[@class = 'android.widget.TextView' and (@text = concat(\"Parent\" , \"'\" , \"s rooms\") or . = concat(\"Parent\" , \"'\" , \"s rooms\"))]"}[39m
[38;5;59m[5740cf84][0m[38;5;86m[HTTP][0m [37m<-- POST /wd/hub/session/5740cf84-366d-4d88-8de7-ec36c6ed7580/elements [39m[32m200[39m [90m259 ms - 12[39m [90m[39m
[38;5;59m[5740cf84][0m[38;5;86m[HTTP][0m [37m-->[39m [37mPOST[39m [37m/wd/hub/session/5740cf84-366d-4d88-8de7-ec36c6ed7580/elements[39m [90m{"using":"xpath","value":"//*[@class = 'android.widget.TextView' and (@text = concat(\"Parent\" , \"'\" , \"s rooms\") or . = concat(\"Parent\" , \"'\" , \"s rooms\"))]"}[39m
[38;5;59m[5740cf84][0m[38;5;86m[HTTP][0m [37m<-- POST /wd/hub/session/5740cf84-366d-4d88-8de7-ec36c6ed7580/elements [39m[32m200[39m [90m1130 ms - 139[39m [90m[39m
[38;5;59m[5740cf84][0m[38;5;86m[HTTP][0m [37m-->[39m [37mGET[39m [37m/wd/hub/session/5740cf84-366d-4d88-8de7-ec36c6ed7580/element/00000000-0000-0696-ffff-ffff000001a4/rect[39m [90m{}[39m
[38;5;59m[5740cf84][0m[38;5;-196m[AndroidUiautomator2Driver@f227][0m Driver proxy active, passing request on via HTTP proxy
[38;5;59m[5740cf84][0m[38;5;-196m[AndroidUiautomator2Driver@f227][0m Replacing sessionId f145e5a5-2381-4c6e-afa9-d00f0a2c9114 with 5740cf84-366d-4d88-8de7-ec36c6ed7580
[38;5;59m[5740cf84][0m[38;5;86m[HTTP][0m [37m<-- GET /wd/hub/session/5740cf84-366d-4d88-8de7-ec36c6ed7580/element/00000000-0000-0696-ffff-ffff000001a4/rect [39m[32m200[39m [90m29 ms - 102[39m [90m[39m
[38;5;59m[5740cf84][0m[38;5;86m[HTTP][0m [37m-->[39m [37mPOST[39m [37m/wd/hub/session/5740cf84-366d-4d88-8de7-ec36c6ed7580/timeouts[39m [90m{"implicit":40000}[39m
[38;5;59m[5740cf84][0m[38;5;86m[HTTP][0m [37m<-- POST /wd/hub/session/5740cf84-366d-4d88-8de7-ec36c6ed7580/timeouts [39m[32m200[39m [90m1 ms - 14[39m [90m[39m
[38;5;59m[5740cf84][0m[38;5;86m[HTTP][0m [37m-->[39m [37mPOST[39m [37m/wd/hub/session/5740cf84-366d-4d88-8de7-ec36c6ed7580/element/00000000-0000-0696-ffff-ffff000001a4/click[39m [90m{"id":"00000000-0000-0696-ffff-ffff000001a4"}[39m
[38;5;59m[5740cf84][0m[38;5;86m[HTTP][0m [37m<-- POST /wd/hub/session/5740cf84-366d-4d88-8de7-ec36c6ed7580/element/00000000-0000-0696-ffff-ffff000001a4/click [39m[32m200[39m [90m72 ms - 14[39m [90m[39m
[38;5;59m[5740cf84][0m[38;5;86m[HTTP][0m [37m-->[39m [37mPOST[39m [37m/wd/hub/session/5740cf84-366d-4d88-8de7-ec36c6ed7580/timeouts[39m [90m{"implicit":50}[39m
[38;5;59m[5740cf84][0m[38;5;86m[HTTP][0m [37m<-- POST /wd/hub/session/5740cf84-366d-4d88-8de7-ec36c6ed7580/timeouts [39m[32m200[39m [90m1 ms - 14[39m [90m[39m
[38;5;59m[5740cf84][0m[38;5;86m[HTTP][0m [37m-->[39m [37mGET[39m [37m/wd/hub/session/5740cf84-366d-4d88-8de7-ec36c6ed7580/window/rect[39m [90m{}[39m
[38;5;59m[5740cf84][0m[38;5;86m[HTTP][0m [37m<-- GET /wd/hub/session/5740cf84-366d-4d88-8de7-ec36c6ed7580/window/rect [39m[32m200[39m [90m24 ms - 49[39m [90m[39m
[38;5;59m[5740cf84][0m[38;5;86m[HTTP][0m [37m-->[39m [37mPOST[39m [37m/wd/hub/session/5740cf84-366d-4d88-8de7-ec36c6ed7580/elements[39m [90m{"using":"xpath","value":"//*[@class = 'android.widget.ImageView' and (@text = '' or . = '')]"}[39m
[38;5;59m[5740cf84][0m[38;5;86m[HTTP][0m [37m<-- POST /wd/hub/session/5740cf84-366d-4d88-8de7-ec36c6ed7580/elements [39m[32m200[39m [90m439 ms - 1291[39m [90m[39m
[38;5;59m[5740cf84][0m[38;5;86m[HTTP][0m [37m-->[39m [37mGET[39m [37m/wd/hub/session/5740cf84-366d-4d88-8de7-ec36c6ed7580/element/00000000-0000-0696-ffff-ffff00000186/rect[39m [90m{}[39m
[38;5;59m[5740cf84][0m[38;5;-196m[AndroidUiautomator2Driver@f227][0m Driver proxy active, passing request on via HTTP proxy
[38;5;59m[5740cf84][0m[38;5;-196m[AndroidUiautomator2Driver@f227][0m Replacing sessionId f145e5a5-2381-4c6e-afa9-d00f0a2c9114 with 5740cf84-366d-4d88-8de7-ec36c6ed7580
[38;5;59m[5740cf84][0m[38;5;86m[HTTP][0m [37m<-- GET /wd/hub/session/5740cf84-366d-4d88-8de7-ec36c6ed7580/element/00000000-0000-0696-ffff-ffff00000186/rect [39m[32m200[39m [90m913 ms - 99[39m [90m[39m
[38;5;59m[5740cf84][0m[38;5;86m[HTTP][0m [37m-->[39m [37mPOST[39m [37m/wd/hub/session/5740cf84-366d-4d88-8de7-ec36c6ed7580/timeouts[39m [90m{"implicit":40000}[39m
[38;5;59m[5740cf84][0m[38;5;86m[HTTP][0m [37m<-- POST /wd/hub/session/5740cf84-366d-4d88-8de7-ec36c6ed7580/timeouts [39m[32m200[39m [90m1 ms - 14[39m [90m[39m
[38;5;59m[5740cf84][0m[38;5;86m[HTTP][0m [37m-->[39m [37mPOST[39m [37m/wd/hub/session/5740cf84-366d-4d88-8de7-ec36c6ed7580/element/00000000-0000-0696-ffff-ffff00000186/click[39m [90m{"id":"00000000-0000-0696-ffff-ffff00000186"}[39m
[38;5;59m[5740cf84][0m[38;5;86m[HTTP][0m [37m<-- POST /wd/hub/session/5740cf84-366d-4d88-8de7-ec36c6ed7580/element/00000000-0000-0696-ffff-ffff00000186/click [39m[32m200[39m [90m77 ms - 14[39m [90m[39m
[38;5;59m[5740cf84][0m[38;5;86m[HTTP][0m [37m-->[39m [37mPOST[39m [37m/wd/hub/session/5740cf84-366d-4d88-8de7-ec36c6ed7580/timeouts[39m [90m{"implicit":50}[39m
[38;5;59m[5740cf84][0m[38;5;86m[HTTP][0m [37m<-- POST /wd/hub/session/5740cf84-366d-4d88-8de7-ec36c6ed7580/timeouts [39m[32m200[39m [90m1 ms - 14[39m [90m[39m
[38;5;59m[5740cf84][0m[38;5;86m[HTTP][0m [37m-->[39m [37mGET[39m [37m/wd/hub/session/5740cf84-366d-4d88-8de7-ec36c6ed7580/window/rect[39m [90m{}[39m
[38;5;59m[5740cf84][0m[38;5;86m[HTTP][0m [37m<-- GET /wd/hub/session/5740cf84-366d-4d88-8de7-ec36c6ed7580/window/rect [39m[32m200[39m [90m23 ms - 49[39m [90m[39m
[38;5;59m[5740cf84][0m[38;5;86m[HTTP][0m [37m-->[39m [37mPOST[39m [37m/wd/hub/session/5740cf84-366d-4d88-8de7-ec36c6ed7580/elements[39m [90m{"using":"xpath","value":"//*[@class = 'android.widget.TextView' and (@text = 'Surau' or . = 'Surau')]"}[39m
[38;5;59m[5740cf84][0m[38;5;86m[HTTP][0m [37m<-- POST /wd/hub/session/5740cf84-366d-4d88-8de7-ec36c6ed7580/elements [39m[32m200[39m [90m727 ms - 12[39m [90m[39m
[38;5;59m[5740cf84][0m[38;5;86m[HTTP][0m [37m-->[39m [37mPOST[39m [37m/wd/hub/session/5740cf84-366d-4d88-8de7-ec36c6ed7580/elements[39m [90m{"using":"xpath","value":"//*[@class = 'android.widget.TextView' and (@text = 'Surau' or . = 'Surau')]"}[39m
[38;5;59m[5740cf84][0m[38;5;86m[HTTP][0m [37m<-- POST /wd/hub/session/5740cf84-366d-4d88-8de7-ec36c6ed7580/elements [39m[32m200[39m [90m715 ms - 139[39m [90m[39m
[38;5;59m[5740cf84][0m[38;5;86m[HTTP][0m [37m-->[39m [37mGET[39m [37m/wd/hub/session/5740cf84-366d-4d88-8de7-ec36c6ed7580/element/00000000-0000-0696-ffff-ffff000001a9/rect[39m [90m{}[39m
[38;5;59m[5740cf84][0m[38;5;-196m[AndroidUiautomator2Driver@f227][0m Driver proxy active, passing request on via HTTP proxy
[38;5;59m[5740cf84][0m[38;5;-196m[AndroidUiautomator2Driver@f227][0m Replacing sessionId f145e5a5-2381-4c6e-afa9-d00f0a2c9114 with 5740cf84-366d-4d88-8de7-ec36c6ed7580
[38;5;59m[5740cf84][0m[38;5;86m[HTTP][0m [37m<-- GET /wd/hub/session/5740cf84-366d-4d88-8de7-ec36c6ed7580/element/00000000-0000-0696-ffff-ffff000001a9/rect [39m[32m200[39m [90m30 ms - 100[39m [90m[39m
[38;5;59m[5740cf84][0m[38;5;86m[HTTP][0m [37m-->[39m [37mPOST[39m [37m/wd/hub/session/5740cf84-366d-4d88-8de7-ec36c6ed7580/timeouts[39m [90m{"implicit":40000}[39m
[38;5;59m[5740cf84][0m[38;5;86m[HTTP][0m [37m<-- POST /wd/hub/session/5740cf84-366d-4d88-8de7-ec36c6ed7580/timeouts [39m[32m200[39m [90m1 ms - 14[39m [90m[39m
[38;5;59m[5740cf84][0m[38;5;86m[HTTP][0m [37m-->[39m [37mPOST[39m [37m/wd/hub/session/5740cf84-366d-4d88-8de7-ec36c6ed7580/element/00000000-0000-0696-ffff-ffff000001a9/click[39m [90m{"id":"00000000-0000-0696-ffff-ffff000001a9"}[39m
[38;5;59m[5740cf84][0m[38;5;86m[HTTP][0m [37m<-- POST /wd/hub/session/5740cf84-366d-4d88-8de7-ec36c6ed7580/element/00000000-0000-0696-ffff-ffff000001a9/click [39m[32m200[39m [90m68 ms - 14[39m [90m[39m
[38;5;59m[5740cf84][0m[38;5;86m[HTTP][0m [37m-->[39m [37mPOST[39m [37m/wd/hub/session/5740cf84-366d-4d88-8de7-ec36c6ed7580/timeouts[39m [90m{"implicit":50}[39m
[38;5;59m[5740cf84][0m[38;5;86m[HTTP][0m [37m<-- POST /wd/hub/session/5740cf84-366d-4d88-8de7-ec36c6ed7580/timeouts [39m[32m200[39m [90m1 ms - 14[39m [90m[39m
[38;5;59m[5740cf84][0m[38;5;86m[HTTP][0m [37m-->[39m [37mGET[39m [37m/wd/hub/session/5740cf84-366d-4d88-8de7-ec36c6ed7580/window/rect[39m [90m{}[39m
[38;5;59m[5740cf84][0m[38;5;86m[HTTP][0m [37m<-- GET /wd/hub/session/5740cf84-366d-4d88-8de7-ec36c6ed7580/window/rect [39m[32m200[39m [90m26 ms - 49[39m [90m[39m
[38;5;59m[5740cf84][0m[38;5;86m[HTTP][0m [37m-->[39m [37mPOST[39m [37m/wd/hub/session/5740cf84-366d-4d88-8de7-ec36c6ed7580/elements[39m [90m{"using":"xpath","value":"//*[@class = 'android.widget.ImageView' and (@text = '' or . = '')]"}[39m
[38;5;59m[5740cf84][0m[38;5;86m[HTTP][0m [37m<-- POST /wd/hub/session/5740cf84-366d-4d88-8de7-ec36c6ed7580/elements [39m[32m200[39m [90m386 ms - 1291[39m [90m[39m
[38;5;59m[5740cf84][0m[38;5;86m[HTTP][0m [37m-->[39m [37mGET[39m [37m/wd/hub/session/5740cf84-366d-4d88-8de7-ec36c6ed7580/element/00000000-0000-0696-ffff-ffff00000186/rect[39m [90m{}[39m
[38;5;59m[5740cf84][0m[38;5;-196m[AndroidUiautomator2Driver@f227][0m Driver proxy active, passing request on via HTTP proxy
[38;5;59m[5740cf84][0m[38;5;-196m[AndroidUiautomator2Driver@f227][0m Replacing sessionId f145e5a5-2381-4c6e-afa9-d00f0a2c9114 with 5740cf84-366d-4d88-8de7-ec36c6ed7580
[38;5;59m[5740cf84][0m[38;5;86m[HTTP][0m [37m<-- GET /wd/hub/session/5740cf84-366d-4d88-8de7-ec36c6ed7580/element/00000000-0000-0696-ffff-ffff00000186/rect [39m[32m200[39m [90m907 ms - 99[39m [90m[39m
[38;5;59m[5740cf84][0m[38;5;86m[HTTP][0m [37m-->[39m [37mPOST[39m [37m/wd/hub/session/5740cf84-366d-4d88-8de7-ec36c6ed7580/timeouts[39m [90m{"implicit":40000}[39m
[38;5;59m[5740cf84][0m[38;5;86m[HTTP][0m [37m<-- POST /wd/hub/session/5740cf84-366d-4d88-8de7-ec36c6ed7580/timeouts [39m[32m200[39m [90m1 ms - 14[39m [90m[39m
[38;5;59m[5740cf84][0m[38;5;86m[HTTP][0m [37m-->[39m [37mPOST[39m [37m/wd/hub/session/5740cf84-366d-4d88-8de7-ec36c6ed7580/element/00000000-0000-0696-ffff-ffff00000186/click[39m [90m{"id":"00000000-0000-0696-ffff-ffff00000186"}[39m
[38;5;59m[5740cf84][0m[38;5;86m[HTTP][0m [37m<-- POST /wd/hub/session/5740cf84-366d-4d88-8de7-ec36c6ed7580/element/00000000-0000-0696-ffff-ffff00000186/click [39m[32m200[39m [90m82 ms - 14[39m [90m[39m
[38;5;59m[5740cf84][0m[38;5;86m[HTTP][0m [37m-->[39m [37mPOST[39m [37m/wd/hub/session/5740cf84-366d-4d88-8de7-ec36c6ed7580/timeouts[39m [90m{"implicit":50}[39m
[38;5;59m[5740cf84][0m[38;5;86m[HTTP][0m [37m<-- POST /wd/hub/session/5740cf84-366d-4d88-8de7-ec36c6ed7580/timeouts [39m[32m200[39m [90m1 ms - 14[39m [90m[39m
[38;5;59m[5740cf84][0m[38;5;86m[HTTP][0m [37m-->[39m [37mGET[39m [37m/wd/hub/session/5740cf84-366d-4d88-8de7-ec36c6ed7580/window/rect[39m [90m{}[39m
[38;5;59m[5740cf84][0m[38;5;86m[HTTP][0m [37m<-- GET /wd/hub/session/5740cf84-366d-4d88-8de7-ec36c6ed7580/window/rect [39m[32m200[39m [90m24 ms - 49[39m [90m[39m
[38;5;59m[5740cf84][0m[38;5;86m[HTTP][0m [37m-->[39m [37mPOST[39m [37m/wd/hub/session/5740cf84-366d-4d88-8de7-ec36c6ed7580/elements[39m [90m{"using":"xpath","value":"//*[@class = 'android.widget.TextView' and (@text = 'Wheel Chairs' or . = 'Wheel Chairs')]"}[39m
[38;5;59m[5740cf84][0m[38;5;86m[HTTP][0m [37m<-- POST /wd/hub/session/5740cf84-366d-4d88-8de7-ec36c6ed7580/elements [39m[32m200[39m [90m696 ms - 12[39m [90m[39m
[38;5;59m[5740cf84][0m[38;5;86m[HTTP][0m [37m-->[39m [37mPOST[39m [37m/wd/hub/session/5740cf84-366d-4d88-8de7-ec36c6ed7580/elements[39m [90m{"using":"xpath","value":"//*[@class = 'android.widget.TextView' and (@text = 'Wheel Chairs' or . = 'Wheel Chairs')]"}[39m
[38;5;59m[5740cf84][0m[38;5;86m[HTTP][0m [37m<-- POST /wd/hub/session/5740cf84-366d-4d88-8de7-ec36c6ed7580/elements [39m[32m200[39m [90m737 ms - 139[39m [90m[39m
[38;5;59m[5740cf84][0m[38;5;86m[HTTP][0m [37m-->[39m [37mGET[39m [37m/wd/hub/session/5740cf84-366d-4d88-8de7-ec36c6ed7580/element/00000000-0000-0696-ffff-ffff000001ad/rect[39m [90m{}[39m
[38;5;59m[5740cf84][0m[38;5;-196m[AndroidUiautomator2Driver@f227][0m Driver proxy active, passing request on via HTTP proxy
[38;5;59m[5740cf84][0m[38;5;-196m[AndroidUiautomator2Driver@f227][0m Replacing sessionId f145e5a5-2381-4c6e-afa9-d00f0a2c9114 with 5740cf84-366d-4d88-8de7-ec36c6ed7580
[38;5;59m[5740cf84][0m[38;5;86m[HTTP][0m [37m<-- GET /wd/hub/session/5740cf84-366d-4d88-8de7-ec36c6ed7580/element/00000000-0000-0696-ffff-ffff000001ad/rect [39m[32m200[39m [90m24 ms - 102[39m [90m[39m
[38;5;59m[5740cf84][0m[38;5;86m[HTTP][0m [37m-->[39m [37mPOST[39m [37m/wd/hub/session/5740cf84-366d-4d88-8de7-ec36c6ed7580/timeouts[39m [90m{"implicit":40000}[39m
[38;5;59m[5740cf84][0m[38;5;86m[HTTP][0m [37m<-- POST /wd/hub/session/5740cf84-366d-4d88-8de7-ec36c6ed7580/timeouts [39m[32m200[39m [90m1 ms - 14[39m [90m[39m
[38;5;59m[5740cf84][0m[38;5;86m[HTTP][0m [37m-->[39m [37mPOST[39m [37m/wd/hub/session/5740cf84-366d-4d88-8de7-ec36c6ed7580/element/00000000-0000-0696-ffff-ffff000001ad/click[39m [90m{"id":"00000000-0000-0696-ffff-ffff000001ad"}[39m
[38;5;59m[5740cf84][0m[38;5;86m[HTTP][0m [37m<-- POST /wd/hub/session/5740cf84-366d-4d88-8de7-ec36c6ed7580/element/00000000-0000-0696-ffff-ffff000001ad/click [39m[32m200[39m [90m70 ms - 14[39m [90m[39m
[38;5;59m[5740cf84][0m[38;5;86m[HTTP][0m [37m-->[39m [37mPOST[39m [37m/wd/hub/session/5740cf84-366d-4d88-8de7-ec36c6ed7580/timeouts[39m [90m{"implicit":50}[39m
[38;5;59m[5740cf84][0m[38;5;86m[HTTP][0m [37m<-- POST /wd/hub/session/5740cf84-366d-4d88-8de7-ec36c6ed7580/timeouts [39m[32m200[39m [90m1 ms - 14[39m [90m[39m
[38;5;59m[5740cf84][0m[38;5;86m[HTTP][0m [37m-->[39m [37mGET[39m [37m/wd/hub/session/5740cf84-366d-4d88-8de7-ec36c6ed7580/window/rect[39m [90m{}[39m
[38;5;59m[5740cf84][0m[38;5;86m[HTTP][0m [37m<-- GET /wd/hub/session/5740cf84-366d-4d88-8de7-ec36c6ed7580/window/rect [39m[32m200[39m [90m23 ms - 49[39m [90m[39m
[38;5;59m[5740cf84][0m[38;5;86m[HTTP][0m [37m-->[39m [37mPOST[39m [37m/wd/hub/session/5740cf84-366d-4d88-8de7-ec36c6ed7580/elements[39m [90m{"using":"xpath","value":"//*[@class = 'android.widget.ImageView' and (@text = '' or . = '')]"}[39m
[38;5;59m[5740cf84][0m[38;5;86m[HTTP][0m [37m<-- POST /wd/hub/session/5740cf84-366d-4d88-8de7-ec36c6ed7580/elements [39m[32m200[39m [90m408 ms - 1291[39m [90m[39m
[38;5;59m[5740cf84][0m[38;5;86m[HTTP][0m [37m-->[39m [37mGET[39m [37m/wd/hub/session/5740cf84-366d-4d88-8de7-ec36c6ed7580/element/00000000-0000-0696-ffff-ffff00000186/rect[39m [90m{}[39m
[38;5;59m[5740cf84][0m[38;5;-196m[AndroidUiautomator2Driver@f227][0m Driver proxy active, passing request on via HTTP proxy
[38;5;59m[5740cf84][0m[38;5;-196m[AndroidUiautomator2Driver@f227][0m Replacing sessionId f145e5a5-2381-4c6e-afa9-d00f0a2c9114 with 5740cf84-366d-4d88-8de7-ec36c6ed7580
[38;5;59m[5740cf84][0m[38;5;86m[HTTP][0m [37m<-- GET /wd/hub/session/5740cf84-366d-4d88-8de7-ec36c6ed7580/element/00000000-0000-0696-ffff-ffff00000186/rect [39m[32m200[39m [90m958 ms - 99[39m [90m[39m
[38;5;59m[5740cf84][0m[38;5;86m[HTTP][0m [37m-->[39m [37mPOST[39m [37m/wd/hub/session/5740cf84-366d-4d88-8de7-ec36c6ed7580/timeouts[39m [90m{"implicit":40000}[39m
[38;5;59m[5740cf84][0m[38;5;86m[HTTP][0m [37m<-- POST /wd/hub/session/5740cf84-366d-4d88-8de7-ec36c6ed7580/timeouts [39m[32m200[39m [90m1 ms - 14[39m [90m[39m
[38;5;59m[5740cf84][0m[38;5;86m[HTTP][0m [37m-->[39m [37mPOST[39m [37m/wd/hub/session/5740cf84-366d-4d88-8de7-ec36c6ed7580/element/00000000-0000-0696-ffff-ffff00000186/click[39m [90m{"id":"00000000-0000-0696-ffff-ffff00000186"}[39m
[38;5;59m[5740cf84][0m[38;5;86m[HTTP][0m [37m<-- POST /wd/hub/session/5740cf84-366d-4d88-8de7-ec36c6ed7580/element/00000000-0000-0696-ffff-ffff00000186/click [39m[32m200[39m [90m82 ms - 14[39m [90m[39m
[38;5;59m[5740cf84][0m[38;5;86m[HTTP][0m [37m-->[39m [37mDELETE[39m [37m/wd/hub/session/5740cf84-366d-4d88-8de7-ec36c6ed7580[39m [90m{}[39m
[38;5;59m[5740cf84][0m[38;5;99m[AppiumDriver@85d8][0m Removing session 5740cf84-366d-4d88-8de7-ec36c6ed7580 from our master session list
[38;5;59m[5740cf84][0m[38;5;229m[ADB][0m com.convep.setiacitymall was successfully uninstalled
[38;5;59m[5740cf84][0m[38;5;-196m[AndroidUiautomator2Driver@f227][0m Restoring hidden api policy to the device default configuration
[38;5;59m[5740cf84][0m[38;5;86m[HTTP][0m [37m<-- DELETE /wd/hub/session/5740cf84-366d-4d88-8de7-ec36c6ed7580 [39m[32m200[39m [90m2382 ms - 14[39m [90m[39m
