[38;5;112m[Appium][0m Welcome to Appium v2.13.1
[38;5;112m[Appium][0m Non-default server args:
[38;5;112m[Appium][0m { basePath: [32m'/wd/hub'[39m, loglevel: [32m'info'[39m, port: [33m55796[39m }
[38;5;112m[Appium][0m Attempting to load driver uiautomator2...
[38;5;112m[Appium][0m Appium REST http interface listener started on http://0.0.0.0:55796/wd/hub
[38;5;112m[Appium][0m You can provide the following URLs in your client code to connect to this server:
	http://192.168.1.229:55796/wd/hub
	http://127.0.0.1:55796/wd/hub (only accessible from the same host)
[38;5;112m[Appium][0m Available drivers:
[38;5;112m[Appium][0m   - uiautomator2@3.9.5 (automationName 'UiAutomator2')
[38;5;112m[Appium][0m No plugins have been installed. Use the "appium plugin" command to install the one(s) you want to use.
[38;5;86m[HTTP][0m [37m-->[39m [37mGET[39m [37m/wd/hub/status[39m [90m{}[39m
[38;5;86m[HTTP][0m [37m<-- GET /wd/hub/status [39m[32m200[39m [90m4 ms - 111[39m [90m[39m
[38;5;86m[HTTP][0m [37m-->[39m [37mPOST[39m [37m/wd/hub/session[39m [90m{"capabilities":{"firstMatch":[{"appium:app":"C:\\Users\\TUF\\git\\test\\Test Files\\Setia_City_Mall_Version_5_13_11_(Version_Code_162).apk","appium:autoGrantPermissions":true,"appium:automationName":"uiautomator2","appium:deviceName":"samsung SM-A015F (Android 12)","appium:fullReset":false,"appium:newCommandTimeout":1800,"appium:noReset":true,"appium:platformName":"ANDROID","appium:platformVersion":"12","appium:systemPort":55795,"appium:udid":"R9PNC036RCJ","platformName":"ANDROID"}]},"desiredCapabilities":{"appium:app":"C:\\Users\\TUF\\git\\test\\Test Files\\Setia_City_Mall_Version_5_13_11_(Version_Code_162).apk","appium:autoGrantPermissions":true,"appium:automationName":"uiautomator2","appium:deviceName":"samsung SM-A015F (Android 12)","appium:fullReset":false,"appium:newCommandTimeout":1800,"appium:noReset":true,"appium:platformName":"ANDROID","appium:platformVersion":"12","appium:systemPort":55795,"appium:udid":"R9PNC036RCJ"}}[39m
[38;5;123m[BaseDriver][0m Ignoring capability 'appium:platformName=ANDROID' and using capability 'platformName=ANDROID'
[38;5;123m[BaseDriver][0m The capabilities ["platformName"] are standard capabilities and do not require "appium:" prefix
[38;5;112m[Appium][0m Attempting to find matching driver for automationName 'uiautomator2' and platformName 'ANDROID'
[38;5;112m[Appium][0m The 'uiautomator2' driver was installed and matched caps.
[38;5;112m[Appium][0m Will require it at C:\Users\TUF\.appium\node_modules\appium-uiautomator2-driver
[38;5;121m[AppiumDriver@404e][0m Appium v2.13.1 creating new AndroidUiautomator2Driver (v3.9.5) session
[38;5;121m[AppiumDriver@404e][0m Checking BaseDriver versions for Appium and AndroidUiautomator2Driver
[38;5;121m[AppiumDriver@404e][0m Appium's BaseDriver version is 9.13.1
[38;5;121m[AppiumDriver@404e][0m AndroidUiautomator2Driver's BaseDriver version is 9.13.1
[38;5;178m[51c50c3b][0m[38;5;-183m[AndroidUiautomator2Driver@b4ee][0m Session created with session id: 51c50c3b-dedc-4cef-a9aa-2ac9c8df8754
[38;5;178m[51c50c3b][0m[38;5;229m[ADB][0m Found 2 'build-tools' folders under 'C:\Users\TUF\AppData\Local\Android\Sdk' (newest first):
[38;5;178m[51c50c3b][0m[38;5;229m[ADB][0m     C:\Users\TUF\AppData\Local\Android\Sdk\build-tools\35.0.0
[38;5;178m[51c50c3b][0m[38;5;229m[ADB][0m     C:\Users\TUF\AppData\Local\Android\Sdk\build-tools\34.0.0
[38;5;178m[51c50c3b][0m[38;5;229m[ADB][0m Using 'adb.exe' from 'C:\Users\TUF\AppData\Local\Android\Sdk\platform-tools\adb.exe'
[38;5;178m[51c50c3b][0m[38;5;-183m[AndroidUiautomator2Driver@b4ee][0m Retrieving device list
[38;5;178m[51c50c3b][0m[38;5;-183m[AndroidUiautomator2Driver@b4ee][0m Using device: R9PNC036RCJ
[38;5;178m[51c50c3b][0m[38;5;229m[ADB][0m Using 'adb.exe' from 'C:\Users\TUF\AppData\Local\Android\Sdk\platform-tools\adb.exe'
[38;5;178m[51c50c3b][0m[38;5;123m[BaseDriver][0m Using local app 'C:\Users\TUF\git\test\Test Files\Setia_City_Mall_Version_5_13_11_(Version_Code_162).apk'
[38;5;178m[51c50c3b][0m[38;5;229m[ADB][0m Getting device platform version
[38;5;178m[51c50c3b][0m[38;5;-183m[AndroidUiautomator2Driver@b4ee][0m Relaxing hidden api policy
[38;5;178m[51c50c3b][0m[38;5;229m[ADB][0m Using 'aapt2.exe' from 'C:\Users\TUF\AppData\Local\Android\Sdk\build-tools\35.0.0\aapt2.exe'
[38;5;178m[51c50c3b][0m[38;5;229m[ADB][0m Package name: 'com.convep.setiacitymall'
[38;5;178m[51c50c3b][0m[38;5;229m[ADB][0m Main activity name: 'com.convep.scm.MainActivity'
[38;5;178m[51c50c3b][0m[38;5;-183m[AndroidUiautomator2Driver@b4ee][0m Server packages are not going to be (re)installed
[38;5;178m[51c50c3b][0m[38;5;229m[ADB][0m Adding packages ["io.appium.settings","io.appium.uiautomator2.server","io.appium.uiautomator2.server.test"] to Doze whitelist
[38;5;178m[51c50c3b][0m[38;5;-183m[AndroidUiautomator2Driver@b4ee][0m Starting UIAutomator2 server 7.1.7
[38;5;178m[51c50c3b][0m[38;5;-183m[AndroidUiautomator2Driver@b4ee][0m Using UIAutomator2 server from 'C:\Users\TUF\.appium\node_modules\appium-uiautomator2-driver\node_modules\appium-uiautomator2-server\apks\appium-uiautomator2-server-v7.1.7.apk' and test from 'C:\Users\TUF\.appium\node_modules\appium-uiautomator2-driver\node_modules\appium-uiautomator2-server\apks\appium-uiautomator2-server-debug-androidTest.apk'
[38;5;178m[51c50c3b][0m[38;5;-183m[AndroidUiautomator2Driver@b4ee][0m Waiting up to 30000ms for UiAutomator2 to be online...
[38;5;178m[51c50c3b][0m[38;5;-183m[AndroidUiautomator2Driver@b4ee][0m socket hang up
[38;5;178m[51c50c3b][0m[38;5;-183m[AndroidUiautomator2Driver@b4ee][0m socket hang up
[38;5;178m[51c50c3b][0m[38;5;-183m[AndroidUiautomator2Driver@b4ee][0m socket hang up
[38;5;178m[51c50c3b][0m[38;5;-183m[AndroidUiautomator2Driver@b4ee][0m socket hang up
[38;5;178m[51c50c3b][0m[38;5;-183m[AndroidUiautomator2Driver@b4ee][0m Determined the downstream protocol as 'W3C'
[38;5;178m[51c50c3b][0m[38;5;-183m[AndroidUiautomator2Driver@b4ee][0m Screen already unlocked, doing nothing
[38;5;178m[51c50c3b][0m[38;5;-183m[AndroidUiautomator2Driver@b4ee][0m Starting 'com.convep.setiacitymall/com.convep.scm.MainActivity and waiting for 'com.convep.setiacitymall/com.convep.scm.MainActivity'
[38;5;178m[51c50c3b][0m[38;5;-183m[AndroidUiautomator2Driver@b4ee][0m 'com.convep.setiacitymall' is already running and noReset is enabled. Set forceAppLaunch capability to true if the app must be forcefully restarted on session startup.
[38;5;178m[51c50c3b][0m[38;5;121m[AppiumDriver@404e][0m New AndroidUiautomator2Driver session created successfully, session 51c50c3b-dedc-4cef-a9aa-2ac9c8df8754 added to master session list
[38;5;178m[51c50c3b][0m[38;5;86m[HTTP][0m [37m<-- POST /wd/hub/session [39m[32m200[39m [90m6195 ms - 1269[39m [90m[39m
[38;5;86m[HTTP][0m [37m-->[39m [37mGET[39m [37m/wd/hub/status[39m [90m{}[39m
[38;5;86m[HTTP][0m [37m<-- GET /wd/hub/status [39m[32m200[39m [90m1 ms - 111[39m [90m[39m
[38;5;178m[51c50c3b][0m[38;5;86m[HTTP][0m [37m-->[39m [37mPOST[39m [37m/wd/hub/session/51c50c3b-dedc-4cef-a9aa-2ac9c8df8754/timeouts[39m [90m{"implicit":40000}[39m
[38;5;178m[51c50c3b][0m[38;5;86m[HTTP][0m [37m<-- POST /wd/hub/session/51c50c3b-dedc-4cef-a9aa-2ac9c8df8754/timeouts [39m[32m200[39m [90m2 ms - 14[39m [90m[39m
[38;5;178m[51c50c3b][0m[38;5;86m[HTTP][0m [37m-->[39m [37mPOST[39m [37m/wd/hub/session/51c50c3b-dedc-4cef-a9aa-2ac9c8df8754/execute/sync[39m [90m{"script":"mobile: getSystemBars","args":[]}[39m
[38;5;178m[51c50c3b][0m[38;5;-183m[AndroidUiautomator2Driver@b4ee][0m Executing native command 'mobile: getSystemBars'
[38;5;178m[51c50c3b][0m[38;5;86m[HTTP][0m [37m<-- POST /wd/hub/session/51c50c3b-dedc-4cef-a9aa-2ac9c8df8754/execute/sync [39m[32m200[39m [90m132 ms - 148[39m [90m[39m
[38;5;178m[51c50c3b][0m[38;5;86m[HTTP][0m [37m-->[39m [37mPOST[39m [37m/wd/hub/session/51c50c3b-dedc-4cef-a9aa-2ac9c8df8754/timeouts[39m [90m{"implicit":50}[39m
[38;5;178m[51c50c3b][0m[38;5;86m[HTTP][0m [37m<-- POST /wd/hub/session/51c50c3b-dedc-4cef-a9aa-2ac9c8df8754/timeouts [39m[32m200[39m [90m1 ms - 14[39m [90m[39m
[38;5;178m[51c50c3b][0m[38;5;86m[HTTP][0m [37m-->[39m [37mGET[39m [37m/wd/hub/session/51c50c3b-dedc-4cef-a9aa-2ac9c8df8754/window/rect[39m [90m{}[39m
[38;5;178m[51c50c3b][0m[38;5;86m[HTTP][0m [37m<-- GET /wd/hub/session/51c50c3b-dedc-4cef-a9aa-2ac9c8df8754/window/rect [39m[32m200[39m [90m31 ms - 49[39m [90m[39m
[38;5;178m[51c50c3b][0m[38;5;86m[HTTP][0m [37m-->[39m [37mPOST[39m [37m/wd/hub/session/51c50c3b-dedc-4cef-a9aa-2ac9c8df8754/elements[39m [90m{"value":"//*[@class = 'android.widget.ImageView' and (@text = '' or . = '')]","using":"xpath"}[39m
[38;5;178m[51c50c3b][0m[38;5;86m[HTTP][0m [37m<-- POST /wd/hub/session/51c50c3b-dedc-4cef-a9aa-2ac9c8df8754/elements [39m[32m200[39m [90m1395 ms - 1163[39m [90m[39m
[38;5;178m[51c50c3b][0m[38;5;86m[HTTP][0m [37m-->[39m [37mGET[39m [37m/wd/hub/session/51c50c3b-dedc-4cef-a9aa-2ac9c8df8754/element/00000000-0000-0747-ffff-ffff0000004f/rect[39m [90m{}[39m
[38;5;178m[51c50c3b][0m[38;5;-183m[AndroidUiautomator2Driver@b4ee][0m Driver proxy active, passing request on via HTTP proxy
[38;5;178m[51c50c3b][0m[38;5;-183m[AndroidUiautomator2Driver@b4ee][0m Replacing sessionId 3fad4db1-c8ce-4c2d-8d45-9e82fd619fd7 with 51c50c3b-dedc-4cef-a9aa-2ac9c8df8754
[38;5;178m[51c50c3b][0m[38;5;86m[HTTP][0m [37m<-- GET /wd/hub/session/51c50c3b-dedc-4cef-a9aa-2ac9c8df8754/element/00000000-0000-0747-ffff-ffff0000004f/rect [39m[32m200[39m [90m41 ms - 98[39m [90m[39m
[38;5;178m[51c50c3b][0m[38;5;86m[HTTP][0m [37m-->[39m [37mPOST[39m [37m/wd/hub/session/51c50c3b-dedc-4cef-a9aa-2ac9c8df8754/timeouts[39m [90m{"implicit":40000}[39m
[38;5;178m[51c50c3b][0m[38;5;86m[HTTP][0m [37m<-- POST /wd/hub/session/51c50c3b-dedc-4cef-a9aa-2ac9c8df8754/timeouts [39m[32m200[39m [90m1 ms - 14[39m [90m[39m
[38;5;178m[51c50c3b][0m[38;5;86m[HTTP][0m [37m-->[39m [37mPOST[39m [37m/wd/hub/session/51c50c3b-dedc-4cef-a9aa-2ac9c8df8754/element/00000000-0000-0747-ffff-ffff0000004f/click[39m [90m{"id":"00000000-0000-0747-ffff-ffff0000004f"}[39m
[38;5;178m[51c50c3b][0m[38;5;86m[HTTP][0m [37m<-- POST /wd/hub/session/51c50c3b-dedc-4cef-a9aa-2ac9c8df8754/element/00000000-0000-0747-ffff-ffff0000004f/click [39m[32m200[39m [90m105 ms - 14[39m [90m[39m
[38;5;178m[51c50c3b][0m[38;5;86m[HTTP][0m [37m-->[39m [37mPOST[39m [37m/wd/hub/session/51c50c3b-dedc-4cef-a9aa-2ac9c8df8754/timeouts[39m [90m{"implicit":50}[39m
[38;5;178m[51c50c3b][0m[38;5;86m[HTTP][0m [37m<-- POST /wd/hub/session/51c50c3b-dedc-4cef-a9aa-2ac9c8df8754/timeouts [39m[32m200[39m [90m1 ms - 14[39m [90m[39m
[38;5;178m[51c50c3b][0m[38;5;86m[HTTP][0m [37m-->[39m [37mGET[39m [37m/wd/hub/session/51c50c3b-dedc-4cef-a9aa-2ac9c8df8754/window/rect[39m [90m{}[39m
[38;5;178m[51c50c3b][0m[38;5;86m[HTTP][0m [37m<-- GET /wd/hub/session/51c50c3b-dedc-4cef-a9aa-2ac9c8df8754/window/rect [39m[32m200[39m [90m41 ms - 49[39m [90m[39m
[38;5;178m[51c50c3b][0m[38;5;86m[HTTP][0m [37m-->[39m [37mPOST[39m [37m/wd/hub/session/51c50c3b-dedc-4cef-a9aa-2ac9c8df8754/elements[39m [90m{"value":"//*[@class = 'android.widget.TextView' and (@text = 'About' or . = 'About')]","using":"xpath"}[39m
[38;5;178m[51c50c3b][0m[38;5;86m[HTTP][0m [37m<-- POST /wd/hub/session/51c50c3b-dedc-4cef-a9aa-2ac9c8df8754/elements [39m[32m200[39m [90m1246 ms - 139[39m [90m[39m
[38;5;178m[51c50c3b][0m[38;5;86m[HTTP][0m [37m-->[39m [37mGET[39m [37m/wd/hub/session/51c50c3b-dedc-4cef-a9aa-2ac9c8df8754/element/00000000-0000-0747-ffff-ffff00000037/rect[39m [90m{}[39m
[38;5;178m[51c50c3b][0m[38;5;-183m[AndroidUiautomator2Driver@b4ee][0m Driver proxy active, passing request on via HTTP proxy
[38;5;178m[51c50c3b][0m[38;5;-183m[AndroidUiautomator2Driver@b4ee][0m Replacing sessionId 3fad4db1-c8ce-4c2d-8d45-9e82fd619fd7 with 51c50c3b-dedc-4cef-a9aa-2ac9c8df8754
[38;5;178m[51c50c3b][0m[38;5;86m[HTTP][0m [37m<-- GET /wd/hub/session/51c50c3b-dedc-4cef-a9aa-2ac9c8df8754/element/00000000-0000-0747-ffff-ffff00000037/rect [39m[32m200[39m [90m593 ms - 100[39m [90m[39m
[38;5;178m[51c50c3b][0m[38;5;86m[HTTP][0m [37m-->[39m [37mPOST[39m [37m/wd/hub/session/51c50c3b-dedc-4cef-a9aa-2ac9c8df8754/timeouts[39m [90m{"implicit":40000}[39m
[38;5;178m[51c50c3b][0m[38;5;86m[HTTP][0m [37m<-- POST /wd/hub/session/51c50c3b-dedc-4cef-a9aa-2ac9c8df8754/timeouts [39m[32m200[39m [90m1 ms - 14[39m [90m[39m
[38;5;178m[51c50c3b][0m[38;5;86m[HTTP][0m [37m-->[39m [37mPOST[39m [37m/wd/hub/session/51c50c3b-dedc-4cef-a9aa-2ac9c8df8754/element/00000000-0000-0747-ffff-ffff00000037/click[39m [90m{"id":"00000000-0000-0747-ffff-ffff00000037"}[39m
[38;5;178m[51c50c3b][0m[38;5;86m[HTTP][0m [37m<-- POST /wd/hub/session/51c50c3b-dedc-4cef-a9aa-2ac9c8df8754/element/00000000-0000-0747-ffff-ffff00000037/click [39m[32m200[39m [90m106 ms - 14[39m [90m[39m
[38;5;178m[51c50c3b][0m[38;5;86m[HTTP][0m [37m-->[39m [37mPOST[39m [37m/wd/hub/session/51c50c3b-dedc-4cef-a9aa-2ac9c8df8754/timeouts[39m [90m{"implicit":50}[39m
[38;5;178m[51c50c3b][0m[38;5;86m[HTTP][0m [37m<-- POST /wd/hub/session/51c50c3b-dedc-4cef-a9aa-2ac9c8df8754/timeouts [39m[32m200[39m [90m1 ms - 14[39m [90m[39m
[38;5;178m[51c50c3b][0m[38;5;86m[HTTP][0m [37m-->[39m [37mGET[39m [37m/wd/hub/session/51c50c3b-dedc-4cef-a9aa-2ac9c8df8754/window/rect[39m [90m{}[39m
[38;5;178m[51c50c3b][0m[38;5;86m[HTTP][0m [37m<-- GET /wd/hub/session/51c50c3b-dedc-4cef-a9aa-2ac9c8df8754/window/rect [39m[32m200[39m [90m40 ms - 49[39m [90m[39m
[38;5;178m[51c50c3b][0m[38;5;86m[HTTP][0m [37m-->[39m [37mPOST[39m [37m/wd/hub/session/51c50c3b-dedc-4cef-a9aa-2ac9c8df8754/elements[39m [90m{"value":"//*[@class = 'android.widget.TextView' and (@text = 'Contact' or . = 'Contact')]","using":"xpath"}[39m
[38;5;178m[51c50c3b][0m[38;5;86m[HTTP][0m [37m<-- POST /wd/hub/session/51c50c3b-dedc-4cef-a9aa-2ac9c8df8754/elements [39m[32m200[39m [90m1206 ms - 139[39m [90m[39m
[38;5;178m[51c50c3b][0m[38;5;86m[HTTP][0m [37m-->[39m [37mGET[39m [37m/wd/hub/session/51c50c3b-dedc-4cef-a9aa-2ac9c8df8754/element/00000000-0000-0747-ffff-ffff00000094/rect[39m [90m{}[39m
[38;5;178m[51c50c3b][0m[38;5;-183m[AndroidUiautomator2Driver@b4ee][0m Driver proxy active, passing request on via HTTP proxy
[38;5;178m[51c50c3b][0m[38;5;-183m[AndroidUiautomator2Driver@b4ee][0m Replacing sessionId 3fad4db1-c8ce-4c2d-8d45-9e82fd619fd7 with 51c50c3b-dedc-4cef-a9aa-2ac9c8df8754
[38;5;178m[51c50c3b][0m[38;5;86m[HTTP][0m [37m<-- GET /wd/hub/session/51c50c3b-dedc-4cef-a9aa-2ac9c8df8754/element/00000000-0000-0747-ffff-ffff00000094/rect [39m[32m200[39m [90m673 ms - 102[39m [90m[39m
[38;5;178m[51c50c3b][0m[38;5;86m[HTTP][0m [37m-->[39m [37mPOST[39m [37m/wd/hub/session/51c50c3b-dedc-4cef-a9aa-2ac9c8df8754/timeouts[39m [90m{"implicit":40000}[39m
[38;5;178m[51c50c3b][0m[38;5;86m[HTTP][0m [37m<-- POST /wd/hub/session/51c50c3b-dedc-4cef-a9aa-2ac9c8df8754/timeouts [39m[32m200[39m [90m1 ms - 14[39m [90m[39m
[38;5;178m[51c50c3b][0m[38;5;86m[HTTP][0m [37m-->[39m [37mPOST[39m [37m/wd/hub/session/51c50c3b-dedc-4cef-a9aa-2ac9c8df8754/element/00000000-0000-0747-ffff-ffff00000094/click[39m [90m{"id":"00000000-0000-0747-ffff-ffff00000094"}[39m
[38;5;178m[51c50c3b][0m[38;5;86m[HTTP][0m [37m<-- POST /wd/hub/session/51c50c3b-dedc-4cef-a9aa-2ac9c8df8754/element/00000000-0000-0747-ffff-ffff00000094/click [39m[32m200[39m [90m108 ms - 14[39m [90m[39m
[38;5;178m[51c50c3b][0m[38;5;86m[HTTP][0m [37m-->[39m [37mPOST[39m [37m/wd/hub/session/51c50c3b-dedc-4cef-a9aa-2ac9c8df8754/timeouts[39m [90m{"implicit":50}[39m
[38;5;178m[51c50c3b][0m[38;5;86m[HTTP][0m [37m<-- POST /wd/hub/session/51c50c3b-dedc-4cef-a9aa-2ac9c8df8754/timeouts [39m[32m200[39m [90m1 ms - 14[39m [90m[39m
[38;5;178m[51c50c3b][0m[38;5;86m[HTTP][0m [37m-->[39m [37mGET[39m [37m/wd/hub/session/51c50c3b-dedc-4cef-a9aa-2ac9c8df8754/window/rect[39m [90m{}[39m
[38;5;178m[51c50c3b][0m[38;5;86m[HTTP][0m [37m<-- GET /wd/hub/session/51c50c3b-dedc-4cef-a9aa-2ac9c8df8754/window/rect [39m[32m200[39m [90m47 ms - 49[39m [90m[39m
[38;5;178m[51c50c3b][0m[38;5;86m[HTTP][0m [37m-->[39m [37mPOST[39m [37m/wd/hub/session/51c50c3b-dedc-4cef-a9aa-2ac9c8df8754/elements[39m [90m{"value":"//*[@class = 'android.widget.TextView' and (@text = 'Bus' or . = 'Bus')]","using":"xpath"}[39m
[38;5;178m[51c50c3b][0m[38;5;86m[HTTP][0m [37m<-- POST /wd/hub/session/51c50c3b-dedc-4cef-a9aa-2ac9c8df8754/elements [39m[32m200[39m [90m682 ms - 12[39m [90m[39m
[38;5;178m[51c50c3b][0m[38;5;86m[HTTP][0m [37m-->[39m [37mPOST[39m [37m/wd/hub/session/51c50c3b-dedc-4cef-a9aa-2ac9c8df8754/elements[39m [90m{"value":"//*[@class = 'android.widget.TextView' and (@text = 'Bus' or . = 'Bus')]","using":"xpath"}[39m
[38;5;178m[51c50c3b][0m[38;5;86m[HTTP][0m [37m<-- POST /wd/hub/session/51c50c3b-dedc-4cef-a9aa-2ac9c8df8754/elements [39m[32m200[39m [90m899 ms - 12[39m [90m[39m
[38;5;178m[51c50c3b][0m[38;5;86m[HTTP][0m [37m-->[39m [37mPOST[39m [37m/wd/hub/session/51c50c3b-dedc-4cef-a9aa-2ac9c8df8754/elements[39m [90m{"value":"//*[@class = 'android.widget.TextView' and (@text = 'Bus' or . = 'Bus')]","using":"xpath"}[39m
[38;5;178m[51c50c3b][0m[38;5;86m[HTTP][0m [37m<-- POST /wd/hub/session/51c50c3b-dedc-4cef-a9aa-2ac9c8df8754/elements [39m[32m200[39m [90m434 ms - 12[39m [90m[39m
[38;5;178m[51c50c3b][0m[38;5;86m[HTTP][0m [37m-->[39m [37mPOST[39m [37m/wd/hub/session/51c50c3b-dedc-4cef-a9aa-2ac9c8df8754/elements[39m [90m{"value":"//*[@class = 'android.widget.TextView' and (@text = 'Bus' or . = 'Bus')]","using":"xpath"}[39m
[38;5;178m[51c50c3b][0m[38;5;86m[HTTP][0m [37m<-- POST /wd/hub/session/51c50c3b-dedc-4cef-a9aa-2ac9c8df8754/elements [39m[32m200[39m [90m373 ms - 12[39m [90m[39m
[38;5;178m[51c50c3b][0m[38;5;86m[HTTP][0m [37m-->[39m [37mPOST[39m [37m/wd/hub/session/51c50c3b-dedc-4cef-a9aa-2ac9c8df8754/elements[39m [90m{"value":"//*[@class = 'android.widget.TextView' and (@text = 'Bus' or . = 'Bus')]","using":"xpath"}[39m
[38;5;178m[51c50c3b][0m[38;5;86m[HTTP][0m [37m<-- POST /wd/hub/session/51c50c3b-dedc-4cef-a9aa-2ac9c8df8754/elements [39m[32m200[39m [90m340 ms - 12[39m [90m[39m
[38;5;178m[51c50c3b][0m[38;5;86m[HTTP][0m [37m-->[39m [37mPOST[39m [37m/wd/hub/session/51c50c3b-dedc-4cef-a9aa-2ac9c8df8754/elements[39m [90m{"value":"//*[@class = 'android.widget.TextView' and (@text = 'Bus' or . = 'Bus')]","using":"xpath"}[39m
[38;5;178m[51c50c3b][0m[38;5;86m[HTTP][0m [37m<-- POST /wd/hub/session/51c50c3b-dedc-4cef-a9aa-2ac9c8df8754/elements [39m[32m200[39m [90m351 ms - 12[39m [90m[39m
[38;5;178m[51c50c3b][0m[38;5;86m[HTTP][0m [37m-->[39m [37mPOST[39m [37m/wd/hub/session/51c50c3b-dedc-4cef-a9aa-2ac9c8df8754/elements[39m [90m{"value":"//*[@class = 'android.widget.TextView' and (@text = 'Bus' or . = 'Bus')]","using":"xpath"}[39m
[38;5;178m[51c50c3b][0m[38;5;86m[HTTP][0m [37m<-- POST /wd/hub/session/51c50c3b-dedc-4cef-a9aa-2ac9c8df8754/elements [39m[32m200[39m [90m360 ms - 12[39m [90m[39m
[38;5;178m[51c50c3b][0m[38;5;86m[HTTP][0m [37m-->[39m [37mPOST[39m [37m/wd/hub/session/51c50c3b-dedc-4cef-a9aa-2ac9c8df8754/elements[39m [90m{"value":"//*[@class = 'android.widget.TextView' and (@text = 'Bus' or . = 'Bus')]","using":"xpath"}[39m
[38;5;178m[51c50c3b][0m[38;5;86m[HTTP][0m [37m<-- POST /wd/hub/session/51c50c3b-dedc-4cef-a9aa-2ac9c8df8754/elements [39m[32m200[39m [90m268 ms - 12[39m [90m[39m
[38;5;178m[51c50c3b][0m[38;5;86m[HTTP][0m [37m-->[39m [37mPOST[39m [37m/wd/hub/session/51c50c3b-dedc-4cef-a9aa-2ac9c8df8754/elements[39m [90m{"value":"//*[@class = 'android.widget.TextView' and (@text = 'Bus' or . = 'Bus')]","using":"xpath"}[39m
[38;5;178m[51c50c3b][0m[38;5;86m[HTTP][0m [37m<-- POST /wd/hub/session/51c50c3b-dedc-4cef-a9aa-2ac9c8df8754/elements [39m[32m200[39m [90m274 ms - 12[39m [90m[39m
[38;5;178m[51c50c3b][0m[38;5;86m[HTTP][0m [37m-->[39m [37mPOST[39m [37m/wd/hub/session/51c50c3b-dedc-4cef-a9aa-2ac9c8df8754/elements[39m [90m{"value":"//*[@class = 'android.widget.TextView' and (@text = 'Bus' or . = 'Bus')]","using":"xpath"}[39m
[38;5;178m[51c50c3b][0m[38;5;86m[HTTP][0m [37m<-- POST /wd/hub/session/51c50c3b-dedc-4cef-a9aa-2ac9c8df8754/elements [39m[32m200[39m [90m264 ms - 12[39m [90m[39m
[38;5;178m[51c50c3b][0m[38;5;86m[HTTP][0m [37m-->[39m [37mPOST[39m [37m/wd/hub/session/51c50c3b-dedc-4cef-a9aa-2ac9c8df8754/elements[39m [90m{"value":"//*[@class = 'android.widget.TextView' and (@text = 'Bus' or . = 'Bus')]","using":"xpath"}[39m
[38;5;178m[51c50c3b][0m[38;5;86m[HTTP][0m [37m<-- POST /wd/hub/session/51c50c3b-dedc-4cef-a9aa-2ac9c8df8754/elements [39m[32m200[39m [90m251 ms - 12[39m [90m[39m
[38;5;178m[51c50c3b][0m[38;5;86m[HTTP][0m [37m-->[39m [37mPOST[39m [37m/wd/hub/session/51c50c3b-dedc-4cef-a9aa-2ac9c8df8754/elements[39m [90m{"value":"//*[@class = 'android.widget.TextView' and (@text = 'Bus' or . = 'Bus')]","using":"xpath"}[39m
[38;5;178m[51c50c3b][0m[38;5;86m[HTTP][0m [37m<-- POST /wd/hub/session/51c50c3b-dedc-4cef-a9aa-2ac9c8df8754/elements [39m[32m200[39m [90m253 ms - 12[39m [90m[39m
[38;5;178m[51c50c3b][0m[38;5;86m[HTTP][0m [37m-->[39m [37mPOST[39m [37m/wd/hub/session/51c50c3b-dedc-4cef-a9aa-2ac9c8df8754/elements[39m [90m{"value":"//*[@class = 'android.widget.TextView' and (@text = 'Bus' or . = 'Bus')]","using":"xpath"}[39m
[38;5;178m[51c50c3b][0m[38;5;86m[HTTP][0m [37m<-- POST /wd/hub/session/51c50c3b-dedc-4cef-a9aa-2ac9c8df8754/elements [39m[32m200[39m [90m275 ms - 12[39m [90m[39m
[38;5;178m[51c50c3b][0m[38;5;86m[HTTP][0m [37m-->[39m [37mPOST[39m [37m/wd/hub/session/51c50c3b-dedc-4cef-a9aa-2ac9c8df8754/elements[39m [90m{"value":"//*[@class = 'android.widget.TextView' and (@text = 'Bus' or . = 'Bus')]","using":"xpath"}[39m
[38;5;178m[51c50c3b][0m[38;5;86m[HTTP][0m [37m<-- POST /wd/hub/session/51c50c3b-dedc-4cef-a9aa-2ac9c8df8754/elements [39m[32m200[39m [90m234 ms - 12[39m [90m[39m
[38;5;178m[51c50c3b][0m[38;5;86m[HTTP][0m [37m-->[39m [37mPOST[39m [37m/wd/hub/session/51c50c3b-dedc-4cef-a9aa-2ac9c8df8754/elements[39m [90m{"value":"//*[@class = 'android.widget.TextView' and (@text = 'Bus' or . = 'Bus')]","using":"xpath"}[39m
[38;5;178m[51c50c3b][0m[38;5;86m[HTTP][0m [37m<-- POST /wd/hub/session/51c50c3b-dedc-4cef-a9aa-2ac9c8df8754/elements [39m[32m200[39m [90m288 ms - 12[39m [90m[39m
[38;5;178m[51c50c3b][0m[38;5;86m[HTTP][0m [37m-->[39m [37mPOST[39m [37m/wd/hub/session/51c50c3b-dedc-4cef-a9aa-2ac9c8df8754/elements[39m [90m{"value":"//*[@class = 'android.widget.TextView' and (@text = 'Bus' or . = 'Bus')]","using":"xpath"}[39m
[38;5;178m[51c50c3b][0m[38;5;86m[HTTP][0m [37m<-- POST /wd/hub/session/51c50c3b-dedc-4cef-a9aa-2ac9c8df8754/elements [39m[32m200[39m [90m253 ms - 12[39m [90m[39m
[38;5;178m[51c50c3b][0m[38;5;86m[HTTP][0m [37m-->[39m [37mPOST[39m [37m/wd/hub/session/51c50c3b-dedc-4cef-a9aa-2ac9c8df8754/elements[39m [90m{"value":"//*[@class = 'android.widget.TextView' and (@text = 'Bus' or . = 'Bus')]","using":"xpath"}[39m
[38;5;178m[51c50c3b][0m[38;5;86m[HTTP][0m [37m<-- POST /wd/hub/session/51c50c3b-dedc-4cef-a9aa-2ac9c8df8754/elements [39m[32m200[39m [90m203 ms - 12[39m [90m[39m
[38;5;178m[51c50c3b][0m[38;5;86m[HTTP][0m [37m-->[39m [37mPOST[39m [37m/wd/hub/session/51c50c3b-dedc-4cef-a9aa-2ac9c8df8754/elements[39m [90m{"value":"//*[@class = 'android.widget.TextView' and (@text = 'Bus' or . = 'Bus')]","using":"xpath"}[39m
[38;5;178m[51c50c3b][0m[38;5;86m[HTTP][0m [37m<-- POST /wd/hub/session/51c50c3b-dedc-4cef-a9aa-2ac9c8df8754/elements [39m[32m200[39m [90m225 ms - 12[39m [90m[39m
[38;5;178m[51c50c3b][0m[38;5;86m[HTTP][0m [37m-->[39m [37mPOST[39m [37m/wd/hub/session/51c50c3b-dedc-4cef-a9aa-2ac9c8df8754/elements[39m [90m{"value":"//*[@class = 'android.widget.TextView' and (@text = 'Bus' or . = 'Bus')]","using":"xpath"}[39m
[38;5;178m[51c50c3b][0m[38;5;86m[HTTP][0m [37m<-- POST /wd/hub/session/51c50c3b-dedc-4cef-a9aa-2ac9c8df8754/elements [39m[32m200[39m [90m248 ms - 12[39m [90m[39m
[38;5;178m[51c50c3b][0m[38;5;86m[HTTP][0m [37m-->[39m [37mPOST[39m [37m/wd/hub/session/51c50c3b-dedc-4cef-a9aa-2ac9c8df8754/elements[39m [90m{"value":"//*[@class = 'android.widget.TextView' and (@text = 'Bus' or . = 'Bus')]","using":"xpath"}[39m
[38;5;178m[51c50c3b][0m[38;5;86m[HTTP][0m [37m<-- POST /wd/hub/session/51c50c3b-dedc-4cef-a9aa-2ac9c8df8754/elements [39m[32m200[39m [90m233 ms - 12[39m [90m[39m
[38;5;178m[51c50c3b][0m[38;5;86m[HTTP][0m [37m-->[39m [37mPOST[39m [37m/wd/hub/session/51c50c3b-dedc-4cef-a9aa-2ac9c8df8754/elements[39m [90m{"value":"//*[@class = 'android.widget.TextView' and (@text = 'Bus' or . = 'Bus')]","using":"xpath"}[39m
[38;5;178m[51c50c3b][0m[38;5;86m[HTTP][0m [37m<-- POST /wd/hub/session/51c50c3b-dedc-4cef-a9aa-2ac9c8df8754/elements [39m[32m200[39m [90m233 ms - 12[39m [90m[39m
[38;5;178m[51c50c3b][0m[38;5;86m[HTTP][0m [37m-->[39m [37mPOST[39m [37m/wd/hub/session/51c50c3b-dedc-4cef-a9aa-2ac9c8df8754/elements[39m [90m{"value":"//*[@class = 'android.widget.TextView' and (@text = 'Bus' or . = 'Bus')]","using":"xpath"}[39m
[38;5;178m[51c50c3b][0m[38;5;86m[HTTP][0m [37m<-- POST /wd/hub/session/51c50c3b-dedc-4cef-a9aa-2ac9c8df8754/elements [39m[32m200[39m [90m207 ms - 12[39m [90m[39m
[38;5;178m[51c50c3b][0m[38;5;86m[HTTP][0m [37m-->[39m [37mPOST[39m [37m/wd/hub/session/51c50c3b-dedc-4cef-a9aa-2ac9c8df8754/elements[39m [90m{"value":"//*[@class = 'android.widget.TextView' and (@text = 'Bus' or . = 'Bus')]","using":"xpath"}[39m
[38;5;178m[51c50c3b][0m[38;5;86m[HTTP][0m [37m<-- POST /wd/hub/session/51c50c3b-dedc-4cef-a9aa-2ac9c8df8754/elements [39m[32m200[39m [90m227 ms - 12[39m [90m[39m
[38;5;178m[51c50c3b][0m[38;5;86m[HTTP][0m [37m-->[39m [37mPOST[39m [37m/wd/hub/session/51c50c3b-dedc-4cef-a9aa-2ac9c8df8754/elements[39m [90m{"value":"//*[@class = 'android.widget.TextView' and (@text = 'Bus' or . = 'Bus')]","using":"xpath"}[39m
[38;5;178m[51c50c3b][0m[38;5;86m[HTTP][0m [37m<-- POST /wd/hub/session/51c50c3b-dedc-4cef-a9aa-2ac9c8df8754/elements [39m[32m200[39m [90m223 ms - 12[39m [90m[39m
[38;5;178m[51c50c3b][0m[38;5;86m[HTTP][0m [37m-->[39m [37mPOST[39m [37m/wd/hub/session/51c50c3b-dedc-4cef-a9aa-2ac9c8df8754/elements[39m [90m{"value":"//*[@class = 'android.widget.TextView' and (@text = 'Bus' or . = 'Bus')]","using":"xpath"}[39m
[38;5;178m[51c50c3b][0m[38;5;86m[HTTP][0m [37m<-- POST /wd/hub/session/51c50c3b-dedc-4cef-a9aa-2ac9c8df8754/elements [39m[32m200[39m [90m241 ms - 12[39m [90m[39m
[38;5;178m[51c50c3b][0m[38;5;86m[HTTP][0m [37m-->[39m [37mPOST[39m [37m/wd/hub/session/51c50c3b-dedc-4cef-a9aa-2ac9c8df8754/elements[39m [90m{"value":"//*[@class = 'android.widget.TextView' and (@text = 'Bus' or . = 'Bus')]","using":"xpath"}[39m
[38;5;178m[51c50c3b][0m[38;5;86m[HTTP][0m [37m<-- POST /wd/hub/session/51c50c3b-dedc-4cef-a9aa-2ac9c8df8754/elements [39m[32m200[39m [90m230 ms - 12[39m [90m[39m
[38;5;178m[51c50c3b][0m[38;5;86m[HTTP][0m [37m-->[39m [37mPOST[39m [37m/wd/hub/session/51c50c3b-dedc-4cef-a9aa-2ac9c8df8754/elements[39m [90m{"value":"//*[@class = 'android.widget.TextView' and (@text = 'Bus' or . = 'Bus')]","using":"xpath"}[39m
[38;5;178m[51c50c3b][0m[38;5;86m[HTTP][0m [37m<-- POST /wd/hub/session/51c50c3b-dedc-4cef-a9aa-2ac9c8df8754/elements [39m[32m200[39m [90m181 ms - 12[39m [90m[39m
[38;5;178m[51c50c3b][0m[38;5;86m[HTTP][0m [37m-->[39m [37mPOST[39m [37m/wd/hub/session/51c50c3b-dedc-4cef-a9aa-2ac9c8df8754/elements[39m [90m{"value":"//*[@class = 'android.widget.TextView' and (@text = 'Bus' or . = 'Bus')]","using":"xpath"}[39m
[38;5;178m[51c50c3b][0m[38;5;86m[HTTP][0m [37m<-- POST /wd/hub/session/51c50c3b-dedc-4cef-a9aa-2ac9c8df8754/elements [39m[32m200[39m [90m253 ms - 12[39m [90m[39m
[38;5;178m[51c50c3b][0m[38;5;86m[HTTP][0m [37m-->[39m [37mPOST[39m [37m/wd/hub/session/51c50c3b-dedc-4cef-a9aa-2ac9c8df8754/elements[39m [90m{"value":"//*[@class = 'android.widget.TextView' and (@text = 'Bus' or . = 'Bus')]","using":"xpath"}[39m
[38;5;178m[51c50c3b][0m[38;5;86m[HTTP][0m [37m<-- POST /wd/hub/session/51c50c3b-dedc-4cef-a9aa-2ac9c8df8754/elements [39m[32m200[39m [90m206 ms - 12[39m [90m[39m
[38;5;178m[51c50c3b][0m[38;5;86m[HTTP][0m [37m-->[39m [37mPOST[39m [37m/wd/hub/session/51c50c3b-dedc-4cef-a9aa-2ac9c8df8754/elements[39m [90m{"value":"//*[@class = 'android.widget.TextView' and (@text = 'Bus' or . = 'Bus')]","using":"xpath"}[39m
[38;5;178m[51c50c3b][0m[38;5;86m[HTTP][0m [37m<-- POST /wd/hub/session/51c50c3b-dedc-4cef-a9aa-2ac9c8df8754/elements [39m[32m200[39m [90m220 ms - 12[39m [90m[39m
[38;5;178m[51c50c3b][0m[38;5;86m[HTTP][0m [37m-->[39m [37mPOST[39m [37m/wd/hub/session/51c50c3b-dedc-4cef-a9aa-2ac9c8df8754/elements[39m [90m{"value":"//*[@class = 'android.widget.TextView' and (@text = 'Bus' or . = 'Bus')]","using":"xpath"}[39m
[38;5;178m[51c50c3b][0m[38;5;86m[HTTP][0m [37m<-- POST /wd/hub/session/51c50c3b-dedc-4cef-a9aa-2ac9c8df8754/elements [39m[32m200[39m [90m226 ms - 12[39m [90m[39m
[38;5;178m[51c50c3b][0m[38;5;86m[HTTP][0m [37m-->[39m [37mPOST[39m [37m/wd/hub/session/51c50c3b-dedc-4cef-a9aa-2ac9c8df8754/elements[39m [90m{"value":"//*[@class = 'android.widget.TextView' and (@text = 'Bus' or . = 'Bus')]","using":"xpath"}[39m
[38;5;178m[51c50c3b][0m[38;5;86m[HTTP][0m [37m<-- POST /wd/hub/session/51c50c3b-dedc-4cef-a9aa-2ac9c8df8754/elements [39m[32m200[39m [90m241 ms - 12[39m [90m[39m
[38;5;178m[51c50c3b][0m[38;5;86m[HTTP][0m [37m-->[39m [37mPOST[39m [37m/wd/hub/session/51c50c3b-dedc-4cef-a9aa-2ac9c8df8754/elements[39m [90m{"value":"//*[@class = 'android.widget.TextView' and (@text = 'Bus' or . = 'Bus')]","using":"xpath"}[39m
[38;5;178m[51c50c3b][0m[38;5;86m[HTTP][0m [37m<-- POST /wd/hub/session/51c50c3b-dedc-4cef-a9aa-2ac9c8df8754/elements [39m[32m200[39m [90m201 ms - 12[39m [90m[39m
[38;5;178m[51c50c3b][0m[38;5;86m[HTTP][0m [37m-->[39m [37mPOST[39m [37m/wd/hub/session/51c50c3b-dedc-4cef-a9aa-2ac9c8df8754/elements[39m [90m{"value":"//*[@class = 'android.widget.TextView' and (@text = 'Bus' or . = 'Bus')]","using":"xpath"}[39m
[38;5;178m[51c50c3b][0m[38;5;86m[HTTP][0m [37m<-- POST /wd/hub/session/51c50c3b-dedc-4cef-a9aa-2ac9c8df8754/elements [39m[32m200[39m [90m177 ms - 12[39m [90m[39m
[38;5;178m[51c50c3b][0m[38;5;86m[HTTP][0m [37m-->[39m [37mPOST[39m [37m/wd/hub/session/51c50c3b-dedc-4cef-a9aa-2ac9c8df8754/elements[39m [90m{"value":"//*[@class = 'android.widget.TextView' and (@text = 'Bus' or . = 'Bus')]","using":"xpath"}[39m
[38;5;178m[51c50c3b][0m[38;5;86m[HTTP][0m [37m<-- POST /wd/hub/session/51c50c3b-dedc-4cef-a9aa-2ac9c8df8754/elements [39m[32m200[39m [90m192 ms - 12[39m [90m[39m
[38;5;178m[51c50c3b][0m[38;5;86m[HTTP][0m [37m-->[39m [37mPOST[39m [37m/wd/hub/session/51c50c3b-dedc-4cef-a9aa-2ac9c8df8754/elements[39m [90m{"value":"//*[@class = 'android.widget.TextView' and (@text = 'Bus' or . = 'Bus')]","using":"xpath"}[39m
[38;5;178m[51c50c3b][0m[38;5;86m[HTTP][0m [37m<-- POST /wd/hub/session/51c50c3b-dedc-4cef-a9aa-2ac9c8df8754/elements [39m[32m200[39m [90m262 ms - 12[39m [90m[39m
[38;5;178m[51c50c3b][0m[38;5;86m[HTTP][0m [37m-->[39m [37mPOST[39m [37m/wd/hub/session/51c50c3b-dedc-4cef-a9aa-2ac9c8df8754/elements[39m [90m{"value":"//*[@class = 'android.widget.TextView' and (@text = 'Bus' or . = 'Bus')]","using":"xpath"}[39m
[38;5;178m[51c50c3b][0m[38;5;86m[HTTP][0m [37m<-- POST /wd/hub/session/51c50c3b-dedc-4cef-a9aa-2ac9c8df8754/elements [39m[32m200[39m [90m223 ms - 12[39m [90m[39m
[38;5;178m[51c50c3b][0m[38;5;86m[HTTP][0m [37m-->[39m [37mPOST[39m [37m/wd/hub/session/51c50c3b-dedc-4cef-a9aa-2ac9c8df8754/elements[39m [90m{"value":"//*[@class = 'android.widget.TextView' and (@text = 'Bus' or . = 'Bus')]","using":"xpath"}[39m
[38;5;178m[51c50c3b][0m[38;5;86m[HTTP][0m [37m<-- POST /wd/hub/session/51c50c3b-dedc-4cef-a9aa-2ac9c8df8754/elements [39m[32m200[39m [90m222 ms - 12[39m [90m[39m
[38;5;178m[51c50c3b][0m[38;5;86m[HTTP][0m [37m-->[39m [37mPOST[39m [37m/wd/hub/session/51c50c3b-dedc-4cef-a9aa-2ac9c8df8754/elements[39m [90m{"value":"//*[@class = 'android.widget.TextView' and (@text = 'Bus' or . = 'Bus')]","using":"xpath"}[39m
[38;5;178m[51c50c3b][0m[38;5;86m[HTTP][0m [37m<-- POST /wd/hub/session/51c50c3b-dedc-4cef-a9aa-2ac9c8df8754/elements [39m[32m200[39m [90m235 ms - 12[39m [90m[39m
[38;5;178m[51c50c3b][0m[38;5;86m[HTTP][0m [37m-->[39m [37mPOST[39m [37m/wd/hub/session/51c50c3b-dedc-4cef-a9aa-2ac9c8df8754/elements[39m [90m{"value":"//*[@class = 'android.widget.TextView' and (@text = 'Bus' or . = 'Bus')]","using":"xpath"}[39m
[38;5;178m[51c50c3b][0m[38;5;86m[HTTP][0m [37m<-- POST /wd/hub/session/51c50c3b-dedc-4cef-a9aa-2ac9c8df8754/elements [39m[32m200[39m [90m220 ms - 12[39m [90m[39m
[38;5;178m[51c50c3b][0m[38;5;86m[HTTP][0m [37m-->[39m [37mPOST[39m [37m/wd/hub/session/51c50c3b-dedc-4cef-a9aa-2ac9c8df8754/elements[39m [90m{"value":"//*[@class = 'android.widget.TextView' and (@text = 'Bus' or . = 'Bus')]","using":"xpath"}[39m
[38;5;178m[51c50c3b][0m[38;5;86m[HTTP][0m [37m<-- POST /wd/hub/session/51c50c3b-dedc-4cef-a9aa-2ac9c8df8754/elements [39m[32m200[39m [90m187 ms - 12[39m [90m[39m
[38;5;178m[51c50c3b][0m[38;5;86m[HTTP][0m [37m-->[39m [37mPOST[39m [37m/wd/hub/session/51c50c3b-dedc-4cef-a9aa-2ac9c8df8754/elements[39m [90m{"value":"//*[@class = 'android.widget.TextView' and (@text = 'Bus' or . = 'Bus')]","using":"xpath"}[39m
[38;5;178m[51c50c3b][0m[38;5;86m[HTTP][0m [37m<-- POST /wd/hub/session/51c50c3b-dedc-4cef-a9aa-2ac9c8df8754/elements [39m[32m200[39m [90m200 ms - 12[39m [90m[39m
[38;5;178m[51c50c3b][0m[38;5;86m[HTTP][0m [37m-->[39m [37mPOST[39m [37m/wd/hub/session/51c50c3b-dedc-4cef-a9aa-2ac9c8df8754/elements[39m [90m{"value":"//*[@class = 'android.widget.TextView' and (@text = 'Bus' or . = 'Bus')]","using":"xpath"}[39m
[38;5;178m[51c50c3b][0m[38;5;86m[HTTP][0m [37m<-- POST /wd/hub/session/51c50c3b-dedc-4cef-a9aa-2ac9c8df8754/elements [39m[32m200[39m [90m200 ms - 12[39m [90m[39m
[38;5;178m[51c50c3b][0m[38;5;86m[HTTP][0m [37m-->[39m [37mPOST[39m [37m/wd/hub/session/51c50c3b-dedc-4cef-a9aa-2ac9c8df8754/elements[39m [90m{"value":"//*[@class = 'android.widget.TextView' and (@text = 'Bus' or . = 'Bus')]","using":"xpath"}[39m
[38;5;178m[51c50c3b][0m[38;5;86m[HTTP][0m [37m<-- POST /wd/hub/session/51c50c3b-dedc-4cef-a9aa-2ac9c8df8754/elements [39m[32m200[39m [90m254 ms - 12[39m [90m[39m
[38;5;178m[51c50c3b][0m[38;5;86m[HTTP][0m [37m-->[39m [37mPOST[39m [37m/wd/hub/session/51c50c3b-dedc-4cef-a9aa-2ac9c8df8754/elements[39m [90m{"value":"//*[@class = 'android.widget.TextView' and (@text = 'Bus' or . = 'Bus')]","using":"xpath"}[39m
[38;5;178m[51c50c3b][0m[38;5;86m[HTTP][0m [37m<-- POST /wd/hub/session/51c50c3b-dedc-4cef-a9aa-2ac9c8df8754/elements [39m[32m200[39m [90m196 ms - 12[39m [90m[39m
[38;5;178m[51c50c3b][0m[38;5;86m[HTTP][0m [37m-->[39m [37mPOST[39m [37m/wd/hub/session/51c50c3b-dedc-4cef-a9aa-2ac9c8df8754/elements[39m [90m{"value":"//*[@class = 'android.widget.TextView' and (@text = 'Bus' or . = 'Bus')]","using":"xpath"}[39m
[38;5;178m[51c50c3b][0m[38;5;86m[HTTP][0m [37m<-- POST /wd/hub/session/51c50c3b-dedc-4cef-a9aa-2ac9c8df8754/elements [39m[32m200[39m [90m198 ms - 12[39m [90m[39m
[38;5;178m[51c50c3b][0m[38;5;86m[HTTP][0m [37m-->[39m [37mPOST[39m [37m/wd/hub/session/51c50c3b-dedc-4cef-a9aa-2ac9c8df8754/elements[39m [90m{"value":"//*[@class = 'android.widget.TextView' and (@text = 'Bus' or . = 'Bus')]","using":"xpath"}[39m
[38;5;178m[51c50c3b][0m[38;5;86m[HTTP][0m [37m<-- POST /wd/hub/session/51c50c3b-dedc-4cef-a9aa-2ac9c8df8754/elements [39m[32m200[39m [90m184 ms - 12[39m [90m[39m
[38;5;178m[51c50c3b][0m[38;5;86m[HTTP][0m [37m-->[39m [37mPOST[39m [37m/wd/hub/session/51c50c3b-dedc-4cef-a9aa-2ac9c8df8754/elements[39m [90m{"value":"//*[@class = 'android.widget.TextView' and (@text = 'Bus' or . = 'Bus')]","using":"xpath"}[39m
[38;5;178m[51c50c3b][0m[38;5;86m[HTTP][0m [37m<-- POST /wd/hub/session/51c50c3b-dedc-4cef-a9aa-2ac9c8df8754/elements [39m[32m200[39m [90m207 ms - 12[39m [90m[39m
[38;5;178m[51c50c3b][0m[38;5;86m[HTTP][0m [37m-->[39m [37mPOST[39m [37m/wd/hub/session/51c50c3b-dedc-4cef-a9aa-2ac9c8df8754/elements[39m [90m{"value":"//*[@class = 'android.widget.TextView' and (@text = 'Bus' or . = 'Bus')]","using":"xpath"}[39m
[38;5;178m[51c50c3b][0m[38;5;86m[HTTP][0m [37m<-- POST /wd/hub/session/51c50c3b-dedc-4cef-a9aa-2ac9c8df8754/elements [39m[32m200[39m [90m188 ms - 12[39m [90m[39m
[38;5;178m[51c50c3b][0m[38;5;86m[HTTP][0m [37m-->[39m [37mPOST[39m [37m/wd/hub/session/51c50c3b-dedc-4cef-a9aa-2ac9c8df8754/elements[39m [90m{"value":"//*[@class = 'android.widget.TextView' and (@text = 'Bus' or . = 'Bus')]","using":"xpath"}[39m
[38;5;178m[51c50c3b][0m[38;5;86m[HTTP][0m [37m<-- POST /wd/hub/session/51c50c3b-dedc-4cef-a9aa-2ac9c8df8754/elements [39m[32m200[39m [90m610 ms - 139[39m [90m[39m
[38;5;178m[51c50c3b][0m[38;5;86m[HTTP][0m [37m-->[39m [37mGET[39m [37m/wd/hub/session/51c50c3b-dedc-4cef-a9aa-2ac9c8df8754/element/00000000-0000-0747-ffff-ffff000007bb/rect[39m [90m{}[39m
[38;5;178m[51c50c3b][0m[38;5;-183m[AndroidUiautomator2Driver@b4ee][0m Driver proxy active, passing request on via HTTP proxy
[38;5;178m[51c50c3b][0m[38;5;-183m[AndroidUiautomator2Driver@b4ee][0m Replacing sessionId 3fad4db1-c8ce-4c2d-8d45-9e82fd619fd7 with 51c50c3b-dedc-4cef-a9aa-2ac9c8df8754
[38;5;178m[51c50c3b][0m[38;5;86m[HTTP][0m [37m<-- GET /wd/hub/session/51c50c3b-dedc-4cef-a9aa-2ac9c8df8754/element/00000000-0000-0747-ffff-ffff000007bb/rect [39m[32m200[39m [90m669 ms - 101[39m [90m[39m
[38;5;178m[51c50c3b][0m[38;5;86m[HTTP][0m [37m-->[39m [37mPOST[39m [37m/wd/hub/session/51c50c3b-dedc-4cef-a9aa-2ac9c8df8754/timeouts[39m [90m{"implicit":40000}[39m
[38;5;178m[51c50c3b][0m[38;5;86m[HTTP][0m [37m<-- POST /wd/hub/session/51c50c3b-dedc-4cef-a9aa-2ac9c8df8754/timeouts [39m[32m200[39m [90m1 ms - 14[39m [90m[39m
[38;5;178m[51c50c3b][0m[38;5;86m[HTTP][0m [37m-->[39m [37mPOST[39m [37m/wd/hub/session/51c50c3b-dedc-4cef-a9aa-2ac9c8df8754/element/00000000-0000-0747-ffff-ffff000007bb/click[39m [90m{"id":"00000000-0000-0747-ffff-ffff000007bb"}[39m
[38;5;178m[51c50c3b][0m[38;5;86m[HTTP][0m [37m<-- POST /wd/hub/session/51c50c3b-dedc-4cef-a9aa-2ac9c8df8754/element/00000000-0000-0747-ffff-ffff000007bb/click [39m[32m200[39m [90m106 ms - 14[39m [90m[39m
[38;5;178m[51c50c3b][0m[38;5;86m[HTTP][0m [37m-->[39m [37mPOST[39m [37m/wd/hub/session/51c50c3b-dedc-4cef-a9aa-2ac9c8df8754/timeouts[39m [90m{"implicit":50}[39m
[38;5;178m[51c50c3b][0m[38;5;86m[HTTP][0m [37m<-- POST /wd/hub/session/51c50c3b-dedc-4cef-a9aa-2ac9c8df8754/timeouts [39m[32m200[39m [90m1 ms - 14[39m [90m[39m
[38;5;178m[51c50c3b][0m[38;5;86m[HTTP][0m [37m-->[39m [37mGET[39m [37m/wd/hub/session/51c50c3b-dedc-4cef-a9aa-2ac9c8df8754/window/rect[39m [90m{}[39m
[38;5;178m[51c50c3b][0m[38;5;86m[HTTP][0m [37m<-- GET /wd/hub/session/51c50c3b-dedc-4cef-a9aa-2ac9c8df8754/window/rect [39m[32m200[39m [90m26 ms - 49[39m [90m[39m
[38;5;178m[51c50c3b][0m[38;5;86m[HTTP][0m [37m-->[39m [37mPOST[39m [37m/wd/hub/session/51c50c3b-dedc-4cef-a9aa-2ac9c8df8754/elements[39m [90m{"value":"//*[@class = 'android.widget.ImageView' and (@text = '' or . = '')]","using":"xpath"}[39m
[38;5;178m[51c50c3b][0m[38;5;86m[HTTP][0m [37m<-- POST /wd/hub/session/51c50c3b-dedc-4cef-a9aa-2ac9c8df8754/elements [39m[32m200[39m [90m321 ms - 1291[39m [90m[39m
[38;5;178m[51c50c3b][0m[38;5;86m[HTTP][0m [37m-->[39m [37mGET[39m [37m/wd/hub/session/51c50c3b-dedc-4cef-a9aa-2ac9c8df8754/element/00000000-0000-0747-ffff-ffff000007a1/rect[39m [90m{}[39m
[38;5;178m[51c50c3b][0m[38;5;-183m[AndroidUiautomator2Driver@b4ee][0m Driver proxy active, passing request on via HTTP proxy
[38;5;178m[51c50c3b][0m[38;5;-183m[AndroidUiautomator2Driver@b4ee][0m Replacing sessionId 3fad4db1-c8ce-4c2d-8d45-9e82fd619fd7 with 51c50c3b-dedc-4cef-a9aa-2ac9c8df8754
[38;5;178m[51c50c3b][0m[38;5;86m[HTTP][0m [37m<-- GET /wd/hub/session/51c50c3b-dedc-4cef-a9aa-2ac9c8df8754/element/00000000-0000-0747-ffff-ffff000007a1/rect [39m[32m200[39m [90m1037 ms - 99[39m [90m[39m
[38;5;178m[51c50c3b][0m[38;5;86m[HTTP][0m [37m-->[39m [37mPOST[39m [37m/wd/hub/session/51c50c3b-dedc-4cef-a9aa-2ac9c8df8754/timeouts[39m [90m{"implicit":40000}[39m
[38;5;178m[51c50c3b][0m[38;5;86m[HTTP][0m [37m<-- POST /wd/hub/session/51c50c3b-dedc-4cef-a9aa-2ac9c8df8754/timeouts [39m[32m200[39m [90m1 ms - 14[39m [90m[39m
[38;5;178m[51c50c3b][0m[38;5;86m[HTTP][0m [37m-->[39m [37mPOST[39m [37m/wd/hub/session/51c50c3b-dedc-4cef-a9aa-2ac9c8df8754/element/00000000-0000-0747-ffff-ffff000007a1/click[39m [90m{"id":"00000000-0000-0747-ffff-ffff000007a1"}[39m
[38;5;178m[51c50c3b][0m[38;5;86m[HTTP][0m [37m<-- POST /wd/hub/session/51c50c3b-dedc-4cef-a9aa-2ac9c8df8754/element/00000000-0000-0747-ffff-ffff000007a1/click [39m[32m200[39m [90m66 ms - 14[39m [90m[39m
[38;5;178m[51c50c3b][0m[38;5;86m[HTTP][0m [37m-->[39m [37mPOST[39m [37m/wd/hub/session/51c50c3b-dedc-4cef-a9aa-2ac9c8df8754/timeouts[39m [90m{"implicit":50}[39m
[38;5;178m[51c50c3b][0m[38;5;86m[HTTP][0m [37m<-- POST /wd/hub/session/51c50c3b-dedc-4cef-a9aa-2ac9c8df8754/timeouts [39m[32m200[39m [90m1 ms - 14[39m [90m[39m
[38;5;178m[51c50c3b][0m[38;5;86m[HTTP][0m [37m-->[39m [37mGET[39m [37m/wd/hub/session/51c50c3b-dedc-4cef-a9aa-2ac9c8df8754/window/rect[39m [90m{}[39m
[38;5;178m[51c50c3b][0m[38;5;86m[HTTP][0m [37m<-- GET /wd/hub/session/51c50c3b-dedc-4cef-a9aa-2ac9c8df8754/window/rect [39m[32m200[39m [90m28 ms - 49[39m [90m[39m
[38;5;178m[51c50c3b][0m[38;5;86m[HTTP][0m [37m-->[39m [37mPOST[39m [37m/wd/hub/session/51c50c3b-dedc-4cef-a9aa-2ac9c8df8754/elements[39m [90m{"value":"//*[@class = 'android.widget.TextView' and (@text = 'Car Park Help-Desk' or . = 'Car Park Help-Desk')]","using":"xpath"}[39m
[38;5;178m[51c50c3b][0m[38;5;86m[HTTP][0m [37m<-- POST /wd/hub/session/51c50c3b-dedc-4cef-a9aa-2ac9c8df8754/elements [39m[32m200[39m [90m220 ms - 12[39m [90m[39m
[38;5;178m[51c50c3b][0m[38;5;86m[HTTP][0m [37m-->[39m [37mPOST[39m [37m/wd/hub/session/51c50c3b-dedc-4cef-a9aa-2ac9c8df8754/elements[39m [90m{"value":"//*[@class = 'android.widget.TextView' and (@text = 'Car Park Help-Desk' or . = 'Car Park Help-Desk')]","using":"xpath"}[39m
[38;5;178m[51c50c3b][0m[38;5;86m[HTTP][0m [37m<-- POST /wd/hub/session/51c50c3b-dedc-4cef-a9aa-2ac9c8df8754/elements [39m[32m200[39m [90m1233 ms - 139[39m [90m[39m
[38;5;178m[51c50c3b][0m[38;5;86m[HTTP][0m [37m-->[39m [37mGET[39m [37m/wd/hub/session/51c50c3b-dedc-4cef-a9aa-2ac9c8df8754/element/00000000-0000-0747-ffff-ffff000007bf/rect[39m [90m{}[39m
[38;5;178m[51c50c3b][0m[38;5;-183m[AndroidUiautomator2Driver@b4ee][0m Driver proxy active, passing request on via HTTP proxy
[38;5;178m[51c50c3b][0m[38;5;-183m[AndroidUiautomator2Driver@b4ee][0m Replacing sessionId 3fad4db1-c8ce-4c2d-8d45-9e82fd619fd7 with 51c50c3b-dedc-4cef-a9aa-2ac9c8df8754
[38;5;178m[51c50c3b][0m[38;5;86m[HTTP][0m [37m<-- GET /wd/hub/session/51c50c3b-dedc-4cef-a9aa-2ac9c8df8754/element/00000000-0000-0747-ffff-ffff000007bf/rect [39m[32m200[39m [90m27 ms - 102[39m [90m[39m
[38;5;178m[51c50c3b][0m[38;5;86m[HTTP][0m [37m-->[39m [37mPOST[39m [37m/wd/hub/session/51c50c3b-dedc-4cef-a9aa-2ac9c8df8754/timeouts[39m [90m{"implicit":40000}[39m
[38;5;178m[51c50c3b][0m[38;5;86m[HTTP][0m [37m<-- POST /wd/hub/session/51c50c3b-dedc-4cef-a9aa-2ac9c8df8754/timeouts [39m[32m200[39m [90m1 ms - 14[39m [90m[39m
[38;5;178m[51c50c3b][0m[38;5;86m[HTTP][0m [37m-->[39m [37mPOST[39m [37m/wd/hub/session/51c50c3b-dedc-4cef-a9aa-2ac9c8df8754/element/00000000-0000-0747-ffff-ffff000007bf/click[39m [90m{"id":"00000000-0000-0747-ffff-ffff000007bf"}[39m
[38;5;178m[51c50c3b][0m[38;5;86m[HTTP][0m [37m<-- POST /wd/hub/session/51c50c3b-dedc-4cef-a9aa-2ac9c8df8754/element/00000000-0000-0747-ffff-ffff000007bf/click [39m[32m200[39m [90m60 ms - 14[39m [90m[39m
[38;5;178m[51c50c3b][0m[38;5;86m[HTTP][0m [37m-->[39m [37mPOST[39m [37m/wd/hub/session/51c50c3b-dedc-4cef-a9aa-2ac9c8df8754/timeouts[39m [90m{"implicit":50}[39m
[38;5;178m[51c50c3b][0m[38;5;86m[HTTP][0m [37m<-- POST /wd/hub/session/51c50c3b-dedc-4cef-a9aa-2ac9c8df8754/timeouts [39m[32m200[39m [90m1 ms - 14[39m [90m[39m
[38;5;178m[51c50c3b][0m[38;5;86m[HTTP][0m [37m-->[39m [37mGET[39m [37m/wd/hub/session/51c50c3b-dedc-4cef-a9aa-2ac9c8df8754/window/rect[39m [90m{}[39m
[38;5;178m[51c50c3b][0m[38;5;86m[HTTP][0m [37m<-- GET /wd/hub/session/51c50c3b-dedc-4cef-a9aa-2ac9c8df8754/window/rect [39m[32m200[39m [90m17 ms - 49[39m [90m[39m
[38;5;178m[51c50c3b][0m[38;5;86m[HTTP][0m [37m-->[39m [37mPOST[39m [37m/wd/hub/session/51c50c3b-dedc-4cef-a9aa-2ac9c8df8754/elements[39m [90m{"value":"//*[@class = 'android.widget.ImageView' and (@text = '' or . = '')]","using":"xpath"}[39m
[38;5;178m[51c50c3b][0m[38;5;86m[HTTP][0m [37m<-- POST /wd/hub/session/51c50c3b-dedc-4cef-a9aa-2ac9c8df8754/elements [39m[32m200[39m [90m319 ms - 1291[39m [90m[39m
[38;5;178m[51c50c3b][0m[38;5;86m[HTTP][0m [37m-->[39m [37mGET[39m [37m/wd/hub/session/51c50c3b-dedc-4cef-a9aa-2ac9c8df8754/element/00000000-0000-0747-ffff-ffff000007a1/rect[39m [90m{}[39m
[38;5;178m[51c50c3b][0m[38;5;-183m[AndroidUiautomator2Driver@b4ee][0m Driver proxy active, passing request on via HTTP proxy
[38;5;178m[51c50c3b][0m[38;5;-183m[AndroidUiautomator2Driver@b4ee][0m Replacing sessionId 3fad4db1-c8ce-4c2d-8d45-9e82fd619fd7 with 51c50c3b-dedc-4cef-a9aa-2ac9c8df8754
[38;5;178m[51c50c3b][0m[38;5;86m[HTTP][0m [37m<-- GET /wd/hub/session/51c50c3b-dedc-4cef-a9aa-2ac9c8df8754/element/00000000-0000-0747-ffff-ffff000007a1/rect [39m[32m200[39m [90m1069 ms - 99[39m [90m[39m
[38;5;178m[51c50c3b][0m[38;5;86m[HTTP][0m [37m-->[39m [37mPOST[39m [37m/wd/hub/session/51c50c3b-dedc-4cef-a9aa-2ac9c8df8754/timeouts[39m [90m{"implicit":40000}[39m
[38;5;178m[51c50c3b][0m[38;5;86m[HTTP][0m [37m<-- POST /wd/hub/session/51c50c3b-dedc-4cef-a9aa-2ac9c8df8754/timeouts [39m[32m200[39m [90m1 ms - 14[39m [90m[39m
[38;5;178m[51c50c3b][0m[38;5;86m[HTTP][0m [37m-->[39m [37mPOST[39m [37m/wd/hub/session/51c50c3b-dedc-4cef-a9aa-2ac9c8df8754/element/00000000-0000-0747-ffff-ffff000007a1/click[39m [90m{"id":"00000000-0000-0747-ffff-ffff000007a1"}[39m
[38;5;178m[51c50c3b][0m[38;5;86m[HTTP][0m [37m<-- POST /wd/hub/session/51c50c3b-dedc-4cef-a9aa-2ac9c8df8754/element/00000000-0000-0747-ffff-ffff000007a1/click [39m[32m200[39m [90m72 ms - 14[39m [90m[39m
[38;5;178m[51c50c3b][0m[38;5;86m[HTTP][0m [37m-->[39m [37mPOST[39m [37m/wd/hub/session/51c50c3b-dedc-4cef-a9aa-2ac9c8df8754/timeouts[39m [90m{"implicit":50}[39m
[38;5;178m[51c50c3b][0m[38;5;86m[HTTP][0m [37m<-- POST /wd/hub/session/51c50c3b-dedc-4cef-a9aa-2ac9c8df8754/timeouts [39m[32m200[39m [90m1 ms - 14[39m [90m[39m
[38;5;178m[51c50c3b][0m[38;5;86m[HTTP][0m [37m-->[39m [37mGET[39m [37m/wd/hub/session/51c50c3b-dedc-4cef-a9aa-2ac9c8df8754/window/rect[39m [90m{}[39m
[38;5;178m[51c50c3b][0m[38;5;86m[HTTP][0m [37m<-- GET /wd/hub/session/51c50c3b-dedc-4cef-a9aa-2ac9c8df8754/window/rect [39m[32m200[39m [90m30 ms - 49[39m [90m[39m
[38;5;178m[51c50c3b][0m[38;5;86m[HTTP][0m [37m-->[39m [37mPOST[39m [37m/wd/hub/session/51c50c3b-dedc-4cef-a9aa-2ac9c8df8754/elements[39m [90m{"value":"//*[@class = 'android.widget.TextView' and (@text = 'Gift Wrapping' or . = 'Gift Wrapping')]","using":"xpath"}[39m
[38;5;178m[51c50c3b][0m[38;5;86m[HTTP][0m [37m<-- POST /wd/hub/session/51c50c3b-dedc-4cef-a9aa-2ac9c8df8754/elements [39m[32m200[39m [90m649 ms - 12[39m [90m[39m
[38;5;178m[51c50c3b][0m[38;5;86m[HTTP][0m [37m-->[39m [37mPOST[39m [37m/wd/hub/session/51c50c3b-dedc-4cef-a9aa-2ac9c8df8754/elements[39m [90m{"value":"//*[@class = 'android.widget.TextView' and (@text = 'Gift Wrapping' or . = 'Gift Wrapping')]","using":"xpath"}[39m
[38;5;178m[51c50c3b][0m[38;5;86m[HTTP][0m [37m<-- POST /wd/hub/session/51c50c3b-dedc-4cef-a9aa-2ac9c8df8754/elements [39m[32m200[39m [90m790 ms - 139[39m [90m[39m
[38;5;178m[51c50c3b][0m[38;5;86m[HTTP][0m [37m-->[39m [37mGET[39m [37m/wd/hub/session/51c50c3b-dedc-4cef-a9aa-2ac9c8df8754/element/00000000-0000-0747-ffff-ffff000007c4/rect[39m [90m{}[39m
[38;5;178m[51c50c3b][0m[38;5;-183m[AndroidUiautomator2Driver@b4ee][0m Driver proxy active, passing request on via HTTP proxy
[38;5;178m[51c50c3b][0m[38;5;-183m[AndroidUiautomator2Driver@b4ee][0m Replacing sessionId 3fad4db1-c8ce-4c2d-8d45-9e82fd619fd7 with 51c50c3b-dedc-4cef-a9aa-2ac9c8df8754
[38;5;178m[51c50c3b][0m[38;5;86m[HTTP][0m [37m<-- GET /wd/hub/session/51c50c3b-dedc-4cef-a9aa-2ac9c8df8754/element/00000000-0000-0747-ffff-ffff000007c4/rect [39m[32m200[39m [90m25 ms - 101[39m [90m[39m
[38;5;178m[51c50c3b][0m[38;5;86m[HTTP][0m [37m-->[39m [37mPOST[39m [37m/wd/hub/session/51c50c3b-dedc-4cef-a9aa-2ac9c8df8754/timeouts[39m [90m{"implicit":40000}[39m
[38;5;178m[51c50c3b][0m[38;5;86m[HTTP][0m [37m<-- POST /wd/hub/session/51c50c3b-dedc-4cef-a9aa-2ac9c8df8754/timeouts [39m[32m200[39m [90m1 ms - 14[39m [90m[39m
[38;5;178m[51c50c3b][0m[38;5;86m[HTTP][0m [37m-->[39m [37mPOST[39m [37m/wd/hub/session/51c50c3b-dedc-4cef-a9aa-2ac9c8df8754/element/00000000-0000-0747-ffff-ffff000007c4/click[39m [90m{"id":"00000000-0000-0747-ffff-ffff000007c4"}[39m
[38;5;178m[51c50c3b][0m[38;5;86m[HTTP][0m [37m<-- POST /wd/hub/session/51c50c3b-dedc-4cef-a9aa-2ac9c8df8754/element/00000000-0000-0747-ffff-ffff000007c4/click [39m[32m200[39m [90m74 ms - 14[39m [90m[39m
[38;5;178m[51c50c3b][0m[38;5;86m[HTTP][0m [37m-->[39m [37mPOST[39m [37m/wd/hub/session/51c50c3b-dedc-4cef-a9aa-2ac9c8df8754/timeouts[39m [90m{"implicit":50}[39m
[38;5;178m[51c50c3b][0m[38;5;86m[HTTP][0m [37m<-- POST /wd/hub/session/51c50c3b-dedc-4cef-a9aa-2ac9c8df8754/timeouts [39m[32m200[39m [90m1 ms - 14[39m [90m[39m
[38;5;178m[51c50c3b][0m[38;5;86m[HTTP][0m [37m-->[39m [37mGET[39m [37m/wd/hub/session/51c50c3b-dedc-4cef-a9aa-2ac9c8df8754/window/rect[39m [90m{}[39m
[38;5;178m[51c50c3b][0m[38;5;86m[HTTP][0m [37m<-- GET /wd/hub/session/51c50c3b-dedc-4cef-a9aa-2ac9c8df8754/window/rect [39m[32m200[39m [90m25 ms - 49[39m [90m[39m
[38;5;178m[51c50c3b][0m[38;5;86m[HTTP][0m [37m-->[39m [37mPOST[39m [37m/wd/hub/session/51c50c3b-dedc-4cef-a9aa-2ac9c8df8754/elements[39m [90m{"value":"//*[@class = 'android.widget.ImageView' and (@text = '' or . = '')]","using":"xpath"}[39m
[38;5;178m[51c50c3b][0m[38;5;86m[HTTP][0m [37m<-- POST /wd/hub/session/51c50c3b-dedc-4cef-a9aa-2ac9c8df8754/elements [39m[32m200[39m [90m389 ms - 1291[39m [90m[39m
[38;5;178m[51c50c3b][0m[38;5;86m[HTTP][0m [37m-->[39m [37mGET[39m [37m/wd/hub/session/51c50c3b-dedc-4cef-a9aa-2ac9c8df8754/element/00000000-0000-0747-ffff-ffff000007a1/rect[39m [90m{}[39m
[38;5;178m[51c50c3b][0m[38;5;-183m[AndroidUiautomator2Driver@b4ee][0m Driver proxy active, passing request on via HTTP proxy
[38;5;178m[51c50c3b][0m[38;5;-183m[AndroidUiautomator2Driver@b4ee][0m Replacing sessionId 3fad4db1-c8ce-4c2d-8d45-9e82fd619fd7 with 51c50c3b-dedc-4cef-a9aa-2ac9c8df8754
[38;5;178m[51c50c3b][0m[38;5;86m[HTTP][0m [37m<-- GET /wd/hub/session/51c50c3b-dedc-4cef-a9aa-2ac9c8df8754/element/00000000-0000-0747-ffff-ffff000007a1/rect [39m[32m200[39m [90m899 ms - 99[39m [90m[39m
[38;5;178m[51c50c3b][0m[38;5;86m[HTTP][0m [37m-->[39m [37mPOST[39m [37m/wd/hub/session/51c50c3b-dedc-4cef-a9aa-2ac9c8df8754/timeouts[39m [90m{"implicit":40000}[39m
[38;5;178m[51c50c3b][0m[38;5;86m[HTTP][0m [37m<-- POST /wd/hub/session/51c50c3b-dedc-4cef-a9aa-2ac9c8df8754/timeouts [39m[32m200[39m [90m1 ms - 14[39m [90m[39m
[38;5;178m[51c50c3b][0m[38;5;86m[HTTP][0m [37m-->[39m [37mPOST[39m [37m/wd/hub/session/51c50c3b-dedc-4cef-a9aa-2ac9c8df8754/element/00000000-0000-0747-ffff-ffff000007a1/click[39m [90m{"id":"00000000-0000-0747-ffff-ffff000007a1"}[39m
[38;5;178m[51c50c3b][0m[38;5;86m[HTTP][0m [37m<-- POST /wd/hub/session/51c50c3b-dedc-4cef-a9aa-2ac9c8df8754/element/00000000-0000-0747-ffff-ffff000007a1/click [39m[32m200[39m [90m69 ms - 14[39m [90m[39m
[38;5;178m[51c50c3b][0m[38;5;86m[HTTP][0m [37m-->[39m [37mPOST[39m [37m/wd/hub/session/51c50c3b-dedc-4cef-a9aa-2ac9c8df8754/timeouts[39m [90m{"implicit":50}[39m
[38;5;178m[51c50c3b][0m[38;5;86m[HTTP][0m [37m<-- POST /wd/hub/session/51c50c3b-dedc-4cef-a9aa-2ac9c8df8754/timeouts [39m[32m200[39m [90m1 ms - 14[39m [90m[39m
[38;5;178m[51c50c3b][0m[38;5;86m[HTTP][0m [37m-->[39m [37mGET[39m [37m/wd/hub/session/51c50c3b-dedc-4cef-a9aa-2ac9c8df8754/window/rect[39m [90m{}[39m
[38;5;178m[51c50c3b][0m[38;5;86m[HTTP][0m [37m<-- GET /wd/hub/session/51c50c3b-dedc-4cef-a9aa-2ac9c8df8754/window/rect [39m[32m200[39m [90m27 ms - 49[39m [90m[39m
[38;5;178m[51c50c3b][0m[38;5;86m[HTTP][0m [37m-->[39m [37mPOST[39m [37m/wd/hub/session/51c50c3b-dedc-4cef-a9aa-2ac9c8df8754/elements[39m [90m{"value":"//*[@class = 'android.widget.TextView' and (@text = 'Lost & Found' or . = 'Lost & Found')]","using":"xpath"}[39m
[38;5;178m[51c50c3b][0m[38;5;86m[HTTP][0m [37m<-- POST /wd/hub/session/51c50c3b-dedc-4cef-a9aa-2ac9c8df8754/elements [39m[32m200[39m [90m462 ms - 12[39m [90m[39m
[38;5;178m[51c50c3b][0m[38;5;86m[HTTP][0m [37m-->[39m [37mPOST[39m [37m/wd/hub/session/51c50c3b-dedc-4cef-a9aa-2ac9c8df8754/elements[39m [90m{"value":"//*[@class = 'android.widget.TextView' and (@text = 'Lost & Found' or . = 'Lost & Found')]","using":"xpath"}[39m
[38;5;178m[51c50c3b][0m[38;5;86m[HTTP][0m [37m<-- POST /wd/hub/session/51c50c3b-dedc-4cef-a9aa-2ac9c8df8754/elements [39m[32m200[39m [90m944 ms - 139[39m [90m[39m
[38;5;178m[51c50c3b][0m[38;5;86m[HTTP][0m [37m-->[39m [37mGET[39m [37m/wd/hub/session/51c50c3b-dedc-4cef-a9aa-2ac9c8df8754/element/00000000-0000-0747-ffff-ffff000007c8/rect[39m [90m{}[39m
[38;5;178m[51c50c3b][0m[38;5;-183m[AndroidUiautomator2Driver@b4ee][0m Driver proxy active, passing request on via HTTP proxy
[38;5;178m[51c50c3b][0m[38;5;-183m[AndroidUiautomator2Driver@b4ee][0m Replacing sessionId 3fad4db1-c8ce-4c2d-8d45-9e82fd619fd7 with 51c50c3b-dedc-4cef-a9aa-2ac9c8df8754
[38;5;178m[51c50c3b][0m[38;5;86m[HTTP][0m [37m<-- GET /wd/hub/session/51c50c3b-dedc-4cef-a9aa-2ac9c8df8754/element/00000000-0000-0747-ffff-ffff000007c8/rect [39m[32m200[39m [90m25 ms - 102[39m [90m[39m
[38;5;178m[51c50c3b][0m[38;5;86m[HTTP][0m [37m-->[39m [37mPOST[39m [37m/wd/hub/session/51c50c3b-dedc-4cef-a9aa-2ac9c8df8754/timeouts[39m [90m{"implicit":40000}[39m
[38;5;178m[51c50c3b][0m[38;5;86m[HTTP][0m [37m<-- POST /wd/hub/session/51c50c3b-dedc-4cef-a9aa-2ac9c8df8754/timeouts [39m[32m200[39m [90m1 ms - 14[39m [90m[39m
[38;5;178m[51c50c3b][0m[38;5;86m[HTTP][0m [37m-->[39m [37mPOST[39m [37m/wd/hub/session/51c50c3b-dedc-4cef-a9aa-2ac9c8df8754/element/00000000-0000-0747-ffff-ffff000007c8/click[39m [90m{"id":"00000000-0000-0747-ffff-ffff000007c8"}[39m
[38;5;178m[51c50c3b][0m[38;5;86m[HTTP][0m [37m<-- POST /wd/hub/session/51c50c3b-dedc-4cef-a9aa-2ac9c8df8754/element/00000000-0000-0747-ffff-ffff000007c8/click [39m[32m200[39m [90m61 ms - 14[39m [90m[39m
[38;5;178m[51c50c3b][0m[38;5;86m[HTTP][0m [37m-->[39m [37mPOST[39m [37m/wd/hub/session/51c50c3b-dedc-4cef-a9aa-2ac9c8df8754/timeouts[39m [90m{"implicit":50}[39m
[38;5;178m[51c50c3b][0m[38;5;86m[HTTP][0m [37m<-- POST /wd/hub/session/51c50c3b-dedc-4cef-a9aa-2ac9c8df8754/timeouts [39m[32m200[39m [90m1 ms - 14[39m [90m[39m
[38;5;178m[51c50c3b][0m[38;5;86m[HTTP][0m [37m-->[39m [37mGET[39m [37m/wd/hub/session/51c50c3b-dedc-4cef-a9aa-2ac9c8df8754/window/rect[39m [90m{}[39m
[38;5;178m[51c50c3b][0m[38;5;86m[HTTP][0m [37m<-- GET /wd/hub/session/51c50c3b-dedc-4cef-a9aa-2ac9c8df8754/window/rect [39m[32m200[39m [90m26 ms - 49[39m [90m[39m
[38;5;178m[51c50c3b][0m[38;5;86m[HTTP][0m [37m-->[39m [37mPOST[39m [37m/wd/hub/session/51c50c3b-dedc-4cef-a9aa-2ac9c8df8754/elements[39m [90m{"value":"//*[@class = 'android.widget.ImageView' and (@text = '' or . = '')]","using":"xpath"}[39m
[38;5;178m[51c50c3b][0m[38;5;86m[HTTP][0m [37m<-- POST /wd/hub/session/51c50c3b-dedc-4cef-a9aa-2ac9c8df8754/elements [39m[32m200[39m [90m370 ms - 1291[39m [90m[39m
[38;5;178m[51c50c3b][0m[38;5;86m[HTTP][0m [37m-->[39m [37mGET[39m [37m/wd/hub/session/51c50c3b-dedc-4cef-a9aa-2ac9c8df8754/element/00000000-0000-0747-ffff-ffff000007a1/rect[39m [90m{}[39m
[38;5;178m[51c50c3b][0m[38;5;-183m[AndroidUiautomator2Driver@b4ee][0m Driver proxy active, passing request on via HTTP proxy
[38;5;178m[51c50c3b][0m[38;5;-183m[AndroidUiautomator2Driver@b4ee][0m Replacing sessionId 3fad4db1-c8ce-4c2d-8d45-9e82fd619fd7 with 51c50c3b-dedc-4cef-a9aa-2ac9c8df8754
[38;5;178m[51c50c3b][0m[38;5;86m[HTTP][0m [37m<-- GET /wd/hub/session/51c50c3b-dedc-4cef-a9aa-2ac9c8df8754/element/00000000-0000-0747-ffff-ffff000007a1/rect [39m[32m200[39m [90m918 ms - 99[39m [90m[39m
[38;5;178m[51c50c3b][0m[38;5;86m[HTTP][0m [37m-->[39m [37mPOST[39m [37m/wd/hub/session/51c50c3b-dedc-4cef-a9aa-2ac9c8df8754/timeouts[39m [90m{"implicit":40000}[39m
[38;5;178m[51c50c3b][0m[38;5;86m[HTTP][0m [37m<-- POST /wd/hub/session/51c50c3b-dedc-4cef-a9aa-2ac9c8df8754/timeouts [39m[32m200[39m [90m1 ms - 14[39m [90m[39m
[38;5;178m[51c50c3b][0m[38;5;86m[HTTP][0m [37m-->[39m [37mPOST[39m [37m/wd/hub/session/51c50c3b-dedc-4cef-a9aa-2ac9c8df8754/element/00000000-0000-0747-ffff-ffff000007a1/click[39m [90m{"id":"00000000-0000-0747-ffff-ffff000007a1"}[39m
[38;5;178m[51c50c3b][0m[38;5;86m[HTTP][0m [37m<-- POST /wd/hub/session/51c50c3b-dedc-4cef-a9aa-2ac9c8df8754/element/00000000-0000-0747-ffff-ffff000007a1/click [39m[32m200[39m [90m70 ms - 14[39m [90m[39m
[38;5;178m[51c50c3b][0m[38;5;86m[HTTP][0m [37m-->[39m [37mPOST[39m [37m/wd/hub/session/51c50c3b-dedc-4cef-a9aa-2ac9c8df8754/timeouts[39m [90m{"implicit":50}[39m
[38;5;178m[51c50c3b][0m[38;5;86m[HTTP][0m [37m<-- POST /wd/hub/session/51c50c3b-dedc-4cef-a9aa-2ac9c8df8754/timeouts [39m[32m200[39m [90m1 ms - 14[39m [90m[39m
[38;5;178m[51c50c3b][0m[38;5;86m[HTTP][0m [37m-->[39m [37mGET[39m [37m/wd/hub/session/51c50c3b-dedc-4cef-a9aa-2ac9c8df8754/window/rect[39m [90m{}[39m
[38;5;178m[51c50c3b][0m[38;5;86m[HTTP][0m [37m<-- GET /wd/hub/session/51c50c3b-dedc-4cef-a9aa-2ac9c8df8754/window/rect [39m[32m200[39m [90m25 ms - 49[39m [90m[39m
[38;5;178m[51c50c3b][0m[38;5;86m[HTTP][0m [37m-->[39m [37mPOST[39m [37m/wd/hub/session/51c50c3b-dedc-4cef-a9aa-2ac9c8df8754/elements[39m [90m{"value":"//*[@class = 'android.widget.TextView' and (@text = 'Amenities' or . = 'Amenities')]","using":"xpath"}[39m
[38;5;178m[51c50c3b][0m[38;5;86m[HTTP][0m [37m<-- POST /wd/hub/session/51c50c3b-dedc-4cef-a9aa-2ac9c8df8754/elements [39m[32m200[39m [90m816 ms - 523[39m [90m[39m
[38;5;178m[51c50c3b][0m[38;5;86m[HTTP][0m [37m-->[39m [37mGET[39m [37m/wd/hub/session/51c50c3b-dedc-4cef-a9aa-2ac9c8df8754/element/00000000-0000-0747-ffff-ffff0000084f/rect[39m [90m{}[39m
[38;5;178m[51c50c3b][0m[38;5;-183m[AndroidUiautomator2Driver@b4ee][0m Driver proxy active, passing request on via HTTP proxy
[38;5;178m[51c50c3b][0m[38;5;-183m[AndroidUiautomator2Driver@b4ee][0m Got response with status 404: {"sessionId":"3fad4db1-c8ce-4c2d-8d45-9e82fd619fd7","value":{"error":"stale element reference","message":"Cached elements 'By.xpath: //*[@class = 'android.widget.TextView' and (@text = 'Amenities' or . = 'Amenities')]' do not exist in DOM anymore","stacktrace":"io.appium.uiautomator2.common.exceptions.StaleElementReferenceException: Cached elements 'By.xpath: //*[@class = 'android.widget.TextView' and (@text = 'Amenities' or . = 'Amenities')]' do not exist in DOM anymore\n\tat io.appium.uiautomator2.model.ElementsCache.restore(ElementsCache.java:78)\n\tat io.appium.uiautomator2.model.ElementsCache.get(ElementsCache.java:153)\n\tat io.appium.uiautomator2.handler.GetRect.safeHandle(GetRect.java:40)\n\tat io.appium.uiautomator2.handler.request.SafeRequestHandler.handle(SafeRequestHandler.java:59)\n\tat io.appium.uiautomator2.server.AppiumServlet.handleRequest(AppiumServlet.java:259)\n\tat io.appium.uiautomator2.server.AppiumServlet.handleHttpRequest(AppiumServlet.java:253)\n\tat io.appium.uiautomator2.http.Se...
[38;5;178m[51c50c3b][0m[38;5;86m[HTTP][0m [37m<-- GET /wd/hub/session/51c50c3b-dedc-4cef-a9aa-2ac9c8df8754/element/00000000-0000-0747-ffff-ffff0000084f/rect [39m[33m404[39m [90m276 ms - 4065[39m [90m[39m
[38;5;178m[51c50c3b][0m[38;5;86m[HTTP][0m [37m-->[39m [37mPOST[39m [37m/wd/hub/session/51c50c3b-dedc-4cef-a9aa-2ac9c8df8754/timeouts[39m [90m{"implicit":40000}[39m
[38;5;178m[51c50c3b][0m[38;5;86m[HTTP][0m [37m<-- POST /wd/hub/session/51c50c3b-dedc-4cef-a9aa-2ac9c8df8754/timeouts [39m[32m200[39m [90m1 ms - 14[39m [90m[39m
[38;5;178m[51c50c3b][0m[38;5;86m[HTTP][0m [37m-->[39m [37mGET[39m [37m/wd/hub/session/51c50c3b-dedc-4cef-a9aa-2ac9c8df8754/context[39m [90m{}[39m
[38;5;178m[51c50c3b][0m[38;5;86m[HTTP][0m [37m<-- GET /wd/hub/session/51c50c3b-dedc-4cef-a9aa-2ac9c8df8754/context [39m[32m200[39m [90m1 ms - 22[39m [90m[39m
[38;5;178m[51c50c3b][0m[38;5;86m[HTTP][0m [37m-->[39m [37mGET[39m [37m/wd/hub/session/51c50c3b-dedc-4cef-a9aa-2ac9c8df8754/contexts[39m [90m{}[39m
[38;5;178m[51c50c3b][0m[38;5;86m[HTTP][0m [37m<-- GET /wd/hub/session/51c50c3b-dedc-4cef-a9aa-2ac9c8df8754/contexts [39m[32m200[39m [90m281 ms - 24[39m [90m[39m
[38;5;178m[51c50c3b][0m[38;5;86m[HTTP][0m [37m-->[39m [37mPOST[39m [37m/wd/hub/session/51c50c3b-dedc-4cef-a9aa-2ac9c8df8754/context[39m [90m{"name":"NATIVE_APP"}[39m
[38;5;178m[51c50c3b][0m[38;5;86m[HTTP][0m [37m<-- POST /wd/hub/session/51c50c3b-dedc-4cef-a9aa-2ac9c8df8754/context [39m[32m200[39m [90m1 ms - 14[39m [90m[39m
[38;5;178m[51c50c3b][0m[38;5;86m[HTTP][0m [37m-->[39m [37mGET[39m [37m/wd/hub/session/51c50c3b-dedc-4cef-a9aa-2ac9c8df8754/screenshot[39m [90m{}[39m
[38;5;178m[51c50c3b][0m[38;5;86m[HTTP][0m [37m<-- GET /wd/hub/session/51c50c3b-dedc-4cef-a9aa-2ac9c8df8754/screenshot [39m[32m200[39m [90m683 ms - 96252[39m [90m[39m
[38;5;178m[51c50c3b][0m[38;5;86m[HTTP][0m [37m-->[39m [37mPOST[39m [37m/wd/hub/session/51c50c3b-dedc-4cef-a9aa-2ac9c8df8754/context[39m [90m{"name":"NATIVE_APP"}[39m
[38;5;178m[51c50c3b][0m[38;5;86m[HTTP][0m [37m<-- POST /wd/hub/session/51c50c3b-dedc-4cef-a9aa-2ac9c8df8754/context [39m[32m200[39m [90m1 ms - 14[39m [90m[39m
[38;5;178m[51c50c3b][0m[38;5;86m[HTTP][0m [37m-->[39m [37mPOST[39m [37m/wd/hub/session/51c50c3b-dedc-4cef-a9aa-2ac9c8df8754/timeouts[39m [90m{"implicit":50}[39m
[38;5;178m[51c50c3b][0m[38;5;86m[HTTP][0m [37m<-- POST /wd/hub/session/51c50c3b-dedc-4cef-a9aa-2ac9c8df8754/timeouts [39m[32m200[39m [90m1 ms - 14[39m [90m[39m
[38;5;178m[51c50c3b][0m[38;5;86m[HTTP][0m [37m-->[39m [37mGET[39m [37m/wd/hub/session/51c50c3b-dedc-4cef-a9aa-2ac9c8df8754/window/rect[39m [90m{}[39m
[38;5;178m[51c50c3b][0m[38;5;86m[HTTP][0m [37m<-- GET /wd/hub/session/51c50c3b-dedc-4cef-a9aa-2ac9c8df8754/window/rect [39m[32m200[39m [90m27 ms - 49[39m [90m[39m
[38;5;178m[51c50c3b][0m[38;5;86m[HTTP][0m [37m-->[39m [37mPOST[39m [37m/wd/hub/session/51c50c3b-dedc-4cef-a9aa-2ac9c8df8754/elements[39m [90m{"value":"//*[@class = 'android.widget.TextView' and (@text = 'Amenities' or . = 'Amenities')]","using":"xpath"}[39m
[38;5;178m[51c50c3b][0m[38;5;86m[HTTP][0m [37m<-- POST /wd/hub/session/51c50c3b-dedc-4cef-a9aa-2ac9c8df8754/elements [39m[32m200[39m [90m297 ms - 139[39m [90m[39m
[38;5;178m[51c50c3b][0m[38;5;86m[HTTP][0m [37m-->[39m [37mGET[39m [37m/wd/hub/session/51c50c3b-dedc-4cef-a9aa-2ac9c8df8754/element/00000000-0000-0747-ffff-ffff000007af/rect[39m [90m{}[39m
[38;5;178m[51c50c3b][0m[38;5;-183m[AndroidUiautomator2Driver@b4ee][0m Driver proxy active, passing request on via HTTP proxy
[38;5;178m[51c50c3b][0m[38;5;-183m[AndroidUiautomator2Driver@b4ee][0m Replacing sessionId 3fad4db1-c8ce-4c2d-8d45-9e82fd619fd7 with 51c50c3b-dedc-4cef-a9aa-2ac9c8df8754
[38;5;178m[51c50c3b][0m[38;5;86m[HTTP][0m [37m<-- GET /wd/hub/session/51c50c3b-dedc-4cef-a9aa-2ac9c8df8754/element/00000000-0000-0747-ffff-ffff000007af/rect [39m[32m200[39m [90m26 ms - 103[39m [90m[39m
[38;5;178m[51c50c3b][0m[38;5;86m[HTTP][0m [37m-->[39m [37mPOST[39m [37m/wd/hub/session/51c50c3b-dedc-4cef-a9aa-2ac9c8df8754/timeouts[39m [90m{"implicit":40000}[39m
[38;5;178m[51c50c3b][0m[38;5;86m[HTTP][0m [37m<-- POST /wd/hub/session/51c50c3b-dedc-4cef-a9aa-2ac9c8df8754/timeouts [39m[32m200[39m [90m1 ms - 14[39m [90m[39m
[38;5;178m[51c50c3b][0m[38;5;86m[HTTP][0m [37m-->[39m [37mPOST[39m [37m/wd/hub/session/51c50c3b-dedc-4cef-a9aa-2ac9c8df8754/element/00000000-0000-0747-ffff-ffff000007af/click[39m [90m{"id":"00000000-0000-0747-ffff-ffff000007af"}[39m
[38;5;178m[51c50c3b][0m[38;5;86m[HTTP][0m [37m<-- POST /wd/hub/session/51c50c3b-dedc-4cef-a9aa-2ac9c8df8754/element/00000000-0000-0747-ffff-ffff000007af/click [39m[32m200[39m [90m56 ms - 14[39m [90m[39m
[38;5;178m[51c50c3b][0m[38;5;86m[HTTP][0m [37m-->[39m [37mPOST[39m [37m/wd/hub/session/51c50c3b-dedc-4cef-a9aa-2ac9c8df8754/timeouts[39m [90m{"implicit":50}[39m
[38;5;178m[51c50c3b][0m[38;5;86m[HTTP][0m [37m<-- POST /wd/hub/session/51c50c3b-dedc-4cef-a9aa-2ac9c8df8754/timeouts [39m[32m200[39m [90m1 ms - 14[39m [90m[39m
[38;5;178m[51c50c3b][0m[38;5;86m[HTTP][0m [37m-->[39m [37mGET[39m [37m/wd/hub/session/51c50c3b-dedc-4cef-a9aa-2ac9c8df8754/window/rect[39m [90m{}[39m
[38;5;178m[51c50c3b][0m[38;5;86m[HTTP][0m [37m<-- GET /wd/hub/session/51c50c3b-dedc-4cef-a9aa-2ac9c8df8754/window/rect [39m[32m200[39m [90m29 ms - 49[39m [90m[39m
[38;5;178m[51c50c3b][0m[38;5;86m[HTTP][0m [37m-->[39m [37mPOST[39m [37m/wd/hub/session/51c50c3b-dedc-4cef-a9aa-2ac9c8df8754/elements[39m [90m{"value":"//*[@class = 'android.widget.TextView' and (@text = 'Baby Strollers' or . = 'Baby Strollers')]","using":"xpath"}[39m
[38;5;178m[51c50c3b][0m[38;5;86m[HTTP][0m [37m<-- POST /wd/hub/session/51c50c3b-dedc-4cef-a9aa-2ac9c8df8754/elements [39m[32m200[39m [90m253 ms - 12[39m [90m[39m
[38;5;178m[51c50c3b][0m[38;5;86m[HTTP][0m [37m-->[39m [37mPOST[39m [37m/wd/hub/session/51c50c3b-dedc-4cef-a9aa-2ac9c8df8754/elements[39m [90m{"value":"//*[@class = 'android.widget.TextView' and (@text = 'Baby Strollers' or . = 'Baby Strollers')]","using":"xpath"}[39m
[38;5;178m[51c50c3b][0m[38;5;86m[HTTP][0m [37m<-- POST /wd/hub/session/51c50c3b-dedc-4cef-a9aa-2ac9c8df8754/elements [39m[32m200[39m [90m1414 ms - 139[39m [90m[39m
[38;5;178m[51c50c3b][0m[38;5;86m[HTTP][0m [37m-->[39m [37mGET[39m [37m/wd/hub/session/51c50c3b-dedc-4cef-a9aa-2ac9c8df8754/element/00000000-0000-0747-ffff-ffff00000871/rect[39m [90m{}[39m
[38;5;178m[51c50c3b][0m[38;5;-183m[AndroidUiautomator2Driver@b4ee][0m Driver proxy active, passing request on via HTTP proxy
[38;5;178m[51c50c3b][0m[38;5;-183m[AndroidUiautomator2Driver@b4ee][0m Replacing sessionId 3fad4db1-c8ce-4c2d-8d45-9e82fd619fd7 with 51c50c3b-dedc-4cef-a9aa-2ac9c8df8754
[38;5;178m[51c50c3b][0m[38;5;86m[HTTP][0m [37m<-- GET /wd/hub/session/51c50c3b-dedc-4cef-a9aa-2ac9c8df8754/element/00000000-0000-0747-ffff-ffff00000871/rect [39m[32m200[39m [90m27 ms - 101[39m [90m[39m
[38;5;178m[51c50c3b][0m[38;5;86m[HTTP][0m [37m-->[39m [37mPOST[39m [37m/wd/hub/session/51c50c3b-dedc-4cef-a9aa-2ac9c8df8754/timeouts[39m [90m{"implicit":40000}[39m
[38;5;178m[51c50c3b][0m[38;5;86m[HTTP][0m [37m<-- POST /wd/hub/session/51c50c3b-dedc-4cef-a9aa-2ac9c8df8754/timeouts [39m[32m200[39m [90m1 ms - 14[39m [90m[39m
[38;5;178m[51c50c3b][0m[38;5;86m[HTTP][0m [37m-->[39m [37mPOST[39m [37m/wd/hub/session/51c50c3b-dedc-4cef-a9aa-2ac9c8df8754/element/00000000-0000-0747-ffff-ffff00000871/click[39m [90m{"id":"00000000-0000-0747-ffff-ffff00000871"}[39m
[38;5;178m[51c50c3b][0m[38;5;86m[HTTP][0m [37m<-- POST /wd/hub/session/51c50c3b-dedc-4cef-a9aa-2ac9c8df8754/element/00000000-0000-0747-ffff-ffff00000871/click [39m[32m200[39m [90m73 ms - 14[39m [90m[39m
[38;5;178m[51c50c3b][0m[38;5;86m[HTTP][0m [37m-->[39m [37mPOST[39m [37m/wd/hub/session/51c50c3b-dedc-4cef-a9aa-2ac9c8df8754/timeouts[39m [90m{"implicit":50}[39m
[38;5;178m[51c50c3b][0m[38;5;86m[HTTP][0m [37m<-- POST /wd/hub/session/51c50c3b-dedc-4cef-a9aa-2ac9c8df8754/timeouts [39m[32m200[39m [90m1 ms - 14[39m [90m[39m
[38;5;178m[51c50c3b][0m[38;5;86m[HTTP][0m [37m-->[39m [37mGET[39m [37m/wd/hub/session/51c50c3b-dedc-4cef-a9aa-2ac9c8df8754/window/rect[39m [90m{}[39m
[38;5;178m[51c50c3b][0m[38;5;86m[HTTP][0m [37m<-- GET /wd/hub/session/51c50c3b-dedc-4cef-a9aa-2ac9c8df8754/window/rect [39m[32m200[39m [90m22 ms - 49[39m [90m[39m
[38;5;178m[51c50c3b][0m[38;5;86m[HTTP][0m [37m-->[39m [37mPOST[39m [37m/wd/hub/session/51c50c3b-dedc-4cef-a9aa-2ac9c8df8754/elements[39m [90m{"value":"//*[@class = 'android.widget.ImageView' and (@text = '' or . = '')]","using":"xpath"}[39m
[38;5;178m[51c50c3b][0m[38;5;86m[HTTP][0m [37m<-- POST /wd/hub/session/51c50c3b-dedc-4cef-a9aa-2ac9c8df8754/elements [39m[32m200[39m [90m330 ms - 1291[39m [90m[39m
[38;5;178m[51c50c3b][0m[38;5;86m[HTTP][0m [37m-->[39m [37mGET[39m [37m/wd/hub/session/51c50c3b-dedc-4cef-a9aa-2ac9c8df8754/element/00000000-0000-0747-ffff-ffff0000085b/rect[39m [90m{}[39m
[38;5;178m[51c50c3b][0m[38;5;-183m[AndroidUiautomator2Driver@b4ee][0m Driver proxy active, passing request on via HTTP proxy
[38;5;178m[51c50c3b][0m[38;5;-183m[AndroidUiautomator2Driver@b4ee][0m Replacing sessionId 3fad4db1-c8ce-4c2d-8d45-9e82fd619fd7 with 51c50c3b-dedc-4cef-a9aa-2ac9c8df8754
[38;5;178m[51c50c3b][0m[38;5;86m[HTTP][0m [37m<-- GET /wd/hub/session/51c50c3b-dedc-4cef-a9aa-2ac9c8df8754/element/00000000-0000-0747-ffff-ffff0000085b/rect [39m[32m200[39m [90m971 ms - 99[39m [90m[39m
[38;5;178m[51c50c3b][0m[38;5;86m[HTTP][0m [37m-->[39m [37mPOST[39m [37m/wd/hub/session/51c50c3b-dedc-4cef-a9aa-2ac9c8df8754/timeouts[39m [90m{"implicit":40000}[39m
[38;5;178m[51c50c3b][0m[38;5;86m[HTTP][0m [37m<-- POST /wd/hub/session/51c50c3b-dedc-4cef-a9aa-2ac9c8df8754/timeouts [39m[32m200[39m [90m1 ms - 14[39m [90m[39m
[38;5;178m[51c50c3b][0m[38;5;86m[HTTP][0m [37m-->[39m [37mPOST[39m [37m/wd/hub/session/51c50c3b-dedc-4cef-a9aa-2ac9c8df8754/element/00000000-0000-0747-ffff-ffff0000085b/click[39m [90m{"id":"00000000-0000-0747-ffff-ffff0000085b"}[39m
[38;5;178m[51c50c3b][0m[38;5;86m[HTTP][0m [37m<-- POST /wd/hub/session/51c50c3b-dedc-4cef-a9aa-2ac9c8df8754/element/00000000-0000-0747-ffff-ffff0000085b/click [39m[32m200[39m [90m79 ms - 14[39m [90m[39m
[38;5;178m[51c50c3b][0m[38;5;86m[HTTP][0m [37m-->[39m [37mPOST[39m [37m/wd/hub/session/51c50c3b-dedc-4cef-a9aa-2ac9c8df8754/timeouts[39m [90m{"implicit":50}[39m
[38;5;178m[51c50c3b][0m[38;5;86m[HTTP][0m [37m<-- POST /wd/hub/session/51c50c3b-dedc-4cef-a9aa-2ac9c8df8754/timeouts [39m[32m200[39m [90m1 ms - 14[39m [90m[39m
[38;5;178m[51c50c3b][0m[38;5;86m[HTTP][0m [37m-->[39m [37mGET[39m [37m/wd/hub/session/51c50c3b-dedc-4cef-a9aa-2ac9c8df8754/window/rect[39m [90m{}[39m
[38;5;178m[51c50c3b][0m[38;5;86m[HTTP][0m [37m<-- GET /wd/hub/session/51c50c3b-dedc-4cef-a9aa-2ac9c8df8754/window/rect [39m[32m200[39m [90m25 ms - 49[39m [90m[39m
[38;5;178m[51c50c3b][0m[38;5;86m[HTTP][0m [37m-->[39m [37mPOST[39m [37m/wd/hub/session/51c50c3b-dedc-4cef-a9aa-2ac9c8df8754/elements[39m [90m{"value":"//*[@class = 'android.widget.TextView' and (@text = concat(\"Parent\" , \"'\" , \"s rooms\") or . = concat(\"Parent\" , \"'\" , \"s rooms\"))]","using":"xpath"}[39m
[38;5;178m[51c50c3b][0m[38;5;86m[HTTP][0m [37m<-- POST /wd/hub/session/51c50c3b-dedc-4cef-a9aa-2ac9c8df8754/elements [39m[32m200[39m [90m947 ms - 139[39m [90m[39m
[38;5;178m[51c50c3b][0m[38;5;86m[HTTP][0m [37m-->[39m [37mGET[39m [37m/wd/hub/session/51c50c3b-dedc-4cef-a9aa-2ac9c8df8754/element/00000000-0000-0747-ffff-ffff00000879/rect[39m [90m{}[39m
[38;5;178m[51c50c3b][0m[38;5;-183m[AndroidUiautomator2Driver@b4ee][0m Driver proxy active, passing request on via HTTP proxy
[38;5;178m[51c50c3b][0m[38;5;-183m[AndroidUiautomator2Driver@b4ee][0m Replacing sessionId 3fad4db1-c8ce-4c2d-8d45-9e82fd619fd7 with 51c50c3b-dedc-4cef-a9aa-2ac9c8df8754
[38;5;178m[51c50c3b][0m[38;5;86m[HTTP][0m [37m<-- GET /wd/hub/session/51c50c3b-dedc-4cef-a9aa-2ac9c8df8754/element/00000000-0000-0747-ffff-ffff00000879/rect [39m[32m200[39m [90m148 ms - 102[39m [90m[39m
[38;5;178m[51c50c3b][0m[38;5;86m[HTTP][0m [37m-->[39m [37mPOST[39m [37m/wd/hub/session/51c50c3b-dedc-4cef-a9aa-2ac9c8df8754/timeouts[39m [90m{"implicit":40000}[39m
[38;5;178m[51c50c3b][0m[38;5;86m[HTTP][0m [37m<-- POST /wd/hub/session/51c50c3b-dedc-4cef-a9aa-2ac9c8df8754/timeouts [39m[32m200[39m [90m1 ms - 14[39m [90m[39m
[38;5;178m[51c50c3b][0m[38;5;86m[HTTP][0m [37m-->[39m [37mPOST[39m [37m/wd/hub/session/51c50c3b-dedc-4cef-a9aa-2ac9c8df8754/element/00000000-0000-0747-ffff-ffff00000879/click[39m [90m{"id":"00000000-0000-0747-ffff-ffff00000879"}[39m
[38;5;178m[51c50c3b][0m[38;5;86m[HTTP][0m [37m<-- POST /wd/hub/session/51c50c3b-dedc-4cef-a9aa-2ac9c8df8754/element/00000000-0000-0747-ffff-ffff00000879/click [39m[32m200[39m [90m66 ms - 14[39m [90m[39m
[38;5;178m[51c50c3b][0m[38;5;86m[HTTP][0m [37m-->[39m [37mPOST[39m [37m/wd/hub/session/51c50c3b-dedc-4cef-a9aa-2ac9c8df8754/timeouts[39m [90m{"implicit":50}[39m
[38;5;178m[51c50c3b][0m[38;5;86m[HTTP][0m [37m<-- POST /wd/hub/session/51c50c3b-dedc-4cef-a9aa-2ac9c8df8754/timeouts [39m[32m200[39m [90m1 ms - 14[39m [90m[39m
[38;5;178m[51c50c3b][0m[38;5;86m[HTTP][0m [37m-->[39m [37mGET[39m [37m/wd/hub/session/51c50c3b-dedc-4cef-a9aa-2ac9c8df8754/window/rect[39m [90m{}[39m
[38;5;178m[51c50c3b][0m[38;5;86m[HTTP][0m [37m<-- GET /wd/hub/session/51c50c3b-dedc-4cef-a9aa-2ac9c8df8754/window/rect [39m[32m200[39m [90m32 ms - 49[39m [90m[39m
[38;5;178m[51c50c3b][0m[38;5;86m[HTTP][0m [37m-->[39m [37mPOST[39m [37m/wd/hub/session/51c50c3b-dedc-4cef-a9aa-2ac9c8df8754/elements[39m [90m{"value":"//*[@class = 'android.widget.ImageView' and (@text = '' or . = '')]","using":"xpath"}[39m
[38;5;178m[51c50c3b][0m[38;5;86m[HTTP][0m [37m<-- POST /wd/hub/session/51c50c3b-dedc-4cef-a9aa-2ac9c8df8754/elements [39m[32m200[39m [90m352 ms - 1291[39m [90m[39m
[38;5;178m[51c50c3b][0m[38;5;86m[HTTP][0m [37m-->[39m [37mGET[39m [37m/wd/hub/session/51c50c3b-dedc-4cef-a9aa-2ac9c8df8754/element/00000000-0000-0747-ffff-ffff0000085b/rect[39m [90m{}[39m
[38;5;178m[51c50c3b][0m[38;5;-183m[AndroidUiautomator2Driver@b4ee][0m Driver proxy active, passing request on via HTTP proxy
[38;5;178m[51c50c3b][0m[38;5;-183m[AndroidUiautomator2Driver@b4ee][0m Replacing sessionId 3fad4db1-c8ce-4c2d-8d45-9e82fd619fd7 with 51c50c3b-dedc-4cef-a9aa-2ac9c8df8754
[38;5;178m[51c50c3b][0m[38;5;86m[HTTP][0m [37m<-- GET /wd/hub/session/51c50c3b-dedc-4cef-a9aa-2ac9c8df8754/element/00000000-0000-0747-ffff-ffff0000085b/rect [39m[32m200[39m [90m1027 ms - 99[39m [90m[39m
[38;5;178m[51c50c3b][0m[38;5;86m[HTTP][0m [37m-->[39m [37mPOST[39m [37m/wd/hub/session/51c50c3b-dedc-4cef-a9aa-2ac9c8df8754/timeouts[39m [90m{"implicit":40000}[39m
[38;5;178m[51c50c3b][0m[38;5;86m[HTTP][0m [37m<-- POST /wd/hub/session/51c50c3b-dedc-4cef-a9aa-2ac9c8df8754/timeouts [39m[32m200[39m [90m1 ms - 14[39m [90m[39m
[38;5;178m[51c50c3b][0m[38;5;86m[HTTP][0m [37m-->[39m [37mPOST[39m [37m/wd/hub/session/51c50c3b-dedc-4cef-a9aa-2ac9c8df8754/element/00000000-0000-0747-ffff-ffff0000085b/click[39m [90m{"id":"00000000-0000-0747-ffff-ffff0000085b"}[39m
[38;5;178m[51c50c3b][0m[38;5;86m[HTTP][0m [37m<-- POST /wd/hub/session/51c50c3b-dedc-4cef-a9aa-2ac9c8df8754/element/00000000-0000-0747-ffff-ffff0000085b/click [39m[32m200[39m [90m76 ms - 14[39m [90m[39m
[38;5;178m[51c50c3b][0m[38;5;86m[HTTP][0m [37m-->[39m [37mPOST[39m [37m/wd/hub/session/51c50c3b-dedc-4cef-a9aa-2ac9c8df8754/timeouts[39m [90m{"implicit":50}[39m
[38;5;178m[51c50c3b][0m[38;5;86m[HTTP][0m [37m<-- POST /wd/hub/session/51c50c3b-dedc-4cef-a9aa-2ac9c8df8754/timeouts [39m[32m200[39m [90m1 ms - 14[39m [90m[39m
[38;5;178m[51c50c3b][0m[38;5;86m[HTTP][0m [37m-->[39m [37mGET[39m [37m/wd/hub/session/51c50c3b-dedc-4cef-a9aa-2ac9c8df8754/window/rect[39m [90m{}[39m
[38;5;178m[51c50c3b][0m[38;5;86m[HTTP][0m [37m<-- GET /wd/hub/session/51c50c3b-dedc-4cef-a9aa-2ac9c8df8754/window/rect [39m[32m200[39m [90m25 ms - 49[39m [90m[39m
[38;5;178m[51c50c3b][0m[38;5;86m[HTTP][0m [37m-->[39m [37mPOST[39m [37m/wd/hub/session/51c50c3b-dedc-4cef-a9aa-2ac9c8df8754/elements[39m [90m{"value":"//*[@class = 'android.widget.TextView' and (@text = 'Transport' or . = 'Transport')]","using":"xpath"}[39m
[38;5;178m[51c50c3b][0m[38;5;86m[HTTP][0m [37m<-- POST /wd/hub/session/51c50c3b-dedc-4cef-a9aa-2ac9c8df8754/elements [39m[32m200[39m [90m937 ms - 651[39m [90m[39m
[38;5;178m[51c50c3b][0m[38;5;86m[HTTP][0m [37m-->[39m [37mGET[39m [37m/wd/hub/session/51c50c3b-dedc-4cef-a9aa-2ac9c8df8754/element/00000000-0000-0747-ffff-ffff000008c7/rect[39m [90m{}[39m
[38;5;178m[51c50c3b][0m[38;5;-183m[AndroidUiautomator2Driver@b4ee][0m Driver proxy active, passing request on via HTTP proxy
[38;5;178m[51c50c3b][0m[38;5;-183m[AndroidUiautomator2Driver@b4ee][0m Got response with status 404: {"sessionId":"3fad4db1-c8ce-4c2d-8d45-9e82fd619fd7","value":{"error":"stale element reference","message":"Cached elements 'By.xpath: //*[@class = 'android.widget.TextView' and (@text = 'Transport' or . = 'Transport')]' do not exist in DOM anymore","stacktrace":"io.appium.uiautomator2.common.exceptions.StaleElementReferenceException: Cached elements 'By.xpath: //*[@class = 'android.widget.TextView' and (@text = 'Transport' or . = 'Transport')]' do not exist in DOM anymore\n\tat io.appium.uiautomator2.model.ElementsCache.restore(ElementsCache.java:78)\n\tat io.appium.uiautomator2.model.ElementsCache.get(ElementsCache.java:153)\n\tat io.appium.uiautomator2.handler.GetRect.safeHandle(GetRect.java:40)\n\tat io.appium.uiautomator2.handler.request.SafeRequestHandler.handle(SafeRequestHandler.java:59)\n\tat io.appium.uiautomator2.server.AppiumServlet.handleRequest(AppiumServlet.java:259)\n\tat io.appium.uiautomator2.server.AppiumServlet.handleHttpRequest(AppiumServlet.java:253)\n\tat io.appium.uiautomator2.http.Se...
[38;5;178m[51c50c3b][0m[38;5;86m[HTTP][0m [37m<-- GET /wd/hub/session/51c50c3b-dedc-4cef-a9aa-2ac9c8df8754/element/00000000-0000-0747-ffff-ffff000008c7/rect [39m[33m404[39m [90m484 ms - 4065[39m [90m[39m
[38;5;178m[51c50c3b][0m[38;5;86m[HTTP][0m [37m-->[39m [37mPOST[39m [37m/wd/hub/session/51c50c3b-dedc-4cef-a9aa-2ac9c8df8754/timeouts[39m [90m{"implicit":40000}[39m
[38;5;178m[51c50c3b][0m[38;5;86m[HTTP][0m [37m<-- POST /wd/hub/session/51c50c3b-dedc-4cef-a9aa-2ac9c8df8754/timeouts [39m[32m200[39m [90m1 ms - 14[39m [90m[39m
[38;5;178m[51c50c3b][0m[38;5;86m[HTTP][0m [37m-->[39m [37mGET[39m [37m/wd/hub/session/51c50c3b-dedc-4cef-a9aa-2ac9c8df8754/context[39m [90m{}[39m
[38;5;178m[51c50c3b][0m[38;5;86m[HTTP][0m [37m<-- GET /wd/hub/session/51c50c3b-dedc-4cef-a9aa-2ac9c8df8754/context [39m[32m200[39m [90m1 ms - 22[39m [90m[39m
[38;5;178m[51c50c3b][0m[38;5;86m[HTTP][0m [37m-->[39m [37mGET[39m [37m/wd/hub/session/51c50c3b-dedc-4cef-a9aa-2ac9c8df8754/contexts[39m [90m{}[39m
[38;5;178m[51c50c3b][0m[38;5;86m[HTTP][0m [37m<-- GET /wd/hub/session/51c50c3b-dedc-4cef-a9aa-2ac9c8df8754/contexts [39m[32m200[39m [90m288 ms - 24[39m [90m[39m
[38;5;178m[51c50c3b][0m[38;5;86m[HTTP][0m [37m-->[39m [37mPOST[39m [37m/wd/hub/session/51c50c3b-dedc-4cef-a9aa-2ac9c8df8754/context[39m [90m{"name":"NATIVE_APP"}[39m
[38;5;178m[51c50c3b][0m[38;5;86m[HTTP][0m [37m<-- POST /wd/hub/session/51c50c3b-dedc-4cef-a9aa-2ac9c8df8754/context [39m[32m200[39m [90m1 ms - 14[39m [90m[39m
[38;5;178m[51c50c3b][0m[38;5;86m[HTTP][0m [37m-->[39m [37mGET[39m [37m/wd/hub/session/51c50c3b-dedc-4cef-a9aa-2ac9c8df8754/screenshot[39m [90m{}[39m
[38;5;178m[51c50c3b][0m[38;5;86m[HTTP][0m [37m<-- GET /wd/hub/session/51c50c3b-dedc-4cef-a9aa-2ac9c8df8754/screenshot [39m[32m200[39m [90m692 ms - 104072[39m [90m[39m
[38;5;178m[51c50c3b][0m[38;5;86m[HTTP][0m [37m-->[39m [37mPOST[39m [37m/wd/hub/session/51c50c3b-dedc-4cef-a9aa-2ac9c8df8754/context[39m [90m{"name":"NATIVE_APP"}[39m
[38;5;178m[51c50c3b][0m[38;5;86m[HTTP][0m [37m<-- POST /wd/hub/session/51c50c3b-dedc-4cef-a9aa-2ac9c8df8754/context [39m[32m200[39m [90m1 ms - 14[39m [90m[39m
[38;5;178m[51c50c3b][0m[38;5;86m[HTTP][0m [37m-->[39m [37mPOST[39m [37m/wd/hub/session/51c50c3b-dedc-4cef-a9aa-2ac9c8df8754/timeouts[39m [90m{"implicit":50}[39m
[38;5;178m[51c50c3b][0m[38;5;86m[HTTP][0m [37m<-- POST /wd/hub/session/51c50c3b-dedc-4cef-a9aa-2ac9c8df8754/timeouts [39m[32m200[39m [90m1 ms - 14[39m [90m[39m
[38;5;178m[51c50c3b][0m[38;5;86m[HTTP][0m [37m-->[39m [37mGET[39m [37m/wd/hub/session/51c50c3b-dedc-4cef-a9aa-2ac9c8df8754/window/rect[39m [90m{}[39m
[38;5;178m[51c50c3b][0m[38;5;86m[HTTP][0m [37m<-- GET /wd/hub/session/51c50c3b-dedc-4cef-a9aa-2ac9c8df8754/window/rect [39m[32m200[39m [90m25 ms - 49[39m [90m[39m
[38;5;178m[51c50c3b][0m[38;5;86m[HTTP][0m [37m-->[39m [37mPOST[39m [37m/wd/hub/session/51c50c3b-dedc-4cef-a9aa-2ac9c8df8754/elements[39m [90m{"value":"//*[@class = 'android.widget.TextView' and (@text = 'Transport' or . = 'Transport')]","using":"xpath"}[39m
[38;5;178m[51c50c3b][0m[38;5;86m[HTTP][0m [37m<-- POST /wd/hub/session/51c50c3b-dedc-4cef-a9aa-2ac9c8df8754/elements [39m[32m200[39m [90m299 ms - 139[39m [90m[39m
[38;5;178m[51c50c3b][0m[38;5;86m[HTTP][0m [37m-->[39m [37mGET[39m [37m/wd/hub/session/51c50c3b-dedc-4cef-a9aa-2ac9c8df8754/element/00000000-0000-0747-ffff-ffff0000086c/rect[39m [90m{}[39m
[38;5;178m[51c50c3b][0m[38;5;-183m[AndroidUiautomator2Driver@b4ee][0m Driver proxy active, passing request on via HTTP proxy
[38;5;178m[51c50c3b][0m[38;5;-183m[AndroidUiautomator2Driver@b4ee][0m Replacing sessionId 3fad4db1-c8ce-4c2d-8d45-9e82fd619fd7 with 51c50c3b-dedc-4cef-a9aa-2ac9c8df8754
[38;5;178m[51c50c3b][0m[38;5;86m[HTTP][0m [37m<-- GET /wd/hub/session/51c50c3b-dedc-4cef-a9aa-2ac9c8df8754/element/00000000-0000-0747-ffff-ffff0000086c/rect [39m[32m200[39m [90m26 ms - 103[39m [90m[39m
[38;5;178m[51c50c3b][0m[38;5;86m[HTTP][0m [37m-->[39m [37mPOST[39m [37m/wd/hub/session/51c50c3b-dedc-4cef-a9aa-2ac9c8df8754/timeouts[39m [90m{"implicit":40000}[39m
[38;5;178m[51c50c3b][0m[38;5;86m[HTTP][0m [37m<-- POST /wd/hub/session/51c50c3b-dedc-4cef-a9aa-2ac9c8df8754/timeouts [39m[32m200[39m [90m1 ms - 14[39m [90m[39m
[38;5;178m[51c50c3b][0m[38;5;86m[HTTP][0m [37m-->[39m [37mPOST[39m [37m/wd/hub/session/51c50c3b-dedc-4cef-a9aa-2ac9c8df8754/element/00000000-0000-0747-ffff-ffff0000086c/click[39m [90m{"id":"00000000-0000-0747-ffff-ffff0000086c"}[39m
[38;5;178m[51c50c3b][0m[38;5;86m[HTTP][0m [37m<-- POST /wd/hub/session/51c50c3b-dedc-4cef-a9aa-2ac9c8df8754/element/00000000-0000-0747-ffff-ffff0000086c/click [39m[32m200[39m [90m80 ms - 14[39m [90m[39m
[38;5;178m[51c50c3b][0m[38;5;86m[HTTP][0m [37m-->[39m [37mGET[39m [37m/wd/hub/session/51c50c3b-dedc-4cef-a9aa-2ac9c8df8754/context[39m [90m{}[39m
[38;5;178m[51c50c3b][0m[38;5;86m[HTTP][0m [37m<-- GET /wd/hub/session/51c50c3b-dedc-4cef-a9aa-2ac9c8df8754/context [39m[32m200[39m [90m1 ms - 22[39m [90m[39m
[38;5;178m[51c50c3b][0m[38;5;86m[HTTP][0m [37m-->[39m [37mGET[39m [37m/wd/hub/session/51c50c3b-dedc-4cef-a9aa-2ac9c8df8754/contexts[39m [90m{}[39m
[38;5;178m[51c50c3b][0m[38;5;86m[HTTP][0m [37m<-- GET /wd/hub/session/51c50c3b-dedc-4cef-a9aa-2ac9c8df8754/contexts [39m[32m200[39m [90m282 ms - 24[39m [90m[39m
[38;5;178m[51c50c3b][0m[38;5;86m[HTTP][0m [37m-->[39m [37mPOST[39m [37m/wd/hub/session/51c50c3b-dedc-4cef-a9aa-2ac9c8df8754/context[39m [90m{"name":"NATIVE_APP"}[39m
[38;5;178m[51c50c3b][0m[38;5;86m[HTTP][0m [37m<-- POST /wd/hub/session/51c50c3b-dedc-4cef-a9aa-2ac9c8df8754/context [39m[32m200[39m [90m1 ms - 14[39m [90m[39m
[38;5;178m[51c50c3b][0m[38;5;86m[HTTP][0m [37m-->[39m [37mGET[39m [37m/wd/hub/session/51c50c3b-dedc-4cef-a9aa-2ac9c8df8754/window/rect[39m [90m{}[39m
[38;5;178m[51c50c3b][0m[38;5;86m[HTTP][0m [37m<-- GET /wd/hub/session/51c50c3b-dedc-4cef-a9aa-2ac9c8df8754/window/rect [39m[32m200[39m [90m25 ms - 49[39m [90m[39m
[38;5;178m[51c50c3b][0m[38;5;86m[HTTP][0m [37m-->[39m [37mPOST[39m [37m/wd/hub/session/51c50c3b-dedc-4cef-a9aa-2ac9c8df8754/context[39m [90m{"name":"NATIVE_APP"}[39m
[38;5;178m[51c50c3b][0m[38;5;86m[HTTP][0m [37m<-- POST /wd/hub/session/51c50c3b-dedc-4cef-a9aa-2ac9c8df8754/context [39m[32m200[39m [90m1 ms - 14[39m [90m[39m
[38;5;178m[51c50c3b][0m[38;5;86m[HTTP][0m [37m-->[39m [37mGET[39m [37m/wd/hub/session/51c50c3b-dedc-4cef-a9aa-2ac9c8df8754/context[39m [90m{}[39m
[38;5;178m[51c50c3b][0m[38;5;86m[HTTP][0m [37m<-- GET /wd/hub/session/51c50c3b-dedc-4cef-a9aa-2ac9c8df8754/context [39m[32m200[39m [90m1 ms - 22[39m [90m[39m
[38;5;178m[51c50c3b][0m[38;5;86m[HTTP][0m [37m-->[39m [37mGET[39m [37m/wd/hub/session/51c50c3b-dedc-4cef-a9aa-2ac9c8df8754/contexts[39m [90m{}[39m
[38;5;178m[51c50c3b][0m[38;5;86m[HTTP][0m [37m<-- GET /wd/hub/session/51c50c3b-dedc-4cef-a9aa-2ac9c8df8754/contexts [39m[32m200[39m [90m290 ms - 24[39m [90m[39m
[38;5;178m[51c50c3b][0m[38;5;86m[HTTP][0m [37m-->[39m [37mPOST[39m [37m/wd/hub/session/51c50c3b-dedc-4cef-a9aa-2ac9c8df8754/context[39m [90m{"name":"NATIVE_APP"}[39m
[38;5;178m[51c50c3b][0m[38;5;86m[HTTP][0m [37m<-- POST /wd/hub/session/51c50c3b-dedc-4cef-a9aa-2ac9c8df8754/context [39m[32m200[39m [90m1 ms - 14[39m [90m[39m
[38;5;178m[51c50c3b][0m[38;5;86m[HTTP][0m [37m-->[39m [37mGET[39m [37m/wd/hub/session/51c50c3b-dedc-4cef-a9aa-2ac9c8df8754/window/rect[39m [90m{}[39m
[38;5;178m[51c50c3b][0m[38;5;86m[HTTP][0m [37m<-- GET /wd/hub/session/51c50c3b-dedc-4cef-a9aa-2ac9c8df8754/window/rect [39m[32m200[39m [90m35 ms - 49[39m [90m[39m
[38;5;178m[51c50c3b][0m[38;5;86m[HTTP][0m [37m-->[39m [37mPOST[39m [37m/wd/hub/session/51c50c3b-dedc-4cef-a9aa-2ac9c8df8754/context[39m [90m{"name":"NATIVE_APP"}[39m
[38;5;178m[51c50c3b][0m[38;5;86m[HTTP][0m [37m<-- POST /wd/hub/session/51c50c3b-dedc-4cef-a9aa-2ac9c8df8754/context [39m[32m200[39m [90m1 ms - 14[39m [90m[39m
[38;5;178m[51c50c3b][0m[38;5;86m[HTTP][0m [37m-->[39m [37mGET[39m [37m/wd/hub/session/51c50c3b-dedc-4cef-a9aa-2ac9c8df8754/context[39m [90m{}[39m
[38;5;178m[51c50c3b][0m[38;5;86m[HTTP][0m [37m<-- GET /wd/hub/session/51c50c3b-dedc-4cef-a9aa-2ac9c8df8754/context [39m[32m200[39m [90m1 ms - 22[39m [90m[39m
[38;5;178m[51c50c3b][0m[38;5;86m[HTTP][0m [37m-->[39m [37mGET[39m [37m/wd/hub/session/51c50c3b-dedc-4cef-a9aa-2ac9c8df8754/contexts[39m [90m{}[39m
[38;5;178m[51c50c3b][0m[38;5;86m[HTTP][0m [37m<-- GET /wd/hub/session/51c50c3b-dedc-4cef-a9aa-2ac9c8df8754/contexts [39m[32m200[39m [90m289 ms - 24[39m [90m[39m
[38;5;178m[51c50c3b][0m[38;5;86m[HTTP][0m [37m-->[39m [37mPOST[39m [37m/wd/hub/session/51c50c3b-dedc-4cef-a9aa-2ac9c8df8754/context[39m [90m{"name":"NATIVE_APP"}[39m
[38;5;178m[51c50c3b][0m[38;5;86m[HTTP][0m [37m<-- POST /wd/hub/session/51c50c3b-dedc-4cef-a9aa-2ac9c8df8754/context [39m[32m200[39m [90m1 ms - 14[39m [90m[39m
[38;5;178m[51c50c3b][0m[38;5;86m[HTTP][0m [37m-->[39m [37mPOST[39m [37m/wd/hub/session/51c50c3b-dedc-4cef-a9aa-2ac9c8df8754/actions[39m [90m{"actions":[{"id":"finger","type":"pointer","parameters":{"pointerType":"touch"},"actions":[{"duration":0,"type":"pause"},{"duration":0,"x":360,"y":1064,"type":"pointerMove","origin":"viewport"},{"button":0,"type":"pointerDown"},{"duration":50,"type":"pause"},{"duration":500,"x":360,"y":456,"type":"pointerMove","origin":"viewport"},{"button":0,"type":"pointerUp"}]}]}[39m
[38;5;178m[51c50c3b][0m[38;5;86m[HTTP][0m [37m<-- POST /wd/hub/session/51c50c3b-dedc-4cef-a9aa-2ac9c8df8754/actions [39m[32m200[39m [90m714 ms - 14[39m [90m[39m
[38;5;178m[51c50c3b][0m[38;5;86m[HTTP][0m [37m-->[39m [37mPOST[39m [37m/wd/hub/session/51c50c3b-dedc-4cef-a9aa-2ac9c8df8754/context[39m [90m{"name":"NATIVE_APP"}[39m
[38;5;178m[51c50c3b][0m[38;5;86m[HTTP][0m [37m<-- POST /wd/hub/session/51c50c3b-dedc-4cef-a9aa-2ac9c8df8754/context [39m[32m200[39m [90m1 ms - 14[39m [90m[39m
[38;5;178m[51c50c3b][0m[38;5;86m[HTTP][0m [37m-->[39m [37mDELETE[39m [37m/wd/hub/session/51c50c3b-dedc-4cef-a9aa-2ac9c8df8754[39m [90m{}[39m
[38;5;178m[51c50c3b][0m[38;5;121m[AppiumDriver@404e][0m Removing session 51c50c3b-dedc-4cef-a9aa-2ac9c8df8754 from our master session list
[38;5;178m[51c50c3b][0m[38;5;-183m[AndroidUiautomator2Driver@b4ee][0m Restoring hidden api policy to the device default configuration
[38;5;178m[51c50c3b][0m[38;5;86m[HTTP][0m [37m<-- DELETE /wd/hub/session/51c50c3b-dedc-4cef-a9aa-2ac9c8df8754 [39m[32m200[39m [90m242 ms - 14[39m [90m[39m
