[38;5;112m[Appium][0m Welcome to Appium v2.13.1
[38;5;112m[Appium][0m Non-default server args:
[38;5;112m[Appium][0m { basePath: [32m'/wd/hub'[39m, loglevel: [32m'info'[39m, port: [33m56591[39m }
[38;5;112m[Appium][0m Attempting to load driver uiautomator2...
[38;5;112m[Appium][0m Appium REST http interface listener started on http://0.0.0.0:56591/wd/hub
[38;5;112m[Appium][0m You can provide the following URLs in your client code to connect to this server:
	http://192.168.1.229:56591/wd/hub
	http://127.0.0.1:56591/wd/hub (only accessible from the same host)
[38;5;112m[Appium][0m Available drivers:
[38;5;112m[Appium][0m   - uiautomator2@3.9.5 (automationName 'UiAutomator2')
[38;5;112m[Appium][0m No plugins have been installed. Use the "appium plugin" command to install the one(s) you want to use.
[38;5;86m[HTTP][0m [37m-->[39m [37mGET[39m [37m/wd/hub/status[39m [90m{}[39m
[38;5;86m[HTTP][0m [37m<-- GET /wd/hub/status [39m[32m200[39m [90m4 ms - 111[39m [90m[39m
[38;5;86m[HTTP][0m [37m-->[39m [37mPOST[39m [37m/wd/hub/session[39m [90m{"capabilities":{"firstMatch":[{"appium:app":"C:\\Users\\TUF\\git\\test\\Test Files\\Setia_City_Mall_Version_5_13_11_(Version_Code_162).apk","appium:autoGrantPermissions":true,"appium:automationName":"uiautomator2","appium:deviceName":"samsung SM-A015F (Android 12)","appium:fullReset":false,"appium:newCommandTimeout":1800,"appium:noReset":true,"appium:platformName":"ANDROID","appium:platformVersion":"12","appium:systemPort":56590,"appium:udid":"R9PNC036RCJ","platformName":"ANDROID"}]},"desiredCapabilities":{"appium:app":"C:\\Users\\TUF\\git\\test\\Test Files\\Setia_City_Mall_Version_5_13_11_(Version_Code_162).apk","appium:autoGrantPermissions":true,"appium:automationName":"uiautomator2","appium:deviceName":"samsung SM-A015F (Android 12)","appium:fullReset":false,"appium:newCommandTimeout":1800,"appium:noReset":true,"appium:platformName":"ANDROID","appium:platformVersion":"12","appium:systemPort":56590,"appium:udid":"R9PNC036RCJ"}}[39m
[38;5;123m[BaseDriver][0m Ignoring capability 'appium:platformName=ANDROID' and using capability 'platformName=ANDROID'
[38;5;123m[BaseDriver][0m The capabilities ["platformName"] are standard capabilities and do not require "appium:" prefix
[38;5;112m[Appium][0m Attempting to find matching driver for automationName 'uiautomator2' and platformName 'ANDROID'
[38;5;112m[Appium][0m The 'uiautomator2' driver was installed and matched caps.
[38;5;112m[Appium][0m Will require it at C:\Users\TUF\.appium\node_modules\appium-uiautomator2-driver
[38;5;209m[AppiumDriver@c293][0m Appium v2.13.1 creating new AndroidUiautomator2Driver (v3.9.5) session
[38;5;209m[AppiumDriver@c293][0m Checking BaseDriver versions for Appium and AndroidUiautomator2Driver
[38;5;209m[AppiumDriver@c293][0m Appium's BaseDriver version is 9.13.1
[38;5;209m[AppiumDriver@c293][0m AndroidUiautomator2Driver's BaseDriver version is 9.13.1
[38;5;120m[b8fdfe98][0m[38;5;-53m[AndroidUiautomator2Driver@2578][0m Session created with session id: b8fdfe98-73e2-460f-b261-844f14a86643
[38;5;120m[b8fdfe98][0m[38;5;229m[ADB][0m Found 2 'build-tools' folders under 'C:\Users\TUF\AppData\Local\Android\Sdk' (newest first):
[38;5;120m[b8fdfe98][0m[38;5;229m[ADB][0m     C:\Users\TUF\AppData\Local\Android\Sdk\build-tools\35.0.0
[38;5;120m[b8fdfe98][0m[38;5;229m[ADB][0m     C:\Users\TUF\AppData\Local\Android\Sdk\build-tools\34.0.0
[38;5;120m[b8fdfe98][0m[38;5;229m[ADB][0m Using 'adb.exe' from 'C:\Users\TUF\AppData\Local\Android\Sdk\platform-tools\adb.exe'
[38;5;120m[b8fdfe98][0m[38;5;-53m[AndroidUiautomator2Driver@2578][0m Retrieving device list
[38;5;120m[b8fdfe98][0m[38;5;-53m[AndroidUiautomator2Driver@2578][0m Using device: R9PNC036RCJ
[38;5;120m[b8fdfe98][0m[38;5;229m[ADB][0m Using 'adb.exe' from 'C:\Users\TUF\AppData\Local\Android\Sdk\platform-tools\adb.exe'
[38;5;120m[b8fdfe98][0m[38;5;123m[BaseDriver][0m Using local app 'C:\Users\TUF\git\test\Test Files\Setia_City_Mall_Version_5_13_11_(Version_Code_162).apk'
[38;5;120m[b8fdfe98][0m[38;5;229m[ADB][0m Getting device platform version
[38;5;120m[b8fdfe98][0m[38;5;-53m[AndroidUiautomator2Driver@2578][0m Relaxing hidden api policy
[38;5;120m[b8fdfe98][0m[38;5;229m[ADB][0m Using 'aapt2.exe' from 'C:\Users\TUF\AppData\Local\Android\Sdk\build-tools\35.0.0\aapt2.exe'
[38;5;120m[b8fdfe98][0m[38;5;229m[ADB][0m Package name: 'com.convep.setiacitymall'
[38;5;120m[b8fdfe98][0m[38;5;229m[ADB][0m Main activity name: 'com.convep.scm.MainActivity'
[38;5;120m[b8fdfe98][0m[38;5;-53m[AndroidUiautomator2Driver@2578][0m Server packages are not going to be (re)installed
[38;5;120m[b8fdfe98][0m[38;5;229m[ADB][0m Using 'apksigner.jar' from 'C:\Users\TUF\AppData\Local\Android\Sdk\build-tools\35.0.0\lib\apksigner.jar'
[38;5;120m[b8fdfe98][0m[38;5;229m[ADB][0m Adding packages ["io.appium.settings","io.appium.uiautomator2.server","io.appium.uiautomator2.server.test"] to Doze whitelist
[38;5;120m[b8fdfe98][0m[38;5;229m[ADB][0m 'C:\Users\TUF\git\test\Test Files\Setia_City_Mall_Version_5_13_11_(Version_Code_162).apk' is signed with a non-default certificate
[38;5;120m[b8fdfe98][0m[38;5;229m[ADB][0m The application at 'C:\Users\TUF\git\test\Test Files\Setia_City_Mall_Version_5_13_11_(Version_Code_162).apk' will not be cached, because the device under test has confirmed the support of streamed installs
[38;5;120m[b8fdfe98][0m[38;5;229m[ADB][0m The installation of 'Setia_City_Mall_Version_5_13_11_(Version_Code_162).apk' took 10645ms
[38;5;120m[b8fdfe98][0m[38;5;-53m[AndroidUiautomator2Driver@2578][0m Starting UIAutomator2 server 7.1.7
[38;5;120m[b8fdfe98][0m[38;5;-53m[AndroidUiautomator2Driver@2578][0m Using UIAutomator2 server from 'C:\Users\TUF\.appium\node_modules\appium-uiautomator2-driver\node_modules\appium-uiautomator2-server\apks\appium-uiautomator2-server-v7.1.7.apk' and test from 'C:\Users\TUF\.appium\node_modules\appium-uiautomator2-driver\node_modules\appium-uiautomator2-server\apks\appium-uiautomator2-server-debug-androidTest.apk'
[38;5;120m[b8fdfe98][0m[38;5;-53m[AndroidUiautomator2Driver@2578][0m Waiting up to 30000ms for UiAutomator2 to be online...
[38;5;120m[b8fdfe98][0m[38;5;-53m[AndroidUiautomator2Driver@2578][0m socket hang up
[38;5;120m[b8fdfe98][0m[38;5;-53m[AndroidUiautomator2Driver@2578][0m socket hang up
[38;5;120m[b8fdfe98][0m[38;5;-53m[AndroidUiautomator2Driver@2578][0m socket hang up
[38;5;120m[b8fdfe98][0m[38;5;-53m[AndroidUiautomator2Driver@2578][0m socket hang up
[38;5;120m[b8fdfe98][0m[38;5;-53m[AndroidUiautomator2Driver@2578][0m socket hang up
[38;5;120m[b8fdfe98][0m[38;5;-53m[AndroidUiautomator2Driver@2578][0m Determined the downstream protocol as 'W3C'
[38;5;120m[b8fdfe98][0m[38;5;-53m[AndroidUiautomator2Driver@2578][0m Screen already unlocked, doing nothing
[38;5;120m[b8fdfe98][0m[38;5;-53m[AndroidUiautomator2Driver@2578][0m Starting 'com.convep.setiacitymall/com.convep.scm.MainActivity and waiting for 'com.convep.setiacitymall/com.convep.scm.MainActivity'
[38;5;120m[b8fdfe98][0m[38;5;209m[AppiumDriver@c293][0m New AndroidUiautomator2Driver session created successfully, session b8fdfe98-73e2-460f-b261-844f14a86643 added to master session list
[38;5;120m[b8fdfe98][0m[38;5;86m[HTTP][0m [37m<-- POST /wd/hub/session [39m[32m200[39m [90m22697 ms - 1269[39m [90m[39m
[38;5;86m[HTTP][0m [37m-->[39m [37mGET[39m [37m/wd/hub/status[39m [90m{}[39m
[38;5;86m[HTTP][0m [37m<-- GET /wd/hub/status [39m[32m200[39m [90m1 ms - 111[39m [90m[39m
[38;5;120m[b8fdfe98][0m[38;5;86m[HTTP][0m [37m-->[39m [37mPOST[39m [37m/wd/hub/session/b8fdfe98-73e2-460f-b261-844f14a86643/timeouts[39m [90m{"implicit":40000}[39m
[38;5;120m[b8fdfe98][0m[38;5;86m[HTTP][0m [37m<-- POST /wd/hub/session/b8fdfe98-73e2-460f-b261-844f14a86643/timeouts [39m[32m200[39m [90m2 ms - 14[39m [90m[39m
[38;5;120m[b8fdfe98][0m[38;5;86m[HTTP][0m [37m-->[39m [37mPOST[39m [37m/wd/hub/session/b8fdfe98-73e2-460f-b261-844f14a86643/execute/sync[39m [90m{"args":[],"script":"mobile: getSystemBars"}[39m
[38;5;120m[b8fdfe98][0m[38;5;-53m[AndroidUiautomator2Driver@2578][0m Executing native command 'mobile: getSystemBars'
[38;5;120m[b8fdfe98][0m[38;5;86m[HTTP][0m [37m<-- POST /wd/hub/session/b8fdfe98-73e2-460f-b261-844f14a86643/execute/sync [39m[32m200[39m [90m143 ms - 148[39m [90m[39m
[38;5;120m[b8fdfe98][0m[38;5;86m[HTTP][0m [37m-->[39m [37mPOST[39m [37m/wd/hub/session/b8fdfe98-73e2-460f-b261-844f14a86643/timeouts[39m [90m{"implicit":50}[39m
[38;5;120m[b8fdfe98][0m[38;5;86m[HTTP][0m [37m<-- POST /wd/hub/session/b8fdfe98-73e2-460f-b261-844f14a86643/timeouts [39m[32m200[39m [90m1 ms - 14[39m [90m[39m
[38;5;120m[b8fdfe98][0m[38;5;86m[HTTP][0m [37m-->[39m [37mGET[39m [37m/wd/hub/session/b8fdfe98-73e2-460f-b261-844f14a86643/window/rect[39m [90m{}[39m
[38;5;120m[b8fdfe98][0m[38;5;86m[HTTP][0m [37m<-- GET /wd/hub/session/b8fdfe98-73e2-460f-b261-844f14a86643/window/rect [39m[32m200[39m [90m35 ms - 49[39m [90m[39m
[38;5;120m[b8fdfe98][0m[38;5;86m[HTTP][0m [37m-->[39m [37mPOST[39m [37m/wd/hub/session/b8fdfe98-73e2-460f-b261-844f14a86643/elements[39m [90m{"using":"xpath","value":"//*[@class = 'android.widget.ImageView' and (@text = '' or . = '')]"}[39m
[38;5;120m[b8fdfe98][0m[38;5;86m[HTTP][0m [37m<-- POST /wd/hub/session/b8fdfe98-73e2-460f-b261-844f14a86643/elements [39m[32m200[39m [90m818 ms - 12[39m [90m[39m
[38;5;120m[b8fdfe98][0m[38;5;86m[HTTP][0m [37m-->[39m [37mPOST[39m [37m/wd/hub/session/b8fdfe98-73e2-460f-b261-844f14a86643/elements[39m [90m{"using":"xpath","value":"//*[@class = 'android.widget.ImageView' and (@text = '' or . = '')]"}[39m
[38;5;120m[b8fdfe98][0m[38;5;86m[HTTP][0m [37m<-- POST /wd/hub/session/b8fdfe98-73e2-460f-b261-844f14a86643/elements [39m[32m200[39m [90m206 ms - 12[39m [90m[39m
[38;5;120m[b8fdfe98][0m[38;5;86m[HTTP][0m [37m-->[39m [37mPOST[39m [37m/wd/hub/session/b8fdfe98-73e2-460f-b261-844f14a86643/elements[39m [90m{"using":"xpath","value":"//*[@class = 'android.widget.ImageView' and (@text = '' or . = '')]"}[39m
[38;5;120m[b8fdfe98][0m[38;5;86m[HTTP][0m [37m<-- POST /wd/hub/session/b8fdfe98-73e2-460f-b261-844f14a86643/elements [39m[32m200[39m [90m215 ms - 12[39m [90m[39m
[38;5;120m[b8fdfe98][0m[38;5;86m[HTTP][0m [37m-->[39m [37mPOST[39m [37m/wd/hub/session/b8fdfe98-73e2-460f-b261-844f14a86643/elements[39m [90m{"using":"xpath","value":"//*[@class = 'android.widget.ImageView' and (@text = '' or . = '')]"}[39m
[38;5;120m[b8fdfe98][0m[38;5;86m[HTTP][0m [37m<-- POST /wd/hub/session/b8fdfe98-73e2-460f-b261-844f14a86643/elements [39m[32m200[39m [90m193 ms - 12[39m [90m[39m
[38;5;120m[b8fdfe98][0m[38;5;86m[HTTP][0m [37m-->[39m [37mPOST[39m [37m/wd/hub/session/b8fdfe98-73e2-460f-b261-844f14a86643/elements[39m [90m{"using":"xpath","value":"//*[@class = 'android.widget.ImageView' and (@text = '' or . = '')]"}[39m
[38;5;120m[b8fdfe98][0m[38;5;86m[HTTP][0m [37m<-- POST /wd/hub/session/b8fdfe98-73e2-460f-b261-844f14a86643/elements [39m[32m200[39m [90m193 ms - 12[39m [90m[39m
[38;5;120m[b8fdfe98][0m[38;5;86m[HTTP][0m [37m-->[39m [37mPOST[39m [37m/wd/hub/session/b8fdfe98-73e2-460f-b261-844f14a86643/elements[39m [90m{"using":"xpath","value":"//*[@class = 'android.widget.ImageView' and (@text = '' or . = '')]"}[39m
[38;5;120m[b8fdfe98][0m[38;5;86m[HTTP][0m [37m<-- POST /wd/hub/session/b8fdfe98-73e2-460f-b261-844f14a86643/elements [39m[32m200[39m [90m539 ms - 395[39m [90m[39m
[38;5;120m[b8fdfe98][0m[38;5;86m[HTTP][0m [37m-->[39m [37mGET[39m [37m/wd/hub/session/b8fdfe98-73e2-460f-b261-844f14a86643/element/00000000-0000-0779-ffff-ffff00000010/rect[39m [90m{}[39m
[38;5;120m[b8fdfe98][0m[38;5;-53m[AndroidUiautomator2Driver@2578][0m Driver proxy active, passing request on via HTTP proxy
[38;5;120m[b8fdfe98][0m[38;5;-53m[AndroidUiautomator2Driver@2578][0m Replacing sessionId 864300f6-4ea6-4b55-ac95-9881e20c23aa with b8fdfe98-73e2-460f-b261-844f14a86643
[38;5;120m[b8fdfe98][0m[38;5;86m[HTTP][0m [37m<-- GET /wd/hub/session/b8fdfe98-73e2-460f-b261-844f14a86643/element/00000000-0000-0779-ffff-ffff00000010/rect [39m[32m200[39m [90m2098 ms - 101[39m [90m[39m
[38;5;120m[b8fdfe98][0m[38;5;86m[HTTP][0m [37m-->[39m [37mPOST[39m [37m/wd/hub/session/b8fdfe98-73e2-460f-b261-844f14a86643/timeouts[39m [90m{"implicit":40000}[39m
[38;5;120m[b8fdfe98][0m[38;5;86m[HTTP][0m [37m<-- POST /wd/hub/session/b8fdfe98-73e2-460f-b261-844f14a86643/timeouts [39m[32m200[39m [90m1 ms - 14[39m [90m[39m
[38;5;120m[b8fdfe98][0m[38;5;86m[HTTP][0m [37m-->[39m [37mPOST[39m [37m/wd/hub/session/b8fdfe98-73e2-460f-b261-844f14a86643/element/00000000-0000-0779-ffff-ffff00000010/click[39m [90m{"id":"00000000-0000-0779-ffff-ffff00000010"}[39m
[38;5;120m[b8fdfe98][0m[38;5;86m[HTTP][0m [37m<-- POST /wd/hub/session/b8fdfe98-73e2-460f-b261-844f14a86643/element/00000000-0000-0779-ffff-ffff00000010/click [39m[32m200[39m [90m3086 ms - 14[39m [90m[39m
[38;5;120m[b8fdfe98][0m[38;5;86m[HTTP][0m [37m-->[39m [37mPOST[39m [37m/wd/hub/session/b8fdfe98-73e2-460f-b261-844f14a86643/timeouts[39m [90m{"implicit":50}[39m
[38;5;120m[b8fdfe98][0m[38;5;86m[HTTP][0m [37m<-- POST /wd/hub/session/b8fdfe98-73e2-460f-b261-844f14a86643/timeouts [39m[32m200[39m [90m1 ms - 14[39m [90m[39m
[38;5;120m[b8fdfe98][0m[38;5;86m[HTTP][0m [37m-->[39m [37mGET[39m [37m/wd/hub/session/b8fdfe98-73e2-460f-b261-844f14a86643/window/rect[39m [90m{}[39m
[38;5;120m[b8fdfe98][0m[38;5;86m[HTTP][0m [37m<-- GET /wd/hub/session/b8fdfe98-73e2-460f-b261-844f14a86643/window/rect [39m[32m200[39m [90m51 ms - 49[39m [90m[39m
[38;5;120m[b8fdfe98][0m[38;5;86m[HTTP][0m [37m-->[39m [37mPOST[39m [37m/wd/hub/session/b8fdfe98-73e2-460f-b261-844f14a86643/elements[39m [90m{"using":"xpath","value":"//*[@class = 'android.widget.TextView' and (@text = 'About' or . = 'About')]"}[39m
[38;5;120m[b8fdfe98][0m[38;5;86m[HTTP][0m [37m<-- POST /wd/hub/session/b8fdfe98-73e2-460f-b261-844f14a86643/elements [39m[32m200[39m [90m864 ms - 12[39m [90m[39m
[38;5;120m[b8fdfe98][0m[38;5;86m[HTTP][0m [37m-->[39m [37mPOST[39m [37m/wd/hub/session/b8fdfe98-73e2-460f-b261-844f14a86643/elements[39m [90m{"using":"xpath","value":"//*[@class = 'android.widget.TextView' and (@text = 'About' or . = 'About')]"}[39m
[38;5;120m[b8fdfe98][0m[38;5;86m[HTTP][0m [37m<-- POST /wd/hub/session/b8fdfe98-73e2-460f-b261-844f14a86643/elements [39m[32m200[39m [90m537 ms - 12[39m [90m[39m
[38;5;120m[b8fdfe98][0m[38;5;86m[HTTP][0m [37m-->[39m [37mPOST[39m [37m/wd/hub/session/b8fdfe98-73e2-460f-b261-844f14a86643/elements[39m [90m{"using":"xpath","value":"//*[@class = 'android.widget.TextView' and (@text = 'About' or . = 'About')]"}[39m
[38;5;120m[b8fdfe98][0m[38;5;86m[HTTP][0m [37m<-- POST /wd/hub/session/b8fdfe98-73e2-460f-b261-844f14a86643/elements [39m[32m200[39m [90m645 ms - 12[39m [90m[39m
[38;5;120m[b8fdfe98][0m[38;5;86m[HTTP][0m [37m-->[39m [37mPOST[39m [37m/wd/hub/session/b8fdfe98-73e2-460f-b261-844f14a86643/elements[39m [90m{"using":"xpath","value":"//*[@class = 'android.widget.TextView' and (@text = 'About' or . = 'About')]"}[39m
[38;5;120m[b8fdfe98][0m[38;5;86m[HTTP][0m [37m<-- POST /wd/hub/session/b8fdfe98-73e2-460f-b261-844f14a86643/elements [39m[32m200[39m [90m481 ms - 12[39m [90m[39m
[38;5;120m[b8fdfe98][0m[38;5;86m[HTTP][0m [37m-->[39m [37mPOST[39m [37m/wd/hub/session/b8fdfe98-73e2-460f-b261-844f14a86643/elements[39m [90m{"using":"xpath","value":"//*[@class = 'android.widget.TextView' and (@text = 'About' or . = 'About')]"}[39m
[38;5;120m[b8fdfe98][0m[38;5;86m[HTTP][0m [37m<-- POST /wd/hub/session/b8fdfe98-73e2-460f-b261-844f14a86643/elements [39m[32m200[39m [90m414 ms - 12[39m [90m[39m
[38;5;120m[b8fdfe98][0m[38;5;86m[HTTP][0m [37m-->[39m [37mPOST[39m [37m/wd/hub/session/b8fdfe98-73e2-460f-b261-844f14a86643/elements[39m [90m{"using":"xpath","value":"//*[@class = 'android.widget.TextView' and (@text = 'About' or . = 'About')]"}[39m
[38;5;120m[b8fdfe98][0m[38;5;86m[HTTP][0m [37m<-- POST /wd/hub/session/b8fdfe98-73e2-460f-b261-844f14a86643/elements [39m[32m200[39m [90m389 ms - 12[39m [90m[39m
[38;5;120m[b8fdfe98][0m[38;5;86m[HTTP][0m [37m-->[39m [37mPOST[39m [37m/wd/hub/session/b8fdfe98-73e2-460f-b261-844f14a86643/elements[39m [90m{"using":"xpath","value":"//*[@class = 'android.widget.TextView' and (@text = 'About' or . = 'About')]"}[39m
[38;5;120m[b8fdfe98][0m[38;5;86m[HTTP][0m [37m<-- POST /wd/hub/session/b8fdfe98-73e2-460f-b261-844f14a86643/elements [39m[32m200[39m [90m381 ms - 12[39m [90m[39m
[38;5;120m[b8fdfe98][0m[38;5;86m[HTTP][0m [37m-->[39m [37mPOST[39m [37m/wd/hub/session/b8fdfe98-73e2-460f-b261-844f14a86643/elements[39m [90m{"using":"xpath","value":"//*[@class = 'android.widget.TextView' and (@text = 'About' or . = 'About')]"}[39m
[38;5;120m[b8fdfe98][0m[38;5;86m[HTTP][0m [37m<-- POST /wd/hub/session/b8fdfe98-73e2-460f-b261-844f14a86643/elements [39m[32m200[39m [90m382 ms - 12[39m [90m[39m
[38;5;120m[b8fdfe98][0m[38;5;86m[HTTP][0m [37m-->[39m [37mPOST[39m [37m/wd/hub/session/b8fdfe98-73e2-460f-b261-844f14a86643/elements[39m [90m{"using":"xpath","value":"//*[@class = 'android.widget.TextView' and (@text = 'About' or . = 'About')]"}[39m
[38;5;120m[b8fdfe98][0m[38;5;86m[HTTP][0m [37m<-- POST /wd/hub/session/b8fdfe98-73e2-460f-b261-844f14a86643/elements [39m[32m200[39m [90m295 ms - 12[39m [90m[39m
[38;5;120m[b8fdfe98][0m[38;5;86m[HTTP][0m [37m-->[39m [37mPOST[39m [37m/wd/hub/session/b8fdfe98-73e2-460f-b261-844f14a86643/elements[39m [90m{"using":"xpath","value":"//*[@class = 'android.widget.TextView' and (@text = 'About' or . = 'About')]"}[39m
[38;5;120m[b8fdfe98][0m[38;5;86m[HTTP][0m [37m<-- POST /wd/hub/session/b8fdfe98-73e2-460f-b261-844f14a86643/elements [39m[32m200[39m [90m360 ms - 12[39m [90m[39m
[38;5;120m[b8fdfe98][0m[38;5;86m[HTTP][0m [37m-->[39m [37mPOST[39m [37m/wd/hub/session/b8fdfe98-73e2-460f-b261-844f14a86643/elements[39m [90m{"using":"xpath","value":"//*[@class = 'android.widget.TextView' and (@text = 'About' or . = 'About')]"}[39m
[38;5;120m[b8fdfe98][0m[38;5;86m[HTTP][0m [37m<-- POST /wd/hub/session/b8fdfe98-73e2-460f-b261-844f14a86643/elements [39m[32m200[39m [90m262 ms - 12[39m [90m[39m
[38;5;120m[b8fdfe98][0m[38;5;86m[HTTP][0m [37m-->[39m [37mPOST[39m [37m/wd/hub/session/b8fdfe98-73e2-460f-b261-844f14a86643/elements[39m [90m{"using":"xpath","value":"//*[@class = 'android.widget.TextView' and (@text = 'About' or . = 'About')]"}[39m
[38;5;120m[b8fdfe98][0m[38;5;86m[HTTP][0m [37m<-- POST /wd/hub/session/b8fdfe98-73e2-460f-b261-844f14a86643/elements [39m[32m200[39m [90m287 ms - 12[39m [90m[39m
[38;5;120m[b8fdfe98][0m[38;5;86m[HTTP][0m [37m-->[39m [37mPOST[39m [37m/wd/hub/session/b8fdfe98-73e2-460f-b261-844f14a86643/elements[39m [90m{"using":"xpath","value":"//*[@class = 'android.widget.TextView' and (@text = 'About' or . = 'About')]"}[39m
[38;5;120m[b8fdfe98][0m[38;5;86m[HTTP][0m [37m<-- POST /wd/hub/session/b8fdfe98-73e2-460f-b261-844f14a86643/elements [39m[32m200[39m [90m232 ms - 12[39m [90m[39m
[38;5;120m[b8fdfe98][0m[38;5;86m[HTTP][0m [37m-->[39m [37mPOST[39m [37m/wd/hub/session/b8fdfe98-73e2-460f-b261-844f14a86643/elements[39m [90m{"using":"xpath","value":"//*[@class = 'android.widget.TextView' and (@text = 'About' or . = 'About')]"}[39m
[38;5;120m[b8fdfe98][0m[38;5;86m[HTTP][0m [37m<-- POST /wd/hub/session/b8fdfe98-73e2-460f-b261-844f14a86643/elements [39m[32m200[39m [90m259 ms - 12[39m [90m[39m
[38;5;120m[b8fdfe98][0m[38;5;86m[HTTP][0m [37m-->[39m [37mPOST[39m [37m/wd/hub/session/b8fdfe98-73e2-460f-b261-844f14a86643/elements[39m [90m{"using":"xpath","value":"//*[@class = 'android.widget.TextView' and (@text = 'About' or . = 'About')]"}[39m
[38;5;120m[b8fdfe98][0m[38;5;86m[HTTP][0m [37m<-- POST /wd/hub/session/b8fdfe98-73e2-460f-b261-844f14a86643/elements [39m[32m200[39m [90m247 ms - 12[39m [90m[39m
[38;5;120m[b8fdfe98][0m[38;5;86m[HTTP][0m [37m-->[39m [37mPOST[39m [37m/wd/hub/session/b8fdfe98-73e2-460f-b261-844f14a86643/elements[39m [90m{"using":"xpath","value":"//*[@class = 'android.widget.TextView' and (@text = 'About' or . = 'About')]"}[39m
[38;5;120m[b8fdfe98][0m[38;5;86m[HTTP][0m [37m<-- POST /wd/hub/session/b8fdfe98-73e2-460f-b261-844f14a86643/elements [39m[32m200[39m [90m265 ms - 12[39m [90m[39m
[38;5;120m[b8fdfe98][0m[38;5;86m[HTTP][0m [37m-->[39m [37mPOST[39m [37m/wd/hub/session/b8fdfe98-73e2-460f-b261-844f14a86643/elements[39m [90m{"using":"xpath","value":"//*[@class = 'android.widget.TextView' and (@text = 'About' or . = 'About')]"}[39m
[38;5;120m[b8fdfe98][0m[38;5;86m[HTTP][0m [37m<-- POST /wd/hub/session/b8fdfe98-73e2-460f-b261-844f14a86643/elements [39m[32m200[39m [90m286 ms - 12[39m [90m[39m
[38;5;120m[b8fdfe98][0m[38;5;86m[HTTP][0m [37m-->[39m [37mPOST[39m [37m/wd/hub/session/b8fdfe98-73e2-460f-b261-844f14a86643/elements[39m [90m{"using":"xpath","value":"//*[@class = 'android.widget.TextView' and (@text = 'About' or . = 'About')]"}[39m
[38;5;120m[b8fdfe98][0m[38;5;86m[HTTP][0m [37m<-- POST /wd/hub/session/b8fdfe98-73e2-460f-b261-844f14a86643/elements [39m[32m200[39m [90m217 ms - 12[39m [90m[39m
[38;5;120m[b8fdfe98][0m[38;5;86m[HTTP][0m [37m-->[39m [37mPOST[39m [37m/wd/hub/session/b8fdfe98-73e2-460f-b261-844f14a86643/elements[39m [90m{"using":"xpath","value":"//*[@class = 'android.widget.TextView' and (@text = 'About' or . = 'About')]"}[39m
[38;5;120m[b8fdfe98][0m[38;5;86m[HTTP][0m [37m<-- POST /wd/hub/session/b8fdfe98-73e2-460f-b261-844f14a86643/elements [39m[32m200[39m [90m218 ms - 12[39m [90m[39m
[38;5;120m[b8fdfe98][0m[38;5;86m[HTTP][0m [37m-->[39m [37mPOST[39m [37m/wd/hub/session/b8fdfe98-73e2-460f-b261-844f14a86643/elements[39m [90m{"using":"xpath","value":"//*[@class = 'android.widget.TextView' and (@text = 'About' or . = 'About')]"}[39m
[38;5;120m[b8fdfe98][0m[38;5;86m[HTTP][0m [37m<-- POST /wd/hub/session/b8fdfe98-73e2-460f-b261-844f14a86643/elements [39m[32m200[39m [90m258 ms - 12[39m [90m[39m
[38;5;120m[b8fdfe98][0m[38;5;86m[HTTP][0m [37m-->[39m [37mPOST[39m [37m/wd/hub/session/b8fdfe98-73e2-460f-b261-844f14a86643/elements[39m [90m{"using":"xpath","value":"//*[@class = 'android.widget.TextView' and (@text = 'About' or . = 'About')]"}[39m
[38;5;120m[b8fdfe98][0m[38;5;86m[HTTP][0m [37m<-- POST /wd/hub/session/b8fdfe98-73e2-460f-b261-844f14a86643/elements [39m[32m200[39m [90m240 ms - 12[39m [90m[39m
[38;5;120m[b8fdfe98][0m[38;5;86m[HTTP][0m [37m-->[39m [37mPOST[39m [37m/wd/hub/session/b8fdfe98-73e2-460f-b261-844f14a86643/elements[39m [90m{"using":"xpath","value":"//*[@class = 'android.widget.TextView' and (@text = 'About' or . = 'About')]"}[39m
[38;5;120m[b8fdfe98][0m[38;5;86m[HTTP][0m [37m<-- POST /wd/hub/session/b8fdfe98-73e2-460f-b261-844f14a86643/elements [39m[32m200[39m [90m201 ms - 12[39m [90m[39m
[38;5;120m[b8fdfe98][0m[38;5;86m[HTTP][0m [37m-->[39m [37mPOST[39m [37m/wd/hub/session/b8fdfe98-73e2-460f-b261-844f14a86643/elements[39m [90m{"using":"xpath","value":"//*[@class = 'android.widget.TextView' and (@text = 'About' or . = 'About')]"}[39m
[38;5;120m[b8fdfe98][0m[38;5;86m[HTTP][0m [37m<-- POST /wd/hub/session/b8fdfe98-73e2-460f-b261-844f14a86643/elements [39m[32m200[39m [90m2012 ms - 139[39m [90m[39m
[38;5;120m[b8fdfe98][0m[38;5;86m[HTTP][0m [37m-->[39m [37mGET[39m [37m/wd/hub/session/b8fdfe98-73e2-460f-b261-844f14a86643/element/00000000-0000-0779-ffff-ffff00000037/rect[39m [90m{}[39m
[38;5;120m[b8fdfe98][0m[38;5;-53m[AndroidUiautomator2Driver@2578][0m Driver proxy active, passing request on via HTTP proxy
[38;5;120m[b8fdfe98][0m[38;5;-53m[AndroidUiautomator2Driver@2578][0m Replacing sessionId 864300f6-4ea6-4b55-ac95-9881e20c23aa with b8fdfe98-73e2-460f-b261-844f14a86643
[38;5;120m[b8fdfe98][0m[38;5;86m[HTTP][0m [37m<-- GET /wd/hub/session/b8fdfe98-73e2-460f-b261-844f14a86643/element/00000000-0000-0779-ffff-ffff00000037/rect [39m[32m200[39m [90m36 ms - 100[39m [90m[39m
[38;5;120m[b8fdfe98][0m[38;5;86m[HTTP][0m [37m-->[39m [37mPOST[39m [37m/wd/hub/session/b8fdfe98-73e2-460f-b261-844f14a86643/timeouts[39m [90m{"implicit":40000}[39m
[38;5;120m[b8fdfe98][0m[38;5;86m[HTTP][0m [37m<-- POST /wd/hub/session/b8fdfe98-73e2-460f-b261-844f14a86643/timeouts [39m[32m200[39m [90m1 ms - 14[39m [90m[39m
[38;5;120m[b8fdfe98][0m[38;5;86m[HTTP][0m [37m-->[39m [37mPOST[39m [37m/wd/hub/session/b8fdfe98-73e2-460f-b261-844f14a86643/element/00000000-0000-0779-ffff-ffff00000037/click[39m [90m{"id":"00000000-0000-0779-ffff-ffff00000037"}[39m
[38;5;120m[b8fdfe98][0m[38;5;86m[HTTP][0m [37m<-- POST /wd/hub/session/b8fdfe98-73e2-460f-b261-844f14a86643/element/00000000-0000-0779-ffff-ffff00000037/click [39m[32m200[39m [90m103 ms - 14[39m [90m[39m
[38;5;120m[b8fdfe98][0m[38;5;86m[HTTP][0m [37m-->[39m [37mPOST[39m [37m/wd/hub/session/b8fdfe98-73e2-460f-b261-844f14a86643/timeouts[39m [90m{"implicit":50}[39m
[38;5;120m[b8fdfe98][0m[38;5;86m[HTTP][0m [37m<-- POST /wd/hub/session/b8fdfe98-73e2-460f-b261-844f14a86643/timeouts [39m[32m200[39m [90m1 ms - 14[39m [90m[39m
[38;5;120m[b8fdfe98][0m[38;5;86m[HTTP][0m [37m-->[39m [37mGET[39m [37m/wd/hub/session/b8fdfe98-73e2-460f-b261-844f14a86643/window/rect[39m [90m{}[39m
[38;5;120m[b8fdfe98][0m[38;5;86m[HTTP][0m [37m<-- GET /wd/hub/session/b8fdfe98-73e2-460f-b261-844f14a86643/window/rect [39m[32m200[39m [90m28 ms - 49[39m [90m[39m
[38;5;120m[b8fdfe98][0m[38;5;86m[HTTP][0m [37m-->[39m [37mPOST[39m [37m/wd/hub/session/b8fdfe98-73e2-460f-b261-844f14a86643/elements[39m [90m{"using":"xpath","value":"//*[@class = 'android.widget.TextView' and (@text = 'Contact' or . = 'Contact')]"}[39m
[38;5;120m[b8fdfe98][0m[38;5;86m[HTTP][0m [37m<-- POST /wd/hub/session/b8fdfe98-73e2-460f-b261-844f14a86643/elements [39m[32m200[39m [90m333 ms - 12[39m [90m[39m
[38;5;120m[b8fdfe98][0m[38;5;86m[HTTP][0m [37m-->[39m [37mPOST[39m [37m/wd/hub/session/b8fdfe98-73e2-460f-b261-844f14a86643/elements[39m [90m{"using":"xpath","value":"//*[@class = 'android.widget.TextView' and (@text = 'Contact' or . = 'Contact')]"}[39m
[38;5;120m[b8fdfe98][0m[38;5;86m[HTTP][0m [37m<-- POST /wd/hub/session/b8fdfe98-73e2-460f-b261-844f14a86643/elements [39m[32m200[39m [90m2000 ms - 139[39m [90m[39m
[38;5;120m[b8fdfe98][0m[38;5;86m[HTTP][0m [37m-->[39m [37mGET[39m [37m/wd/hub/session/b8fdfe98-73e2-460f-b261-844f14a86643/element/00000000-0000-0779-ffff-ffff00000094/rect[39m [90m{}[39m
[38;5;120m[b8fdfe98][0m[38;5;-53m[AndroidUiautomator2Driver@2578][0m Driver proxy active, passing request on via HTTP proxy
[38;5;120m[b8fdfe98][0m[38;5;-53m[AndroidUiautomator2Driver@2578][0m Replacing sessionId 864300f6-4ea6-4b55-ac95-9881e20c23aa with b8fdfe98-73e2-460f-b261-844f14a86643
[38;5;120m[b8fdfe98][0m[38;5;86m[HTTP][0m [37m<-- GET /wd/hub/session/b8fdfe98-73e2-460f-b261-844f14a86643/element/00000000-0000-0779-ffff-ffff00000094/rect [39m[32m200[39m [90m37 ms - 102[39m [90m[39m
[38;5;120m[b8fdfe98][0m[38;5;86m[HTTP][0m [37m-->[39m [37mPOST[39m [37m/wd/hub/session/b8fdfe98-73e2-460f-b261-844f14a86643/timeouts[39m [90m{"implicit":40000}[39m
[38;5;120m[b8fdfe98][0m[38;5;86m[HTTP][0m [37m<-- POST /wd/hub/session/b8fdfe98-73e2-460f-b261-844f14a86643/timeouts [39m[32m200[39m [90m1 ms - 14[39m [90m[39m
[38;5;120m[b8fdfe98][0m[38;5;86m[HTTP][0m [37m-->[39m [37mPOST[39m [37m/wd/hub/session/b8fdfe98-73e2-460f-b261-844f14a86643/element/00000000-0000-0779-ffff-ffff00000094/click[39m [90m{"id":"00000000-0000-0779-ffff-ffff00000094"}[39m
[38;5;120m[b8fdfe98][0m[38;5;86m[HTTP][0m [37m<-- POST /wd/hub/session/b8fdfe98-73e2-460f-b261-844f14a86643/element/00000000-0000-0779-ffff-ffff00000094/click [39m[32m200[39m [90m85 ms - 14[39m [90m[39m
[38;5;120m[b8fdfe98][0m[38;5;86m[HTTP][0m [37m-->[39m [37mPOST[39m [37m/wd/hub/session/b8fdfe98-73e2-460f-b261-844f14a86643/timeouts[39m [90m{"implicit":50}[39m
[38;5;120m[b8fdfe98][0m[38;5;86m[HTTP][0m [37m<-- POST /wd/hub/session/b8fdfe98-73e2-460f-b261-844f14a86643/timeouts [39m[32m200[39m [90m1 ms - 14[39m [90m[39m
[38;5;120m[b8fdfe98][0m[38;5;86m[HTTP][0m [37m-->[39m [37mGET[39m [37m/wd/hub/session/b8fdfe98-73e2-460f-b261-844f14a86643/window/rect[39m [90m{}[39m
[38;5;120m[b8fdfe98][0m[38;5;86m[HTTP][0m [37m<-- GET /wd/hub/session/b8fdfe98-73e2-460f-b261-844f14a86643/window/rect [39m[32m200[39m [90m33 ms - 49[39m [90m[39m
[38;5;120m[b8fdfe98][0m[38;5;86m[HTTP][0m [37m-->[39m [37mPOST[39m [37m/wd/hub/session/b8fdfe98-73e2-460f-b261-844f14a86643/elements[39m [90m{"using":"xpath","value":"//*[@class = 'android.widget.TextView' and (@text = 'Services' or . = 'Services')]"}[39m
[38;5;120m[b8fdfe98][0m[38;5;86m[HTTP][0m [37m<-- POST /wd/hub/session/b8fdfe98-73e2-460f-b261-844f14a86643/elements [39m[32m200[39m [90m229 ms - 139[39m [90m[39m
[38;5;120m[b8fdfe98][0m[38;5;86m[HTTP][0m [37m-->[39m [37mGET[39m [37m/wd/hub/session/b8fdfe98-73e2-460f-b261-844f14a86643/element/00000000-0000-0779-ffff-ffff00000097/rect[39m [90m{}[39m
[38;5;120m[b8fdfe98][0m[38;5;-53m[AndroidUiautomator2Driver@2578][0m Driver proxy active, passing request on via HTTP proxy
[38;5;120m[b8fdfe98][0m[38;5;-53m[AndroidUiautomator2Driver@2578][0m Replacing sessionId 864300f6-4ea6-4b55-ac95-9881e20c23aa with b8fdfe98-73e2-460f-b261-844f14a86643
[38;5;120m[b8fdfe98][0m[38;5;86m[HTTP][0m [37m<-- GET /wd/hub/session/b8fdfe98-73e2-460f-b261-844f14a86643/element/00000000-0000-0779-ffff-ffff00000097/rect [39m[32m200[39m [90m1150 ms - 103[39m [90m[39m
[38;5;120m[b8fdfe98][0m[38;5;86m[HTTP][0m [37m-->[39m [37mPOST[39m [37m/wd/hub/session/b8fdfe98-73e2-460f-b261-844f14a86643/timeouts[39m [90m{"implicit":40000}[39m
[38;5;120m[b8fdfe98][0m[38;5;86m[HTTP][0m [37m<-- POST /wd/hub/session/b8fdfe98-73e2-460f-b261-844f14a86643/timeouts [39m[32m200[39m [90m1 ms - 14[39m [90m[39m
[38;5;120m[b8fdfe98][0m[38;5;86m[HTTP][0m [37m-->[39m [37mPOST[39m [37m/wd/hub/session/b8fdfe98-73e2-460f-b261-844f14a86643/element/00000000-0000-0779-ffff-ffff00000097/click[39m [90m{"id":"00000000-0000-0779-ffff-ffff00000097"}[39m
[38;5;120m[b8fdfe98][0m[38;5;86m[HTTP][0m [37m<-- POST /wd/hub/session/b8fdfe98-73e2-460f-b261-844f14a86643/element/00000000-0000-0779-ffff-ffff00000097/click [39m[32m200[39m [90m81 ms - 14[39m [90m[39m
[38;5;120m[b8fdfe98][0m[38;5;86m[HTTP][0m [37m-->[39m [37mPOST[39m [37m/wd/hub/session/b8fdfe98-73e2-460f-b261-844f14a86643/timeouts[39m [90m{"implicit":50}[39m
[38;5;120m[b8fdfe98][0m[38;5;86m[HTTP][0m [37m<-- POST /wd/hub/session/b8fdfe98-73e2-460f-b261-844f14a86643/timeouts [39m[32m200[39m [90m1 ms - 14[39m [90m[39m
[38;5;120m[b8fdfe98][0m[38;5;86m[HTTP][0m [37m-->[39m [37mGET[39m [37m/wd/hub/session/b8fdfe98-73e2-460f-b261-844f14a86643/window/rect[39m [90m{}[39m
[38;5;120m[b8fdfe98][0m[38;5;86m[HTTP][0m [37m<-- GET /wd/hub/session/b8fdfe98-73e2-460f-b261-844f14a86643/window/rect [39m[32m200[39m [90m29 ms - 49[39m [90m[39m
[38;5;120m[b8fdfe98][0m[38;5;86m[HTTP][0m [37m-->[39m [37mPOST[39m [37m/wd/hub/session/b8fdfe98-73e2-460f-b261-844f14a86643/elements[39m [90m{"using":"xpath","value":"//*[@class = 'android.widget.TextView' and (@text = 'ATM' or . = 'ATM')]"}[39m
[38;5;120m[b8fdfe98][0m[38;5;86m[HTTP][0m [37m<-- POST /wd/hub/session/b8fdfe98-73e2-460f-b261-844f14a86643/elements [39m[32m200[39m [90m293 ms - 12[39m [90m[39m
[38;5;120m[b8fdfe98][0m[38;5;86m[HTTP][0m [37m-->[39m [37mPOST[39m [37m/wd/hub/session/b8fdfe98-73e2-460f-b261-844f14a86643/elements[39m [90m{"using":"xpath","value":"//*[@class = 'android.widget.TextView' and (@text = 'ATM' or . = 'ATM')]"}[39m
[38;5;120m[b8fdfe98][0m[38;5;86m[HTTP][0m [37m<-- POST /wd/hub/session/b8fdfe98-73e2-460f-b261-844f14a86643/elements [39m[32m200[39m [90m1558 ms - 139[39m [90m[39m
[38;5;120m[b8fdfe98][0m[38;5;86m[HTTP][0m [37m-->[39m [37mGET[39m [37m/wd/hub/session/b8fdfe98-73e2-460f-b261-844f14a86643/element/00000000-0000-0779-ffff-ffff000000e3/rect[39m [90m{}[39m
[38;5;120m[b8fdfe98][0m[38;5;-53m[AndroidUiautomator2Driver@2578][0m Driver proxy active, passing request on via HTTP proxy
[38;5;120m[b8fdfe98][0m[38;5;-53m[AndroidUiautomator2Driver@2578][0m Replacing sessionId 864300f6-4ea6-4b55-ac95-9881e20c23aa with b8fdfe98-73e2-460f-b261-844f14a86643
[38;5;120m[b8fdfe98][0m[38;5;86m[HTTP][0m [37m<-- GET /wd/hub/session/b8fdfe98-73e2-460f-b261-844f14a86643/element/00000000-0000-0779-ffff-ffff000000e3/rect [39m[32m200[39m [90m30 ms - 100[39m [90m[39m
[38;5;120m[b8fdfe98][0m[38;5;86m[HTTP][0m [37m-->[39m [37mPOST[39m [37m/wd/hub/session/b8fdfe98-73e2-460f-b261-844f14a86643/timeouts[39m [90m{"implicit":40000}[39m
[38;5;120m[b8fdfe98][0m[38;5;86m[HTTP][0m [37m<-- POST /wd/hub/session/b8fdfe98-73e2-460f-b261-844f14a86643/timeouts [39m[32m200[39m [90m1 ms - 14[39m [90m[39m
[38;5;120m[b8fdfe98][0m[38;5;86m[HTTP][0m [37m-->[39m [37mPOST[39m [37m/wd/hub/session/b8fdfe98-73e2-460f-b261-844f14a86643/element/00000000-0000-0779-ffff-ffff000000e3/click[39m [90m{"id":"00000000-0000-0779-ffff-ffff000000e3"}[39m
[38;5;120m[b8fdfe98][0m[38;5;86m[HTTP][0m [37m<-- POST /wd/hub/session/b8fdfe98-73e2-460f-b261-844f14a86643/element/00000000-0000-0779-ffff-ffff000000e3/click [39m[32m200[39m [90m74 ms - 14[39m [90m[39m
[38;5;120m[b8fdfe98][0m[38;5;86m[HTTP][0m [37m-->[39m [37mPOST[39m [37m/wd/hub/session/b8fdfe98-73e2-460f-b261-844f14a86643/timeouts[39m [90m{"implicit":50}[39m
[38;5;120m[b8fdfe98][0m[38;5;86m[HTTP][0m [37m<-- POST /wd/hub/session/b8fdfe98-73e2-460f-b261-844f14a86643/timeouts [39m[32m200[39m [90m1 ms - 14[39m [90m[39m
[38;5;120m[b8fdfe98][0m[38;5;86m[HTTP][0m [37m-->[39m [37mGET[39m [37m/wd/hub/session/b8fdfe98-73e2-460f-b261-844f14a86643/window/rect[39m [90m{}[39m
[38;5;120m[b8fdfe98][0m[38;5;86m[HTTP][0m [37m<-- GET /wd/hub/session/b8fdfe98-73e2-460f-b261-844f14a86643/window/rect [39m[32m200[39m [90m34 ms - 49[39m [90m[39m
[38;5;120m[b8fdfe98][0m[38;5;86m[HTTP][0m [37m-->[39m [37mPOST[39m [37m/wd/hub/session/b8fdfe98-73e2-460f-b261-844f14a86643/elements[39m [90m{"using":"xpath","value":"//*[@class = 'android.widget.ImageView' and (@text = '' or . = '')]"}[39m
[38;5;120m[b8fdfe98][0m[38;5;86m[HTTP][0m [37m<-- POST /wd/hub/session/b8fdfe98-73e2-460f-b261-844f14a86643/elements [39m[32m200[39m [90m445 ms - 1291[39m [90m[39m
[38;5;120m[b8fdfe98][0m[38;5;86m[HTTP][0m [37m-->[39m [37mGET[39m [37m/wd/hub/session/b8fdfe98-73e2-460f-b261-844f14a86643/element/00000000-0000-0779-ffff-ffff000000cd/rect[39m [90m{}[39m
[38;5;120m[b8fdfe98][0m[38;5;-53m[AndroidUiautomator2Driver@2578][0m Driver proxy active, passing request on via HTTP proxy
[38;5;120m[b8fdfe98][0m[38;5;-53m[AndroidUiautomator2Driver@2578][0m Replacing sessionId 864300f6-4ea6-4b55-ac95-9881e20c23aa with b8fdfe98-73e2-460f-b261-844f14a86643
[38;5;120m[b8fdfe98][0m[38;5;86m[HTTP][0m [37m<-- GET /wd/hub/session/b8fdfe98-73e2-460f-b261-844f14a86643/element/00000000-0000-0779-ffff-ffff000000cd/rect [39m[32m200[39m [90m942 ms - 99[39m [90m[39m
[38;5;120m[b8fdfe98][0m[38;5;86m[HTTP][0m [37m-->[39m [37mPOST[39m [37m/wd/hub/session/b8fdfe98-73e2-460f-b261-844f14a86643/timeouts[39m [90m{"implicit":40000}[39m
[38;5;120m[b8fdfe98][0m[38;5;86m[HTTP][0m [37m<-- POST /wd/hub/session/b8fdfe98-73e2-460f-b261-844f14a86643/timeouts [39m[32m200[39m [90m1 ms - 14[39m [90m[39m
[38;5;120m[b8fdfe98][0m[38;5;86m[HTTP][0m [37m-->[39m [37mPOST[39m [37m/wd/hub/session/b8fdfe98-73e2-460f-b261-844f14a86643/element/00000000-0000-0779-ffff-ffff000000cd/click[39m [90m{"id":"00000000-0000-0779-ffff-ffff000000cd"}[39m
[38;5;120m[b8fdfe98][0m[38;5;86m[HTTP][0m [37m<-- POST /wd/hub/session/b8fdfe98-73e2-460f-b261-844f14a86643/element/00000000-0000-0779-ffff-ffff000000cd/click [39m[32m200[39m [90m77 ms - 14[39m [90m[39m
[38;5;120m[b8fdfe98][0m[38;5;86m[HTTP][0m [37m-->[39m [37mPOST[39m [37m/wd/hub/session/b8fdfe98-73e2-460f-b261-844f14a86643/timeouts[39m [90m{"implicit":50}[39m
[38;5;120m[b8fdfe98][0m[38;5;86m[HTTP][0m [37m<-- POST /wd/hub/session/b8fdfe98-73e2-460f-b261-844f14a86643/timeouts [39m[32m200[39m [90m1 ms - 14[39m [90m[39m
[38;5;120m[b8fdfe98][0m[38;5;86m[HTTP][0m [37m-->[39m [37mGET[39m [37m/wd/hub/session/b8fdfe98-73e2-460f-b261-844f14a86643/window/rect[39m [90m{}[39m
[38;5;120m[b8fdfe98][0m[38;5;86m[HTTP][0m [37m<-- GET /wd/hub/session/b8fdfe98-73e2-460f-b261-844f14a86643/window/rect [39m[32m200[39m [90m28 ms - 49[39m [90m[39m
[38;5;120m[b8fdfe98][0m[38;5;86m[HTTP][0m [37m-->[39m [37mPOST[39m [37m/wd/hub/session/b8fdfe98-73e2-460f-b261-844f14a86643/elements[39m [90m{"using":"xpath","value":"//*[@class = 'android.widget.TextView' and (@text = concat(\"Parent\" , \"'\" , \"s rooms\") or . = concat(\"Parent\" , \"'\" , \"s rooms\"))]"}[39m
[38;5;120m[b8fdfe98][0m[38;5;86m[HTTP][0m [37m<-- POST /wd/hub/session/b8fdfe98-73e2-460f-b261-844f14a86643/elements [39m[32m200[39m [90m288 ms - 12[39m [90m[39m
[38;5;120m[b8fdfe98][0m[38;5;86m[HTTP][0m [37m-->[39m [37mPOST[39m [37m/wd/hub/session/b8fdfe98-73e2-460f-b261-844f14a86643/elements[39m [90m{"using":"xpath","value":"//*[@class = 'android.widget.TextView' and (@text = concat(\"Parent\" , \"'\" , \"s rooms\") or . = concat(\"Parent\" , \"'\" , \"s rooms\"))]"}[39m
[38;5;120m[b8fdfe98][0m[38;5;86m[HTTP][0m [37m<-- POST /wd/hub/session/b8fdfe98-73e2-460f-b261-844f14a86643/elements [39m[32m200[39m [90m1172 ms - 12[39m [90m[39m
[38;5;120m[b8fdfe98][0m[38;5;86m[HTTP][0m [37m-->[39m [37mPOST[39m [37m/wd/hub/session/b8fdfe98-73e2-460f-b261-844f14a86643/elements[39m [90m{"using":"xpath","value":"//*[@class = 'android.widget.TextView' and (@text = concat(\"Parent\" , \"'\" , \"s rooms\") or . = concat(\"Parent\" , \"'\" , \"s rooms\"))]"}[39m
[38;5;120m[b8fdfe98][0m[38;5;86m[HTTP][0m [37m<-- POST /wd/hub/session/b8fdfe98-73e2-460f-b261-844f14a86643/elements [39m[32m200[39m [90m335 ms - 12[39m [90m[39m
[38;5;120m[b8fdfe98][0m[38;5;86m[HTTP][0m [37m-->[39m [37mPOST[39m [37m/wd/hub/session/b8fdfe98-73e2-460f-b261-844f14a86643/elements[39m [90m{"using":"xpath","value":"//*[@class = 'android.widget.TextView' and (@text = concat(\"Parent\" , \"'\" , \"s rooms\") or . = concat(\"Parent\" , \"'\" , \"s rooms\"))]"}[39m
[38;5;120m[b8fdfe98][0m[38;5;86m[HTTP][0m [37m<-- POST /wd/hub/session/b8fdfe98-73e2-460f-b261-844f14a86643/elements [39m[32m200[39m [90m333 ms - 12[39m [90m[39m
[38;5;120m[b8fdfe98][0m[38;5;86m[HTTP][0m [37m-->[39m [37mPOST[39m [37m/wd/hub/session/b8fdfe98-73e2-460f-b261-844f14a86643/elements[39m [90m{"using":"xpath","value":"//*[@class = 'android.widget.TextView' and (@text = concat(\"Parent\" , \"'\" , \"s rooms\") or . = concat(\"Parent\" , \"'\" , \"s rooms\"))]"}[39m
[38;5;120m[b8fdfe98][0m[38;5;86m[HTTP][0m [37m<-- POST /wd/hub/session/b8fdfe98-73e2-460f-b261-844f14a86643/elements [39m[32m200[39m [90m326 ms - 12[39m [90m[39m
[38;5;120m[b8fdfe98][0m[38;5;86m[HTTP][0m [37m-->[39m [37mPOST[39m [37m/wd/hub/session/b8fdfe98-73e2-460f-b261-844f14a86643/elements[39m [90m{"using":"xpath","value":"//*[@class = 'android.widget.TextView' and (@text = concat(\"Parent\" , \"'\" , \"s rooms\") or . = concat(\"Parent\" , \"'\" , \"s rooms\"))]"}[39m
[38;5;120m[b8fdfe98][0m[38;5;86m[HTTP][0m [37m<-- POST /wd/hub/session/b8fdfe98-73e2-460f-b261-844f14a86643/elements [39m[32m200[39m [90m374 ms - 12[39m [90m[39m
[38;5;120m[b8fdfe98][0m[38;5;86m[HTTP][0m [37m-->[39m [37mPOST[39m [37m/wd/hub/session/b8fdfe98-73e2-460f-b261-844f14a86643/elements[39m [90m{"using":"xpath","value":"//*[@class = 'android.widget.TextView' and (@text = concat(\"Parent\" , \"'\" , \"s rooms\") or . = concat(\"Parent\" , \"'\" , \"s rooms\"))]"}[39m
[38;5;120m[b8fdfe98][0m[38;5;86m[HTTP][0m [37m<-- POST /wd/hub/session/b8fdfe98-73e2-460f-b261-844f14a86643/elements [39m[32m200[39m [90m324 ms - 12[39m [90m[39m
[38;5;120m[b8fdfe98][0m[38;5;86m[HTTP][0m [37m-->[39m [37mPOST[39m [37m/wd/hub/session/b8fdfe98-73e2-460f-b261-844f14a86643/elements[39m [90m{"using":"xpath","value":"//*[@class = 'android.widget.TextView' and (@text = concat(\"Parent\" , \"'\" , \"s rooms\") or . = concat(\"Parent\" , \"'\" , \"s rooms\"))]"}[39m
[38;5;120m[b8fdfe98][0m[38;5;86m[HTTP][0m [37m<-- POST /wd/hub/session/b8fdfe98-73e2-460f-b261-844f14a86643/elements [39m[32m200[39m [90m314 ms - 12[39m [90m[39m
[38;5;120m[b8fdfe98][0m[38;5;86m[HTTP][0m [37m-->[39m [37mPOST[39m [37m/wd/hub/session/b8fdfe98-73e2-460f-b261-844f14a86643/elements[39m [90m{"using":"xpath","value":"//*[@class = 'android.widget.TextView' and (@text = concat(\"Parent\" , \"'\" , \"s rooms\") or . = concat(\"Parent\" , \"'\" , \"s rooms\"))]"}[39m
[38;5;120m[b8fdfe98][0m[38;5;86m[HTTP][0m [37m<-- POST /wd/hub/session/b8fdfe98-73e2-460f-b261-844f14a86643/elements [39m[32m200[39m [90m305 ms - 12[39m [90m[39m
[38;5;120m[b8fdfe98][0m[38;5;86m[HTTP][0m [37m-->[39m [37mPOST[39m [37m/wd/hub/session/b8fdfe98-73e2-460f-b261-844f14a86643/elements[39m [90m{"using":"xpath","value":"//*[@class = 'android.widget.TextView' and (@text = concat(\"Parent\" , \"'\" , \"s rooms\") or . = concat(\"Parent\" , \"'\" , \"s rooms\"))]"}[39m
[38;5;120m[b8fdfe98][0m[38;5;86m[HTTP][0m [37m<-- POST /wd/hub/session/b8fdfe98-73e2-460f-b261-844f14a86643/elements [39m[32m200[39m [90m339 ms - 12[39m [90m[39m
[38;5;120m[b8fdfe98][0m[38;5;86m[HTTP][0m [37m-->[39m [37mPOST[39m [37m/wd/hub/session/b8fdfe98-73e2-460f-b261-844f14a86643/elements[39m [90m{"using":"xpath","value":"//*[@class = 'android.widget.TextView' and (@text = concat(\"Parent\" , \"'\" , \"s rooms\") or . = concat(\"Parent\" , \"'\" , \"s rooms\"))]"}[39m
[38;5;120m[b8fdfe98][0m[38;5;86m[HTTP][0m [37m<-- POST /wd/hub/session/b8fdfe98-73e2-460f-b261-844f14a86643/elements [39m[32m200[39m [90m332 ms - 12[39m [90m[39m
[38;5;120m[b8fdfe98][0m[38;5;86m[HTTP][0m [37m-->[39m [37mPOST[39m [37m/wd/hub/session/b8fdfe98-73e2-460f-b261-844f14a86643/elements[39m [90m{"using":"xpath","value":"//*[@class = 'android.widget.TextView' and (@text = concat(\"Parent\" , \"'\" , \"s rooms\") or . = concat(\"Parent\" , \"'\" , \"s rooms\"))]"}[39m
[38;5;120m[b8fdfe98][0m[38;5;86m[HTTP][0m [37m<-- POST /wd/hub/session/b8fdfe98-73e2-460f-b261-844f14a86643/elements [39m[32m200[39m [90m333 ms - 12[39m [90m[39m
[38;5;120m[b8fdfe98][0m[38;5;86m[HTTP][0m [37m-->[39m [37mPOST[39m [37m/wd/hub/session/b8fdfe98-73e2-460f-b261-844f14a86643/elements[39m [90m{"using":"xpath","value":"//*[@class = 'android.widget.TextView' and (@text = concat(\"Parent\" , \"'\" , \"s rooms\") or . = concat(\"Parent\" , \"'\" , \"s rooms\"))]"}[39m
[38;5;120m[b8fdfe98][0m[38;5;86m[HTTP][0m [37m<-- POST /wd/hub/session/b8fdfe98-73e2-460f-b261-844f14a86643/elements [39m[32m200[39m [90m344 ms - 12[39m [90m[39m
[38;5;120m[b8fdfe98][0m[38;5;86m[HTTP][0m [37m-->[39m [37mPOST[39m [37m/wd/hub/session/b8fdfe98-73e2-460f-b261-844f14a86643/elements[39m [90m{"using":"xpath","value":"//*[@class = 'android.widget.TextView' and (@text = concat(\"Parent\" , \"'\" , \"s rooms\") or . = concat(\"Parent\" , \"'\" , \"s rooms\"))]"}[39m
[38;5;120m[b8fdfe98][0m[38;5;86m[HTTP][0m [37m<-- POST /wd/hub/session/b8fdfe98-73e2-460f-b261-844f14a86643/elements [39m[32m200[39m [90m334 ms - 12[39m [90m[39m
[38;5;120m[b8fdfe98][0m[38;5;86m[HTTP][0m [37m-->[39m [37mPOST[39m [37m/wd/hub/session/b8fdfe98-73e2-460f-b261-844f14a86643/elements[39m [90m{"using":"xpath","value":"//*[@class = 'android.widget.TextView' and (@text = concat(\"Parent\" , \"'\" , \"s rooms\") or . = concat(\"Parent\" , \"'\" , \"s rooms\"))]"}[39m
[38;5;120m[b8fdfe98][0m[38;5;86m[HTTP][0m [37m<-- POST /wd/hub/session/b8fdfe98-73e2-460f-b261-844f14a86643/elements [39m[32m200[39m [90m322 ms - 12[39m [90m[39m
[38;5;120m[b8fdfe98][0m[38;5;86m[HTTP][0m [37m-->[39m [37mPOST[39m [37m/wd/hub/session/b8fdfe98-73e2-460f-b261-844f14a86643/elements[39m [90m{"using":"xpath","value":"//*[@class = 'android.widget.TextView' and (@text = concat(\"Parent\" , \"'\" , \"s rooms\") or . = concat(\"Parent\" , \"'\" , \"s rooms\"))]"}[39m
[38;5;120m[b8fdfe98][0m[38;5;86m[HTTP][0m [37m<-- POST /wd/hub/session/b8fdfe98-73e2-460f-b261-844f14a86643/elements [39m[32m200[39m [90m328 ms - 12[39m [90m[39m
[38;5;120m[b8fdfe98][0m[38;5;86m[HTTP][0m [37m-->[39m [37mPOST[39m [37m/wd/hub/session/b8fdfe98-73e2-460f-b261-844f14a86643/elements[39m [90m{"using":"xpath","value":"//*[@class = 'android.widget.TextView' and (@text = concat(\"Parent\" , \"'\" , \"s rooms\") or . = concat(\"Parent\" , \"'\" , \"s rooms\"))]"}[39m
[38;5;120m[b8fdfe98][0m[38;5;86m[HTTP][0m [37m<-- POST /wd/hub/session/b8fdfe98-73e2-460f-b261-844f14a86643/elements [39m[32m200[39m [90m306 ms - 12[39m [90m[39m
[38;5;120m[b8fdfe98][0m[38;5;86m[HTTP][0m [37m-->[39m [37mPOST[39m [37m/wd/hub/session/b8fdfe98-73e2-460f-b261-844f14a86643/elements[39m [90m{"using":"xpath","value":"//*[@class = 'android.widget.TextView' and (@text = concat(\"Parent\" , \"'\" , \"s rooms\") or . = concat(\"Parent\" , \"'\" , \"s rooms\"))]"}[39m
[38;5;120m[b8fdfe98][0m[38;5;86m[HTTP][0m [37m<-- POST /wd/hub/session/b8fdfe98-73e2-460f-b261-844f14a86643/elements [39m[32m200[39m [90m357 ms - 12[39m [90m[39m
[38;5;120m[b8fdfe98][0m[38;5;86m[HTTP][0m [37m-->[39m [37mPOST[39m [37m/wd/hub/session/b8fdfe98-73e2-460f-b261-844f14a86643/elements[39m [90m{"using":"xpath","value":"//*[@class = 'android.widget.TextView' and (@text = concat(\"Parent\" , \"'\" , \"s rooms\") or . = concat(\"Parent\" , \"'\" , \"s rooms\"))]"}[39m
[38;5;120m[b8fdfe98][0m[38;5;86m[HTTP][0m [37m<-- POST /wd/hub/session/b8fdfe98-73e2-460f-b261-844f14a86643/elements [39m[32m200[39m [90m338 ms - 12[39m [90m[39m
[38;5;120m[b8fdfe98][0m[38;5;86m[HTTP][0m [37m-->[39m [37mPOST[39m [37m/wd/hub/session/b8fdfe98-73e2-460f-b261-844f14a86643/elements[39m [90m{"using":"xpath","value":"//*[@class = 'android.widget.TextView' and (@text = concat(\"Parent\" , \"'\" , \"s rooms\") or . = concat(\"Parent\" , \"'\" , \"s rooms\"))]"}[39m
[38;5;120m[b8fdfe98][0m[38;5;86m[HTTP][0m [37m<-- POST /wd/hub/session/b8fdfe98-73e2-460f-b261-844f14a86643/elements [39m[32m200[39m [90m325 ms - 12[39m [90m[39m
[38;5;120m[b8fdfe98][0m[38;5;86m[HTTP][0m [37m-->[39m [37mPOST[39m [37m/wd/hub/session/b8fdfe98-73e2-460f-b261-844f14a86643/elements[39m [90m{"using":"xpath","value":"//*[@class = 'android.widget.TextView' and (@text = concat(\"Parent\" , \"'\" , \"s rooms\") or . = concat(\"Parent\" , \"'\" , \"s rooms\"))]"}[39m
[38;5;120m[b8fdfe98][0m[38;5;86m[HTTP][0m [37m<-- POST /wd/hub/session/b8fdfe98-73e2-460f-b261-844f14a86643/elements [39m[32m200[39m [90m311 ms - 12[39m [90m[39m
[38;5;120m[b8fdfe98][0m[38;5;86m[HTTP][0m [37m-->[39m [37mPOST[39m [37m/wd/hub/session/b8fdfe98-73e2-460f-b261-844f14a86643/elements[39m [90m{"using":"xpath","value":"//*[@class = 'android.widget.TextView' and (@text = concat(\"Parent\" , \"'\" , \"s rooms\") or . = concat(\"Parent\" , \"'\" , \"s rooms\"))]"}[39m
[38;5;120m[b8fdfe98][0m[38;5;86m[HTTP][0m [37m<-- POST /wd/hub/session/b8fdfe98-73e2-460f-b261-844f14a86643/elements [39m[32m200[39m [90m321 ms - 12[39m [90m[39m
[38;5;120m[b8fdfe98][0m[38;5;86m[HTTP][0m [37m-->[39m [37mPOST[39m [37m/wd/hub/session/b8fdfe98-73e2-460f-b261-844f14a86643/elements[39m [90m{"using":"xpath","value":"//*[@class = 'android.widget.TextView' and (@text = concat(\"Parent\" , \"'\" , \"s rooms\") or . = concat(\"Parent\" , \"'\" , \"s rooms\"))]"}[39m
[38;5;120m[b8fdfe98][0m[38;5;86m[HTTP][0m [37m<-- POST /wd/hub/session/b8fdfe98-73e2-460f-b261-844f14a86643/elements [39m[32m200[39m [90m315 ms - 12[39m [90m[39m
[38;5;120m[b8fdfe98][0m[38;5;86m[HTTP][0m [37m-->[39m [37mPOST[39m [37m/wd/hub/session/b8fdfe98-73e2-460f-b261-844f14a86643/elements[39m [90m{"using":"xpath","value":"//*[@class = 'android.widget.TextView' and (@text = concat(\"Parent\" , \"'\" , \"s rooms\") or . = concat(\"Parent\" , \"'\" , \"s rooms\"))]"}[39m
[38;5;120m[b8fdfe98][0m[38;5;86m[HTTP][0m [37m<-- POST /wd/hub/session/b8fdfe98-73e2-460f-b261-844f14a86643/elements [39m[32m200[39m [90m317 ms - 12[39m [90m[39m
[38;5;120m[b8fdfe98][0m[38;5;86m[HTTP][0m [37m-->[39m [37mPOST[39m [37m/wd/hub/session/b8fdfe98-73e2-460f-b261-844f14a86643/elements[39m [90m{"using":"xpath","value":"//*[@class = 'android.widget.TextView' and (@text = concat(\"Parent\" , \"'\" , \"s rooms\") or . = concat(\"Parent\" , \"'\" , \"s rooms\"))]"}[39m
[38;5;120m[b8fdfe98][0m[38;5;86m[HTTP][0m [37m<-- POST /wd/hub/session/b8fdfe98-73e2-460f-b261-844f14a86643/elements [39m[32m200[39m [90m315 ms - 12[39m [90m[39m
[38;5;120m[b8fdfe98][0m[38;5;86m[HTTP][0m [37m-->[39m [37mPOST[39m [37m/wd/hub/session/b8fdfe98-73e2-460f-b261-844f14a86643/elements[39m [90m{"using":"xpath","value":"//*[@class = 'android.widget.TextView' and (@text = concat(\"Parent\" , \"'\" , \"s rooms\") or . = concat(\"Parent\" , \"'\" , \"s rooms\"))]"}[39m
[38;5;120m[b8fdfe98][0m[38;5;86m[HTTP][0m [37m<-- POST /wd/hub/session/b8fdfe98-73e2-460f-b261-844f14a86643/elements [39m[32m200[39m [90m316 ms - 12[39m [90m[39m
[38;5;120m[b8fdfe98][0m[38;5;86m[HTTP][0m [37m-->[39m [37mPOST[39m [37m/wd/hub/session/b8fdfe98-73e2-460f-b261-844f14a86643/elements[39m [90m{"using":"xpath","value":"//*[@class = 'android.widget.TextView' and (@text = concat(\"Parent\" , \"'\" , \"s rooms\") or . = concat(\"Parent\" , \"'\" , \"s rooms\"))]"}[39m
[38;5;120m[b8fdfe98][0m[38;5;86m[HTTP][0m [37m<-- POST /wd/hub/session/b8fdfe98-73e2-460f-b261-844f14a86643/elements [39m[32m200[39m [90m287 ms - 12[39m [90m[39m
[38;5;120m[b8fdfe98][0m[38;5;86m[HTTP][0m [37m-->[39m [37mPOST[39m [37m/wd/hub/session/b8fdfe98-73e2-460f-b261-844f14a86643/elements[39m [90m{"using":"xpath","value":"//*[@class = 'android.widget.TextView' and (@text = concat(\"Parent\" , \"'\" , \"s rooms\") or . = concat(\"Parent\" , \"'\" , \"s rooms\"))]"}[39m
[38;5;120m[b8fdfe98][0m[38;5;86m[HTTP][0m [37m<-- POST /wd/hub/session/b8fdfe98-73e2-460f-b261-844f14a86643/elements [39m[32m200[39m [90m297 ms - 12[39m [90m[39m
[38;5;120m[b8fdfe98][0m[38;5;86m[HTTP][0m [37m-->[39m [37mPOST[39m [37m/wd/hub/session/b8fdfe98-73e2-460f-b261-844f14a86643/elements[39m [90m{"using":"xpath","value":"//*[@class = 'android.widget.TextView' and (@text = concat(\"Parent\" , \"'\" , \"s rooms\") or . = concat(\"Parent\" , \"'\" , \"s rooms\"))]"}[39m
[38;5;120m[b8fdfe98][0m[38;5;86m[HTTP][0m [37m<-- POST /wd/hub/session/b8fdfe98-73e2-460f-b261-844f14a86643/elements [39m[32m200[39m [90m321 ms - 12[39m [90m[39m
[38;5;120m[b8fdfe98][0m[38;5;86m[HTTP][0m [37m-->[39m [37mPOST[39m [37m/wd/hub/session/b8fdfe98-73e2-460f-b261-844f14a86643/elements[39m [90m{"using":"xpath","value":"//*[@class = 'android.widget.TextView' and (@text = concat(\"Parent\" , \"'\" , \"s rooms\") or . = concat(\"Parent\" , \"'\" , \"s rooms\"))]"}[39m
[38;5;120m[b8fdfe98][0m[38;5;86m[HTTP][0m [37m<-- POST /wd/hub/session/b8fdfe98-73e2-460f-b261-844f14a86643/elements [39m[32m200[39m [90m314 ms - 12[39m [90m[39m
[38;5;120m[b8fdfe98][0m[38;5;86m[HTTP][0m [37m-->[39m [37mPOST[39m [37m/wd/hub/session/b8fdfe98-73e2-460f-b261-844f14a86643/elements[39m [90m{"using":"xpath","value":"//*[@class = 'android.widget.TextView' and (@text = concat(\"Parent\" , \"'\" , \"s rooms\") or . = concat(\"Parent\" , \"'\" , \"s rooms\"))]"}[39m
[38;5;120m[b8fdfe98][0m[38;5;86m[HTTP][0m [37m<-- POST /wd/hub/session/b8fdfe98-73e2-460f-b261-844f14a86643/elements [39m[32m200[39m [90m330 ms - 12[39m [90m[39m
[38;5;120m[b8fdfe98][0m[38;5;86m[HTTP][0m [37m-->[39m [37mPOST[39m [37m/wd/hub/session/b8fdfe98-73e2-460f-b261-844f14a86643/elements[39m [90m{"using":"xpath","value":"//*[@class = 'android.widget.TextView' and (@text = concat(\"Parent\" , \"'\" , \"s rooms\") or . = concat(\"Parent\" , \"'\" , \"s rooms\"))]"}[39m
[38;5;120m[b8fdfe98][0m[38;5;86m[HTTP][0m [37m<-- POST /wd/hub/session/b8fdfe98-73e2-460f-b261-844f14a86643/elements [39m[32m200[39m [90m286 ms - 12[39m [90m[39m
[38;5;120m[b8fdfe98][0m[38;5;86m[HTTP][0m [37m-->[39m [37mPOST[39m [37m/wd/hub/session/b8fdfe98-73e2-460f-b261-844f14a86643/elements[39m [90m{"using":"xpath","value":"//*[@class = 'android.widget.TextView' and (@text = concat(\"Parent\" , \"'\" , \"s rooms\") or . = concat(\"Parent\" , \"'\" , \"s rooms\"))]"}[39m
[38;5;120m[b8fdfe98][0m[38;5;86m[HTTP][0m [37m<-- POST /wd/hub/session/b8fdfe98-73e2-460f-b261-844f14a86643/elements [39m[32m200[39m [90m323 ms - 12[39m [90m[39m
[38;5;120m[b8fdfe98][0m[38;5;86m[HTTP][0m [37m-->[39m [37mPOST[39m [37m/wd/hub/session/b8fdfe98-73e2-460f-b261-844f14a86643/elements[39m [90m{"using":"xpath","value":"//*[@class = 'android.widget.TextView' and (@text = concat(\"Parent\" , \"'\" , \"s rooms\") or . = concat(\"Parent\" , \"'\" , \"s rooms\"))]"}[39m
[38;5;120m[b8fdfe98][0m[38;5;86m[HTTP][0m [37m<-- POST /wd/hub/session/b8fdfe98-73e2-460f-b261-844f14a86643/elements [39m[32m200[39m [90m287 ms - 12[39m [90m[39m
[38;5;120m[b8fdfe98][0m[38;5;86m[HTTP][0m [37m-->[39m [37mPOST[39m [37m/wd/hub/session/b8fdfe98-73e2-460f-b261-844f14a86643/elements[39m [90m{"using":"xpath","value":"//*[@class = 'android.widget.TextView' and (@text = concat(\"Parent\" , \"'\" , \"s rooms\") or . = concat(\"Parent\" , \"'\" , \"s rooms\"))]"}[39m
[38;5;120m[b8fdfe98][0m[38;5;86m[HTTP][0m [37m<-- POST /wd/hub/session/b8fdfe98-73e2-460f-b261-844f14a86643/elements [39m[32m200[39m [90m657 ms - 12[39m [90m[39m
[38;5;120m[b8fdfe98][0m[38;5;86m[HTTP][0m [37m-->[39m [37mPOST[39m [37m/wd/hub/session/b8fdfe98-73e2-460f-b261-844f14a86643/elements[39m [90m{"using":"xpath","value":"//*[@class = 'android.widget.TextView' and (@text = concat(\"Parent\" , \"'\" , \"s rooms\") or . = concat(\"Parent\" , \"'\" , \"s rooms\"))]"}[39m
[38;5;120m[b8fdfe98][0m[38;5;86m[HTTP][0m [37m<-- POST /wd/hub/session/b8fdfe98-73e2-460f-b261-844f14a86643/elements [39m[32m200[39m [90m294 ms - 12[39m [90m[39m
[38;5;120m[b8fdfe98][0m[38;5;86m[HTTP][0m [37m-->[39m [37mPOST[39m [37m/wd/hub/session/b8fdfe98-73e2-460f-b261-844f14a86643/elements[39m [90m{"using":"xpath","value":"//*[@class = 'android.widget.TextView' and (@text = concat(\"Parent\" , \"'\" , \"s rooms\") or . = concat(\"Parent\" , \"'\" , \"s rooms\"))]"}[39m
[38;5;120m[b8fdfe98][0m[38;5;86m[HTTP][0m [37m<-- POST /wd/hub/session/b8fdfe98-73e2-460f-b261-844f14a86643/elements [39m[32m200[39m [90m323 ms - 12[39m [90m[39m
[38;5;120m[b8fdfe98][0m[38;5;86m[HTTP][0m [37m-->[39m [37mPOST[39m [37m/wd/hub/session/b8fdfe98-73e2-460f-b261-844f14a86643/elements[39m [90m{"using":"xpath","value":"//*[@class = 'android.widget.TextView' and (@text = concat(\"Parent\" , \"'\" , \"s rooms\") or . = concat(\"Parent\" , \"'\" , \"s rooms\"))]"}[39m
[38;5;120m[b8fdfe98][0m[38;5;86m[HTTP][0m [37m<-- POST /wd/hub/session/b8fdfe98-73e2-460f-b261-844f14a86643/elements [39m[32m200[39m [90m335 ms - 12[39m [90m[39m
[38;5;120m[b8fdfe98][0m[38;5;86m[HTTP][0m [37m-->[39m [37mPOST[39m [37m/wd/hub/session/b8fdfe98-73e2-460f-b261-844f14a86643/elements[39m [90m{"using":"xpath","value":"//*[@class = 'android.widget.TextView' and (@text = concat(\"Parent\" , \"'\" , \"s rooms\") or . = concat(\"Parent\" , \"'\" , \"s rooms\"))]"}[39m
[38;5;120m[b8fdfe98][0m[38;5;86m[HTTP][0m [37m<-- POST /wd/hub/session/b8fdfe98-73e2-460f-b261-844f14a86643/elements [39m[32m200[39m [90m322 ms - 12[39m [90m[39m
[38;5;120m[b8fdfe98][0m[38;5;86m[HTTP][0m [37m-->[39m [37mPOST[39m [37m/wd/hub/session/b8fdfe98-73e2-460f-b261-844f14a86643/elements[39m [90m{"using":"xpath","value":"//*[@class = 'android.widget.TextView' and (@text = concat(\"Parent\" , \"'\" , \"s rooms\") or . = concat(\"Parent\" , \"'\" , \"s rooms\"))]"}[39m
[38;5;120m[b8fdfe98][0m[38;5;86m[HTTP][0m [37m<-- POST /wd/hub/session/b8fdfe98-73e2-460f-b261-844f14a86643/elements [39m[32m200[39m [90m298 ms - 12[39m [90m[39m
[38;5;120m[b8fdfe98][0m[38;5;86m[HTTP][0m [37m-->[39m [37mPOST[39m [37m/wd/hub/session/b8fdfe98-73e2-460f-b261-844f14a86643/elements[39m [90m{"using":"xpath","value":"//*[@class = 'android.widget.TextView' and (@text = concat(\"Parent\" , \"'\" , \"s rooms\") or . = concat(\"Parent\" , \"'\" , \"s rooms\"))]"}[39m
[38;5;120m[b8fdfe98][0m[38;5;86m[HTTP][0m [37m<-- POST /wd/hub/session/b8fdfe98-73e2-460f-b261-844f14a86643/elements [39m[32m200[39m [90m296 ms - 12[39m [90m[39m
[38;5;120m[b8fdfe98][0m[38;5;86m[HTTP][0m [37m-->[39m [37mPOST[39m [37m/wd/hub/session/b8fdfe98-73e2-460f-b261-844f14a86643/elements[39m [90m{"using":"xpath","value":"//*[@class = 'android.widget.TextView' and (@text = concat(\"Parent\" , \"'\" , \"s rooms\") or . = concat(\"Parent\" , \"'\" , \"s rooms\"))]"}[39m
[38;5;120m[b8fdfe98][0m[38;5;86m[HTTP][0m [37m<-- POST /wd/hub/session/b8fdfe98-73e2-460f-b261-844f14a86643/elements [39m[32m200[39m [90m324 ms - 12[39m [90m[39m
[38;5;120m[b8fdfe98][0m[38;5;86m[HTTP][0m [37m-->[39m [37mPOST[39m [37m/wd/hub/session/b8fdfe98-73e2-460f-b261-844f14a86643/elements[39m [90m{"using":"xpath","value":"//*[@class = 'android.widget.TextView' and (@text = concat(\"Parent\" , \"'\" , \"s rooms\") or . = concat(\"Parent\" , \"'\" , \"s rooms\"))]"}[39m
[38;5;120m[b8fdfe98][0m[38;5;86m[HTTP][0m [37m<-- POST /wd/hub/session/b8fdfe98-73e2-460f-b261-844f14a86643/elements [39m[32m200[39m [90m780 ms - 12[39m [90m[39m
[38;5;120m[b8fdfe98][0m[38;5;86m[HTTP][0m [37m-->[39m [37mPOST[39m [37m/wd/hub/session/b8fdfe98-73e2-460f-b261-844f14a86643/elements[39m [90m{"using":"xpath","value":"//*[@class = 'android.widget.TextView' and (@text = concat(\"Parent\" , \"'\" , \"s rooms\") or . = concat(\"Parent\" , \"'\" , \"s rooms\"))]"}[39m
[38;5;120m[b8fdfe98][0m[38;5;86m[HTTP][0m [37m<-- POST /wd/hub/session/b8fdfe98-73e2-460f-b261-844f14a86643/elements [39m[32m200[39m [90m306 ms - 12[39m [90m[39m
[38;5;120m[b8fdfe98][0m[38;5;86m[HTTP][0m [37m-->[39m [37mPOST[39m [37m/wd/hub/session/b8fdfe98-73e2-460f-b261-844f14a86643/elements[39m [90m{"using":"xpath","value":"//*[@class = 'android.widget.TextView' and (@text = concat(\"Parent\" , \"'\" , \"s rooms\") or . = concat(\"Parent\" , \"'\" , \"s rooms\"))]"}[39m
[38;5;120m[b8fdfe98][0m[38;5;86m[HTTP][0m [37m<-- POST /wd/hub/session/b8fdfe98-73e2-460f-b261-844f14a86643/elements [39m[32m200[39m [90m299 ms - 12[39m [90m[39m
[38;5;120m[b8fdfe98][0m[38;5;86m[HTTP][0m [37m-->[39m [37mPOST[39m [37m/wd/hub/session/b8fdfe98-73e2-460f-b261-844f14a86643/elements[39m [90m{"using":"xpath","value":"//*[@class = 'android.widget.TextView' and (@text = concat(\"Parent\" , \"'\" , \"s rooms\") or . = concat(\"Parent\" , \"'\" , \"s rooms\"))]"}[39m
[38;5;120m[b8fdfe98][0m[38;5;86m[HTTP][0m [37m<-- POST /wd/hub/session/b8fdfe98-73e2-460f-b261-844f14a86643/elements [39m[32m200[39m [90m322 ms - 12[39m [90m[39m
[38;5;120m[b8fdfe98][0m[38;5;86m[HTTP][0m [37m-->[39m [37mPOST[39m [37m/wd/hub/session/b8fdfe98-73e2-460f-b261-844f14a86643/elements[39m [90m{"using":"xpath","value":"//*[@class = 'android.widget.TextView' and (@text = concat(\"Parent\" , \"'\" , \"s rooms\") or . = concat(\"Parent\" , \"'\" , \"s rooms\"))]"}[39m
[38;5;120m[b8fdfe98][0m[38;5;86m[HTTP][0m [37m<-- POST /wd/hub/session/b8fdfe98-73e2-460f-b261-844f14a86643/elements [39m[32m200[39m [90m259 ms - 12[39m [90m[39m
[38;5;120m[b8fdfe98][0m[38;5;86m[HTTP][0m [37m-->[39m [37mPOST[39m [37m/wd/hub/session/b8fdfe98-73e2-460f-b261-844f14a86643/elements[39m [90m{"using":"xpath","value":"//*[@class = 'android.widget.TextView' and (@text = concat(\"Parent\" , \"'\" , \"s rooms\") or . = concat(\"Parent\" , \"'\" , \"s rooms\"))]"}[39m
[38;5;120m[b8fdfe98][0m[38;5;86m[HTTP][0m [37m<-- POST /wd/hub/session/b8fdfe98-73e2-460f-b261-844f14a86643/elements [39m[32m200[39m [90m312 ms - 12[39m [90m[39m
[38;5;120m[b8fdfe98][0m[38;5;86m[HTTP][0m [37m-->[39m [37mPOST[39m [37m/wd/hub/session/b8fdfe98-73e2-460f-b261-844f14a86643/elements[39m [90m{"using":"xpath","value":"//*[@class = 'android.widget.TextView' and (@text = concat(\"Parent\" , \"'\" , \"s rooms\") or . = concat(\"Parent\" , \"'\" , \"s rooms\"))]"}[39m
[38;5;120m[b8fdfe98][0m[38;5;86m[HTTP][0m [37m<-- POST /wd/hub/session/b8fdfe98-73e2-460f-b261-844f14a86643/elements [39m[32m200[39m [90m317 ms - 12[39m [90m[39m
[38;5;120m[b8fdfe98][0m[38;5;86m[HTTP][0m [37m-->[39m [37mPOST[39m [37m/wd/hub/session/b8fdfe98-73e2-460f-b261-844f14a86643/elements[39m [90m{"using":"xpath","value":"//*[@class = 'android.widget.TextView' and (@text = concat(\"Parent\" , \"'\" , \"s rooms\") or . = concat(\"Parent\" , \"'\" , \"s rooms\"))]"}[39m
[38;5;120m[b8fdfe98][0m[38;5;86m[HTTP][0m [37m<-- POST /wd/hub/session/b8fdfe98-73e2-460f-b261-844f14a86643/elements [39m[32m200[39m [90m299 ms - 12[39m [90m[39m
[38;5;120m[b8fdfe98][0m[38;5;86m[HTTP][0m [37m-->[39m [37mPOST[39m [37m/wd/hub/session/b8fdfe98-73e2-460f-b261-844f14a86643/elements[39m [90m{"using":"xpath","value":"//*[@class = 'android.widget.TextView' and (@text = concat(\"Parent\" , \"'\" , \"s rooms\") or . = concat(\"Parent\" , \"'\" , \"s rooms\"))]"}[39m
[38;5;120m[b8fdfe98][0m[38;5;86m[HTTP][0m [37m<-- POST /wd/hub/session/b8fdfe98-73e2-460f-b261-844f14a86643/elements [39m[32m200[39m [90m315 ms - 12[39m [90m[39m
[38;5;120m[b8fdfe98][0m[38;5;86m[HTTP][0m [37m-->[39m [37mPOST[39m [37m/wd/hub/session/b8fdfe98-73e2-460f-b261-844f14a86643/elements[39m [90m{"using":"xpath","value":"//*[@class = 'android.widget.TextView' and (@text = concat(\"Parent\" , \"'\" , \"s rooms\") or . = concat(\"Parent\" , \"'\" , \"s rooms\"))]"}[39m
[38;5;120m[b8fdfe98][0m[38;5;86m[HTTP][0m [37m<-- POST /wd/hub/session/b8fdfe98-73e2-460f-b261-844f14a86643/elements [39m[32m200[39m [90m313 ms - 12[39m [90m[39m
[38;5;120m[b8fdfe98][0m[38;5;86m[HTTP][0m [37m-->[39m [37mPOST[39m [37m/wd/hub/session/b8fdfe98-73e2-460f-b261-844f14a86643/elements[39m [90m{"using":"xpath","value":"//*[@class = 'android.widget.TextView' and (@text = concat(\"Parent\" , \"'\" , \"s rooms\") or . = concat(\"Parent\" , \"'\" , \"s rooms\"))]"}[39m
[38;5;120m[b8fdfe98][0m[38;5;86m[HTTP][0m [37m<-- POST /wd/hub/session/b8fdfe98-73e2-460f-b261-844f14a86643/elements [39m[32m200[39m [90m285 ms - 12[39m [90m[39m
[38;5;120m[b8fdfe98][0m[38;5;86m[HTTP][0m [37m-->[39m [37mPOST[39m [37m/wd/hub/session/b8fdfe98-73e2-460f-b261-844f14a86643/elements[39m [90m{"using":"xpath","value":"//*[@class = 'android.widget.TextView' and (@text = concat(\"Parent\" , \"'\" , \"s rooms\") or . = concat(\"Parent\" , \"'\" , \"s rooms\"))]"}[39m
[38;5;120m[b8fdfe98][0m[38;5;86m[HTTP][0m [37m<-- POST /wd/hub/session/b8fdfe98-73e2-460f-b261-844f14a86643/elements [39m[32m200[39m [90m306 ms - 12[39m [90m[39m
[38;5;120m[b8fdfe98][0m[38;5;86m[HTTP][0m [37m-->[39m [37mPOST[39m [37m/wd/hub/session/b8fdfe98-73e2-460f-b261-844f14a86643/elements[39m [90m{"using":"xpath","value":"//*[@class = 'android.widget.TextView' and (@text = concat(\"Parent\" , \"'\" , \"s rooms\") or . = concat(\"Parent\" , \"'\" , \"s rooms\"))]"}[39m
[38;5;120m[b8fdfe98][0m[38;5;86m[HTTP][0m [37m<-- POST /wd/hub/session/b8fdfe98-73e2-460f-b261-844f14a86643/elements [39m[32m200[39m [90m319 ms - 12[39m [90m[39m
[38;5;120m[b8fdfe98][0m[38;5;86m[HTTP][0m [37m-->[39m [37mPOST[39m [37m/wd/hub/session/b8fdfe98-73e2-460f-b261-844f14a86643/elements[39m [90m{"using":"xpath","value":"//*[@class = 'android.widget.TextView' and (@text = concat(\"Parent\" , \"'\" , \"s rooms\") or . = concat(\"Parent\" , \"'\" , \"s rooms\"))]"}[39m
[38;5;120m[b8fdfe98][0m[38;5;86m[HTTP][0m [37m<-- POST /wd/hub/session/b8fdfe98-73e2-460f-b261-844f14a86643/elements [39m[32m200[39m [90m300 ms - 12[39m [90m[39m
[38;5;120m[b8fdfe98][0m[38;5;86m[HTTP][0m [37m-->[39m [37mPOST[39m [37m/wd/hub/session/b8fdfe98-73e2-460f-b261-844f14a86643/elements[39m [90m{"using":"xpath","value":"//*[@class = 'android.widget.TextView' and (@text = concat(\"Parent\" , \"'\" , \"s rooms\") or . = concat(\"Parent\" , \"'\" , \"s rooms\"))]"}[39m
[38;5;120m[b8fdfe98][0m[38;5;86m[HTTP][0m [37m<-- POST /wd/hub/session/b8fdfe98-73e2-460f-b261-844f14a86643/elements [39m[32m200[39m [90m295 ms - 12[39m [90m[39m
[38;5;120m[b8fdfe98][0m[38;5;86m[HTTP][0m [37m-->[39m [37mPOST[39m [37m/wd/hub/session/b8fdfe98-73e2-460f-b261-844f14a86643/elements[39m [90m{"using":"xpath","value":"//*[@class = 'android.widget.TextView' and (@text = concat(\"Parent\" , \"'\" , \"s rooms\") or . = concat(\"Parent\" , \"'\" , \"s rooms\"))]"}[39m
[38;5;120m[b8fdfe98][0m[38;5;86m[HTTP][0m [37m<-- POST /wd/hub/session/b8fdfe98-73e2-460f-b261-844f14a86643/elements [39m[32m200[39m [90m290 ms - 12[39m [90m[39m
[38;5;120m[b8fdfe98][0m[38;5;86m[HTTP][0m [37m-->[39m [37mPOST[39m [37m/wd/hub/session/b8fdfe98-73e2-460f-b261-844f14a86643/elements[39m [90m{"using":"xpath","value":"//*[@class = 'android.widget.TextView' and (@text = concat(\"Parent\" , \"'\" , \"s rooms\") or . = concat(\"Parent\" , \"'\" , \"s rooms\"))]"}[39m
[38;5;120m[b8fdfe98][0m[38;5;86m[HTTP][0m [37m<-- POST /wd/hub/session/b8fdfe98-73e2-460f-b261-844f14a86643/elements [39m[32m200[39m [90m320 ms - 12[39m [90m[39m
[38;5;120m[b8fdfe98][0m[38;5;86m[HTTP][0m [37m-->[39m [37mPOST[39m [37m/wd/hub/session/b8fdfe98-73e2-460f-b261-844f14a86643/elements[39m [90m{"using":"xpath","value":"//*[@class = 'android.widget.TextView' and (@text = concat(\"Parent\" , \"'\" , \"s rooms\") or . = concat(\"Parent\" , \"'\" , \"s rooms\"))]"}[39m
[38;5;120m[b8fdfe98][0m[38;5;86m[HTTP][0m [37m<-- POST /wd/hub/session/b8fdfe98-73e2-460f-b261-844f14a86643/elements [39m[32m200[39m [90m319 ms - 12[39m [90m[39m
[38;5;120m[b8fdfe98][0m[38;5;86m[HTTP][0m [37m-->[39m [37mPOST[39m [37m/wd/hub/session/b8fdfe98-73e2-460f-b261-844f14a86643/elements[39m [90m{"using":"xpath","value":"//*[@class = 'android.widget.TextView' and (@text = concat(\"Parent\" , \"'\" , \"s rooms\") or . = concat(\"Parent\" , \"'\" , \"s rooms\"))]"}[39m
[38;5;120m[b8fdfe98][0m[38;5;86m[HTTP][0m [37m<-- POST /wd/hub/session/b8fdfe98-73e2-460f-b261-844f14a86643/elements [39m[32m200[39m [90m283 ms - 12[39m [90m[39m
[38;5;120m[b8fdfe98][0m[38;5;86m[HTTP][0m [37m-->[39m [37mPOST[39m [37m/wd/hub/session/b8fdfe98-73e2-460f-b261-844f14a86643/elements[39m [90m{"using":"xpath","value":"//*[@class = 'android.widget.TextView' and (@text = concat(\"Parent\" , \"'\" , \"s rooms\") or . = concat(\"Parent\" , \"'\" , \"s rooms\"))]"}[39m
[38;5;86m[HTTP][0m [37m<-- POST /wd/hub/session/b8fdfe98-73e2-460f-b261-844f14a86643/elements [39m[32m-[39m [90m- ms - -[39m [90m[39m
[38;5;120m[b8fdfe98][0m[38;5;-53m[AndroidUiautomator2Driver@2578][0m Shutting down because we waited 1800 seconds for a command
[38;5;120m[b8fdfe98][0m[38;5;209m[AppiumDriver@c293][0m Ending session, cause was 'New Command Timeout of 1800 seconds expired. Try customizing the timeout using the 'newCommandTimeout' desired capability'
[38;5;120m[b8fdfe98][0m[38;5;209m[AppiumDriver@c293][0m Removing session 'b8fdfe98-73e2-460f-b261-844f14a86643' from our master session list
[38;5;120m[b8fdfe98][0m[38;5;-53m[AndroidUiautomator2Driver@2578][0m Did not get confirmation UiAutomator2 deleteSession worked; Error was: UnknownError: An unknown server-side error occurred while processing the command. Original error: 'DELETE /' cannot be proxied to UiAutomator2 server because the instrumentation process is not running (probably crashed). Check the server log and/or the logcat output for more details
[38;5;120m[b8fdfe98][0m[38;5;-53m[AndroidUiautomator2Driver@2578][0m Restoring hidden api policy to the device default configuration
