[38;5;112m[Appium][0m Welcome to Appium v2.13.1
[38;5;112m[Appium][0m Non-default server args:
[38;5;112m[Appium][0m { basePath: [32m'/wd/hub'[39m, loglevel: [32m'info'[39m, port: [33m64057[39m }
[38;5;112m[Appium][0m Attempting to load driver uiautomator2...
[38;5;112m[Appium][0m Appium REST http interface listener started on http://0.0.0.0:64057/wd/hub
[38;5;112m[Appium][0m You can provide the following URLs in your client code to connect to this server:
	http://192.168.1.65:64057/wd/hub
	http://127.0.0.1:64057/wd/hub (only accessible from the same host)
[38;5;112m[Appium][0m Available drivers:
[38;5;112m[Appium][0m   - uiautomator2@3.9.7 (automationName 'UiAutomator2')
[38;5;112m[Appium][0m No plugins have been installed. Use the "appium plugin" command to install the one(s) you want to use.
[38;5;86m[HTTP][0m [37m-->[39m [37mGET[39m [37m/wd/hub/status[39m [90m{}[39m
[38;5;86m[HTTP][0m [37m<-- GET /wd/hub/status [39m[32m200[39m [90m24 ms - 111[39m [90m[39m
[38;5;86m[HTTP][0m [37m-->[39m [37mPOST[39m [37m/wd/hub/session[39m [90m{"capabilities":{"firstMatch":[{"appium:app":"C:\\Users\\User\\git\\SCM\\Test Files\\Setia_City_Mall_Version_5_13_11_(Version_Code_162).apk","appium:autoGrantPermissions":true,"appium:automationName":"uiautomator2","appium:deviceName":"samsung SM-M115F (Android 12)","appium:fullReset":false,"appium:newCommandTimeout":1800,"appium:noReset":true,"appium:platformName":"ANDROID","appium:platformVersion":"12","appium:systemPort":64056,"appium:udid":"R9JN70X3DWJ","platformName":"ANDROID"}]},"desiredCapabilities":{"appium:app":"C:\\Users\\User\\git\\SCM\\Test Files\\Setia_City_Mall_Version_5_13_11_(Version_Code_162).apk","appium:autoGrantPermissions":true,"appium:automationName":"uiautomator2","appium:deviceName":"samsung SM-M115F (Android 12)","appium:fullReset":false,"appium:newCommandTimeout":1800,"appium:noReset":true,"appium:platformName":"ANDROID","appium:platformVersion":"12","appium:systemPort":64056,"appium:udid":"R9JN70X3DWJ"}}[39m
[38;5;123m[BaseDriver][0m Ignoring capability 'appium:platformName=ANDROID' and using capability 'platformName=ANDROID'
[38;5;123m[BaseDriver][0m The capabilities ["platformName"] are standard capabilities and do not require "appium:" prefix
[38;5;112m[Appium][0m Attempting to find matching driver for automationName 'uiautomator2' and platformName 'ANDROID'
[38;5;112m[Appium][0m The 'uiautomator2' driver was installed and matched caps.
[38;5;112m[Appium][0m Will require it at C:\Users\User\.appium\node_modules\appium-uiautomator2-driver
[38;5;85m[AppiumDriver@ac76][0m Appium v2.13.1 creating new AndroidUiautomator2Driver (v3.9.7) session
[38;5;85m[AppiumDriver@ac76][0m Checking BaseDriver versions for Appium and AndroidUiautomator2Driver
[38;5;85m[AppiumDriver@ac76][0m Appium's BaseDriver version is 9.13.1
[38;5;85m[AppiumDriver@ac76][0m AndroidUiautomator2Driver's BaseDriver version is 9.13.1
[38;5;46m[51eab945][0m[38;5;-153m[AndroidUiautomator2Driver@ca48][0m Session created with session id: 51eab945-d59e-481f-8562-560e0fe3a85b
[38;5;46m[51eab945][0m[38;5;229m[ADB][0m Found 1 'build-tools' folders under 'C:\Users\User\.katalon\tools\android_sdk' (newest first):
[38;5;46m[51eab945][0m[38;5;229m[ADB][0m     C:\Users\User\.katalon\tools\android_sdk\build-tools\29.0.3
[38;5;46m[51eab945][0m[38;5;229m[ADB][0m Using 'adb.exe' from 'C:\Users\User\.katalon\tools\android_sdk\platform-tools\adb.exe'
[38;5;46m[51eab945][0m[38;5;-153m[AndroidUiautomator2Driver@ca48][0m Retrieving device list
[38;5;46m[51eab945][0m[38;5;-153m[AndroidUiautomator2Driver@ca48][0m Using device: R9JN70X3DWJ
[38;5;46m[51eab945][0m[38;5;229m[ADB][0m Using 'adb.exe' from 'C:\Users\User\.katalon\tools\android_sdk\platform-tools\adb.exe'
[38;5;46m[51eab945][0m[38;5;123m[BaseDriver][0m Using local app 'C:\Users\User\git\SCM\Test Files\Setia_City_Mall_Version_5_13_11_(Version_Code_162).apk'
[38;5;46m[51eab945][0m[38;5;229m[ADB][0m Getting device platform version
[38;5;46m[51eab945][0m[38;5;-153m[AndroidUiautomator2Driver@ca48][0m Relaxing hidden api policy
[38;5;46m[51eab945][0m[38;5;229m[ADB][0m Using 'aapt2.exe' from 'C:\Users\User\.katalon\tools\android_sdk\build-tools\29.0.3\aapt2.exe'
[38;5;46m[51eab945][0m[38;5;229m[ADB][0m Package name: 'com.convep.setiacitymall'
[38;5;46m[51eab945][0m[38;5;229m[ADB][0m Main activity name: 'com.convep.scm.MainActivity'
[38;5;46m[51eab945][0m[38;5;-153m[AndroidUiautomator2Driver@ca48][0m Server packages are not going to be (re)installed
[38;5;46m[51eab945][0m[38;5;229m[ADB][0m Adding packages ["io.appium.settings","io.appium.uiautomator2.server","io.appium.uiautomator2.server.test"] to Doze whitelist
[38;5;46m[51eab945][0m[38;5;-153m[AndroidUiautomator2Driver@ca48][0m Starting UIAutomator2 server 7.1.9
[38;5;46m[51eab945][0m[38;5;-153m[AndroidUiautomator2Driver@ca48][0m Using UIAutomator2 server from 'C:\Users\User\.appium\node_modules\appium-uiautomator2-driver\node_modules\appium-uiautomator2-server\apks\appium-uiautomator2-server-v7.1.9.apk' and test from 'C:\Users\User\.appium\node_modules\appium-uiautomator2-driver\node_modules\appium-uiautomator2-server\apks\appium-uiautomator2-server-debug-androidTest.apk'
[38;5;46m[51eab945][0m[38;5;-153m[AndroidUiautomator2Driver@ca48][0m Waiting up to 30000ms for UiAutomator2 to be online...
[38;5;46m[51eab945][0m[38;5;-153m[AndroidUiautomator2Driver@ca48][0m socket hang up
[38;5;46m[51eab945][0m[38;5;-153m[AndroidUiautomator2Driver@ca48][0m socket hang up
[38;5;46m[51eab945][0m[38;5;-153m[AndroidUiautomator2Driver@ca48][0m socket hang up
[38;5;46m[51eab945][0m[38;5;-153m[AndroidUiautomator2Driver@ca48][0m socket hang up
[38;5;46m[51eab945][0m[38;5;-153m[AndroidUiautomator2Driver@ca48][0m socket hang up
[38;5;46m[51eab945][0m[38;5;-153m[AndroidUiautomator2Driver@ca48][0m Determined the downstream protocol as 'W3C'
[38;5;46m[51eab945][0m[38;5;-153m[AndroidUiautomator2Driver@ca48][0m Screen already unlocked, doing nothing
[38;5;46m[51eab945][0m[38;5;-153m[AndroidUiautomator2Driver@ca48][0m Starting 'com.convep.setiacitymall/com.convep.scm.MainActivity and waiting for 'com.convep.setiacitymall/com.convep.scm.MainActivity'
[38;5;46m[51eab945][0m[38;5;85m[AppiumDriver@ac76][0m New AndroidUiautomator2Driver session created successfully, session 51eab945-d59e-481f-8562-560e0fe3a85b added to master session list
[38;5;46m[51eab945][0m[38;5;86m[HTTP][0m [37m<-- POST /wd/hub/session [39m[32m200[39m [90m11773 ms - 1316[39m [90m[39m
[38;5;86m[HTTP][0m [37m-->[39m [37mGET[39m [37m/wd/hub/status[39m [90m{}[39m
[38;5;86m[HTTP][0m [37m<-- GET /wd/hub/status [39m[32m200[39m [90m1 ms - 111[39m [90m[39m
[38;5;46m[51eab945][0m[38;5;86m[HTTP][0m [37m-->[39m [37mPOST[39m [37m/wd/hub/session/51eab945-d59e-481f-8562-560e0fe3a85b/timeouts[39m [90m{"implicit":40000}[39m
[38;5;46m[51eab945][0m[38;5;86m[HTTP][0m [37m<-- POST /wd/hub/session/51eab945-d59e-481f-8562-560e0fe3a85b/timeouts [39m[32m200[39m [90m7 ms - 14[39m [90m[39m
[38;5;46m[51eab945][0m[38;5;86m[HTTP][0m [37m-->[39m [37mPOST[39m [37m/wd/hub/session/51eab945-d59e-481f-8562-560e0fe3a85b/execute/sync[39m [90m{"args":[],"script":"mobile: getSystemBars"}[39m
[38;5;46m[51eab945][0m[38;5;-153m[AndroidUiautomator2Driver@ca48][0m Executing native command 'mobile: getSystemBars'
[38;5;46m[51eab945][0m[38;5;86m[HTTP][0m [37m<-- POST /wd/hub/session/51eab945-d59e-481f-8562-560e0fe3a85b/execute/sync [39m[32m200[39m [90m121 ms - 148[39m [90m[39m
[38;5;46m[51eab945][0m[38;5;86m[HTTP][0m [37m-->[39m [37mPOST[39m [37m/wd/hub/session/51eab945-d59e-481f-8562-560e0fe3a85b/timeouts[39m [90m{"implicit":50}[39m
[38;5;46m[51eab945][0m[38;5;86m[HTTP][0m [37m<-- POST /wd/hub/session/51eab945-d59e-481f-8562-560e0fe3a85b/timeouts [39m[32m200[39m [90m2 ms - 14[39m [90m[39m
[38;5;46m[51eab945][0m[38;5;86m[HTTP][0m [37m-->[39m [37mGET[39m [37m/wd/hub/session/51eab945-d59e-481f-8562-560e0fe3a85b/window/rect[39m [90m{}[39m
[38;5;46m[51eab945][0m[38;5;86m[HTTP][0m [37m<-- GET /wd/hub/session/51eab945-d59e-481f-8562-560e0fe3a85b/window/rect [39m[32m200[39m [90m37 ms - 49[39m [90m[39m
[38;5;46m[51eab945][0m[38;5;86m[HTTP][0m [37m-->[39m [37mPOST[39m [37m/wd/hub/session/51eab945-d59e-481f-8562-560e0fe3a85b/elements[39m [90m{"using":"xpath","value":"//*[@class = 'android.widget.ImageView' and (@text = '' or . = '')]"}[39m
[38;5;46m[51eab945][0m[38;5;86m[HTTP][0m [37m<-- POST /wd/hub/session/51eab945-d59e-481f-8562-560e0fe3a85b/elements [39m[32m200[39m [90m3895 ms - 1035[39m [90m[39m
[38;5;46m[51eab945][0m[38;5;86m[HTTP][0m [37m-->[39m [37mGET[39m [37m/wd/hub/session/51eab945-d59e-481f-8562-560e0fe3a85b/element/00000000-0000-0711-ffff-ffff0000004f/rect[39m [90m{}[39m
[38;5;46m[51eab945][0m[38;5;-153m[AndroidUiautomator2Driver@ca48][0m Driver proxy active, passing request on via HTTP proxy
[38;5;46m[51eab945][0m[38;5;-153m[AndroidUiautomator2Driver@ca48][0m Replacing sessionId ce85b282-7c4b-4432-a875-84525f447c30 with 51eab945-d59e-481f-8562-560e0fe3a85b
[38;5;46m[51eab945][0m[38;5;86m[HTTP][0m [37m<-- GET /wd/hub/session/51eab945-d59e-481f-8562-560e0fe3a85b/element/00000000-0000-0711-ffff-ffff0000004f/rect [39m[32m200[39m [90m71 ms - 98[39m [90m[39m
[38;5;46m[51eab945][0m[38;5;86m[HTTP][0m [37m-->[39m [37mPOST[39m [37m/wd/hub/session/51eab945-d59e-481f-8562-560e0fe3a85b/timeouts[39m [90m{"implicit":40000}[39m
[38;5;46m[51eab945][0m[38;5;86m[HTTP][0m [37m<-- POST /wd/hub/session/51eab945-d59e-481f-8562-560e0fe3a85b/timeouts [39m[32m200[39m [90m3 ms - 14[39m [90m[39m
[38;5;46m[51eab945][0m[38;5;86m[HTTP][0m [37m-->[39m [37mPOST[39m [37m/wd/hub/session/51eab945-d59e-481f-8562-560e0fe3a85b/element/00000000-0000-0711-ffff-ffff0000004f/click[39m [90m{"id":"00000000-0000-0711-ffff-ffff0000004f"}[39m
[38;5;46m[51eab945][0m[38;5;86m[HTTP][0m [37m<-- POST /wd/hub/session/51eab945-d59e-481f-8562-560e0fe3a85b/element/00000000-0000-0711-ffff-ffff0000004f/click [39m[32m200[39m [90m69 ms - 14[39m [90m[39m
[38;5;46m[51eab945][0m[38;5;86m[HTTP][0m [37m-->[39m [37mPOST[39m [37m/wd/hub/session/51eab945-d59e-481f-8562-560e0fe3a85b/timeouts[39m [90m{"implicit":50}[39m
[38;5;46m[51eab945][0m[38;5;86m[HTTP][0m [37m<-- POST /wd/hub/session/51eab945-d59e-481f-8562-560e0fe3a85b/timeouts [39m[32m200[39m [90m2 ms - 14[39m [90m[39m
[38;5;46m[51eab945][0m[38;5;86m[HTTP][0m [37m-->[39m [37mGET[39m [37m/wd/hub/session/51eab945-d59e-481f-8562-560e0fe3a85b/window/rect[39m [90m{}[39m
[38;5;46m[51eab945][0m[38;5;86m[HTTP][0m [37m<-- GET /wd/hub/session/51eab945-d59e-481f-8562-560e0fe3a85b/window/rect [39m[32m200[39m [90m20 ms - 49[39m [90m[39m
[38;5;46m[51eab945][0m[38;5;86m[HTTP][0m [37m-->[39m [37mPOST[39m [37m/wd/hub/session/51eab945-d59e-481f-8562-560e0fe3a85b/elements[39m [90m{"using":"xpath","value":"//*[@class = 'android.widget.TextView' and (@text = 'About' or . = 'About')]"}[39m
[38;5;46m[51eab945][0m[38;5;86m[HTTP][0m [37m<-- POST /wd/hub/session/51eab945-d59e-481f-8562-560e0fe3a85b/elements [39m[32m200[39m [90m491 ms - 12[39m [90m[39m
[38;5;46m[51eab945][0m[38;5;86m[HTTP][0m [37m-->[39m [37mPOST[39m [37m/wd/hub/session/51eab945-d59e-481f-8562-560e0fe3a85b/elements[39m [90m{"using":"xpath","value":"//*[@class = 'android.widget.TextView' and (@text = 'About' or . = 'About')]"}[39m
[38;5;46m[51eab945][0m[38;5;86m[HTTP][0m [37m<-- POST /wd/hub/session/51eab945-d59e-481f-8562-560e0fe3a85b/elements [39m[32m200[39m [90m462 ms - 12[39m [90m[39m
[38;5;46m[51eab945][0m[38;5;86m[HTTP][0m [37m-->[39m [37mPOST[39m [37m/wd/hub/session/51eab945-d59e-481f-8562-560e0fe3a85b/elements[39m [90m{"using":"xpath","value":"//*[@class = 'android.widget.TextView' and (@text = 'About' or . = 'About')]"}[39m
[38;5;46m[51eab945][0m[38;5;86m[HTTP][0m [37m<-- POST /wd/hub/session/51eab945-d59e-481f-8562-560e0fe3a85b/elements [39m[32m200[39m [90m431 ms - 12[39m [90m[39m
[38;5;46m[51eab945][0m[38;5;86m[HTTP][0m [37m-->[39m [37mPOST[39m [37m/wd/hub/session/51eab945-d59e-481f-8562-560e0fe3a85b/elements[39m [90m{"using":"xpath","value":"//*[@class = 'android.widget.TextView' and (@text = 'About' or . = 'About')]"}[39m
[38;5;46m[51eab945][0m[38;5;86m[HTTP][0m [37m<-- POST /wd/hub/session/51eab945-d59e-481f-8562-560e0fe3a85b/elements [39m[32m200[39m [90m425 ms - 12[39m [90m[39m
[38;5;46m[51eab945][0m[38;5;86m[HTTP][0m [37m-->[39m [37mPOST[39m [37m/wd/hub/session/51eab945-d59e-481f-8562-560e0fe3a85b/elements[39m [90m{"using":"xpath","value":"//*[@class = 'android.widget.TextView' and (@text = 'About' or . = 'About')]"}[39m
[38;5;46m[51eab945][0m[38;5;86m[HTTP][0m [37m<-- POST /wd/hub/session/51eab945-d59e-481f-8562-560e0fe3a85b/elements [39m[32m200[39m [90m416 ms - 12[39m [90m[39m
[38;5;46m[51eab945][0m[38;5;86m[HTTP][0m [37m-->[39m [37mPOST[39m [37m/wd/hub/session/51eab945-d59e-481f-8562-560e0fe3a85b/elements[39m [90m{"using":"xpath","value":"//*[@class = 'android.widget.TextView' and (@text = 'About' or . = 'About')]"}[39m
[38;5;46m[51eab945][0m[38;5;86m[HTTP][0m [37m<-- POST /wd/hub/session/51eab945-d59e-481f-8562-560e0fe3a85b/elements [39m[32m200[39m [90m414 ms - 12[39m [90m[39m
[38;5;46m[51eab945][0m[38;5;86m[HTTP][0m [37m-->[39m [37mPOST[39m [37m/wd/hub/session/51eab945-d59e-481f-8562-560e0fe3a85b/elements[39m [90m{"using":"xpath","value":"//*[@class = 'android.widget.TextView' and (@text = 'About' or . = 'About')]"}[39m
[38;5;46m[51eab945][0m[38;5;86m[HTTP][0m [37m<-- POST /wd/hub/session/51eab945-d59e-481f-8562-560e0fe3a85b/elements [39m[32m200[39m [90m407 ms - 12[39m [90m[39m
[38;5;46m[51eab945][0m[38;5;86m[HTTP][0m [37m-->[39m [37mPOST[39m [37m/wd/hub/session/51eab945-d59e-481f-8562-560e0fe3a85b/elements[39m [90m{"using":"xpath","value":"//*[@class = 'android.widget.TextView' and (@text = 'About' or . = 'About')]"}[39m
[38;5;46m[51eab945][0m[38;5;86m[HTTP][0m [37m<-- POST /wd/hub/session/51eab945-d59e-481f-8562-560e0fe3a85b/elements [39m[32m200[39m [90m380 ms - 12[39m [90m[39m
[38;5;46m[51eab945][0m[38;5;86m[HTTP][0m [37m-->[39m [37mPOST[39m [37m/wd/hub/session/51eab945-d59e-481f-8562-560e0fe3a85b/elements[39m [90m{"using":"xpath","value":"//*[@class = 'android.widget.TextView' and (@text = 'About' or . = 'About')]"}[39m
[38;5;46m[51eab945][0m[38;5;86m[HTTP][0m [37m<-- POST /wd/hub/session/51eab945-d59e-481f-8562-560e0fe3a85b/elements [39m[32m200[39m [90m368 ms - 12[39m [90m[39m
[38;5;46m[51eab945][0m[38;5;86m[HTTP][0m [37m-->[39m [37mPOST[39m [37m/wd/hub/session/51eab945-d59e-481f-8562-560e0fe3a85b/elements[39m [90m{"using":"xpath","value":"//*[@class = 'android.widget.TextView' and (@text = 'About' or . = 'About')]"}[39m
[38;5;46m[51eab945][0m[38;5;86m[HTTP][0m [37m<-- POST /wd/hub/session/51eab945-d59e-481f-8562-560e0fe3a85b/elements [39m[32m200[39m [90m359 ms - 12[39m [90m[39m
[38;5;46m[51eab945][0m[38;5;86m[HTTP][0m [37m-->[39m [37mPOST[39m [37m/wd/hub/session/51eab945-d59e-481f-8562-560e0fe3a85b/elements[39m [90m{"using":"xpath","value":"//*[@class = 'android.widget.TextView' and (@text = 'About' or . = 'About')]"}[39m
[38;5;46m[51eab945][0m[38;5;86m[HTTP][0m [37m<-- POST /wd/hub/session/51eab945-d59e-481f-8562-560e0fe3a85b/elements [39m[32m200[39m [90m374 ms - 12[39m [90m[39m
[38;5;46m[51eab945][0m[38;5;86m[HTTP][0m [37m-->[39m [37mPOST[39m [37m/wd/hub/session/51eab945-d59e-481f-8562-560e0fe3a85b/elements[39m [90m{"using":"xpath","value":"//*[@class = 'android.widget.TextView' and (@text = 'About' or . = 'About')]"}[39m
[38;5;46m[51eab945][0m[38;5;86m[HTTP][0m [37m<-- POST /wd/hub/session/51eab945-d59e-481f-8562-560e0fe3a85b/elements [39m[32m200[39m [90m351 ms - 12[39m [90m[39m
[38;5;46m[51eab945][0m[38;5;86m[HTTP][0m [37m-->[39m [37mPOST[39m [37m/wd/hub/session/51eab945-d59e-481f-8562-560e0fe3a85b/elements[39m [90m{"using":"xpath","value":"//*[@class = 'android.widget.TextView' and (@text = 'About' or . = 'About')]"}[39m
[38;5;46m[51eab945][0m[38;5;86m[HTTP][0m [37m<-- POST /wd/hub/session/51eab945-d59e-481f-8562-560e0fe3a85b/elements [39m[32m200[39m [90m339 ms - 12[39m [90m[39m
[38;5;46m[51eab945][0m[38;5;86m[HTTP][0m [37m-->[39m [37mPOST[39m [37m/wd/hub/session/51eab945-d59e-481f-8562-560e0fe3a85b/elements[39m [90m{"using":"xpath","value":"//*[@class = 'android.widget.TextView' and (@text = 'About' or . = 'About')]"}[39m
[38;5;46m[51eab945][0m[38;5;86m[HTTP][0m [37m<-- POST /wd/hub/session/51eab945-d59e-481f-8562-560e0fe3a85b/elements [39m[32m200[39m [90m323 ms - 12[39m [90m[39m
[38;5;46m[51eab945][0m[38;5;86m[HTTP][0m [37m-->[39m [37mPOST[39m [37m/wd/hub/session/51eab945-d59e-481f-8562-560e0fe3a85b/elements[39m [90m{"using":"xpath","value":"//*[@class = 'android.widget.TextView' and (@text = 'About' or . = 'About')]"}[39m
[38;5;46m[51eab945][0m[38;5;86m[HTTP][0m [37m<-- POST /wd/hub/session/51eab945-d59e-481f-8562-560e0fe3a85b/elements [39m[32m200[39m [90m318 ms - 12[39m [90m[39m
[38;5;46m[51eab945][0m[38;5;86m[HTTP][0m [37m-->[39m [37mPOST[39m [37m/wd/hub/session/51eab945-d59e-481f-8562-560e0fe3a85b/elements[39m [90m{"using":"xpath","value":"//*[@class = 'android.widget.TextView' and (@text = 'About' or . = 'About')]"}[39m
[38;5;46m[51eab945][0m[38;5;86m[HTTP][0m [37m<-- POST /wd/hub/session/51eab945-d59e-481f-8562-560e0fe3a85b/elements [39m[32m200[39m [90m317 ms - 12[39m [90m[39m
[38;5;46m[51eab945][0m[38;5;86m[HTTP][0m [37m-->[39m [37mPOST[39m [37m/wd/hub/session/51eab945-d59e-481f-8562-560e0fe3a85b/elements[39m [90m{"using":"xpath","value":"//*[@class = 'android.widget.TextView' and (@text = 'About' or . = 'About')]"}[39m
[38;5;46m[51eab945][0m[38;5;86m[HTTP][0m [37m<-- POST /wd/hub/session/51eab945-d59e-481f-8562-560e0fe3a85b/elements [39m[32m200[39m [90m315 ms - 12[39m [90m[39m
[38;5;46m[51eab945][0m[38;5;86m[HTTP][0m [37m-->[39m [37mPOST[39m [37m/wd/hub/session/51eab945-d59e-481f-8562-560e0fe3a85b/elements[39m [90m{"using":"xpath","value":"//*[@class = 'android.widget.TextView' and (@text = 'About' or . = 'About')]"}[39m
[38;5;46m[51eab945][0m[38;5;86m[HTTP][0m [37m<-- POST /wd/hub/session/51eab945-d59e-481f-8562-560e0fe3a85b/elements [39m[32m200[39m [90m318 ms - 12[39m [90m[39m
[38;5;46m[51eab945][0m[38;5;86m[HTTP][0m [37m-->[39m [37mPOST[39m [37m/wd/hub/session/51eab945-d59e-481f-8562-560e0fe3a85b/elements[39m [90m{"using":"xpath","value":"//*[@class = 'android.widget.TextView' and (@text = 'About' or . = 'About')]"}[39m
[38;5;46m[51eab945][0m[38;5;86m[HTTP][0m [37m<-- POST /wd/hub/session/51eab945-d59e-481f-8562-560e0fe3a85b/elements [39m[32m200[39m [90m315 ms - 12[39m [90m[39m
[38;5;46m[51eab945][0m[38;5;86m[HTTP][0m [37m-->[39m [37mPOST[39m [37m/wd/hub/session/51eab945-d59e-481f-8562-560e0fe3a85b/elements[39m [90m{"using":"xpath","value":"//*[@class = 'android.widget.TextView' and (@text = 'About' or . = 'About')]"}[39m
[38;5;46m[51eab945][0m[38;5;86m[HTTP][0m [37m<-- POST /wd/hub/session/51eab945-d59e-481f-8562-560e0fe3a85b/elements [39m[32m200[39m [90m316 ms - 12[39m [90m[39m
[38;5;46m[51eab945][0m[38;5;86m[HTTP][0m [37m-->[39m [37mPOST[39m [37m/wd/hub/session/51eab945-d59e-481f-8562-560e0fe3a85b/elements[39m [90m{"using":"xpath","value":"//*[@class = 'android.widget.TextView' and (@text = 'About' or . = 'About')]"}[39m
[38;5;46m[51eab945][0m[38;5;86m[HTTP][0m [37m<-- POST /wd/hub/session/51eab945-d59e-481f-8562-560e0fe3a85b/elements [39m[32m200[39m [90m332 ms - 12[39m [90m[39m
[38;5;46m[51eab945][0m[38;5;86m[HTTP][0m [37m-->[39m [37mPOST[39m [37m/wd/hub/session/51eab945-d59e-481f-8562-560e0fe3a85b/elements[39m [90m{"using":"xpath","value":"//*[@class = 'android.widget.TextView' and (@text = 'About' or . = 'About')]"}[39m
[38;5;46m[51eab945][0m[38;5;86m[HTTP][0m [37m<-- POST /wd/hub/session/51eab945-d59e-481f-8562-560e0fe3a85b/elements [39m[32m200[39m [90m305 ms - 12[39m [90m[39m
[38;5;46m[51eab945][0m[38;5;86m[HTTP][0m [37m-->[39m [37mPOST[39m [37m/wd/hub/session/51eab945-d59e-481f-8562-560e0fe3a85b/elements[39m [90m{"using":"xpath","value":"//*[@class = 'android.widget.TextView' and (@text = 'About' or . = 'About')]"}[39m
[38;5;46m[51eab945][0m[38;5;86m[HTTP][0m [37m<-- POST /wd/hub/session/51eab945-d59e-481f-8562-560e0fe3a85b/elements [39m[32m200[39m [90m292 ms - 12[39m [90m[39m
[38;5;46m[51eab945][0m[38;5;86m[HTTP][0m [37m-->[39m [37mPOST[39m [37m/wd/hub/session/51eab945-d59e-481f-8562-560e0fe3a85b/elements[39m [90m{"using":"xpath","value":"//*[@class = 'android.widget.TextView' and (@text = 'About' or . = 'About')]"}[39m
[38;5;46m[51eab945][0m[38;5;86m[HTTP][0m [37m<-- POST /wd/hub/session/51eab945-d59e-481f-8562-560e0fe3a85b/elements [39m[32m200[39m [90m297 ms - 12[39m [90m[39m
[38;5;46m[51eab945][0m[38;5;86m[HTTP][0m [37m-->[39m [37mPOST[39m [37m/wd/hub/session/51eab945-d59e-481f-8562-560e0fe3a85b/elements[39m [90m{"using":"xpath","value":"//*[@class = 'android.widget.TextView' and (@text = 'About' or . = 'About')]"}[39m
[38;5;46m[51eab945][0m[38;5;86m[HTTP][0m [37m<-- POST /wd/hub/session/51eab945-d59e-481f-8562-560e0fe3a85b/elements [39m[32m200[39m [90m293 ms - 12[39m [90m[39m
[38;5;46m[51eab945][0m[38;5;86m[HTTP][0m [37m-->[39m [37mPOST[39m [37m/wd/hub/session/51eab945-d59e-481f-8562-560e0fe3a85b/elements[39m [90m{"using":"xpath","value":"//*[@class = 'android.widget.TextView' and (@text = 'About' or . = 'About')]"}[39m
[38;5;46m[51eab945][0m[38;5;86m[HTTP][0m [37m<-- POST /wd/hub/session/51eab945-d59e-481f-8562-560e0fe3a85b/elements [39m[32m200[39m [90m296 ms - 12[39m [90m[39m
[38;5;46m[51eab945][0m[38;5;86m[HTTP][0m [37m-->[39m [37mPOST[39m [37m/wd/hub/session/51eab945-d59e-481f-8562-560e0fe3a85b/elements[39m [90m{"using":"xpath","value":"//*[@class = 'android.widget.TextView' and (@text = 'About' or . = 'About')]"}[39m
[38;5;46m[51eab945][0m[38;5;86m[HTTP][0m [37m<-- POST /wd/hub/session/51eab945-d59e-481f-8562-560e0fe3a85b/elements [39m[32m200[39m [90m316 ms - 12[39m [90m[39m
[38;5;46m[51eab945][0m[38;5;86m[HTTP][0m [37m-->[39m [37mPOST[39m [37m/wd/hub/session/51eab945-d59e-481f-8562-560e0fe3a85b/elements[39m [90m{"using":"xpath","value":"//*[@class = 'android.widget.TextView' and (@text = 'About' or . = 'About')]"}[39m
[38;5;46m[51eab945][0m[38;5;86m[HTTP][0m [37m<-- POST /wd/hub/session/51eab945-d59e-481f-8562-560e0fe3a85b/elements [39m[32m200[39m [90m294 ms - 12[39m [90m[39m
[38;5;46m[51eab945][0m[38;5;86m[HTTP][0m [37m-->[39m [37mPOST[39m [37m/wd/hub/session/51eab945-d59e-481f-8562-560e0fe3a85b/elements[39m [90m{"using":"xpath","value":"//*[@class = 'android.widget.TextView' and (@text = 'About' or . = 'About')]"}[39m
[38;5;46m[51eab945][0m[38;5;86m[HTTP][0m [37m<-- POST /wd/hub/session/51eab945-d59e-481f-8562-560e0fe3a85b/elements [39m[32m200[39m [90m301 ms - 12[39m [90m[39m
[38;5;46m[51eab945][0m[38;5;86m[HTTP][0m [37m-->[39m [37mPOST[39m [37m/wd/hub/session/51eab945-d59e-481f-8562-560e0fe3a85b/elements[39m [90m{"using":"xpath","value":"//*[@class = 'android.widget.TextView' and (@text = 'About' or . = 'About')]"}[39m
[38;5;46m[51eab945][0m[38;5;86m[HTTP][0m [37m<-- POST /wd/hub/session/51eab945-d59e-481f-8562-560e0fe3a85b/elements [39m[32m200[39m [90m328 ms - 12[39m [90m[39m
[38;5;46m[51eab945][0m[38;5;86m[HTTP][0m [37m-->[39m [37mPOST[39m [37m/wd/hub/session/51eab945-d59e-481f-8562-560e0fe3a85b/elements[39m [90m{"using":"xpath","value":"//*[@class = 'android.widget.TextView' and (@text = 'About' or . = 'About')]"}[39m
[38;5;46m[51eab945][0m[38;5;86m[HTTP][0m [37m<-- POST /wd/hub/session/51eab945-d59e-481f-8562-560e0fe3a85b/elements [39m[32m200[39m [90m797 ms - 12[39m [90m[39m
[38;5;46m[51eab945][0m[38;5;86m[HTTP][0m [37m-->[39m [37mPOST[39m [37m/wd/hub/session/51eab945-d59e-481f-8562-560e0fe3a85b/elements[39m [90m{"using":"xpath","value":"//*[@class = 'android.widget.TextView' and (@text = 'About' or . = 'About')]"}[39m
[38;5;46m[51eab945][0m[38;5;86m[HTTP][0m [37m<-- POST /wd/hub/session/51eab945-d59e-481f-8562-560e0fe3a85b/elements [39m[32m200[39m [90m2484 ms - 139[39m [90m[39m
[38;5;46m[51eab945][0m[38;5;86m[HTTP][0m [37m-->[39m [37mGET[39m [37m/wd/hub/session/51eab945-d59e-481f-8562-560e0fe3a85b/element/00000000-0000-0711-ffff-ffff00000037/rect[39m [90m{}[39m
[38;5;46m[51eab945][0m[38;5;-153m[AndroidUiautomator2Driver@ca48][0m Driver proxy active, passing request on via HTTP proxy
[38;5;46m[51eab945][0m[38;5;-153m[AndroidUiautomator2Driver@ca48][0m Replacing sessionId ce85b282-7c4b-4432-a875-84525f447c30 with 51eab945-d59e-481f-8562-560e0fe3a85b
[38;5;46m[51eab945][0m[38;5;86m[HTTP][0m [37m<-- GET /wd/hub/session/51eab945-d59e-481f-8562-560e0fe3a85b/element/00000000-0000-0711-ffff-ffff00000037/rect [39m[32m200[39m [90m72 ms - 100[39m [90m[39m
[38;5;46m[51eab945][0m[38;5;86m[HTTP][0m [37m-->[39m [37mPOST[39m [37m/wd/hub/session/51eab945-d59e-481f-8562-560e0fe3a85b/timeouts[39m [90m{"implicit":40000}[39m
[38;5;46m[51eab945][0m[38;5;86m[HTTP][0m [37m<-- POST /wd/hub/session/51eab945-d59e-481f-8562-560e0fe3a85b/timeouts [39m[32m200[39m [90m2 ms - 14[39m [90m[39m
[38;5;46m[51eab945][0m[38;5;86m[HTTP][0m [37m-->[39m [37mPOST[39m [37m/wd/hub/session/51eab945-d59e-481f-8562-560e0fe3a85b/element/00000000-0000-0711-ffff-ffff00000037/click[39m [90m{"id":"00000000-0000-0711-ffff-ffff00000037"}[39m
[38;5;46m[51eab945][0m[38;5;86m[HTTP][0m [37m<-- POST /wd/hub/session/51eab945-d59e-481f-8562-560e0fe3a85b/element/00000000-0000-0711-ffff-ffff00000037/click [39m[32m200[39m [90m92 ms - 14[39m [90m[39m
[38;5;46m[51eab945][0m[38;5;86m[HTTP][0m [37m-->[39m [37mPOST[39m [37m/wd/hub/session/51eab945-d59e-481f-8562-560e0fe3a85b/timeouts[39m [90m{"implicit":50}[39m
[38;5;46m[51eab945][0m[38;5;86m[HTTP][0m [37m<-- POST /wd/hub/session/51eab945-d59e-481f-8562-560e0fe3a85b/timeouts [39m[32m200[39m [90m3 ms - 14[39m [90m[39m
[38;5;46m[51eab945][0m[38;5;86m[HTTP][0m [37m-->[39m [37mGET[39m [37m/wd/hub/session/51eab945-d59e-481f-8562-560e0fe3a85b/window/rect[39m [90m{}[39m
[38;5;46m[51eab945][0m[38;5;86m[HTTP][0m [37m<-- GET /wd/hub/session/51eab945-d59e-481f-8562-560e0fe3a85b/window/rect [39m[32m200[39m [90m32 ms - 49[39m [90m[39m
[38;5;46m[51eab945][0m[38;5;86m[HTTP][0m [37m-->[39m [37mPOST[39m [37m/wd/hub/session/51eab945-d59e-481f-8562-560e0fe3a85b/elements[39m [90m{"using":"xpath","value":"//*[@class = 'android.widget.TextView' and (@text = 'Contact' or . = 'Contact')]"}[39m
[38;5;46m[51eab945][0m[38;5;86m[HTTP][0m [37m<-- POST /wd/hub/session/51eab945-d59e-481f-8562-560e0fe3a85b/elements [39m[32m200[39m [90m726 ms - 12[39m [90m[39m
[38;5;46m[51eab945][0m[38;5;86m[HTTP][0m [37m-->[39m [37mPOST[39m [37m/wd/hub/session/51eab945-d59e-481f-8562-560e0fe3a85b/elements[39m [90m{"using":"xpath","value":"//*[@class = 'android.widget.TextView' and (@text = 'Contact' or . = 'Contact')]"}[39m
[38;5;46m[51eab945][0m[38;5;86m[HTTP][0m [37m<-- POST /wd/hub/session/51eab945-d59e-481f-8562-560e0fe3a85b/elements [39m[32m200[39m [90m1661 ms - 139[39m [90m[39m
[38;5;46m[51eab945][0m[38;5;86m[HTTP][0m [37m-->[39m [37mGET[39m [37m/wd/hub/session/51eab945-d59e-481f-8562-560e0fe3a85b/element/00000000-0000-0711-ffff-ffff0000008f/rect[39m [90m{}[39m
[38;5;46m[51eab945][0m[38;5;-153m[AndroidUiautomator2Driver@ca48][0m Driver proxy active, passing request on via HTTP proxy
[38;5;46m[51eab945][0m[38;5;-153m[AndroidUiautomator2Driver@ca48][0m Replacing sessionId ce85b282-7c4b-4432-a875-84525f447c30 with 51eab945-d59e-481f-8562-560e0fe3a85b
[38;5;46m[51eab945][0m[38;5;86m[HTTP][0m [37m<-- GET /wd/hub/session/51eab945-d59e-481f-8562-560e0fe3a85b/element/00000000-0000-0711-ffff-ffff0000008f/rect [39m[32m200[39m [90m54 ms - 102[39m [90m[39m
[38;5;46m[51eab945][0m[38;5;86m[HTTP][0m [37m-->[39m [37mPOST[39m [37m/wd/hub/session/51eab945-d59e-481f-8562-560e0fe3a85b/timeouts[39m [90m{"implicit":40000}[39m
[38;5;46m[51eab945][0m[38;5;86m[HTTP][0m [37m<-- POST /wd/hub/session/51eab945-d59e-481f-8562-560e0fe3a85b/timeouts [39m[32m200[39m [90m3 ms - 14[39m [90m[39m
[38;5;46m[51eab945][0m[38;5;86m[HTTP][0m [37m-->[39m [37mPOST[39m [37m/wd/hub/session/51eab945-d59e-481f-8562-560e0fe3a85b/element/00000000-0000-0711-ffff-ffff0000008f/click[39m [90m{"id":"00000000-0000-0711-ffff-ffff0000008f"}[39m
[38;5;46m[51eab945][0m[38;5;86m[HTTP][0m [37m<-- POST /wd/hub/session/51eab945-d59e-481f-8562-560e0fe3a85b/element/00000000-0000-0711-ffff-ffff0000008f/click [39m[32m200[39m [90m120 ms - 14[39m [90m[39m
[38;5;46m[51eab945][0m[38;5;86m[HTTP][0m [37m-->[39m [37mPOST[39m [37m/wd/hub/session/51eab945-d59e-481f-8562-560e0fe3a85b/timeouts[39m [90m{"implicit":50}[39m
[38;5;46m[51eab945][0m[38;5;86m[HTTP][0m [37m<-- POST /wd/hub/session/51eab945-d59e-481f-8562-560e0fe3a85b/timeouts [39m[32m200[39m [90m2 ms - 14[39m [90m[39m
[38;5;46m[51eab945][0m[38;5;86m[HTTP][0m [37m-->[39m [37mGET[39m [37m/wd/hub/session/51eab945-d59e-481f-8562-560e0fe3a85b/window/rect[39m [90m{}[39m
[38;5;46m[51eab945][0m[38;5;86m[HTTP][0m [37m<-- GET /wd/hub/session/51eab945-d59e-481f-8562-560e0fe3a85b/window/rect [39m[32m200[39m [90m22 ms - 49[39m [90m[39m
[38;5;46m[51eab945][0m[38;5;86m[HTTP][0m [37m-->[39m [37mPOST[39m [37m/wd/hub/session/51eab945-d59e-481f-8562-560e0fe3a85b/elements[39m [90m{"using":"xpath","value":"//*[@class = 'android.widget.TextView' and (@text = 'Services' or . = 'Services')]"}[39m
[38;5;46m[51eab945][0m[38;5;86m[HTTP][0m [37m<-- POST /wd/hub/session/51eab945-d59e-481f-8562-560e0fe3a85b/elements [39m[32m200[39m [90m809 ms - 139[39m [90m[39m
[38;5;46m[51eab945][0m[38;5;86m[HTTP][0m [37m-->[39m [37mGET[39m [37m/wd/hub/session/51eab945-d59e-481f-8562-560e0fe3a85b/element/00000000-0000-0711-ffff-ffff00000092/rect[39m [90m{}[39m
[38;5;46m[51eab945][0m[38;5;-153m[AndroidUiautomator2Driver@ca48][0m Driver proxy active, passing request on via HTTP proxy
[38;5;46m[51eab945][0m[38;5;-153m[AndroidUiautomator2Driver@ca48][0m Replacing sessionId ce85b282-7c4b-4432-a875-84525f447c30 with 51eab945-d59e-481f-8562-560e0fe3a85b
[38;5;46m[51eab945][0m[38;5;86m[HTTP][0m [37m<-- GET /wd/hub/session/51eab945-d59e-481f-8562-560e0fe3a85b/element/00000000-0000-0711-ffff-ffff00000092/rect [39m[32m200[39m [90m645 ms - 103[39m [90m[39m
[38;5;46m[51eab945][0m[38;5;86m[HTTP][0m [37m-->[39m [37mPOST[39m [37m/wd/hub/session/51eab945-d59e-481f-8562-560e0fe3a85b/timeouts[39m [90m{"implicit":40000}[39m
[38;5;46m[51eab945][0m[38;5;86m[HTTP][0m [37m<-- POST /wd/hub/session/51eab945-d59e-481f-8562-560e0fe3a85b/timeouts [39m[32m200[39m [90m3 ms - 14[39m [90m[39m
[38;5;46m[51eab945][0m[38;5;86m[HTTP][0m [37m-->[39m [37mPOST[39m [37m/wd/hub/session/51eab945-d59e-481f-8562-560e0fe3a85b/element/00000000-0000-0711-ffff-ffff00000092/click[39m [90m{"id":"00000000-0000-0711-ffff-ffff00000092"}[39m
[38;5;46m[51eab945][0m[38;5;86m[HTTP][0m [37m<-- POST /wd/hub/session/51eab945-d59e-481f-8562-560e0fe3a85b/element/00000000-0000-0711-ffff-ffff00000092/click [39m[32m200[39m [90m116 ms - 14[39m [90m[39m
[38;5;46m[51eab945][0m[38;5;86m[HTTP][0m [37m-->[39m [37mPOST[39m [37m/wd/hub/session/51eab945-d59e-481f-8562-560e0fe3a85b/timeouts[39m [90m{"implicit":50}[39m
[38;5;46m[51eab945][0m[38;5;86m[HTTP][0m [37m<-- POST /wd/hub/session/51eab945-d59e-481f-8562-560e0fe3a85b/timeouts [39m[32m200[39m [90m5 ms - 14[39m [90m[39m
[38;5;46m[51eab945][0m[38;5;86m[HTTP][0m [37m-->[39m [37mGET[39m [37m/wd/hub/session/51eab945-d59e-481f-8562-560e0fe3a85b/window/rect[39m [90m{}[39m
[38;5;46m[51eab945][0m[38;5;86m[HTTP][0m [37m<-- GET /wd/hub/session/51eab945-d59e-481f-8562-560e0fe3a85b/window/rect [39m[32m200[39m [90m28 ms - 49[39m [90m[39m
[38;5;46m[51eab945][0m[38;5;86m[HTTP][0m [37m-->[39m [37mPOST[39m [37m/wd/hub/session/51eab945-d59e-481f-8562-560e0fe3a85b/elements[39m [90m{"using":"xpath","value":"//*[@class = 'android.widget.TextView' and (@text = 'ATM' or . = 'ATM')]"}[39m
[38;5;46m[51eab945][0m[38;5;86m[HTTP][0m [37m<-- POST /wd/hub/session/51eab945-d59e-481f-8562-560e0fe3a85b/elements [39m[32m200[39m [90m452 ms - 12[39m [90m[39m
[38;5;46m[51eab945][0m[38;5;86m[HTTP][0m [37m-->[39m [37mPOST[39m [37m/wd/hub/session/51eab945-d59e-481f-8562-560e0fe3a85b/elements[39m [90m{"using":"xpath","value":"//*[@class = 'android.widget.TextView' and (@text = 'ATM' or . = 'ATM')]"}[39m
[38;5;46m[51eab945][0m[38;5;86m[HTTP][0m [37m<-- POST /wd/hub/session/51eab945-d59e-481f-8562-560e0fe3a85b/elements [39m[32m200[39m [90m1529 ms - 139[39m [90m[39m
[38;5;46m[51eab945][0m[38;5;86m[HTTP][0m [37m-->[39m [37mGET[39m [37m/wd/hub/session/51eab945-d59e-481f-8562-560e0fe3a85b/element/00000000-0000-0711-ffff-ffff000000d9/rect[39m [90m{}[39m
[38;5;46m[51eab945][0m[38;5;-153m[AndroidUiautomator2Driver@ca48][0m Driver proxy active, passing request on via HTTP proxy
[38;5;46m[51eab945][0m[38;5;-153m[AndroidUiautomator2Driver@ca48][0m Replacing sessionId ce85b282-7c4b-4432-a875-84525f447c30 with 51eab945-d59e-481f-8562-560e0fe3a85b
[38;5;46m[51eab945][0m[38;5;86m[HTTP][0m [37m<-- GET /wd/hub/session/51eab945-d59e-481f-8562-560e0fe3a85b/element/00000000-0000-0711-ffff-ffff000000d9/rect [39m[32m200[39m [90m142 ms - 100[39m [90m[39m
[38;5;46m[51eab945][0m[38;5;86m[HTTP][0m [37m-->[39m [37mPOST[39m [37m/wd/hub/session/51eab945-d59e-481f-8562-560e0fe3a85b/timeouts[39m [90m{"implicit":40000}[39m
[38;5;46m[51eab945][0m[38;5;86m[HTTP][0m [37m<-- POST /wd/hub/session/51eab945-d59e-481f-8562-560e0fe3a85b/timeouts [39m[32m200[39m [90m2 ms - 14[39m [90m[39m
[38;5;46m[51eab945][0m[38;5;86m[HTTP][0m [37m-->[39m [37mPOST[39m [37m/wd/hub/session/51eab945-d59e-481f-8562-560e0fe3a85b/element/00000000-0000-0711-ffff-ffff000000d9/click[39m [90m{"id":"00000000-0000-0711-ffff-ffff000000d9"}[39m
[38;5;46m[51eab945][0m[38;5;86m[HTTP][0m [37m<-- POST /wd/hub/session/51eab945-d59e-481f-8562-560e0fe3a85b/element/00000000-0000-0711-ffff-ffff000000d9/click [39m[32m200[39m [90m128 ms - 14[39m [90m[39m
[38;5;46m[51eab945][0m[38;5;86m[HTTP][0m [37m-->[39m [37mPOST[39m [37m/wd/hub/session/51eab945-d59e-481f-8562-560e0fe3a85b/timeouts[39m [90m{"implicit":50}[39m
[38;5;46m[51eab945][0m[38;5;86m[HTTP][0m [37m<-- POST /wd/hub/session/51eab945-d59e-481f-8562-560e0fe3a85b/timeouts [39m[32m200[39m [90m2 ms - 14[39m [90m[39m
[38;5;46m[51eab945][0m[38;5;86m[HTTP][0m [37m-->[39m [37mGET[39m [37m/wd/hub/session/51eab945-d59e-481f-8562-560e0fe3a85b/window/rect[39m [90m{}[39m
[38;5;46m[51eab945][0m[38;5;86m[HTTP][0m [37m<-- GET /wd/hub/session/51eab945-d59e-481f-8562-560e0fe3a85b/window/rect [39m[32m200[39m [90m23 ms - 49[39m [90m[39m
[38;5;46m[51eab945][0m[38;5;86m[HTTP][0m [37m-->[39m [37mPOST[39m [37m/wd/hub/session/51eab945-d59e-481f-8562-560e0fe3a85b/elements[39m [90m{"using":"xpath","value":"//*[@class = 'android.widget.ImageView' and (@text = '' or . = '')]"}[39m
[38;5;46m[51eab945][0m[38;5;86m[HTTP][0m [37m<-- POST /wd/hub/session/51eab945-d59e-481f-8562-560e0fe3a85b/elements [39m[32m200[39m [90m953 ms - 1291[39m [90m[39m
[38;5;46m[51eab945][0m[38;5;86m[HTTP][0m [37m-->[39m [37mGET[39m [37m/wd/hub/session/51eab945-d59e-481f-8562-560e0fe3a85b/element/00000000-0000-0711-ffff-ffff000000c3/rect[39m [90m{}[39m
[38;5;46m[51eab945][0m[38;5;-153m[AndroidUiautomator2Driver@ca48][0m Driver proxy active, passing request on via HTTP proxy
[38;5;46m[51eab945][0m[38;5;-153m[AndroidUiautomator2Driver@ca48][0m Replacing sessionId ce85b282-7c4b-4432-a875-84525f447c30 with 51eab945-d59e-481f-8562-560e0fe3a85b
[38;5;46m[51eab945][0m[38;5;86m[HTTP][0m [37m<-- GET /wd/hub/session/51eab945-d59e-481f-8562-560e0fe3a85b/element/00000000-0000-0711-ffff-ffff000000c3/rect [39m[32m200[39m [90m532 ms - 98[39m [90m[39m
[38;5;46m[51eab945][0m[38;5;86m[HTTP][0m [37m-->[39m [37mPOST[39m [37m/wd/hub/session/51eab945-d59e-481f-8562-560e0fe3a85b/timeouts[39m [90m{"implicit":40000}[39m
[38;5;46m[51eab945][0m[38;5;86m[HTTP][0m [37m<-- POST /wd/hub/session/51eab945-d59e-481f-8562-560e0fe3a85b/timeouts [39m[32m200[39m [90m2 ms - 14[39m [90m[39m
[38;5;46m[51eab945][0m[38;5;86m[HTTP][0m [37m-->[39m [37mPOST[39m [37m/wd/hub/session/51eab945-d59e-481f-8562-560e0fe3a85b/element/00000000-0000-0711-ffff-ffff000000c3/click[39m [90m{"id":"00000000-0000-0711-ffff-ffff000000c3"}[39m
[38;5;46m[51eab945][0m[38;5;86m[HTTP][0m [37m<-- POST /wd/hub/session/51eab945-d59e-481f-8562-560e0fe3a85b/element/00000000-0000-0711-ffff-ffff000000c3/click [39m[32m200[39m [90m116 ms - 14[39m [90m[39m
[38;5;46m[51eab945][0m[38;5;86m[HTTP][0m [37m-->[39m [37mPOST[39m [37m/wd/hub/session/51eab945-d59e-481f-8562-560e0fe3a85b/timeouts[39m [90m{"implicit":50}[39m
[38;5;46m[51eab945][0m[38;5;86m[HTTP][0m [37m<-- POST /wd/hub/session/51eab945-d59e-481f-8562-560e0fe3a85b/timeouts [39m[32m200[39m [90m2 ms - 14[39m [90m[39m
[38;5;46m[51eab945][0m[38;5;86m[HTTP][0m [37m-->[39m [37mGET[39m [37m/wd/hub/session/51eab945-d59e-481f-8562-560e0fe3a85b/window/rect[39m [90m{}[39m
[38;5;46m[51eab945][0m[38;5;86m[HTTP][0m [37m<-- GET /wd/hub/session/51eab945-d59e-481f-8562-560e0fe3a85b/window/rect [39m[32m200[39m [90m21 ms - 49[39m [90m[39m
[38;5;46m[51eab945][0m[38;5;86m[HTTP][0m [37m-->[39m [37mPOST[39m [37m/wd/hub/session/51eab945-d59e-481f-8562-560e0fe3a85b/elements[39m [90m{"using":"xpath","value":"//*[@class = 'android.widget.TextView' and (@text = 'Bus' or . = 'Bus')]"}[39m
[38;5;46m[51eab945][0m[38;5;86m[HTTP][0m [37m<-- POST /wd/hub/session/51eab945-d59e-481f-8562-560e0fe3a85b/elements [39m[32m200[39m [90m1533 ms - 139[39m [90m[39m
[38;5;46m[51eab945][0m[38;5;86m[HTTP][0m [37m-->[39m [37mGET[39m [37m/wd/hub/session/51eab945-d59e-481f-8562-560e0fe3a85b/element/00000000-0000-0711-ffff-ffff000000dd/rect[39m [90m{}[39m
[38;5;46m[51eab945][0m[38;5;-153m[AndroidUiautomator2Driver@ca48][0m Driver proxy active, passing request on via HTTP proxy
[38;5;46m[51eab945][0m[38;5;-153m[AndroidUiautomator2Driver@ca48][0m Replacing sessionId ce85b282-7c4b-4432-a875-84525f447c30 with 51eab945-d59e-481f-8562-560e0fe3a85b
[38;5;46m[51eab945][0m[38;5;86m[HTTP][0m [37m<-- GET /wd/hub/session/51eab945-d59e-481f-8562-560e0fe3a85b/element/00000000-0000-0711-ffff-ffff000000dd/rect [39m[32m200[39m [90m60 ms - 101[39m [90m[39m
[38;5;46m[51eab945][0m[38;5;86m[HTTP][0m [37m-->[39m [37mPOST[39m [37m/wd/hub/session/51eab945-d59e-481f-8562-560e0fe3a85b/timeouts[39m [90m{"implicit":40000}[39m
[38;5;46m[51eab945][0m[38;5;86m[HTTP][0m [37m<-- POST /wd/hub/session/51eab945-d59e-481f-8562-560e0fe3a85b/timeouts [39m[32m200[39m [90m3 ms - 14[39m [90m[39m
[38;5;46m[51eab945][0m[38;5;86m[HTTP][0m [37m-->[39m [37mPOST[39m [37m/wd/hub/session/51eab945-d59e-481f-8562-560e0fe3a85b/element/00000000-0000-0711-ffff-ffff000000dd/click[39m [90m{"id":"00000000-0000-0711-ffff-ffff000000dd"}[39m
[38;5;46m[51eab945][0m[38;5;86m[HTTP][0m [37m<-- POST /wd/hub/session/51eab945-d59e-481f-8562-560e0fe3a85b/element/00000000-0000-0711-ffff-ffff000000dd/click [39m[32m200[39m [90m105 ms - 14[39m [90m[39m
[38;5;46m[51eab945][0m[38;5;86m[HTTP][0m [37m-->[39m [37mPOST[39m [37m/wd/hub/session/51eab945-d59e-481f-8562-560e0fe3a85b/timeouts[39m [90m{"implicit":50}[39m
[38;5;46m[51eab945][0m[38;5;86m[HTTP][0m [37m<-- POST /wd/hub/session/51eab945-d59e-481f-8562-560e0fe3a85b/timeouts [39m[32m200[39m [90m2 ms - 14[39m [90m[39m
[38;5;46m[51eab945][0m[38;5;86m[HTTP][0m [37m-->[39m [37mGET[39m [37m/wd/hub/session/51eab945-d59e-481f-8562-560e0fe3a85b/window/rect[39m [90m{}[39m
[38;5;46m[51eab945][0m[38;5;86m[HTTP][0m [37m<-- GET /wd/hub/session/51eab945-d59e-481f-8562-560e0fe3a85b/window/rect [39m[32m200[39m [90m28 ms - 49[39m [90m[39m
[38;5;46m[51eab945][0m[38;5;86m[HTTP][0m [37m-->[39m [37mPOST[39m [37m/wd/hub/session/51eab945-d59e-481f-8562-560e0fe3a85b/elements[39m [90m{"using":"xpath","value":"//*[@class = 'android.widget.ImageView' and (@text = '' or . = '')]"}[39m
[38;5;46m[51eab945][0m[38;5;86m[HTTP][0m [37m<-- POST /wd/hub/session/51eab945-d59e-481f-8562-560e0fe3a85b/elements [39m[32m200[39m [90m616 ms - 1291[39m [90m[39m
[38;5;46m[51eab945][0m[38;5;86m[HTTP][0m [37m-->[39m [37mGET[39m [37m/wd/hub/session/51eab945-d59e-481f-8562-560e0fe3a85b/element/00000000-0000-0711-ffff-ffff000000c3/rect[39m [90m{}[39m
[38;5;46m[51eab945][0m[38;5;-153m[AndroidUiautomator2Driver@ca48][0m Driver proxy active, passing request on via HTTP proxy
[38;5;46m[51eab945][0m[38;5;-153m[AndroidUiautomator2Driver@ca48][0m Replacing sessionId ce85b282-7c4b-4432-a875-84525f447c30 with 51eab945-d59e-481f-8562-560e0fe3a85b
[38;5;46m[51eab945][0m[38;5;86m[HTTP][0m [37m<-- GET /wd/hub/session/51eab945-d59e-481f-8562-560e0fe3a85b/element/00000000-0000-0711-ffff-ffff000000c3/rect [39m[32m200[39m [90m845 ms - 98[39m [90m[39m
[38;5;46m[51eab945][0m[38;5;86m[HTTP][0m [37m-->[39m [37mPOST[39m [37m/wd/hub/session/51eab945-d59e-481f-8562-560e0fe3a85b/timeouts[39m [90m{"implicit":40000}[39m
[38;5;46m[51eab945][0m[38;5;86m[HTTP][0m [37m<-- POST /wd/hub/session/51eab945-d59e-481f-8562-560e0fe3a85b/timeouts [39m[32m200[39m [90m1 ms - 14[39m [90m[39m
[38;5;46m[51eab945][0m[38;5;86m[HTTP][0m [37m-->[39m [37mPOST[39m [37m/wd/hub/session/51eab945-d59e-481f-8562-560e0fe3a85b/element/00000000-0000-0711-ffff-ffff000000c3/click[39m [90m{"id":"00000000-0000-0711-ffff-ffff000000c3"}[39m
[38;5;46m[51eab945][0m[38;5;86m[HTTP][0m [37m<-- POST /wd/hub/session/51eab945-d59e-481f-8562-560e0fe3a85b/element/00000000-0000-0711-ffff-ffff000000c3/click [39m[32m200[39m [90m84 ms - 14[39m [90m[39m
[38;5;46m[51eab945][0m[38;5;86m[HTTP][0m [37m-->[39m [37mPOST[39m [37m/wd/hub/session/51eab945-d59e-481f-8562-560e0fe3a85b/timeouts[39m [90m{"implicit":50}[39m
[38;5;46m[51eab945][0m[38;5;86m[HTTP][0m [37m<-- POST /wd/hub/session/51eab945-d59e-481f-8562-560e0fe3a85b/timeouts [39m[32m200[39m [90m2 ms - 14[39m [90m[39m
[38;5;46m[51eab945][0m[38;5;86m[HTTP][0m [37m-->[39m [37mGET[39m [37m/wd/hub/session/51eab945-d59e-481f-8562-560e0fe3a85b/window/rect[39m [90m{}[39m
[38;5;46m[51eab945][0m[38;5;86m[HTTP][0m [37m<-- GET /wd/hub/session/51eab945-d59e-481f-8562-560e0fe3a85b/window/rect [39m[32m200[39m [90m21 ms - 49[39m [90m[39m
[38;5;46m[51eab945][0m[38;5;86m[HTTP][0m [37m-->[39m [37mPOST[39m [37m/wd/hub/session/51eab945-d59e-481f-8562-560e0fe3a85b/elements[39m [90m{"using":"xpath","value":"//*[@class = 'android.widget.TextView' and (@text = 'Car Park Help-Desk' or . = 'Car Park Help-Desk')]"}[39m
[38;5;46m[51eab945][0m[38;5;86m[HTTP][0m [37m<-- POST /wd/hub/session/51eab945-d59e-481f-8562-560e0fe3a85b/elements [39m[32m200[39m [90m1242 ms - 139[39m [90m[39m
[38;5;46m[51eab945][0m[38;5;86m[HTTP][0m [37m-->[39m [37mGET[39m [37m/wd/hub/session/51eab945-d59e-481f-8562-560e0fe3a85b/element/00000000-0000-0711-ffff-ffff000000e1/rect[39m [90m{}[39m
[38;5;46m[51eab945][0m[38;5;-153m[AndroidUiautomator2Driver@ca48][0m Driver proxy active, passing request on via HTTP proxy
[38;5;46m[51eab945][0m[38;5;-153m[AndroidUiautomator2Driver@ca48][0m Replacing sessionId ce85b282-7c4b-4432-a875-84525f447c30 with 51eab945-d59e-481f-8562-560e0fe3a85b
[38;5;46m[51eab945][0m[38;5;86m[HTTP][0m [37m<-- GET /wd/hub/session/51eab945-d59e-481f-8562-560e0fe3a85b/element/00000000-0000-0711-ffff-ffff000000e1/rect [39m[32m200[39m [90m345 ms - 102[39m [90m[39m
[38;5;46m[51eab945][0m[38;5;86m[HTTP][0m [37m-->[39m [37mPOST[39m [37m/wd/hub/session/51eab945-d59e-481f-8562-560e0fe3a85b/timeouts[39m [90m{"implicit":40000}[39m
[38;5;46m[51eab945][0m[38;5;86m[HTTP][0m [37m<-- POST /wd/hub/session/51eab945-d59e-481f-8562-560e0fe3a85b/timeouts [39m[32m200[39m [90m2 ms - 14[39m [90m[39m
[38;5;46m[51eab945][0m[38;5;86m[HTTP][0m [37m-->[39m [37mPOST[39m [37m/wd/hub/session/51eab945-d59e-481f-8562-560e0fe3a85b/element/00000000-0000-0711-ffff-ffff000000e1/click[39m [90m{"id":"00000000-0000-0711-ffff-ffff000000e1"}[39m
[38;5;46m[51eab945][0m[38;5;86m[HTTP][0m [37m<-- POST /wd/hub/session/51eab945-d59e-481f-8562-560e0fe3a85b/element/00000000-0000-0711-ffff-ffff000000e1/click [39m[32m200[39m [90m82 ms - 14[39m [90m[39m
[38;5;46m[51eab945][0m[38;5;86m[HTTP][0m [37m-->[39m [37mPOST[39m [37m/wd/hub/session/51eab945-d59e-481f-8562-560e0fe3a85b/timeouts[39m [90m{"implicit":50}[39m
[38;5;46m[51eab945][0m[38;5;86m[HTTP][0m [37m<-- POST /wd/hub/session/51eab945-d59e-481f-8562-560e0fe3a85b/timeouts [39m[32m200[39m [90m2 ms - 14[39m [90m[39m
[38;5;46m[51eab945][0m[38;5;86m[HTTP][0m [37m-->[39m [37mGET[39m [37m/wd/hub/session/51eab945-d59e-481f-8562-560e0fe3a85b/window/rect[39m [90m{}[39m
[38;5;46m[51eab945][0m[38;5;86m[HTTP][0m [37m<-- GET /wd/hub/session/51eab945-d59e-481f-8562-560e0fe3a85b/window/rect [39m[32m200[39m [90m32 ms - 49[39m [90m[39m
[38;5;46m[51eab945][0m[38;5;86m[HTTP][0m [37m-->[39m [37mPOST[39m [37m/wd/hub/session/51eab945-d59e-481f-8562-560e0fe3a85b/elements[39m [90m{"using":"xpath","value":"//*[@class = 'android.widget.ImageView' and (@text = '' or . = '')]"}[39m
[38;5;46m[51eab945][0m[38;5;86m[HTTP][0m [37m<-- POST /wd/hub/session/51eab945-d59e-481f-8562-560e0fe3a85b/elements [39m[32m200[39m [90m579 ms - 1291[39m [90m[39m
[38;5;46m[51eab945][0m[38;5;86m[HTTP][0m [37m-->[39m [37mGET[39m [37m/wd/hub/session/51eab945-d59e-481f-8562-560e0fe3a85b/element/00000000-0000-0711-ffff-ffff000000c3/rect[39m [90m{}[39m
[38;5;46m[51eab945][0m[38;5;-153m[AndroidUiautomator2Driver@ca48][0m Driver proxy active, passing request on via HTTP proxy
[38;5;46m[51eab945][0m[38;5;-153m[AndroidUiautomator2Driver@ca48][0m Replacing sessionId ce85b282-7c4b-4432-a875-84525f447c30 with 51eab945-d59e-481f-8562-560e0fe3a85b
[38;5;46m[51eab945][0m[38;5;86m[HTTP][0m [37m<-- GET /wd/hub/session/51eab945-d59e-481f-8562-560e0fe3a85b/element/00000000-0000-0711-ffff-ffff000000c3/rect [39m[32m200[39m [90m937 ms - 98[39m [90m[39m
[38;5;46m[51eab945][0m[38;5;86m[HTTP][0m [37m-->[39m [37mPOST[39m [37m/wd/hub/session/51eab945-d59e-481f-8562-560e0fe3a85b/timeouts[39m [90m{"implicit":40000}[39m
[38;5;46m[51eab945][0m[38;5;86m[HTTP][0m [37m<-- POST /wd/hub/session/51eab945-d59e-481f-8562-560e0fe3a85b/timeouts [39m[32m200[39m [90m3 ms - 14[39m [90m[39m
[38;5;46m[51eab945][0m[38;5;86m[HTTP][0m [37m-->[39m [37mPOST[39m [37m/wd/hub/session/51eab945-d59e-481f-8562-560e0fe3a85b/element/00000000-0000-0711-ffff-ffff000000c3/click[39m [90m{"id":"00000000-0000-0711-ffff-ffff000000c3"}[39m
[38;5;46m[51eab945][0m[38;5;86m[HTTP][0m [37m<-- POST /wd/hub/session/51eab945-d59e-481f-8562-560e0fe3a85b/element/00000000-0000-0711-ffff-ffff000000c3/click [39m[32m200[39m [90m85 ms - 14[39m [90m[39m
[38;5;46m[51eab945][0m[38;5;86m[HTTP][0m [37m-->[39m [37mPOST[39m [37m/wd/hub/session/51eab945-d59e-481f-8562-560e0fe3a85b/timeouts[39m [90m{"implicit":50}[39m
[38;5;46m[51eab945][0m[38;5;86m[HTTP][0m [37m<-- POST /wd/hub/session/51eab945-d59e-481f-8562-560e0fe3a85b/timeouts [39m[32m200[39m [90m1 ms - 14[39m [90m[39m
[38;5;46m[51eab945][0m[38;5;86m[HTTP][0m [37m-->[39m [37mGET[39m [37m/wd/hub/session/51eab945-d59e-481f-8562-560e0fe3a85b/window/rect[39m [90m{}[39m
[38;5;46m[51eab945][0m[38;5;86m[HTTP][0m [37m<-- GET /wd/hub/session/51eab945-d59e-481f-8562-560e0fe3a85b/window/rect [39m[32m200[39m [90m21 ms - 49[39m [90m[39m
[38;5;46m[51eab945][0m[38;5;86m[HTTP][0m [37m-->[39m [37mPOST[39m [37m/wd/hub/session/51eab945-d59e-481f-8562-560e0fe3a85b/elements[39m [90m{"using":"xpath","value":"//*[@class = 'android.widget.TextView' and (@text = 'Gift Wrapping' or . = 'Gift Wrapping')]"}[39m
[38;5;46m[51eab945][0m[38;5;86m[HTTP][0m [37m<-- POST /wd/hub/session/51eab945-d59e-481f-8562-560e0fe3a85b/elements [39m[32m200[39m [90m1109 ms - 139[39m [90m[39m
[38;5;46m[51eab945][0m[38;5;86m[HTTP][0m [37m-->[39m [37mGET[39m [37m/wd/hub/session/51eab945-d59e-481f-8562-560e0fe3a85b/element/00000000-0000-0711-ffff-ffff000000e6/rect[39m [90m{}[39m
[38;5;46m[51eab945][0m[38;5;-153m[AndroidUiautomator2Driver@ca48][0m Driver proxy active, passing request on via HTTP proxy
[38;5;46m[51eab945][0m[38;5;-153m[AndroidUiautomator2Driver@ca48][0m Replacing sessionId ce85b282-7c4b-4432-a875-84525f447c30 with 51eab945-d59e-481f-8562-560e0fe3a85b
[38;5;46m[51eab945][0m[38;5;86m[HTTP][0m [37m<-- GET /wd/hub/session/51eab945-d59e-481f-8562-560e0fe3a85b/element/00000000-0000-0711-ffff-ffff000000e6/rect [39m[32m200[39m [90m162 ms - 101[39m [90m[39m
[38;5;46m[51eab945][0m[38;5;86m[HTTP][0m [37m-->[39m [37mPOST[39m [37m/wd/hub/session/51eab945-d59e-481f-8562-560e0fe3a85b/timeouts[39m [90m{"implicit":40000}[39m
[38;5;46m[51eab945][0m[38;5;86m[HTTP][0m [37m<-- POST /wd/hub/session/51eab945-d59e-481f-8562-560e0fe3a85b/timeouts [39m[32m200[39m [90m2 ms - 14[39m [90m[39m
[38;5;46m[51eab945][0m[38;5;86m[HTTP][0m [37m-->[39m [37mPOST[39m [37m/wd/hub/session/51eab945-d59e-481f-8562-560e0fe3a85b/element/00000000-0000-0711-ffff-ffff000000e6/click[39m [90m{"id":"00000000-0000-0711-ffff-ffff000000e6"}[39m
[38;5;46m[51eab945][0m[38;5;86m[HTTP][0m [37m<-- POST /wd/hub/session/51eab945-d59e-481f-8562-560e0fe3a85b/element/00000000-0000-0711-ffff-ffff000000e6/click [39m[32m200[39m [90m93 ms - 14[39m [90m[39m
[38;5;46m[51eab945][0m[38;5;86m[HTTP][0m [37m-->[39m [37mPOST[39m [37m/wd/hub/session/51eab945-d59e-481f-8562-560e0fe3a85b/timeouts[39m [90m{"implicit":50}[39m
[38;5;46m[51eab945][0m[38;5;86m[HTTP][0m [37m<-- POST /wd/hub/session/51eab945-d59e-481f-8562-560e0fe3a85b/timeouts [39m[32m200[39m [90m3 ms - 14[39m [90m[39m
[38;5;46m[51eab945][0m[38;5;86m[HTTP][0m [37m-->[39m [37mGET[39m [37m/wd/hub/session/51eab945-d59e-481f-8562-560e0fe3a85b/window/rect[39m [90m{}[39m
[38;5;46m[51eab945][0m[38;5;86m[HTTP][0m [37m<-- GET /wd/hub/session/51eab945-d59e-481f-8562-560e0fe3a85b/window/rect [39m[32m200[39m [90m24 ms - 49[39m [90m[39m
[38;5;46m[51eab945][0m[38;5;86m[HTTP][0m [37m-->[39m [37mPOST[39m [37m/wd/hub/session/51eab945-d59e-481f-8562-560e0fe3a85b/elements[39m [90m{"using":"xpath","value":"//*[@class = 'android.widget.ImageView' and (@text = '' or . = '')]"}[39m
[38;5;46m[51eab945][0m[38;5;86m[HTTP][0m [37m<-- POST /wd/hub/session/51eab945-d59e-481f-8562-560e0fe3a85b/elements [39m[32m200[39m [90m599 ms - 1291[39m [90m[39m
[38;5;46m[51eab945][0m[38;5;86m[HTTP][0m [37m-->[39m [37mGET[39m [37m/wd/hub/session/51eab945-d59e-481f-8562-560e0fe3a85b/element/00000000-0000-0711-ffff-ffff000000c3/rect[39m [90m{}[39m
[38;5;46m[51eab945][0m[38;5;-153m[AndroidUiautomator2Driver@ca48][0m Driver proxy active, passing request on via HTTP proxy
[38;5;46m[51eab945][0m[38;5;-153m[AndroidUiautomator2Driver@ca48][0m Replacing sessionId ce85b282-7c4b-4432-a875-84525f447c30 with 51eab945-d59e-481f-8562-560e0fe3a85b
[38;5;46m[51eab945][0m[38;5;86m[HTTP][0m [37m<-- GET /wd/hub/session/51eab945-d59e-481f-8562-560e0fe3a85b/element/00000000-0000-0711-ffff-ffff000000c3/rect [39m[32m200[39m [90m846 ms - 98[39m [90m[39m
[38;5;46m[51eab945][0m[38;5;86m[HTTP][0m [37m-->[39m [37mPOST[39m [37m/wd/hub/session/51eab945-d59e-481f-8562-560e0fe3a85b/timeouts[39m [90m{"implicit":40000}[39m
[38;5;46m[51eab945][0m[38;5;86m[HTTP][0m [37m<-- POST /wd/hub/session/51eab945-d59e-481f-8562-560e0fe3a85b/timeouts [39m[32m200[39m [90m1 ms - 14[39m [90m[39m
[38;5;46m[51eab945][0m[38;5;86m[HTTP][0m [37m-->[39m [37mPOST[39m [37m/wd/hub/session/51eab945-d59e-481f-8562-560e0fe3a85b/element/00000000-0000-0711-ffff-ffff000000c3/click[39m [90m{"id":"00000000-0000-0711-ffff-ffff000000c3"}[39m
[38;5;46m[51eab945][0m[38;5;86m[HTTP][0m [37m<-- POST /wd/hub/session/51eab945-d59e-481f-8562-560e0fe3a85b/element/00000000-0000-0711-ffff-ffff000000c3/click [39m[32m200[39m [90m75 ms - 14[39m [90m[39m
[38;5;46m[51eab945][0m[38;5;86m[HTTP][0m [37m-->[39m [37mPOST[39m [37m/wd/hub/session/51eab945-d59e-481f-8562-560e0fe3a85b/timeouts[39m [90m{"implicit":50}[39m
[38;5;46m[51eab945][0m[38;5;86m[HTTP][0m [37m<-- POST /wd/hub/session/51eab945-d59e-481f-8562-560e0fe3a85b/timeouts [39m[32m200[39m [90m1 ms - 14[39m [90m[39m
[38;5;46m[51eab945][0m[38;5;86m[HTTP][0m [37m-->[39m [37mGET[39m [37m/wd/hub/session/51eab945-d59e-481f-8562-560e0fe3a85b/window/rect[39m [90m{}[39m
[38;5;46m[51eab945][0m[38;5;86m[HTTP][0m [37m<-- GET /wd/hub/session/51eab945-d59e-481f-8562-560e0fe3a85b/window/rect [39m[32m200[39m [90m24 ms - 49[39m [90m[39m
[38;5;46m[51eab945][0m[38;5;86m[HTTP][0m [37m-->[39m [37mPOST[39m [37m/wd/hub/session/51eab945-d59e-481f-8562-560e0fe3a85b/elements[39m [90m{"using":"xpath","value":"//*[@class = 'android.widget.TextView' and (@text = 'Lost & Found' or . = 'Lost & Found')]"}[39m
[38;5;46m[51eab945][0m[38;5;86m[HTTP][0m [37m<-- POST /wd/hub/session/51eab945-d59e-481f-8562-560e0fe3a85b/elements [39m[32m200[39m [90m1105 ms - 139[39m [90m[39m
[38;5;46m[51eab945][0m[38;5;86m[HTTP][0m [37m-->[39m [37mGET[39m [37m/wd/hub/session/51eab945-d59e-481f-8562-560e0fe3a85b/element/00000000-0000-0711-ffff-ffff000000ea/rect[39m [90m{}[39m
[38;5;46m[51eab945][0m[38;5;-153m[AndroidUiautomator2Driver@ca48][0m Driver proxy active, passing request on via HTTP proxy
[38;5;46m[51eab945][0m[38;5;-153m[AndroidUiautomator2Driver@ca48][0m Replacing sessionId ce85b282-7c4b-4432-a875-84525f447c30 with 51eab945-d59e-481f-8562-560e0fe3a85b
[38;5;46m[51eab945][0m[38;5;86m[HTTP][0m [37m<-- GET /wd/hub/session/51eab945-d59e-481f-8562-560e0fe3a85b/element/00000000-0000-0711-ffff-ffff000000ea/rect [39m[32m200[39m [90m145 ms - 102[39m [90m[39m
[38;5;46m[51eab945][0m[38;5;86m[HTTP][0m [37m-->[39m [37mPOST[39m [37m/wd/hub/session/51eab945-d59e-481f-8562-560e0fe3a85b/timeouts[39m [90m{"implicit":40000}[39m
[38;5;46m[51eab945][0m[38;5;86m[HTTP][0m [37m<-- POST /wd/hub/session/51eab945-d59e-481f-8562-560e0fe3a85b/timeouts [39m[32m200[39m [90m2 ms - 14[39m [90m[39m
[38;5;46m[51eab945][0m[38;5;86m[HTTP][0m [37m-->[39m [37mPOST[39m [37m/wd/hub/session/51eab945-d59e-481f-8562-560e0fe3a85b/element/00000000-0000-0711-ffff-ffff000000ea/click[39m [90m{"id":"00000000-0000-0711-ffff-ffff000000ea"}[39m
[38;5;46m[51eab945][0m[38;5;86m[HTTP][0m [37m<-- POST /wd/hub/session/51eab945-d59e-481f-8562-560e0fe3a85b/element/00000000-0000-0711-ffff-ffff000000ea/click [39m[32m200[39m [90m61 ms - 14[39m [90m[39m
[38;5;46m[51eab945][0m[38;5;86m[HTTP][0m [37m-->[39m [37mPOST[39m [37m/wd/hub/session/51eab945-d59e-481f-8562-560e0fe3a85b/timeouts[39m [90m{"implicit":50}[39m
[38;5;46m[51eab945][0m[38;5;86m[HTTP][0m [37m<-- POST /wd/hub/session/51eab945-d59e-481f-8562-560e0fe3a85b/timeouts [39m[32m200[39m [90m3 ms - 14[39m [90m[39m
[38;5;46m[51eab945][0m[38;5;86m[HTTP][0m [37m-->[39m [37mGET[39m [37m/wd/hub/session/51eab945-d59e-481f-8562-560e0fe3a85b/window/rect[39m [90m{}[39m
[38;5;46m[51eab945][0m[38;5;86m[HTTP][0m [37m<-- GET /wd/hub/session/51eab945-d59e-481f-8562-560e0fe3a85b/window/rect [39m[32m200[39m [90m24 ms - 49[39m [90m[39m
[38;5;46m[51eab945][0m[38;5;86m[HTTP][0m [37m-->[39m [37mPOST[39m [37m/wd/hub/session/51eab945-d59e-481f-8562-560e0fe3a85b/elements[39m [90m{"using":"xpath","value":"//*[@class = 'android.widget.ImageView' and (@text = '' or . = '')]"}[39m
[38;5;46m[51eab945][0m[38;5;86m[HTTP][0m [37m<-- POST /wd/hub/session/51eab945-d59e-481f-8562-560e0fe3a85b/elements [39m[32m200[39m [90m564 ms - 1291[39m [90m[39m
[38;5;46m[51eab945][0m[38;5;86m[HTTP][0m [37m-->[39m [37mGET[39m [37m/wd/hub/session/51eab945-d59e-481f-8562-560e0fe3a85b/element/00000000-0000-0711-ffff-ffff000000c3/rect[39m [90m{}[39m
[38;5;46m[51eab945][0m[38;5;-153m[AndroidUiautomator2Driver@ca48][0m Driver proxy active, passing request on via HTTP proxy
[38;5;46m[51eab945][0m[38;5;-153m[AndroidUiautomator2Driver@ca48][0m Replacing sessionId ce85b282-7c4b-4432-a875-84525f447c30 with 51eab945-d59e-481f-8562-560e0fe3a85b
[38;5;46m[51eab945][0m[38;5;86m[HTTP][0m [37m<-- GET /wd/hub/session/51eab945-d59e-481f-8562-560e0fe3a85b/element/00000000-0000-0711-ffff-ffff000000c3/rect [39m[32m200[39m [90m894 ms - 98[39m [90m[39m
[38;5;46m[51eab945][0m[38;5;86m[HTTP][0m [37m-->[39m [37mPOST[39m [37m/wd/hub/session/51eab945-d59e-481f-8562-560e0fe3a85b/timeouts[39m [90m{"implicit":40000}[39m
[38;5;46m[51eab945][0m[38;5;86m[HTTP][0m [37m<-- POST /wd/hub/session/51eab945-d59e-481f-8562-560e0fe3a85b/timeouts [39m[32m200[39m [90m3 ms - 14[39m [90m[39m
[38;5;46m[51eab945][0m[38;5;86m[HTTP][0m [37m-->[39m [37mPOST[39m [37m/wd/hub/session/51eab945-d59e-481f-8562-560e0fe3a85b/element/00000000-0000-0711-ffff-ffff000000c3/click[39m [90m{"id":"00000000-0000-0711-ffff-ffff000000c3"}[39m
[38;5;46m[51eab945][0m[38;5;86m[HTTP][0m [37m<-- POST /wd/hub/session/51eab945-d59e-481f-8562-560e0fe3a85b/element/00000000-0000-0711-ffff-ffff000000c3/click [39m[32m200[39m [90m92 ms - 14[39m [90m[39m
[38;5;46m[51eab945][0m[38;5;86m[HTTP][0m [37m-->[39m [37mPOST[39m [37m/wd/hub/session/51eab945-d59e-481f-8562-560e0fe3a85b/timeouts[39m [90m{"implicit":50}[39m
[38;5;46m[51eab945][0m[38;5;86m[HTTP][0m [37m<-- POST /wd/hub/session/51eab945-d59e-481f-8562-560e0fe3a85b/timeouts [39m[32m200[39m [90m3 ms - 14[39m [90m[39m
[38;5;46m[51eab945][0m[38;5;86m[HTTP][0m [37m-->[39m [37mGET[39m [37m/wd/hub/session/51eab945-d59e-481f-8562-560e0fe3a85b/window/rect[39m [90m{}[39m
[38;5;46m[51eab945][0m[38;5;86m[HTTP][0m [37m<-- GET /wd/hub/session/51eab945-d59e-481f-8562-560e0fe3a85b/window/rect [39m[32m200[39m [90m20 ms - 49[39m [90m[39m
[38;5;46m[51eab945][0m[38;5;86m[HTTP][0m [37m-->[39m [37mPOST[39m [37m/wd/hub/session/51eab945-d59e-481f-8562-560e0fe3a85b/elements[39m [90m{"using":"xpath","value":"//*[@class = 'android.widget.TextView' and (@text = 'Amenities' or . = 'Amenities')]"}[39m
[38;5;46m[51eab945][0m[38;5;86m[HTTP][0m [37m<-- POST /wd/hub/session/51eab945-d59e-481f-8562-560e0fe3a85b/elements [39m[32m200[39m [90m1009 ms - 267[39m [90m[39m
[38;5;46m[51eab945][0m[38;5;86m[HTTP][0m [37m-->[39m [37mGET[39m [37m/wd/hub/session/51eab945-d59e-481f-8562-560e0fe3a85b/element/00000000-0000-0711-ffff-ffff000000d1/rect[39m [90m{}[39m
[38;5;46m[51eab945][0m[38;5;-153m[AndroidUiautomator2Driver@ca48][0m Driver proxy active, passing request on via HTTP proxy
[38;5;46m[51eab945][0m[38;5;-153m[AndroidUiautomator2Driver@ca48][0m Replacing sessionId ce85b282-7c4b-4432-a875-84525f447c30 with 51eab945-d59e-481f-8562-560e0fe3a85b
[38;5;46m[51eab945][0m[38;5;86m[HTTP][0m [37m<-- GET /wd/hub/session/51eab945-d59e-481f-8562-560e0fe3a85b/element/00000000-0000-0711-ffff-ffff000000d1/rect [39m[32m200[39m [90m98 ms - 103[39m [90m[39m
[38;5;46m[51eab945][0m[38;5;86m[HTTP][0m [37m-->[39m [37mPOST[39m [37m/wd/hub/session/51eab945-d59e-481f-8562-560e0fe3a85b/timeouts[39m [90m{"implicit":40000}[39m
[38;5;46m[51eab945][0m[38;5;86m[HTTP][0m [37m<-- POST /wd/hub/session/51eab945-d59e-481f-8562-560e0fe3a85b/timeouts [39m[32m200[39m [90m2 ms - 14[39m [90m[39m
[38;5;46m[51eab945][0m[38;5;86m[HTTP][0m [37m-->[39m [37mPOST[39m [37m/wd/hub/session/51eab945-d59e-481f-8562-560e0fe3a85b/element/00000000-0000-0711-ffff-ffff000000d1/click[39m [90m{"id":"00000000-0000-0711-ffff-ffff000000d1"}[39m
[38;5;46m[51eab945][0m[38;5;86m[HTTP][0m [37m<-- POST /wd/hub/session/51eab945-d59e-481f-8562-560e0fe3a85b/element/00000000-0000-0711-ffff-ffff000000d1/click [39m[32m200[39m [90m71 ms - 14[39m [90m[39m
[38;5;46m[51eab945][0m[38;5;86m[HTTP][0m [37m-->[39m [37mPOST[39m [37m/wd/hub/session/51eab945-d59e-481f-8562-560e0fe3a85b/timeouts[39m [90m{"implicit":50}[39m
[38;5;46m[51eab945][0m[38;5;86m[HTTP][0m [37m<-- POST /wd/hub/session/51eab945-d59e-481f-8562-560e0fe3a85b/timeouts [39m[32m200[39m [90m2 ms - 14[39m [90m[39m
[38;5;46m[51eab945][0m[38;5;86m[HTTP][0m [37m-->[39m [37mGET[39m [37m/wd/hub/session/51eab945-d59e-481f-8562-560e0fe3a85b/window/rect[39m [90m{}[39m
[38;5;46m[51eab945][0m[38;5;86m[HTTP][0m [37m<-- GET /wd/hub/session/51eab945-d59e-481f-8562-560e0fe3a85b/window/rect [39m[32m200[39m [90m21 ms - 49[39m [90m[39m
[38;5;46m[51eab945][0m[38;5;86m[HTTP][0m [37m-->[39m [37mPOST[39m [37m/wd/hub/session/51eab945-d59e-481f-8562-560e0fe3a85b/elements[39m [90m{"using":"xpath","value":"//*[@class = 'android.widget.TextView' and (@text = 'Baby Strollers' or . = 'Baby Strollers')]"}[39m
[38;5;46m[51eab945][0m[38;5;86m[HTTP][0m [37m<-- POST /wd/hub/session/51eab945-d59e-481f-8562-560e0fe3a85b/elements [39m[32m200[39m [90m543 ms - 12[39m [90m[39m
[38;5;46m[51eab945][0m[38;5;86m[HTTP][0m [37m-->[39m [37mPOST[39m [37m/wd/hub/session/51eab945-d59e-481f-8562-560e0fe3a85b/elements[39m [90m{"using":"xpath","value":"//*[@class = 'android.widget.TextView' and (@text = 'Baby Strollers' or . = 'Baby Strollers')]"}[39m
[38;5;46m[51eab945][0m[38;5;86m[HTTP][0m [37m<-- POST /wd/hub/session/51eab945-d59e-481f-8562-560e0fe3a85b/elements [39m[32m200[39m [90m1400 ms - 139[39m [90m[39m
[38;5;46m[51eab945][0m[38;5;86m[HTTP][0m [37m-->[39m [37mGET[39m [37m/wd/hub/session/51eab945-d59e-481f-8562-560e0fe3a85b/element/00000000-0000-0711-ffff-ffff000001b4/rect[39m [90m{}[39m
[38;5;46m[51eab945][0m[38;5;-153m[AndroidUiautomator2Driver@ca48][0m Driver proxy active, passing request on via HTTP proxy
[38;5;46m[51eab945][0m[38;5;-153m[AndroidUiautomator2Driver@ca48][0m Replacing sessionId ce85b282-7c4b-4432-a875-84525f447c30 with 51eab945-d59e-481f-8562-560e0fe3a85b
[38;5;46m[51eab945][0m[38;5;86m[HTTP][0m [37m<-- GET /wd/hub/session/51eab945-d59e-481f-8562-560e0fe3a85b/element/00000000-0000-0711-ffff-ffff000001b4/rect [39m[32m200[39m [90m72 ms - 101[39m [90m[39m
[38;5;46m[51eab945][0m[38;5;86m[HTTP][0m [37m-->[39m [37mPOST[39m [37m/wd/hub/session/51eab945-d59e-481f-8562-560e0fe3a85b/timeouts[39m [90m{"implicit":40000}[39m
[38;5;46m[51eab945][0m[38;5;86m[HTTP][0m [37m<-- POST /wd/hub/session/51eab945-d59e-481f-8562-560e0fe3a85b/timeouts [39m[32m200[39m [90m1 ms - 14[39m [90m[39m
[38;5;46m[51eab945][0m[38;5;86m[HTTP][0m [37m-->[39m [37mPOST[39m [37m/wd/hub/session/51eab945-d59e-481f-8562-560e0fe3a85b/element/00000000-0000-0711-ffff-ffff000001b4/click[39m [90m{"id":"00000000-0000-0711-ffff-ffff000001b4"}[39m
[38;5;46m[51eab945][0m[38;5;86m[HTTP][0m [37m<-- POST /wd/hub/session/51eab945-d59e-481f-8562-560e0fe3a85b/element/00000000-0000-0711-ffff-ffff000001b4/click [39m[32m200[39m [90m82 ms - 14[39m [90m[39m
[38;5;46m[51eab945][0m[38;5;86m[HTTP][0m [37m-->[39m [37mPOST[39m [37m/wd/hub/session/51eab945-d59e-481f-8562-560e0fe3a85b/timeouts[39m [90m{"implicit":50}[39m
[38;5;46m[51eab945][0m[38;5;86m[HTTP][0m [37m<-- POST /wd/hub/session/51eab945-d59e-481f-8562-560e0fe3a85b/timeouts [39m[32m200[39m [90m3 ms - 14[39m [90m[39m
[38;5;46m[51eab945][0m[38;5;86m[HTTP][0m [37m-->[39m [37mGET[39m [37m/wd/hub/session/51eab945-d59e-481f-8562-560e0fe3a85b/window/rect[39m [90m{}[39m
[38;5;46m[51eab945][0m[38;5;86m[HTTP][0m [37m<-- GET /wd/hub/session/51eab945-d59e-481f-8562-560e0fe3a85b/window/rect [39m[32m200[39m [90m26 ms - 49[39m [90m[39m
[38;5;46m[51eab945][0m[38;5;86m[HTTP][0m [37m-->[39m [37mPOST[39m [37m/wd/hub/session/51eab945-d59e-481f-8562-560e0fe3a85b/elements[39m [90m{"using":"xpath","value":"//*[@class = 'android.widget.ImageView' and (@text = '' or . = '')]"}[39m
[38;5;46m[51eab945][0m[38;5;86m[HTTP][0m [37m<-- POST /wd/hub/session/51eab945-d59e-481f-8562-560e0fe3a85b/elements [39m[32m200[39m [90m512 ms - 1291[39m [90m[39m
[38;5;46m[51eab945][0m[38;5;86m[HTTP][0m [37m-->[39m [37mGET[39m [37m/wd/hub/session/51eab945-d59e-481f-8562-560e0fe3a85b/element/00000000-0000-0711-ffff-ffff0000019e/rect[39m [90m{}[39m
[38;5;46m[51eab945][0m[38;5;-153m[AndroidUiautomator2Driver@ca48][0m Driver proxy active, passing request on via HTTP proxy
[38;5;46m[51eab945][0m[38;5;-153m[AndroidUiautomator2Driver@ca48][0m Replacing sessionId ce85b282-7c4b-4432-a875-84525f447c30 with 51eab945-d59e-481f-8562-560e0fe3a85b
[38;5;46m[51eab945][0m[38;5;86m[HTTP][0m [37m<-- GET /wd/hub/session/51eab945-d59e-481f-8562-560e0fe3a85b/element/00000000-0000-0711-ffff-ffff0000019e/rect [39m[32m200[39m [90m964 ms - 98[39m [90m[39m
[38;5;46m[51eab945][0m[38;5;86m[HTTP][0m [37m-->[39m [37mPOST[39m [37m/wd/hub/session/51eab945-d59e-481f-8562-560e0fe3a85b/timeouts[39m [90m{"implicit":40000}[39m
[38;5;46m[51eab945][0m[38;5;86m[HTTP][0m [37m<-- POST /wd/hub/session/51eab945-d59e-481f-8562-560e0fe3a85b/timeouts [39m[32m200[39m [90m3 ms - 14[39m [90m[39m
[38;5;46m[51eab945][0m[38;5;86m[HTTP][0m [37m-->[39m [37mPOST[39m [37m/wd/hub/session/51eab945-d59e-481f-8562-560e0fe3a85b/element/00000000-0000-0711-ffff-ffff0000019e/click[39m [90m{"id":"00000000-0000-0711-ffff-ffff0000019e"}[39m
[38;5;46m[51eab945][0m[38;5;86m[HTTP][0m [37m<-- POST /wd/hub/session/51eab945-d59e-481f-8562-560e0fe3a85b/element/00000000-0000-0711-ffff-ffff0000019e/click [39m[32m200[39m [90m88 ms - 14[39m [90m[39m
[38;5;46m[51eab945][0m[38;5;86m[HTTP][0m [37m-->[39m [37mPOST[39m [37m/wd/hub/session/51eab945-d59e-481f-8562-560e0fe3a85b/timeouts[39m [90m{"implicit":50}[39m
[38;5;46m[51eab945][0m[38;5;86m[HTTP][0m [37m<-- POST /wd/hub/session/51eab945-d59e-481f-8562-560e0fe3a85b/timeouts [39m[32m200[39m [90m2 ms - 14[39m [90m[39m
[38;5;46m[51eab945][0m[38;5;86m[HTTP][0m [37m-->[39m [37mGET[39m [37m/wd/hub/session/51eab945-d59e-481f-8562-560e0fe3a85b/window/rect[39m [90m{}[39m
[38;5;46m[51eab945][0m[38;5;86m[HTTP][0m [37m<-- GET /wd/hub/session/51eab945-d59e-481f-8562-560e0fe3a85b/window/rect [39m[32m200[39m [90m26 ms - 49[39m [90m[39m
[38;5;46m[51eab945][0m[38;5;86m[HTTP][0m [37m-->[39m [37mPOST[39m [37m/wd/hub/session/51eab945-d59e-481f-8562-560e0fe3a85b/elements[39m [90m{"using":"xpath","value":"//*[@class = 'android.widget.TextView' and (@text = 'Handicapped Bathrooms' or . = 'Handicapped Bathrooms')]"}[39m
[38;5;46m[51eab945][0m[38;5;86m[HTTP][0m [37m<-- POST /wd/hub/session/51eab945-d59e-481f-8562-560e0fe3a85b/elements [39m[32m200[39m [90m1190 ms - 139[39m [90m[39m
[38;5;46m[51eab945][0m[38;5;86m[HTTP][0m [37m-->[39m [37mGET[39m [37m/wd/hub/session/51eab945-d59e-481f-8562-560e0fe3a85b/element/00000000-0000-0711-ffff-ffff000001b8/rect[39m [90m{}[39m
[38;5;46m[51eab945][0m[38;5;-153m[AndroidUiautomator2Driver@ca48][0m Driver proxy active, passing request on via HTTP proxy
[38;5;46m[51eab945][0m[38;5;-153m[AndroidUiautomator2Driver@ca48][0m Replacing sessionId ce85b282-7c4b-4432-a875-84525f447c30 with 51eab945-d59e-481f-8562-560e0fe3a85b
[38;5;46m[51eab945][0m[38;5;86m[HTTP][0m [37m<-- GET /wd/hub/session/51eab945-d59e-481f-8562-560e0fe3a85b/element/00000000-0000-0711-ffff-ffff000001b8/rect [39m[32m200[39m [90m119 ms - 102[39m [90m[39m
[38;5;46m[51eab945][0m[38;5;86m[HTTP][0m [37m-->[39m [37mPOST[39m [37m/wd/hub/session/51eab945-d59e-481f-8562-560e0fe3a85b/timeouts[39m [90m{"implicit":40000}[39m
[38;5;46m[51eab945][0m[38;5;86m[HTTP][0m [37m<-- POST /wd/hub/session/51eab945-d59e-481f-8562-560e0fe3a85b/timeouts [39m[32m200[39m [90m2 ms - 14[39m [90m[39m
[38;5;46m[51eab945][0m[38;5;86m[HTTP][0m [37m-->[39m [37mPOST[39m [37m/wd/hub/session/51eab945-d59e-481f-8562-560e0fe3a85b/element/00000000-0000-0711-ffff-ffff000001b8/click[39m [90m{"id":"00000000-0000-0711-ffff-ffff000001b8"}[39m
[38;5;46m[51eab945][0m[38;5;86m[HTTP][0m [37m<-- POST /wd/hub/session/51eab945-d59e-481f-8562-560e0fe3a85b/element/00000000-0000-0711-ffff-ffff000001b8/click [39m[32m200[39m [90m111 ms - 14[39m [90m[39m
[38;5;46m[51eab945][0m[38;5;86m[HTTP][0m [37m-->[39m [37mPOST[39m [37m/wd/hub/session/51eab945-d59e-481f-8562-560e0fe3a85b/timeouts[39m [90m{"implicit":50}[39m
[38;5;46m[51eab945][0m[38;5;86m[HTTP][0m [37m<-- POST /wd/hub/session/51eab945-d59e-481f-8562-560e0fe3a85b/timeouts [39m[32m200[39m [90m4 ms - 14[39m [90m[39m
[38;5;46m[51eab945][0m[38;5;86m[HTTP][0m [37m-->[39m [37mGET[39m [37m/wd/hub/session/51eab945-d59e-481f-8562-560e0fe3a85b/window/rect[39m [90m{}[39m
[38;5;46m[51eab945][0m[38;5;86m[HTTP][0m [37m<-- GET /wd/hub/session/51eab945-d59e-481f-8562-560e0fe3a85b/window/rect [39m[32m200[39m [90m31 ms - 49[39m [90m[39m
[38;5;46m[51eab945][0m[38;5;86m[HTTP][0m [37m-->[39m [37mPOST[39m [37m/wd/hub/session/51eab945-d59e-481f-8562-560e0fe3a85b/elements[39m [90m{"using":"xpath","value":"//*[@class = 'android.widget.ImageView' and (@text = '' or . = '')]"}[39m
[38;5;46m[51eab945][0m[38;5;86m[HTTP][0m [37m<-- POST /wd/hub/session/51eab945-d59e-481f-8562-560e0fe3a85b/elements [39m[32m200[39m [90m525 ms - 1291[39m [90m[39m
[38;5;46m[51eab945][0m[38;5;86m[HTTP][0m [37m-->[39m [37mGET[39m [37m/wd/hub/session/51eab945-d59e-481f-8562-560e0fe3a85b/element/00000000-0000-0711-ffff-ffff0000019e/rect[39m [90m{}[39m
[38;5;46m[51eab945][0m[38;5;-153m[AndroidUiautomator2Driver@ca48][0m Driver proxy active, passing request on via HTTP proxy
[38;5;46m[51eab945][0m[38;5;-153m[AndroidUiautomator2Driver@ca48][0m Replacing sessionId ce85b282-7c4b-4432-a875-84525f447c30 with 51eab945-d59e-481f-8562-560e0fe3a85b
[38;5;46m[51eab945][0m[38;5;86m[HTTP][0m [37m<-- GET /wd/hub/session/51eab945-d59e-481f-8562-560e0fe3a85b/element/00000000-0000-0711-ffff-ffff0000019e/rect [39m[32m200[39m [90m971 ms - 98[39m [90m[39m
[38;5;46m[51eab945][0m[38;5;86m[HTTP][0m [37m-->[39m [37mPOST[39m [37m/wd/hub/session/51eab945-d59e-481f-8562-560e0fe3a85b/timeouts[39m [90m{"implicit":40000}[39m
[38;5;46m[51eab945][0m[38;5;86m[HTTP][0m [37m<-- POST /wd/hub/session/51eab945-d59e-481f-8562-560e0fe3a85b/timeouts [39m[32m200[39m [90m1 ms - 14[39m [90m[39m
[38;5;46m[51eab945][0m[38;5;86m[HTTP][0m [37m-->[39m [37mPOST[39m [37m/wd/hub/session/51eab945-d59e-481f-8562-560e0fe3a85b/element/00000000-0000-0711-ffff-ffff0000019e/click[39m [90m{"id":"00000000-0000-0711-ffff-ffff0000019e"}[39m
[38;5;46m[51eab945][0m[38;5;86m[HTTP][0m [37m<-- POST /wd/hub/session/51eab945-d59e-481f-8562-560e0fe3a85b/element/00000000-0000-0711-ffff-ffff0000019e/click [39m[32m200[39m [90m64 ms - 14[39m [90m[39m
[38;5;46m[51eab945][0m[38;5;86m[HTTP][0m [37m-->[39m [37mPOST[39m [37m/wd/hub/session/51eab945-d59e-481f-8562-560e0fe3a85b/timeouts[39m [90m{"implicit":50}[39m
[38;5;46m[51eab945][0m[38;5;86m[HTTP][0m [37m<-- POST /wd/hub/session/51eab945-d59e-481f-8562-560e0fe3a85b/timeouts [39m[32m200[39m [90m2 ms - 14[39m [90m[39m
[38;5;46m[51eab945][0m[38;5;86m[HTTP][0m [37m-->[39m [37mGET[39m [37m/wd/hub/session/51eab945-d59e-481f-8562-560e0fe3a85b/window/rect[39m [90m{}[39m
[38;5;46m[51eab945][0m[38;5;86m[HTTP][0m [37m<-- GET /wd/hub/session/51eab945-d59e-481f-8562-560e0fe3a85b/window/rect [39m[32m200[39m [90m18 ms - 49[39m [90m[39m
[38;5;46m[51eab945][0m[38;5;86m[HTTP][0m [37m-->[39m [37mPOST[39m [37m/wd/hub/session/51eab945-d59e-481f-8562-560e0fe3a85b/elements[39m [90m{"using":"xpath","value":"//*[@class = 'android.widget.TextView' and (@text = concat(\"Parent\" , \"'\" , \"s rooms\") or . = concat(\"Parent\" , \"'\" , \"s rooms\"))]"}[39m
[38;5;46m[51eab945][0m[38;5;86m[HTTP][0m [37m<-- POST /wd/hub/session/51eab945-d59e-481f-8562-560e0fe3a85b/elements [39m[32m200[39m [90m1483 ms - 139[39m [90m[39m
[38;5;46m[51eab945][0m[38;5;86m[HTTP][0m [37m-->[39m [37mGET[39m [37m/wd/hub/session/51eab945-d59e-481f-8562-560e0fe3a85b/element/00000000-0000-0711-ffff-ffff000001bc/rect[39m [90m{}[39m
[38;5;46m[51eab945][0m[38;5;-153m[AndroidUiautomator2Driver@ca48][0m Driver proxy active, passing request on via HTTP proxy
[38;5;46m[51eab945][0m[38;5;-153m[AndroidUiautomator2Driver@ca48][0m Replacing sessionId ce85b282-7c4b-4432-a875-84525f447c30 with 51eab945-d59e-481f-8562-560e0fe3a85b
[38;5;46m[51eab945][0m[38;5;86m[HTTP][0m [37m<-- GET /wd/hub/session/51eab945-d59e-481f-8562-560e0fe3a85b/element/00000000-0000-0711-ffff-ffff000001bc/rect [39m[32m200[39m [90m57 ms - 102[39m [90m[39m
[38;5;46m[51eab945][0m[38;5;86m[HTTP][0m [37m-->[39m [37mPOST[39m [37m/wd/hub/session/51eab945-d59e-481f-8562-560e0fe3a85b/timeouts[39m [90m{"implicit":40000}[39m
[38;5;46m[51eab945][0m[38;5;86m[HTTP][0m [37m<-- POST /wd/hub/session/51eab945-d59e-481f-8562-560e0fe3a85b/timeouts [39m[32m200[39m [90m1 ms - 14[39m [90m[39m
[38;5;46m[51eab945][0m[38;5;86m[HTTP][0m [37m-->[39m [37mPOST[39m [37m/wd/hub/session/51eab945-d59e-481f-8562-560e0fe3a85b/element/00000000-0000-0711-ffff-ffff000001bc/click[39m [90m{"id":"00000000-0000-0711-ffff-ffff000001bc"}[39m
[38;5;46m[51eab945][0m[38;5;86m[HTTP][0m [37m<-- POST /wd/hub/session/51eab945-d59e-481f-8562-560e0fe3a85b/element/00000000-0000-0711-ffff-ffff000001bc/click [39m[32m200[39m [90m80 ms - 14[39m [90m[39m
[38;5;46m[51eab945][0m[38;5;86m[HTTP][0m [37m-->[39m [37mPOST[39m [37m/wd/hub/session/51eab945-d59e-481f-8562-560e0fe3a85b/timeouts[39m [90m{"implicit":50}[39m
[38;5;46m[51eab945][0m[38;5;86m[HTTP][0m [37m<-- POST /wd/hub/session/51eab945-d59e-481f-8562-560e0fe3a85b/timeouts [39m[32m200[39m [90m2 ms - 14[39m [90m[39m
[38;5;46m[51eab945][0m[38;5;86m[HTTP][0m [37m-->[39m [37mGET[39m [37m/wd/hub/session/51eab945-d59e-481f-8562-560e0fe3a85b/window/rect[39m [90m{}[39m
[38;5;46m[51eab945][0m[38;5;86m[HTTP][0m [37m<-- GET /wd/hub/session/51eab945-d59e-481f-8562-560e0fe3a85b/window/rect [39m[32m200[39m [90m22 ms - 49[39m [90m[39m
[38;5;46m[51eab945][0m[38;5;86m[HTTP][0m [37m-->[39m [37mPOST[39m [37m/wd/hub/session/51eab945-d59e-481f-8562-560e0fe3a85b/elements[39m [90m{"using":"xpath","value":"//*[@class = 'android.widget.ImageView' and (@text = '' or . = '')]"}[39m
[38;5;46m[51eab945][0m[38;5;86m[HTTP][0m [37m<-- POST /wd/hub/session/51eab945-d59e-481f-8562-560e0fe3a85b/elements [39m[32m200[39m [90m479 ms - 1291[39m [90m[39m
[38;5;46m[51eab945][0m[38;5;86m[HTTP][0m [37m-->[39m [37mGET[39m [37m/wd/hub/session/51eab945-d59e-481f-8562-560e0fe3a85b/element/00000000-0000-0711-ffff-ffff0000019e/rect[39m [90m{}[39m
[38;5;46m[51eab945][0m[38;5;-153m[AndroidUiautomator2Driver@ca48][0m Driver proxy active, passing request on via HTTP proxy
[38;5;46m[51eab945][0m[38;5;-153m[AndroidUiautomator2Driver@ca48][0m Replacing sessionId ce85b282-7c4b-4432-a875-84525f447c30 with 51eab945-d59e-481f-8562-560e0fe3a85b
[38;5;46m[51eab945][0m[38;5;86m[HTTP][0m [37m<-- GET /wd/hub/session/51eab945-d59e-481f-8562-560e0fe3a85b/element/00000000-0000-0711-ffff-ffff0000019e/rect [39m[32m200[39m [90m1031 ms - 98[39m [90m[39m
[38;5;46m[51eab945][0m[38;5;86m[HTTP][0m [37m-->[39m [37mPOST[39m [37m/wd/hub/session/51eab945-d59e-481f-8562-560e0fe3a85b/timeouts[39m [90m{"implicit":40000}[39m
[38;5;46m[51eab945][0m[38;5;86m[HTTP][0m [37m<-- POST /wd/hub/session/51eab945-d59e-481f-8562-560e0fe3a85b/timeouts [39m[32m200[39m [90m3 ms - 14[39m [90m[39m
[38;5;46m[51eab945][0m[38;5;86m[HTTP][0m [37m-->[39m [37mPOST[39m [37m/wd/hub/session/51eab945-d59e-481f-8562-560e0fe3a85b/element/00000000-0000-0711-ffff-ffff0000019e/click[39m [90m{"id":"00000000-0000-0711-ffff-ffff0000019e"}[39m
[38;5;46m[51eab945][0m[38;5;86m[HTTP][0m [37m<-- POST /wd/hub/session/51eab945-d59e-481f-8562-560e0fe3a85b/element/00000000-0000-0711-ffff-ffff0000019e/click [39m[32m200[39m [90m86 ms - 14[39m [90m[39m
[38;5;46m[51eab945][0m[38;5;86m[HTTP][0m [37m-->[39m [37mPOST[39m [37m/wd/hub/session/51eab945-d59e-481f-8562-560e0fe3a85b/timeouts[39m [90m{"implicit":50}[39m
[38;5;46m[51eab945][0m[38;5;86m[HTTP][0m [37m<-- POST /wd/hub/session/51eab945-d59e-481f-8562-560e0fe3a85b/timeouts [39m[32m200[39m [90m1 ms - 14[39m [90m[39m
[38;5;46m[51eab945][0m[38;5;86m[HTTP][0m [37m-->[39m [37mGET[39m [37m/wd/hub/session/51eab945-d59e-481f-8562-560e0fe3a85b/window/rect[39m [90m{}[39m
[38;5;46m[51eab945][0m[38;5;86m[HTTP][0m [37m<-- GET /wd/hub/session/51eab945-d59e-481f-8562-560e0fe3a85b/window/rect [39m[32m200[39m [90m21 ms - 49[39m [90m[39m
[38;5;46m[51eab945][0m[38;5;86m[HTTP][0m [37m-->[39m [37mPOST[39m [37m/wd/hub/session/51eab945-d59e-481f-8562-560e0fe3a85b/elements[39m [90m{"using":"xpath","value":"//*[@class = 'android.widget.TextView' and (@text = 'Surau' or . = 'Surau')]"}[39m
[38;5;46m[51eab945][0m[38;5;86m[HTTP][0m [37m<-- POST /wd/hub/session/51eab945-d59e-481f-8562-560e0fe3a85b/elements [39m[32m200[39m [90m1264 ms - 139[39m [90m[39m
[38;5;46m[51eab945][0m[38;5;86m[HTTP][0m [37m-->[39m [37mGET[39m [37m/wd/hub/session/51eab945-d59e-481f-8562-560e0fe3a85b/element/00000000-0000-0711-ffff-ffff000001c1/rect[39m [90m{}[39m
[38;5;46m[51eab945][0m[38;5;-153m[AndroidUiautomator2Driver@ca48][0m Driver proxy active, passing request on via HTTP proxy
[38;5;46m[51eab945][0m[38;5;-153m[AndroidUiautomator2Driver@ca48][0m Replacing sessionId ce85b282-7c4b-4432-a875-84525f447c30 with 51eab945-d59e-481f-8562-560e0fe3a85b
[38;5;46m[51eab945][0m[38;5;86m[HTTP][0m [37m<-- GET /wd/hub/session/51eab945-d59e-481f-8562-560e0fe3a85b/element/00000000-0000-0711-ffff-ffff000001c1/rect [39m[32m200[39m [90m79 ms - 100[39m [90m[39m
[38;5;46m[51eab945][0m[38;5;86m[HTTP][0m [37m-->[39m [37mPOST[39m [37m/wd/hub/session/51eab945-d59e-481f-8562-560e0fe3a85b/timeouts[39m [90m{"implicit":40000}[39m
[38;5;46m[51eab945][0m[38;5;86m[HTTP][0m [37m<-- POST /wd/hub/session/51eab945-d59e-481f-8562-560e0fe3a85b/timeouts [39m[32m200[39m [90m2 ms - 14[39m [90m[39m
[38;5;46m[51eab945][0m[38;5;86m[HTTP][0m [37m-->[39m [37mPOST[39m [37m/wd/hub/session/51eab945-d59e-481f-8562-560e0fe3a85b/element/00000000-0000-0711-ffff-ffff000001c1/click[39m [90m{"id":"00000000-0000-0711-ffff-ffff000001c1"}[39m
[38;5;46m[51eab945][0m[38;5;86m[HTTP][0m [37m<-- POST /wd/hub/session/51eab945-d59e-481f-8562-560e0fe3a85b/element/00000000-0000-0711-ffff-ffff000001c1/click [39m[32m200[39m [90m103 ms - 14[39m [90m[39m
[38;5;46m[51eab945][0m[38;5;86m[HTTP][0m [37m-->[39m [37mPOST[39m [37m/wd/hub/session/51eab945-d59e-481f-8562-560e0fe3a85b/timeouts[39m [90m{"implicit":50}[39m
[38;5;46m[51eab945][0m[38;5;86m[HTTP][0m [37m<-- POST /wd/hub/session/51eab945-d59e-481f-8562-560e0fe3a85b/timeouts [39m[32m200[39m [90m3 ms - 14[39m [90m[39m
[38;5;46m[51eab945][0m[38;5;86m[HTTP][0m [37m-->[39m [37mGET[39m [37m/wd/hub/session/51eab945-d59e-481f-8562-560e0fe3a85b/window/rect[39m [90m{}[39m
[38;5;46m[51eab945][0m[38;5;86m[HTTP][0m [37m<-- GET /wd/hub/session/51eab945-d59e-481f-8562-560e0fe3a85b/window/rect [39m[32m200[39m [90m22 ms - 49[39m [90m[39m
[38;5;46m[51eab945][0m[38;5;86m[HTTP][0m [37m-->[39m [37mPOST[39m [37m/wd/hub/session/51eab945-d59e-481f-8562-560e0fe3a85b/elements[39m [90m{"using":"xpath","value":"//*[@class = 'android.widget.ImageView' and (@text = '' or . = '')]"}[39m
[38;5;46m[51eab945][0m[38;5;86m[HTTP][0m [37m<-- POST /wd/hub/session/51eab945-d59e-481f-8562-560e0fe3a85b/elements [39m[32m200[39m [90m503 ms - 1291[39m [90m[39m
[38;5;46m[51eab945][0m[38;5;86m[HTTP][0m [37m-->[39m [37mGET[39m [37m/wd/hub/session/51eab945-d59e-481f-8562-560e0fe3a85b/element/00000000-0000-0711-ffff-ffff0000019e/rect[39m [90m{}[39m
[38;5;46m[51eab945][0m[38;5;-153m[AndroidUiautomator2Driver@ca48][0m Driver proxy active, passing request on via HTTP proxy
[38;5;46m[51eab945][0m[38;5;-153m[AndroidUiautomator2Driver@ca48][0m Replacing sessionId ce85b282-7c4b-4432-a875-84525f447c30 with 51eab945-d59e-481f-8562-560e0fe3a85b
[38;5;46m[51eab945][0m[38;5;86m[HTTP][0m [37m<-- GET /wd/hub/session/51eab945-d59e-481f-8562-560e0fe3a85b/element/00000000-0000-0711-ffff-ffff0000019e/rect [39m[32m200[39m [90m969 ms - 98[39m [90m[39m
[38;5;46m[51eab945][0m[38;5;86m[HTTP][0m [37m-->[39m [37mPOST[39m [37m/wd/hub/session/51eab945-d59e-481f-8562-560e0fe3a85b/timeouts[39m [90m{"implicit":40000}[39m
[38;5;46m[51eab945][0m[38;5;86m[HTTP][0m [37m<-- POST /wd/hub/session/51eab945-d59e-481f-8562-560e0fe3a85b/timeouts [39m[32m200[39m [90m1 ms - 14[39m [90m[39m
[38;5;46m[51eab945][0m[38;5;86m[HTTP][0m [37m-->[39m [37mPOST[39m [37m/wd/hub/session/51eab945-d59e-481f-8562-560e0fe3a85b/element/00000000-0000-0711-ffff-ffff0000019e/click[39m [90m{"id":"00000000-0000-0711-ffff-ffff0000019e"}[39m
[38;5;46m[51eab945][0m[38;5;86m[HTTP][0m [37m<-- POST /wd/hub/session/51eab945-d59e-481f-8562-560e0fe3a85b/element/00000000-0000-0711-ffff-ffff0000019e/click [39m[32m200[39m [90m65 ms - 14[39m [90m[39m
[38;5;46m[51eab945][0m[38;5;86m[HTTP][0m [37m-->[39m [37mPOST[39m [37m/wd/hub/session/51eab945-d59e-481f-8562-560e0fe3a85b/timeouts[39m [90m{"implicit":50}[39m
[38;5;46m[51eab945][0m[38;5;86m[HTTP][0m [37m<-- POST /wd/hub/session/51eab945-d59e-481f-8562-560e0fe3a85b/timeouts [39m[32m200[39m [90m1 ms - 14[39m [90m[39m
[38;5;46m[51eab945][0m[38;5;86m[HTTP][0m [37m-->[39m [37mGET[39m [37m/wd/hub/session/51eab945-d59e-481f-8562-560e0fe3a85b/window/rect[39m [90m{}[39m
[38;5;46m[51eab945][0m[38;5;86m[HTTP][0m [37m<-- GET /wd/hub/session/51eab945-d59e-481f-8562-560e0fe3a85b/window/rect [39m[32m200[39m [90m20 ms - 49[39m [90m[39m
[38;5;46m[51eab945][0m[38;5;86m[HTTP][0m [37m-->[39m [37mPOST[39m [37m/wd/hub/session/51eab945-d59e-481f-8562-560e0fe3a85b/elements[39m [90m{"using":"xpath","value":"//*[@class = 'android.widget.TextView' and (@text = 'Wheel Chairs' or . = 'Wheel Chairs')]"}[39m
[38;5;46m[51eab945][0m[38;5;86m[HTTP][0m [37m<-- POST /wd/hub/session/51eab945-d59e-481f-8562-560e0fe3a85b/elements [39m[32m200[39m [90m619 ms - 12[39m [90m[39m
[38;5;46m[51eab945][0m[38;5;86m[HTTP][0m [37m-->[39m [37mPOST[39m [37m/wd/hub/session/51eab945-d59e-481f-8562-560e0fe3a85b/elements[39m [90m{"using":"xpath","value":"//*[@class = 'android.widget.TextView' and (@text = 'Wheel Chairs' or . = 'Wheel Chairs')]"}[39m
[38;5;46m[51eab945][0m[38;5;86m[HTTP][0m [37m<-- POST /wd/hub/session/51eab945-d59e-481f-8562-560e0fe3a85b/elements [39m[32m200[39m [90m1109 ms - 139[39m [90m[39m
[38;5;46m[51eab945][0m[38;5;86m[HTTP][0m [37m-->[39m [37mGET[39m [37m/wd/hub/session/51eab945-d59e-481f-8562-560e0fe3a85b/element/00000000-0000-0711-ffff-ffff000001c5/rect[39m [90m{}[39m
[38;5;46m[51eab945][0m[38;5;-153m[AndroidUiautomator2Driver@ca48][0m Driver proxy active, passing request on via HTTP proxy
[38;5;46m[51eab945][0m[38;5;-153m[AndroidUiautomator2Driver@ca48][0m Replacing sessionId ce85b282-7c4b-4432-a875-84525f447c30 with 51eab945-d59e-481f-8562-560e0fe3a85b
[38;5;46m[51eab945][0m[38;5;86m[HTTP][0m [37m<-- GET /wd/hub/session/51eab945-d59e-481f-8562-560e0fe3a85b/element/00000000-0000-0711-ffff-ffff000001c5/rect [39m[32m200[39m [90m56 ms - 102[39m [90m[39m
[38;5;46m[51eab945][0m[38;5;86m[HTTP][0m [37m-->[39m [37mPOST[39m [37m/wd/hub/session/51eab945-d59e-481f-8562-560e0fe3a85b/timeouts[39m [90m{"implicit":40000}[39m
[38;5;46m[51eab945][0m[38;5;86m[HTTP][0m [37m<-- POST /wd/hub/session/51eab945-d59e-481f-8562-560e0fe3a85b/timeouts [39m[32m200[39m [90m1 ms - 14[39m [90m[39m
[38;5;46m[51eab945][0m[38;5;86m[HTTP][0m [37m-->[39m [37mPOST[39m [37m/wd/hub/session/51eab945-d59e-481f-8562-560e0fe3a85b/element/00000000-0000-0711-ffff-ffff000001c5/click[39m [90m{"id":"00000000-0000-0711-ffff-ffff000001c5"}[39m
[38;5;46m[51eab945][0m[38;5;86m[HTTP][0m [37m<-- POST /wd/hub/session/51eab945-d59e-481f-8562-560e0fe3a85b/element/00000000-0000-0711-ffff-ffff000001c5/click [39m[32m200[39m [90m77 ms - 14[39m [90m[39m
[38;5;46m[51eab945][0m[38;5;86m[HTTP][0m [37m-->[39m [37mPOST[39m [37m/wd/hub/session/51eab945-d59e-481f-8562-560e0fe3a85b/timeouts[39m [90m{"implicit":50}[39m
[38;5;46m[51eab945][0m[38;5;86m[HTTP][0m [37m<-- POST /wd/hub/session/51eab945-d59e-481f-8562-560e0fe3a85b/timeouts [39m[32m200[39m [90m2 ms - 14[39m [90m[39m
[38;5;46m[51eab945][0m[38;5;86m[HTTP][0m [37m-->[39m [37mGET[39m [37m/wd/hub/session/51eab945-d59e-481f-8562-560e0fe3a85b/window/rect[39m [90m{}[39m
[38;5;46m[51eab945][0m[38;5;86m[HTTP][0m [37m<-- GET /wd/hub/session/51eab945-d59e-481f-8562-560e0fe3a85b/window/rect [39m[32m200[39m [90m25 ms - 49[39m [90m[39m
[38;5;46m[51eab945][0m[38;5;86m[HTTP][0m [37m-->[39m [37mPOST[39m [37m/wd/hub/session/51eab945-d59e-481f-8562-560e0fe3a85b/elements[39m [90m{"using":"xpath","value":"//*[@class = 'android.widget.ImageView' and (@text = '' or . = '')]"}[39m
[38;5;46m[51eab945][0m[38;5;86m[HTTP][0m [37m<-- POST /wd/hub/session/51eab945-d59e-481f-8562-560e0fe3a85b/elements [39m[32m200[39m [90m550 ms - 1291[39m [90m[39m
[38;5;46m[51eab945][0m[38;5;86m[HTTP][0m [37m-->[39m [37mGET[39m [37m/wd/hub/session/51eab945-d59e-481f-8562-560e0fe3a85b/element/00000000-0000-0711-ffff-ffff0000019e/rect[39m [90m{}[39m
[38;5;46m[51eab945][0m[38;5;-153m[AndroidUiautomator2Driver@ca48][0m Driver proxy active, passing request on via HTTP proxy
[38;5;46m[51eab945][0m[38;5;-153m[AndroidUiautomator2Driver@ca48][0m Replacing sessionId ce85b282-7c4b-4432-a875-84525f447c30 with 51eab945-d59e-481f-8562-560e0fe3a85b
[38;5;46m[51eab945][0m[38;5;86m[HTTP][0m [37m<-- GET /wd/hub/session/51eab945-d59e-481f-8562-560e0fe3a85b/element/00000000-0000-0711-ffff-ffff0000019e/rect [39m[32m200[39m [90m929 ms - 98[39m [90m[39m
[38;5;46m[51eab945][0m[38;5;86m[HTTP][0m [37m-->[39m [37mPOST[39m [37m/wd/hub/session/51eab945-d59e-481f-8562-560e0fe3a85b/timeouts[39m [90m{"implicit":40000}[39m
[38;5;46m[51eab945][0m[38;5;86m[HTTP][0m [37m<-- POST /wd/hub/session/51eab945-d59e-481f-8562-560e0fe3a85b/timeouts [39m[32m200[39m [90m3 ms - 14[39m [90m[39m
[38;5;46m[51eab945][0m[38;5;86m[HTTP][0m [37m-->[39m [37mPOST[39m [37m/wd/hub/session/51eab945-d59e-481f-8562-560e0fe3a85b/element/00000000-0000-0711-ffff-ffff0000019e/click[39m [90m{"id":"00000000-0000-0711-ffff-ffff0000019e"}[39m
[38;5;46m[51eab945][0m[38;5;86m[HTTP][0m [37m<-- POST /wd/hub/session/51eab945-d59e-481f-8562-560e0fe3a85b/element/00000000-0000-0711-ffff-ffff0000019e/click [39m[32m200[39m [90m77 ms - 14[39m [90m[39m
[38;5;46m[51eab945][0m[38;5;86m[HTTP][0m [37m-->[39m [37mPOST[39m [37m/wd/hub/session/51eab945-d59e-481f-8562-560e0fe3a85b/timeouts[39m [90m{"implicit":50}[39m
[38;5;46m[51eab945][0m[38;5;86m[HTTP][0m [37m<-- POST /wd/hub/session/51eab945-d59e-481f-8562-560e0fe3a85b/timeouts [39m[32m200[39m [90m2 ms - 14[39m [90m[39m
[38;5;46m[51eab945][0m[38;5;86m[HTTP][0m [37m-->[39m [37mGET[39m [37m/wd/hub/session/51eab945-d59e-481f-8562-560e0fe3a85b/window/rect[39m [90m{}[39m
[38;5;46m[51eab945][0m[38;5;86m[HTTP][0m [37m<-- GET /wd/hub/session/51eab945-d59e-481f-8562-560e0fe3a85b/window/rect [39m[32m200[39m [90m22 ms - 49[39m [90m[39m
[38;5;46m[51eab945][0m[38;5;86m[HTTP][0m [37m-->[39m [37mPOST[39m [37m/wd/hub/session/51eab945-d59e-481f-8562-560e0fe3a85b/elements[39m [90m{"using":"xpath","value":"//*[@class = 'android.widget.TextView' and (@text = 'Transport' or . = 'Transport')]"}[39m
[38;5;46m[51eab945][0m[38;5;86m[HTTP][0m [37m<-- POST /wd/hub/session/51eab945-d59e-481f-8562-560e0fe3a85b/elements [39m[32m200[39m [90m1408 ms - 139[39m [90m[39m
[38;5;46m[51eab945][0m[38;5;86m[HTTP][0m [37m-->[39m [37mGET[39m [37m/wd/hub/session/51eab945-d59e-481f-8562-560e0fe3a85b/element/00000000-0000-0711-ffff-ffff000001af/rect[39m [90m{}[39m
[38;5;46m[51eab945][0m[38;5;-153m[AndroidUiautomator2Driver@ca48][0m Driver proxy active, passing request on via HTTP proxy
[38;5;46m[51eab945][0m[38;5;-153m[AndroidUiautomator2Driver@ca48][0m Replacing sessionId ce85b282-7c4b-4432-a875-84525f447c30 with 51eab945-d59e-481f-8562-560e0fe3a85b
[38;5;46m[51eab945][0m[38;5;86m[HTTP][0m [37m<-- GET /wd/hub/session/51eab945-d59e-481f-8562-560e0fe3a85b/element/00000000-0000-0711-ffff-ffff000001af/rect [39m[32m200[39m [90m217 ms - 103[39m [90m[39m
[38;5;46m[51eab945][0m[38;5;86m[HTTP][0m [37m-->[39m [37mPOST[39m [37m/wd/hub/session/51eab945-d59e-481f-8562-560e0fe3a85b/timeouts[39m [90m{"implicit":40000}[39m
[38;5;46m[51eab945][0m[38;5;86m[HTTP][0m [37m<-- POST /wd/hub/session/51eab945-d59e-481f-8562-560e0fe3a85b/timeouts [39m[32m200[39m [90m1 ms - 14[39m [90m[39m
[38;5;46m[51eab945][0m[38;5;86m[HTTP][0m [37m-->[39m [37mPOST[39m [37m/wd/hub/session/51eab945-d59e-481f-8562-560e0fe3a85b/element/00000000-0000-0711-ffff-ffff000001af/click[39m [90m{"id":"00000000-0000-0711-ffff-ffff000001af"}[39m
[38;5;46m[51eab945][0m[38;5;86m[HTTP][0m [37m<-- POST /wd/hub/session/51eab945-d59e-481f-8562-560e0fe3a85b/element/00000000-0000-0711-ffff-ffff000001af/click [39m[32m200[39m [90m71 ms - 14[39m [90m[39m
[38;5;46m[51eab945][0m[38;5;86m[HTTP][0m [37m-->[39m [37mGET[39m [37m/wd/hub/session/51eab945-d59e-481f-8562-560e0fe3a85b/context[39m [90m{}[39m
[38;5;46m[51eab945][0m[38;5;86m[HTTP][0m [37m<-- GET /wd/hub/session/51eab945-d59e-481f-8562-560e0fe3a85b/context [39m[32m200[39m [90m3 ms - 22[39m [90m[39m
[38;5;46m[51eab945][0m[38;5;86m[HTTP][0m [37m-->[39m [37mGET[39m [37m/wd/hub/session/51eab945-d59e-481f-8562-560e0fe3a85b/contexts[39m [90m{}[39m
[38;5;46m[51eab945][0m[38;5;86m[HTTP][0m [37m<-- GET /wd/hub/session/51eab945-d59e-481f-8562-560e0fe3a85b/contexts [39m[32m200[39m [90m344 ms - 24[39m [90m[39m
[38;5;46m[51eab945][0m[38;5;86m[HTTP][0m [37m-->[39m [37mPOST[39m [37m/wd/hub/session/51eab945-d59e-481f-8562-560e0fe3a85b/context[39m [90m{"name":"NATIVE_APP"}[39m
[38;5;46m[51eab945][0m[38;5;86m[HTTP][0m [37m<-- POST /wd/hub/session/51eab945-d59e-481f-8562-560e0fe3a85b/context [39m[32m200[39m [90m2 ms - 14[39m [90m[39m
[38;5;46m[51eab945][0m[38;5;86m[HTTP][0m [37m-->[39m [37mGET[39m [37m/wd/hub/session/51eab945-d59e-481f-8562-560e0fe3a85b/window/rect[39m [90m{}[39m
[38;5;46m[51eab945][0m[38;5;86m[HTTP][0m [37m<-- GET /wd/hub/session/51eab945-d59e-481f-8562-560e0fe3a85b/window/rect [39m[32m200[39m [90m20 ms - 49[39m [90m[39m
[38;5;46m[51eab945][0m[38;5;86m[HTTP][0m [37m-->[39m [37mPOST[39m [37m/wd/hub/session/51eab945-d59e-481f-8562-560e0fe3a85b/context[39m [90m{"name":"NATIVE_APP"}[39m
[38;5;46m[51eab945][0m[38;5;86m[HTTP][0m [37m<-- POST /wd/hub/session/51eab945-d59e-481f-8562-560e0fe3a85b/context [39m[32m200[39m [90m2 ms - 14[39m [90m[39m
[38;5;46m[51eab945][0m[38;5;86m[HTTP][0m [37m-->[39m [37mGET[39m [37m/wd/hub/session/51eab945-d59e-481f-8562-560e0fe3a85b/context[39m [90m{}[39m
[38;5;46m[51eab945][0m[38;5;86m[HTTP][0m [37m<-- GET /wd/hub/session/51eab945-d59e-481f-8562-560e0fe3a85b/context [39m[32m200[39m [90m1 ms - 22[39m [90m[39m
[38;5;46m[51eab945][0m[38;5;86m[HTTP][0m [37m-->[39m [37mGET[39m [37m/wd/hub/session/51eab945-d59e-481f-8562-560e0fe3a85b/contexts[39m [90m{}[39m
[38;5;46m[51eab945][0m[38;5;86m[HTTP][0m [37m<-- GET /wd/hub/session/51eab945-d59e-481f-8562-560e0fe3a85b/contexts [39m[32m200[39m [90m312 ms - 24[39m [90m[39m
[38;5;46m[51eab945][0m[38;5;86m[HTTP][0m [37m-->[39m [37mPOST[39m [37m/wd/hub/session/51eab945-d59e-481f-8562-560e0fe3a85b/context[39m [90m{"name":"NATIVE_APP"}[39m
[38;5;46m[51eab945][0m[38;5;86m[HTTP][0m [37m<-- POST /wd/hub/session/51eab945-d59e-481f-8562-560e0fe3a85b/context [39m[32m200[39m [90m2 ms - 14[39m [90m[39m
[38;5;46m[51eab945][0m[38;5;86m[HTTP][0m [37m-->[39m [37mGET[39m [37m/wd/hub/session/51eab945-d59e-481f-8562-560e0fe3a85b/window/rect[39m [90m{}[39m
[38;5;46m[51eab945][0m[38;5;86m[HTTP][0m [37m<-- GET /wd/hub/session/51eab945-d59e-481f-8562-560e0fe3a85b/window/rect [39m[32m200[39m [90m32 ms - 49[39m [90m[39m
[38;5;46m[51eab945][0m[38;5;86m[HTTP][0m [37m-->[39m [37mPOST[39m [37m/wd/hub/session/51eab945-d59e-481f-8562-560e0fe3a85b/context[39m [90m{"name":"NATIVE_APP"}[39m
[38;5;46m[51eab945][0m[38;5;86m[HTTP][0m [37m<-- POST /wd/hub/session/51eab945-d59e-481f-8562-560e0fe3a85b/context [39m[32m200[39m [90m2 ms - 14[39m [90m[39m
[38;5;46m[51eab945][0m[38;5;86m[HTTP][0m [37m-->[39m [37mGET[39m [37m/wd/hub/session/51eab945-d59e-481f-8562-560e0fe3a85b/context[39m [90m{}[39m
[38;5;46m[51eab945][0m[38;5;86m[HTTP][0m [37m<-- GET /wd/hub/session/51eab945-d59e-481f-8562-560e0fe3a85b/context [39m[32m200[39m [90m1 ms - 22[39m [90m[39m
[38;5;46m[51eab945][0m[38;5;86m[HTTP][0m [37m-->[39m [37mGET[39m [37m/wd/hub/session/51eab945-d59e-481f-8562-560e0fe3a85b/contexts[39m [90m{}[39m
[38;5;46m[51eab945][0m[38;5;86m[HTTP][0m [37m<-- GET /wd/hub/session/51eab945-d59e-481f-8562-560e0fe3a85b/contexts [39m[32m200[39m [90m300 ms - 24[39m [90m[39m
[38;5;46m[51eab945][0m[38;5;86m[HTTP][0m [37m-->[39m [37mPOST[39m [37m/wd/hub/session/51eab945-d59e-481f-8562-560e0fe3a85b/context[39m [90m{"name":"NATIVE_APP"}[39m
[38;5;46m[51eab945][0m[38;5;86m[HTTP][0m [37m<-- POST /wd/hub/session/51eab945-d59e-481f-8562-560e0fe3a85b/context [39m[32m200[39m [90m2 ms - 14[39m [90m[39m
[38;5;46m[51eab945][0m[38;5;86m[HTTP][0m [37m-->[39m [37mPOST[39m [37m/wd/hub/session/51eab945-d59e-481f-8562-560e0fe3a85b/actions[39m [90m{"actions":[{"id":"finger","type":"pointer","parameters":{"pointerType":"touch"},"actions":[{"duration":0,"type":"pause"},{"duration":0,"x":360,"y":1092,"type":"pointerMove","origin":"viewport"},{"button":0,"type":"pointerDown"},{"duration":50,"type":"pause"},{"duration":500,"x":360,"y":468,"type":"pointerMove","origin":"viewport"},{"button":0,"type":"pointerUp"}]}]}[39m
[38;5;46m[51eab945][0m[38;5;86m[HTTP][0m [37m<-- POST /wd/hub/session/51eab945-d59e-481f-8562-560e0fe3a85b/actions [39m[32m200[39m [90m861 ms - 14[39m [90m[39m
[38;5;46m[51eab945][0m[38;5;86m[HTTP][0m [37m-->[39m [37mPOST[39m [37m/wd/hub/session/51eab945-d59e-481f-8562-560e0fe3a85b/context[39m [90m{"name":"NATIVE_APP"}[39m
[38;5;46m[51eab945][0m[38;5;86m[HTTP][0m [37m<-- POST /wd/hub/session/51eab945-d59e-481f-8562-560e0fe3a85b/context [39m[32m200[39m [90m4 ms - 14[39m [90m[39m
[38;5;46m[51eab945][0m[38;5;86m[HTTP][0m [37m-->[39m [37mDELETE[39m [37m/wd/hub/session/51eab945-d59e-481f-8562-560e0fe3a85b[39m [90m{}[39m
[38;5;46m[51eab945][0m[38;5;85m[AppiumDriver@ac76][0m Removing session 51eab945-d59e-481f-8562-560e0fe3a85b from our master session list
[38;5;46m[51eab945][0m[38;5;-153m[AndroidUiautomator2Driver@ca48][0m Restoring hidden api policy to the device default configuration
[38;5;46m[51eab945][0m[38;5;86m[HTTP][0m [37m<-- DELETE /wd/hub/session/51eab945-d59e-481f-8562-560e0fe3a85b [39m[32m200[39m [90m385 ms - 14[39m [90m[39m
