[38;5;112m[Appium][0m Welcome to Appium v2.13.1
[38;5;112m[Appium][0m Non-default server args:
[38;5;112m[Appium][0m { basePath: [32m'/wd/hub'[39m, loglevel: [32m'info'[39m, port: [33m61552[39m }
[38;5;112m[Appium][0m Attempting to load driver uiautomator2...
[38;5;112m[Appium][0m Appium REST http interface listener started on http://0.0.0.0:61552/wd/hub
[38;5;112m[Appium][0m You can provide the following URLs in your client code to connect to this server:
	http://192.168.1.229:61552/wd/hub
	http://127.0.0.1:61552/wd/hub (only accessible from the same host)
[38;5;112m[Appium][0m Available drivers:
[38;5;112m[Appium][0m   - uiautomator2@3.9.5 (automationName 'UiAutomator2')
[38;5;112m[Appium][0m No plugins have been installed. Use the "appium plugin" command to install the one(s) you want to use.
[38;5;86m[HTTP][0m [37m-->[39m [37mGET[39m [37m/wd/hub/status[39m [90m{}[39m
[38;5;86m[HTTP][0m [37m<-- GET /wd/hub/status [39m[32m200[39m [90m4 ms - 111[39m [90m[39m
[38;5;86m[HTTP][0m [37m-->[39m [37mPOST[39m [37m/wd/hub/session[39m [90m{"capabilities":{"firstMatch":[{"appium:app":"C:\\Users\\TUF\\git\\test\\Test Files\\Setia_City_Mall_Version_5_13_11_(Version_Code_162).apk","appium:autoGrantPermissions":true,"appium:automationName":"uiautomator2","appium:deviceName":"samsung SM-A015F (Android 12)","appium:fullReset":false,"appium:newCommandTimeout":1800,"appium:noReset":true,"appium:platformName":"ANDROID","appium:platformVersion":"12","appium:systemPort":61551,"appium:udid":"R9PNC036RCJ","platformName":"ANDROID"}]},"desiredCapabilities":{"appium:app":"C:\\Users\\TUF\\git\\test\\Test Files\\Setia_City_Mall_Version_5_13_11_(Version_Code_162).apk","appium:autoGrantPermissions":true,"appium:automationName":"uiautomator2","appium:deviceName":"samsung SM-A015F (Android 12)","appium:fullReset":false,"appium:newCommandTimeout":1800,"appium:noReset":true,"appium:platformName":"ANDROID","appium:platformVersion":"12","appium:systemPort":61551,"appium:udid":"R9PNC036RCJ"}}[39m
[38;5;123m[BaseDriver][0m Ignoring capability 'appium:platformName=ANDROID' and using capability 'platformName=ANDROID'
[38;5;123m[BaseDriver][0m The capabilities ["platformName"] are standard capabilities and do not require "appium:" prefix
[38;5;112m[Appium][0m Attempting to find matching driver for automationName 'uiautomator2' and platformName 'ANDROID'
[38;5;112m[Appium][0m The 'uiautomator2' driver was installed and matched caps.
[38;5;112m[Appium][0m Will require it at C:\Users\TUF\.appium\node_modules\appium-uiautomator2-driver
[38;5;195m[AppiumDriver@fb03][0m Appium v2.13.1 creating new AndroidUiautomator2Driver (v3.9.5) session
[38;5;195m[AppiumDriver@fb03][0m Checking BaseDriver versions for Appium and AndroidUiautomator2Driver
[38;5;195m[AppiumDriver@fb03][0m Appium's BaseDriver version is 9.13.1
[38;5;195m[AppiumDriver@fb03][0m AndroidUiautomator2Driver's BaseDriver version is 9.13.1
[38;5;44m[18d8d731][0m[38;5;-1m[AndroidUiautomator2Driver@e8b1][0m Session created with session id: 18d8d731-ad1f-4f2f-a08d-3e5125a47780
[38;5;44m[18d8d731][0m[38;5;229m[ADB][0m Found 2 'build-tools' folders under 'C:\Users\TUF\AppData\Local\Android\Sdk' (newest first):
[38;5;44m[18d8d731][0m[38;5;229m[ADB][0m     C:\Users\TUF\AppData\Local\Android\Sdk\build-tools\35.0.0
[38;5;44m[18d8d731][0m[38;5;229m[ADB][0m     C:\Users\TUF\AppData\Local\Android\Sdk\build-tools\34.0.0
[38;5;44m[18d8d731][0m[38;5;229m[ADB][0m Using 'adb.exe' from 'C:\Users\TUF\AppData\Local\Android\Sdk\platform-tools\adb.exe'
[38;5;44m[18d8d731][0m[38;5;-1m[AndroidUiautomator2Driver@e8b1][0m Retrieving device list
[38;5;44m[18d8d731][0m[38;5;-1m[AndroidUiautomator2Driver@e8b1][0m Using device: R9PNC036RCJ
[38;5;44m[18d8d731][0m[38;5;229m[ADB][0m Using 'adb.exe' from 'C:\Users\TUF\AppData\Local\Android\Sdk\platform-tools\adb.exe'
[38;5;44m[18d8d731][0m[38;5;123m[BaseDriver][0m Using local app 'C:\Users\TUF\git\test\Test Files\Setia_City_Mall_Version_5_13_11_(Version_Code_162).apk'
[38;5;44m[18d8d731][0m[38;5;229m[ADB][0m Getting device platform version
[38;5;44m[18d8d731][0m[38;5;-1m[AndroidUiautomator2Driver@e8b1][0m Relaxing hidden api policy
[38;5;44m[18d8d731][0m[38;5;229m[ADB][0m Using 'aapt2.exe' from 'C:\Users\TUF\AppData\Local\Android\Sdk\build-tools\35.0.0\aapt2.exe'
[38;5;44m[18d8d731][0m[38;5;229m[ADB][0m Package name: 'com.convep.setiacitymall'
[38;5;44m[18d8d731][0m[38;5;229m[ADB][0m Main activity name: 'com.convep.scm.MainActivity'
[38;5;44m[18d8d731][0m[38;5;-1m[AndroidUiautomator2Driver@e8b1][0m Server packages are not going to be (re)installed
[38;5;44m[18d8d731][0m[38;5;229m[ADB][0m Adding packages ["io.appium.settings","io.appium.uiautomator2.server","io.appium.uiautomator2.server.test"] to Doze whitelist
[38;5;44m[18d8d731][0m[38;5;-1m[AndroidUiautomator2Driver@e8b1][0m Starting UIAutomator2 server 7.1.7
[38;5;44m[18d8d731][0m[38;5;-1m[AndroidUiautomator2Driver@e8b1][0m Using UIAutomator2 server from 'C:\Users\TUF\.appium\node_modules\appium-uiautomator2-driver\node_modules\appium-uiautomator2-server\apks\appium-uiautomator2-server-v7.1.7.apk' and test from 'C:\Users\TUF\.appium\node_modules\appium-uiautomator2-driver\node_modules\appium-uiautomator2-server\apks\appium-uiautomator2-server-debug-androidTest.apk'
[38;5;44m[18d8d731][0m[38;5;-1m[AndroidUiautomator2Driver@e8b1][0m Waiting up to 30000ms for UiAutomator2 to be online...
[38;5;44m[18d8d731][0m[38;5;-1m[AndroidUiautomator2Driver@e8b1][0m socket hang up
[38;5;44m[18d8d731][0m[38;5;-1m[AndroidUiautomator2Driver@e8b1][0m socket hang up
[38;5;44m[18d8d731][0m[38;5;-1m[AndroidUiautomator2Driver@e8b1][0m socket hang up
[38;5;44m[18d8d731][0m[38;5;-1m[AndroidUiautomator2Driver@e8b1][0m Determined the downstream protocol as 'W3C'
[38;5;44m[18d8d731][0m[38;5;-1m[AndroidUiautomator2Driver@e8b1][0m Screen already unlocked, doing nothing
[38;5;44m[18d8d731][0m[38;5;-1m[AndroidUiautomator2Driver@e8b1][0m Starting 'com.convep.setiacitymall/com.convep.scm.MainActivity and waiting for 'com.convep.setiacitymall/com.convep.scm.MainActivity'
[38;5;44m[18d8d731][0m[38;5;-1m[AndroidUiautomator2Driver@e8b1][0m 'com.convep.setiacitymall' is already running and noReset is enabled. Set forceAppLaunch capability to true if the app must be forcefully restarted on session startup.
[38;5;44m[18d8d731][0m[38;5;195m[AppiumDriver@fb03][0m New AndroidUiautomator2Driver session created successfully, session 18d8d731-ad1f-4f2f-a08d-3e5125a47780 added to master session list
[38;5;44m[18d8d731][0m[38;5;86m[HTTP][0m [37m<-- POST /wd/hub/session [39m[32m200[39m [90m5431 ms - 1269[39m [90m[39m
[38;5;86m[HTTP][0m [37m-->[39m [37mGET[39m [37m/wd/hub/status[39m [90m{}[39m
[38;5;86m[HTTP][0m [37m<-- GET /wd/hub/status [39m[32m200[39m [90m1 ms - 111[39m [90m[39m
[38;5;44m[18d8d731][0m[38;5;86m[HTTP][0m [37m-->[39m [37mPOST[39m [37m/wd/hub/session/18d8d731-ad1f-4f2f-a08d-3e5125a47780/timeouts[39m [90m{"implicit":40000}[39m
[38;5;44m[18d8d731][0m[38;5;86m[HTTP][0m [37m<-- POST /wd/hub/session/18d8d731-ad1f-4f2f-a08d-3e5125a47780/timeouts [39m[32m200[39m [90m2 ms - 14[39m [90m[39m
[38;5;44m[18d8d731][0m[38;5;86m[HTTP][0m [37m-->[39m [37mPOST[39m [37m/wd/hub/session/18d8d731-ad1f-4f2f-a08d-3e5125a47780/execute/sync[39m [90m{"args":[],"script":"mobile: getSystemBars"}[39m
[38;5;44m[18d8d731][0m[38;5;-1m[AndroidUiautomator2Driver@e8b1][0m Executing native command 'mobile: getSystemBars'
[38;5;44m[18d8d731][0m[38;5;86m[HTTP][0m [37m<-- POST /wd/hub/session/18d8d731-ad1f-4f2f-a08d-3e5125a47780/execute/sync [39m[32m200[39m [90m118 ms - 148[39m [90m[39m
[38;5;44m[18d8d731][0m[38;5;86m[HTTP][0m [37m-->[39m [37mPOST[39m [37m/wd/hub/session/18d8d731-ad1f-4f2f-a08d-3e5125a47780/timeouts[39m [90m{"implicit":50}[39m
[38;5;44m[18d8d731][0m[38;5;86m[HTTP][0m [37m<-- POST /wd/hub/session/18d8d731-ad1f-4f2f-a08d-3e5125a47780/timeouts [39m[32m200[39m [90m1 ms - 14[39m [90m[39m
[38;5;44m[18d8d731][0m[38;5;86m[HTTP][0m [37m-->[39m [37mGET[39m [37m/wd/hub/session/18d8d731-ad1f-4f2f-a08d-3e5125a47780/window/rect[39m [90m{}[39m
[38;5;44m[18d8d731][0m[38;5;86m[HTTP][0m [37m<-- GET /wd/hub/session/18d8d731-ad1f-4f2f-a08d-3e5125a47780/window/rect [39m[32m200[39m [90m33 ms - 49[39m [90m[39m
[38;5;44m[18d8d731][0m[38;5;86m[HTTP][0m [37m-->[39m [37mPOST[39m [37m/wd/hub/session/18d8d731-ad1f-4f2f-a08d-3e5125a47780/elements[39m [90m{"value":"//*[@class = 'android.widget.ImageView' and (@text = '' or . = '')]","using":"xpath"}[39m
[38;5;44m[18d8d731][0m[38;5;86m[HTTP][0m [37m<-- POST /wd/hub/session/18d8d731-ad1f-4f2f-a08d-3e5125a47780/elements [39m[32m200[39m [90m1401 ms - 139[39m [90m[39m
[38;5;44m[18d8d731][0m[38;5;86m[HTTP][0m [37m-->[39m [37mGET[39m [37m/wd/hub/session/18d8d731-ad1f-4f2f-a08d-3e5125a47780/element/00000000-0000-087b-ffff-ffff00000086/rect[39m [90m{}[39m
[38;5;44m[18d8d731][0m[38;5;-1m[AndroidUiautomator2Driver@e8b1][0m Driver proxy active, passing request on via HTTP proxy
[38;5;44m[18d8d731][0m[38;5;-1m[AndroidUiautomator2Driver@e8b1][0m Replacing sessionId 69353a4f-0db2-492e-8532-6be1ad3c22a7 with 18d8d731-ad1f-4f2f-a08d-3e5125a47780
[38;5;44m[18d8d731][0m[38;5;86m[HTTP][0m [37m<-- GET /wd/hub/session/18d8d731-ad1f-4f2f-a08d-3e5125a47780/element/00000000-0000-087b-ffff-ffff00000086/rect [39m[32m200[39m [90m44 ms - 99[39m [90m[39m
[38;5;44m[18d8d731][0m[38;5;86m[HTTP][0m [37m-->[39m [37mPOST[39m [37m/wd/hub/session/18d8d731-ad1f-4f2f-a08d-3e5125a47780/timeouts[39m [90m{"implicit":40000}[39m
[38;5;44m[18d8d731][0m[38;5;86m[HTTP][0m [37m<-- POST /wd/hub/session/18d8d731-ad1f-4f2f-a08d-3e5125a47780/timeouts [39m[32m200[39m [90m1 ms - 14[39m [90m[39m
[38;5;44m[18d8d731][0m[38;5;86m[HTTP][0m [37m-->[39m [37mPOST[39m [37m/wd/hub/session/18d8d731-ad1f-4f2f-a08d-3e5125a47780/element/00000000-0000-087b-ffff-ffff00000086/click[39m [90m{"id":"00000000-0000-087b-ffff-ffff00000086"}[39m
[38;5;44m[18d8d731][0m[38;5;86m[HTTP][0m [37m<-- POST /wd/hub/session/18d8d731-ad1f-4f2f-a08d-3e5125a47780/element/00000000-0000-087b-ffff-ffff00000086/click [39m[32m200[39m [90m103 ms - 14[39m [90m[39m
[38;5;44m[18d8d731][0m[38;5;86m[HTTP][0m [37m-->[39m [37mPOST[39m [37m/wd/hub/session/18d8d731-ad1f-4f2f-a08d-3e5125a47780/timeouts[39m [90m{"implicit":50}[39m
[38;5;44m[18d8d731][0m[38;5;86m[HTTP][0m [37m<-- POST /wd/hub/session/18d8d731-ad1f-4f2f-a08d-3e5125a47780/timeouts [39m[32m200[39m [90m1 ms - 14[39m [90m[39m
[38;5;44m[18d8d731][0m[38;5;86m[HTTP][0m [37m-->[39m [37mGET[39m [37m/wd/hub/session/18d8d731-ad1f-4f2f-a08d-3e5125a47780/window/rect[39m [90m{}[39m
[38;5;44m[18d8d731][0m[38;5;86m[HTTP][0m [37m<-- GET /wd/hub/session/18d8d731-ad1f-4f2f-a08d-3e5125a47780/window/rect [39m[32m200[39m [90m46 ms - 49[39m [90m[39m
[38;5;44m[18d8d731][0m[38;5;86m[HTTP][0m [37m-->[39m [37mPOST[39m [37m/wd/hub/session/18d8d731-ad1f-4f2f-a08d-3e5125a47780/elements[39m [90m{"value":"//*[@class = 'android.widget.TextView' and (@text = 'About' or . = 'About')]","using":"xpath"}[39m
[38;5;44m[18d8d731][0m[38;5;86m[HTTP][0m [37m<-- POST /wd/hub/session/18d8d731-ad1f-4f2f-a08d-3e5125a47780/elements [39m[32m200[39m [90m1153 ms - 139[39m [90m[39m
[38;5;44m[18d8d731][0m[38;5;86m[HTTP][0m [37m-->[39m [37mGET[39m [37m/wd/hub/session/18d8d731-ad1f-4f2f-a08d-3e5125a47780/element/00000000-0000-087b-ffff-ffff00000037/rect[39m [90m{}[39m
[38;5;44m[18d8d731][0m[38;5;-1m[AndroidUiautomator2Driver@e8b1][0m Driver proxy active, passing request on via HTTP proxy
[38;5;44m[18d8d731][0m[38;5;-1m[AndroidUiautomator2Driver@e8b1][0m Replacing sessionId 69353a4f-0db2-492e-8532-6be1ad3c22a7 with 18d8d731-ad1f-4f2f-a08d-3e5125a47780
[38;5;44m[18d8d731][0m[38;5;86m[HTTP][0m [37m<-- GET /wd/hub/session/18d8d731-ad1f-4f2f-a08d-3e5125a47780/element/00000000-0000-087b-ffff-ffff00000037/rect [39m[32m200[39m [90m718 ms - 100[39m [90m[39m
[38;5;44m[18d8d731][0m[38;5;86m[HTTP][0m [37m-->[39m [37mPOST[39m [37m/wd/hub/session/18d8d731-ad1f-4f2f-a08d-3e5125a47780/timeouts[39m [90m{"implicit":40000}[39m
[38;5;44m[18d8d731][0m[38;5;86m[HTTP][0m [37m<-- POST /wd/hub/session/18d8d731-ad1f-4f2f-a08d-3e5125a47780/timeouts [39m[32m200[39m [90m1 ms - 14[39m [90m[39m
[38;5;44m[18d8d731][0m[38;5;86m[HTTP][0m [37m-->[39m [37mPOST[39m [37m/wd/hub/session/18d8d731-ad1f-4f2f-a08d-3e5125a47780/element/00000000-0000-087b-ffff-ffff00000037/click[39m [90m{"id":"00000000-0000-087b-ffff-ffff00000037"}[39m
[38;5;44m[18d8d731][0m[38;5;86m[HTTP][0m [37m<-- POST /wd/hub/session/18d8d731-ad1f-4f2f-a08d-3e5125a47780/element/00000000-0000-087b-ffff-ffff00000037/click [39m[32m200[39m [90m96 ms - 14[39m [90m[39m
[38;5;44m[18d8d731][0m[38;5;86m[HTTP][0m [37m-->[39m [37mPOST[39m [37m/wd/hub/session/18d8d731-ad1f-4f2f-a08d-3e5125a47780/timeouts[39m [90m{"implicit":50}[39m
[38;5;44m[18d8d731][0m[38;5;86m[HTTP][0m [37m<-- POST /wd/hub/session/18d8d731-ad1f-4f2f-a08d-3e5125a47780/timeouts [39m[32m200[39m [90m1 ms - 14[39m [90m[39m
[38;5;44m[18d8d731][0m[38;5;86m[HTTP][0m [37m-->[39m [37mGET[39m [37m/wd/hub/session/18d8d731-ad1f-4f2f-a08d-3e5125a47780/window/rect[39m [90m{}[39m
[38;5;44m[18d8d731][0m[38;5;86m[HTTP][0m [37m<-- GET /wd/hub/session/18d8d731-ad1f-4f2f-a08d-3e5125a47780/window/rect [39m[32m200[39m [90m45 ms - 49[39m [90m[39m
[38;5;44m[18d8d731][0m[38;5;86m[HTTP][0m [37m-->[39m [37mPOST[39m [37m/wd/hub/session/18d8d731-ad1f-4f2f-a08d-3e5125a47780/elements[39m [90m{"value":"//*[@class = 'android.widget.TextView' and (@text = 'Contact' or . = 'Contact')]","using":"xpath"}[39m
[38;5;44m[18d8d731][0m[38;5;86m[HTTP][0m [37m<-- POST /wd/hub/session/18d8d731-ad1f-4f2f-a08d-3e5125a47780/elements [39m[32m200[39m [90m1458 ms - 139[39m [90m[39m
[38;5;44m[18d8d731][0m[38;5;86m[HTTP][0m [37m-->[39m [37mGET[39m [37m/wd/hub/session/18d8d731-ad1f-4f2f-a08d-3e5125a47780/element/00000000-0000-087b-ffff-ffff000000b5/rect[39m [90m{}[39m
[38;5;44m[18d8d731][0m[38;5;-1m[AndroidUiautomator2Driver@e8b1][0m Driver proxy active, passing request on via HTTP proxy
[38;5;44m[18d8d731][0m[38;5;-1m[AndroidUiautomator2Driver@e8b1][0m Replacing sessionId 69353a4f-0db2-492e-8532-6be1ad3c22a7 with 18d8d731-ad1f-4f2f-a08d-3e5125a47780
[38;5;44m[18d8d731][0m[38;5;86m[HTTP][0m [37m<-- GET /wd/hub/session/18d8d731-ad1f-4f2f-a08d-3e5125a47780/element/00000000-0000-087b-ffff-ffff000000b5/rect [39m[32m200[39m [90m985 ms - 102[39m [90m[39m
[38;5;44m[18d8d731][0m[38;5;86m[HTTP][0m [37m-->[39m [37mPOST[39m [37m/wd/hub/session/18d8d731-ad1f-4f2f-a08d-3e5125a47780/timeouts[39m [90m{"implicit":40000}[39m
[38;5;44m[18d8d731][0m[38;5;86m[HTTP][0m [37m<-- POST /wd/hub/session/18d8d731-ad1f-4f2f-a08d-3e5125a47780/timeouts [39m[32m200[39m [90m1 ms - 14[39m [90m[39m
[38;5;44m[18d8d731][0m[38;5;86m[HTTP][0m [37m-->[39m [37mPOST[39m [37m/wd/hub/session/18d8d731-ad1f-4f2f-a08d-3e5125a47780/element/00000000-0000-087b-ffff-ffff000000b5/click[39m [90m{"id":"00000000-0000-087b-ffff-ffff000000b5"}[39m
[38;5;44m[18d8d731][0m[38;5;86m[HTTP][0m [37m<-- POST /wd/hub/session/18d8d731-ad1f-4f2f-a08d-3e5125a47780/element/00000000-0000-087b-ffff-ffff000000b5/click [39m[32m200[39m [90m119 ms - 14[39m [90m[39m
[38;5;44m[18d8d731][0m[38;5;86m[HTTP][0m [37m-->[39m [37mPOST[39m [37m/wd/hub/session/18d8d731-ad1f-4f2f-a08d-3e5125a47780/timeouts[39m [90m{"implicit":50}[39m
[38;5;44m[18d8d731][0m[38;5;86m[HTTP][0m [37m<-- POST /wd/hub/session/18d8d731-ad1f-4f2f-a08d-3e5125a47780/timeouts [39m[32m200[39m [90m1 ms - 14[39m [90m[39m
[38;5;44m[18d8d731][0m[38;5;86m[HTTP][0m [37m-->[39m [37mGET[39m [37m/wd/hub/session/18d8d731-ad1f-4f2f-a08d-3e5125a47780/window/rect[39m [90m{}[39m
[38;5;44m[18d8d731][0m[38;5;86m[HTTP][0m [37m<-- GET /wd/hub/session/18d8d731-ad1f-4f2f-a08d-3e5125a47780/window/rect [39m[32m200[39m [90m39 ms - 49[39m [90m[39m
[38;5;44m[18d8d731][0m[38;5;86m[HTTP][0m [37m-->[39m [37mPOST[39m [37m/wd/hub/session/18d8d731-ad1f-4f2f-a08d-3e5125a47780/elements[39m [90m{"value":"//*[@class = 'android.widget.TextView' and (@text = 'Services' or . = 'Services')]","using":"xpath"}[39m
[38;5;44m[18d8d731][0m[38;5;86m[HTTP][0m [37m<-- POST /wd/hub/session/18d8d731-ad1f-4f2f-a08d-3e5125a47780/elements [39m[32m200[39m [90m524 ms - 139[39m [90m[39m
[38;5;44m[18d8d731][0m[38;5;86m[HTTP][0m [37m-->[39m [37mGET[39m [37m/wd/hub/session/18d8d731-ad1f-4f2f-a08d-3e5125a47780/element/00000000-0000-087b-ffff-ffff000000b8/rect[39m [90m{}[39m
[38;5;44m[18d8d731][0m[38;5;-1m[AndroidUiautomator2Driver@e8b1][0m Driver proxy active, passing request on via HTTP proxy
[38;5;44m[18d8d731][0m[38;5;-1m[AndroidUiautomator2Driver@e8b1][0m Replacing sessionId 69353a4f-0db2-492e-8532-6be1ad3c22a7 with 18d8d731-ad1f-4f2f-a08d-3e5125a47780
[38;5;44m[18d8d731][0m[38;5;86m[HTTP][0m [37m<-- GET /wd/hub/session/18d8d731-ad1f-4f2f-a08d-3e5125a47780/element/00000000-0000-087b-ffff-ffff000000b8/rect [39m[32m200[39m [90m1223 ms - 103[39m [90m[39m
[38;5;44m[18d8d731][0m[38;5;86m[HTTP][0m [37m-->[39m [37mPOST[39m [37m/wd/hub/session/18d8d731-ad1f-4f2f-a08d-3e5125a47780/timeouts[39m [90m{"implicit":40000}[39m
[38;5;44m[18d8d731][0m[38;5;86m[HTTP][0m [37m<-- POST /wd/hub/session/18d8d731-ad1f-4f2f-a08d-3e5125a47780/timeouts [39m[32m200[39m [90m1 ms - 14[39m [90m[39m
[38;5;44m[18d8d731][0m[38;5;86m[HTTP][0m [37m-->[39m [37mPOST[39m [37m/wd/hub/session/18d8d731-ad1f-4f2f-a08d-3e5125a47780/element/00000000-0000-087b-ffff-ffff000000b8/click[39m [90m{"id":"00000000-0000-087b-ffff-ffff000000b8"}[39m
[38;5;44m[18d8d731][0m[38;5;86m[HTTP][0m [37m<-- POST /wd/hub/session/18d8d731-ad1f-4f2f-a08d-3e5125a47780/element/00000000-0000-087b-ffff-ffff000000b8/click [39m[32m200[39m [90m89 ms - 14[39m [90m[39m
[38;5;44m[18d8d731][0m[38;5;86m[HTTP][0m [37m-->[39m [37mPOST[39m [37m/wd/hub/session/18d8d731-ad1f-4f2f-a08d-3e5125a47780/timeouts[39m [90m{"implicit":50}[39m
[38;5;44m[18d8d731][0m[38;5;86m[HTTP][0m [37m<-- POST /wd/hub/session/18d8d731-ad1f-4f2f-a08d-3e5125a47780/timeouts [39m[32m200[39m [90m1 ms - 14[39m [90m[39m
[38;5;44m[18d8d731][0m[38;5;86m[HTTP][0m [37m-->[39m [37mGET[39m [37m/wd/hub/session/18d8d731-ad1f-4f2f-a08d-3e5125a47780/window/rect[39m [90m{}[39m
[38;5;44m[18d8d731][0m[38;5;86m[HTTP][0m [37m<-- GET /wd/hub/session/18d8d731-ad1f-4f2f-a08d-3e5125a47780/window/rect [39m[32m200[39m [90m39 ms - 49[39m [90m[39m
[38;5;44m[18d8d731][0m[38;5;86m[HTTP][0m [37m-->[39m [37mPOST[39m [37m/wd/hub/session/18d8d731-ad1f-4f2f-a08d-3e5125a47780/elements[39m [90m{"value":"//*[@class = 'android.widget.TextView' and (@text = 'ATM' or . = 'ATM')]","using":"xpath"}[39m
[38;5;44m[18d8d731][0m[38;5;86m[HTTP][0m [37m<-- POST /wd/hub/session/18d8d731-ad1f-4f2f-a08d-3e5125a47780/elements [39m[32m200[39m [90m464 ms - 12[39m [90m[39m
[38;5;44m[18d8d731][0m[38;5;86m[HTTP][0m [37m-->[39m [37mPOST[39m [37m/wd/hub/session/18d8d731-ad1f-4f2f-a08d-3e5125a47780/elements[39m [90m{"value":"//*[@class = 'android.widget.TextView' and (@text = 'ATM' or . = 'ATM')]","using":"xpath"}[39m
[38;5;44m[18d8d731][0m[38;5;86m[HTTP][0m [37m<-- POST /wd/hub/session/18d8d731-ad1f-4f2f-a08d-3e5125a47780/elements [39m[32m200[39m [90m2249 ms - 139[39m [90m[39m
[38;5;44m[18d8d731][0m[38;5;86m[HTTP][0m [37m-->[39m [37mGET[39m [37m/wd/hub/session/18d8d731-ad1f-4f2f-a08d-3e5125a47780/element/00000000-0000-087b-ffff-ffff000000ff/rect[39m [90m{}[39m
[38;5;44m[18d8d731][0m[38;5;-1m[AndroidUiautomator2Driver@e8b1][0m Driver proxy active, passing request on via HTTP proxy
[38;5;44m[18d8d731][0m[38;5;-1m[AndroidUiautomator2Driver@e8b1][0m Replacing sessionId 69353a4f-0db2-492e-8532-6be1ad3c22a7 with 18d8d731-ad1f-4f2f-a08d-3e5125a47780
[38;5;44m[18d8d731][0m[38;5;86m[HTTP][0m [37m<-- GET /wd/hub/session/18d8d731-ad1f-4f2f-a08d-3e5125a47780/element/00000000-0000-087b-ffff-ffff000000ff/rect [39m[32m200[39m [90m46 ms - 100[39m [90m[39m
[38;5;44m[18d8d731][0m[38;5;86m[HTTP][0m [37m-->[39m [37mPOST[39m [37m/wd/hub/session/18d8d731-ad1f-4f2f-a08d-3e5125a47780/timeouts[39m [90m{"implicit":40000}[39m
[38;5;44m[18d8d731][0m[38;5;86m[HTTP][0m [37m<-- POST /wd/hub/session/18d8d731-ad1f-4f2f-a08d-3e5125a47780/timeouts [39m[32m200[39m [90m1 ms - 14[39m [90m[39m
[38;5;44m[18d8d731][0m[38;5;86m[HTTP][0m [37m-->[39m [37mPOST[39m [37m/wd/hub/session/18d8d731-ad1f-4f2f-a08d-3e5125a47780/element/00000000-0000-087b-ffff-ffff000000ff/click[39m [90m{"id":"00000000-0000-087b-ffff-ffff000000ff"}[39m
[38;5;44m[18d8d731][0m[38;5;86m[HTTP][0m [37m<-- POST /wd/hub/session/18d8d731-ad1f-4f2f-a08d-3e5125a47780/element/00000000-0000-087b-ffff-ffff000000ff/click [39m[32m200[39m [90m106 ms - 14[39m [90m[39m
[38;5;44m[18d8d731][0m[38;5;86m[HTTP][0m [37m-->[39m [37mPOST[39m [37m/wd/hub/session/18d8d731-ad1f-4f2f-a08d-3e5125a47780/timeouts[39m [90m{"implicit":50}[39m
[38;5;44m[18d8d731][0m[38;5;86m[HTTP][0m [37m<-- POST /wd/hub/session/18d8d731-ad1f-4f2f-a08d-3e5125a47780/timeouts [39m[32m200[39m [90m1 ms - 14[39m [90m[39m
[38;5;44m[18d8d731][0m[38;5;86m[HTTP][0m [37m-->[39m [37mGET[39m [37m/wd/hub/session/18d8d731-ad1f-4f2f-a08d-3e5125a47780/window/rect[39m [90m{}[39m
[38;5;44m[18d8d731][0m[38;5;86m[HTTP][0m [37m<-- GET /wd/hub/session/18d8d731-ad1f-4f2f-a08d-3e5125a47780/window/rect [39m[32m200[39m [90m40 ms - 49[39m [90m[39m
[38;5;44m[18d8d731][0m[38;5;86m[HTTP][0m [37m-->[39m [37mPOST[39m [37m/wd/hub/session/18d8d731-ad1f-4f2f-a08d-3e5125a47780/elements[39m [90m{"value":"//*[@class = 'android.widget.ImageView' and (@text = '' or . = '')]","using":"xpath"}[39m
[38;5;44m[18d8d731][0m[38;5;86m[HTTP][0m [37m<-- POST /wd/hub/session/18d8d731-ad1f-4f2f-a08d-3e5125a47780/elements [39m[32m200[39m [90m583 ms - 1291[39m [90m[39m
[38;5;44m[18d8d731][0m[38;5;86m[HTTP][0m [37m-->[39m [37mGET[39m [37m/wd/hub/session/18d8d731-ad1f-4f2f-a08d-3e5125a47780/element/00000000-0000-087b-ffff-ffff000000e9/rect[39m [90m{}[39m
[38;5;44m[18d8d731][0m[38;5;-1m[AndroidUiautomator2Driver@e8b1][0m Driver proxy active, passing request on via HTTP proxy
[38;5;44m[18d8d731][0m[38;5;-1m[AndroidUiautomator2Driver@e8b1][0m Replacing sessionId 69353a4f-0db2-492e-8532-6be1ad3c22a7 with 18d8d731-ad1f-4f2f-a08d-3e5125a47780
[38;5;44m[18d8d731][0m[38;5;86m[HTTP][0m [37m<-- GET /wd/hub/session/18d8d731-ad1f-4f2f-a08d-3e5125a47780/element/00000000-0000-087b-ffff-ffff000000e9/rect [39m[32m200[39m [90m1064 ms - 99[39m [90m[39m
[38;5;44m[18d8d731][0m[38;5;86m[HTTP][0m [37m-->[39m [37mPOST[39m [37m/wd/hub/session/18d8d731-ad1f-4f2f-a08d-3e5125a47780/timeouts[39m [90m{"implicit":40000}[39m
[38;5;44m[18d8d731][0m[38;5;86m[HTTP][0m [37m<-- POST /wd/hub/session/18d8d731-ad1f-4f2f-a08d-3e5125a47780/timeouts [39m[32m200[39m [90m1 ms - 14[39m [90m[39m
[38;5;44m[18d8d731][0m[38;5;86m[HTTP][0m [37m-->[39m [37mPOST[39m [37m/wd/hub/session/18d8d731-ad1f-4f2f-a08d-3e5125a47780/element/00000000-0000-087b-ffff-ffff000000e9/click[39m [90m{"id":"00000000-0000-087b-ffff-ffff000000e9"}[39m
[38;5;44m[18d8d731][0m[38;5;86m[HTTP][0m [37m<-- POST /wd/hub/session/18d8d731-ad1f-4f2f-a08d-3e5125a47780/element/00000000-0000-087b-ffff-ffff000000e9/click [39m[32m200[39m [90m88 ms - 14[39m [90m[39m
[38;5;44m[18d8d731][0m[38;5;86m[HTTP][0m [37m-->[39m [37mPOST[39m [37m/wd/hub/session/18d8d731-ad1f-4f2f-a08d-3e5125a47780/timeouts[39m [90m{"implicit":50}[39m
[38;5;44m[18d8d731][0m[38;5;86m[HTTP][0m [37m<-- POST /wd/hub/session/18d8d731-ad1f-4f2f-a08d-3e5125a47780/timeouts [39m[32m200[39m [90m1 ms - 14[39m [90m[39m
[38;5;44m[18d8d731][0m[38;5;86m[HTTP][0m [37m-->[39m [37mGET[39m [37m/wd/hub/session/18d8d731-ad1f-4f2f-a08d-3e5125a47780/window/rect[39m [90m{}[39m
[38;5;44m[18d8d731][0m[38;5;86m[HTTP][0m [37m<-- GET /wd/hub/session/18d8d731-ad1f-4f2f-a08d-3e5125a47780/window/rect [39m[32m200[39m [90m49 ms - 49[39m [90m[39m
[38;5;44m[18d8d731][0m[38;5;86m[HTTP][0m [37m-->[39m [37mPOST[39m [37m/wd/hub/session/18d8d731-ad1f-4f2f-a08d-3e5125a47780/elements[39m [90m{"value":"//*[@class = 'android.widget.TextView' and (@text = 'Bus' or . = 'Bus')]","using":"xpath"}[39m
[38;5;44m[18d8d731][0m[38;5;86m[HTTP][0m [37m<-- POST /wd/hub/session/18d8d731-ad1f-4f2f-a08d-3e5125a47780/elements [39m[32m200[39m [90m1086 ms - 139[39m [90m[39m
[38;5;44m[18d8d731][0m[38;5;86m[HTTP][0m [37m-->[39m [37mGET[39m [37m/wd/hub/session/18d8d731-ad1f-4f2f-a08d-3e5125a47780/element/00000000-0000-087b-ffff-ffff00000103/rect[39m [90m{}[39m
[38;5;44m[18d8d731][0m[38;5;-1m[AndroidUiautomator2Driver@e8b1][0m Driver proxy active, passing request on via HTTP proxy
[38;5;44m[18d8d731][0m[38;5;-1m[AndroidUiautomator2Driver@e8b1][0m Replacing sessionId 69353a4f-0db2-492e-8532-6be1ad3c22a7 with 18d8d731-ad1f-4f2f-a08d-3e5125a47780
[38;5;44m[18d8d731][0m[38;5;86m[HTTP][0m [37m<-- GET /wd/hub/session/18d8d731-ad1f-4f2f-a08d-3e5125a47780/element/00000000-0000-087b-ffff-ffff00000103/rect [39m[32m200[39m [90m89 ms - 101[39m [90m[39m
[38;5;44m[18d8d731][0m[38;5;86m[HTTP][0m [37m-->[39m [37mPOST[39m [37m/wd/hub/session/18d8d731-ad1f-4f2f-a08d-3e5125a47780/timeouts[39m [90m{"implicit":40000}[39m
[38;5;44m[18d8d731][0m[38;5;86m[HTTP][0m [37m<-- POST /wd/hub/session/18d8d731-ad1f-4f2f-a08d-3e5125a47780/timeouts [39m[32m200[39m [90m1 ms - 14[39m [90m[39m
[38;5;44m[18d8d731][0m[38;5;86m[HTTP][0m [37m-->[39m [37mPOST[39m [37m/wd/hub/session/18d8d731-ad1f-4f2f-a08d-3e5125a47780/element/00000000-0000-087b-ffff-ffff00000103/click[39m [90m{"id":"00000000-0000-087b-ffff-ffff00000103"}[39m
[38;5;44m[18d8d731][0m[38;5;86m[HTTP][0m [37m<-- POST /wd/hub/session/18d8d731-ad1f-4f2f-a08d-3e5125a47780/element/00000000-0000-087b-ffff-ffff00000103/click [39m[32m200[39m [90m94 ms - 14[39m [90m[39m
[38;5;44m[18d8d731][0m[38;5;86m[HTTP][0m [37m-->[39m [37mPOST[39m [37m/wd/hub/session/18d8d731-ad1f-4f2f-a08d-3e5125a47780/timeouts[39m [90m{"implicit":50}[39m
[38;5;44m[18d8d731][0m[38;5;86m[HTTP][0m [37m<-- POST /wd/hub/session/18d8d731-ad1f-4f2f-a08d-3e5125a47780/timeouts [39m[32m200[39m [90m1 ms - 14[39m [90m[39m
[38;5;44m[18d8d731][0m[38;5;86m[HTTP][0m [37m-->[39m [37mGET[39m [37m/wd/hub/session/18d8d731-ad1f-4f2f-a08d-3e5125a47780/window/rect[39m [90m{}[39m
[38;5;44m[18d8d731][0m[38;5;86m[HTTP][0m [37m<-- GET /wd/hub/session/18d8d731-ad1f-4f2f-a08d-3e5125a47780/window/rect [39m[32m200[39m [90m34 ms - 49[39m [90m[39m
[38;5;44m[18d8d731][0m[38;5;86m[HTTP][0m [37m-->[39m [37mPOST[39m [37m/wd/hub/session/18d8d731-ad1f-4f2f-a08d-3e5125a47780/elements[39m [90m{"value":"//*[@class = 'android.widget.ImageView' and (@text = '' or . = '')]","using":"xpath"}[39m
[38;5;44m[18d8d731][0m[38;5;86m[HTTP][0m [37m<-- POST /wd/hub/session/18d8d731-ad1f-4f2f-a08d-3e5125a47780/elements [39m[32m200[39m [90m470 ms - 1291[39m [90m[39m
[38;5;44m[18d8d731][0m[38;5;86m[HTTP][0m [37m-->[39m [37mGET[39m [37m/wd/hub/session/18d8d731-ad1f-4f2f-a08d-3e5125a47780/element/00000000-0000-087b-ffff-ffff000000e9/rect[39m [90m{}[39m
[38;5;44m[18d8d731][0m[38;5;-1m[AndroidUiautomator2Driver@e8b1][0m Driver proxy active, passing request on via HTTP proxy
[38;5;44m[18d8d731][0m[38;5;-1m[AndroidUiautomator2Driver@e8b1][0m Replacing sessionId 69353a4f-0db2-492e-8532-6be1ad3c22a7 with 18d8d731-ad1f-4f2f-a08d-3e5125a47780
[38;5;44m[18d8d731][0m[38;5;86m[HTTP][0m [37m<-- GET /wd/hub/session/18d8d731-ad1f-4f2f-a08d-3e5125a47780/element/00000000-0000-087b-ffff-ffff000000e9/rect [39m[32m200[39m [90m1090 ms - 99[39m [90m[39m
[38;5;44m[18d8d731][0m[38;5;86m[HTTP][0m [37m-->[39m [37mPOST[39m [37m/wd/hub/session/18d8d731-ad1f-4f2f-a08d-3e5125a47780/timeouts[39m [90m{"implicit":40000}[39m
[38;5;44m[18d8d731][0m[38;5;86m[HTTP][0m [37m<-- POST /wd/hub/session/18d8d731-ad1f-4f2f-a08d-3e5125a47780/timeouts [39m[32m200[39m [90m1 ms - 14[39m [90m[39m
[38;5;44m[18d8d731][0m[38;5;86m[HTTP][0m [37m-->[39m [37mPOST[39m [37m/wd/hub/session/18d8d731-ad1f-4f2f-a08d-3e5125a47780/element/00000000-0000-087b-ffff-ffff000000e9/click[39m [90m{"id":"00000000-0000-087b-ffff-ffff000000e9"}[39m
[38;5;44m[18d8d731][0m[38;5;86m[HTTP][0m [37m<-- POST /wd/hub/session/18d8d731-ad1f-4f2f-a08d-3e5125a47780/element/00000000-0000-087b-ffff-ffff000000e9/click [39m[32m200[39m [90m117 ms - 14[39m [90m[39m
[38;5;44m[18d8d731][0m[38;5;86m[HTTP][0m [37m-->[39m [37mPOST[39m [37m/wd/hub/session/18d8d731-ad1f-4f2f-a08d-3e5125a47780/timeouts[39m [90m{"implicit":50}[39m
[38;5;44m[18d8d731][0m[38;5;86m[HTTP][0m [37m<-- POST /wd/hub/session/18d8d731-ad1f-4f2f-a08d-3e5125a47780/timeouts [39m[32m200[39m [90m1 ms - 14[39m [90m[39m
[38;5;44m[18d8d731][0m[38;5;86m[HTTP][0m [37m-->[39m [37mGET[39m [37m/wd/hub/session/18d8d731-ad1f-4f2f-a08d-3e5125a47780/window/rect[39m [90m{}[39m
[38;5;44m[18d8d731][0m[38;5;86m[HTTP][0m [37m<-- GET /wd/hub/session/18d8d731-ad1f-4f2f-a08d-3e5125a47780/window/rect [39m[32m200[39m [90m40 ms - 49[39m [90m[39m
[38;5;44m[18d8d731][0m[38;5;86m[HTTP][0m [37m-->[39m [37mPOST[39m [37m/wd/hub/session/18d8d731-ad1f-4f2f-a08d-3e5125a47780/elements[39m [90m{"value":"//*[@class = 'android.widget.TextView' and (@text = 'Car Park Help-Desk' or . = 'Car Park Help-Desk')]","using":"xpath"}[39m
[38;5;44m[18d8d731][0m[38;5;86m[HTTP][0m [37m<-- POST /wd/hub/session/18d8d731-ad1f-4f2f-a08d-3e5125a47780/elements [39m[32m200[39m [90m844 ms - 139[39m [90m[39m
[38;5;44m[18d8d731][0m[38;5;86m[HTTP][0m [37m-->[39m [37mGET[39m [37m/wd/hub/session/18d8d731-ad1f-4f2f-a08d-3e5125a47780/element/00000000-0000-087b-ffff-ffff00000107/rect[39m [90m{}[39m
[38;5;44m[18d8d731][0m[38;5;-1m[AndroidUiautomator2Driver@e8b1][0m Driver proxy active, passing request on via HTTP proxy
[38;5;44m[18d8d731][0m[38;5;-1m[AndroidUiautomator2Driver@e8b1][0m Replacing sessionId 69353a4f-0db2-492e-8532-6be1ad3c22a7 with 18d8d731-ad1f-4f2f-a08d-3e5125a47780
[38;5;44m[18d8d731][0m[38;5;86m[HTTP][0m [37m<-- GET /wd/hub/session/18d8d731-ad1f-4f2f-a08d-3e5125a47780/element/00000000-0000-087b-ffff-ffff00000107/rect [39m[32m200[39m [90m243 ms - 102[39m [90m[39m
[38;5;44m[18d8d731][0m[38;5;86m[HTTP][0m [37m-->[39m [37mPOST[39m [37m/wd/hub/session/18d8d731-ad1f-4f2f-a08d-3e5125a47780/timeouts[39m [90m{"implicit":40000}[39m
[38;5;44m[18d8d731][0m[38;5;86m[HTTP][0m [37m<-- POST /wd/hub/session/18d8d731-ad1f-4f2f-a08d-3e5125a47780/timeouts [39m[32m200[39m [90m1 ms - 14[39m [90m[39m
[38;5;44m[18d8d731][0m[38;5;86m[HTTP][0m [37m-->[39m [37mPOST[39m [37m/wd/hub/session/18d8d731-ad1f-4f2f-a08d-3e5125a47780/element/00000000-0000-087b-ffff-ffff00000107/click[39m [90m{"id":"00000000-0000-087b-ffff-ffff00000107"}[39m
[38;5;44m[18d8d731][0m[38;5;86m[HTTP][0m [37m<-- POST /wd/hub/session/18d8d731-ad1f-4f2f-a08d-3e5125a47780/element/00000000-0000-087b-ffff-ffff00000107/click [39m[32m200[39m [90m580 ms - 14[39m [90m[39m
[38;5;44m[18d8d731][0m[38;5;86m[HTTP][0m [37m-->[39m [37mPOST[39m [37m/wd/hub/session/18d8d731-ad1f-4f2f-a08d-3e5125a47780/timeouts[39m [90m{"implicit":50}[39m
[38;5;44m[18d8d731][0m[38;5;86m[HTTP][0m [37m<-- POST /wd/hub/session/18d8d731-ad1f-4f2f-a08d-3e5125a47780/timeouts [39m[32m200[39m [90m1 ms - 14[39m [90m[39m
[38;5;44m[18d8d731][0m[38;5;86m[HTTP][0m [37m-->[39m [37mGET[39m [37m/wd/hub/session/18d8d731-ad1f-4f2f-a08d-3e5125a47780/window/rect[39m [90m{}[39m
[38;5;44m[18d8d731][0m[38;5;86m[HTTP][0m [37m<-- GET /wd/hub/session/18d8d731-ad1f-4f2f-a08d-3e5125a47780/window/rect [39m[32m200[39m [90m39 ms - 49[39m [90m[39m
[38;5;44m[18d8d731][0m[38;5;86m[HTTP][0m [37m-->[39m [37mPOST[39m [37m/wd/hub/session/18d8d731-ad1f-4f2f-a08d-3e5125a47780/elements[39m [90m{"value":"//*[@class = 'android.widget.ImageView' and (@text = '' or . = '')]","using":"xpath"}[39m
[38;5;44m[18d8d731][0m[38;5;86m[HTTP][0m [37m<-- POST /wd/hub/session/18d8d731-ad1f-4f2f-a08d-3e5125a47780/elements [39m[32m200[39m [90m435 ms - 1291[39m [90m[39m
[38;5;44m[18d8d731][0m[38;5;86m[HTTP][0m [37m-->[39m [37mGET[39m [37m/wd/hub/session/18d8d731-ad1f-4f2f-a08d-3e5125a47780/element/00000000-0000-087b-ffff-ffff000000e9/rect[39m [90m{}[39m
[38;5;44m[18d8d731][0m[38;5;-1m[AndroidUiautomator2Driver@e8b1][0m Driver proxy active, passing request on via HTTP proxy
[38;5;44m[18d8d731][0m[38;5;-1m[AndroidUiautomator2Driver@e8b1][0m Replacing sessionId 69353a4f-0db2-492e-8532-6be1ad3c22a7 with 18d8d731-ad1f-4f2f-a08d-3e5125a47780
[38;5;44m[18d8d731][0m[38;5;86m[HTTP][0m [37m<-- GET /wd/hub/session/18d8d731-ad1f-4f2f-a08d-3e5125a47780/element/00000000-0000-087b-ffff-ffff000000e9/rect [39m[32m200[39m [90m1122 ms - 99[39m [90m[39m
[38;5;44m[18d8d731][0m[38;5;86m[HTTP][0m [37m-->[39m [37mPOST[39m [37m/wd/hub/session/18d8d731-ad1f-4f2f-a08d-3e5125a47780/timeouts[39m [90m{"implicit":40000}[39m
[38;5;44m[18d8d731][0m[38;5;86m[HTTP][0m [37m<-- POST /wd/hub/session/18d8d731-ad1f-4f2f-a08d-3e5125a47780/timeouts [39m[32m200[39m [90m1 ms - 14[39m [90m[39m
[38;5;44m[18d8d731][0m[38;5;86m[HTTP][0m [37m-->[39m [37mPOST[39m [37m/wd/hub/session/18d8d731-ad1f-4f2f-a08d-3e5125a47780/element/00000000-0000-087b-ffff-ffff000000e9/click[39m [90m{"id":"00000000-0000-087b-ffff-ffff000000e9"}[39m
[38;5;44m[18d8d731][0m[38;5;86m[HTTP][0m [37m<-- POST /wd/hub/session/18d8d731-ad1f-4f2f-a08d-3e5125a47780/element/00000000-0000-087b-ffff-ffff000000e9/click [39m[32m200[39m [90m81 ms - 14[39m [90m[39m
[38;5;44m[18d8d731][0m[38;5;86m[HTTP][0m [37m-->[39m [37mPOST[39m [37m/wd/hub/session/18d8d731-ad1f-4f2f-a08d-3e5125a47780/timeouts[39m [90m{"implicit":50}[39m
[38;5;44m[18d8d731][0m[38;5;86m[HTTP][0m [37m<-- POST /wd/hub/session/18d8d731-ad1f-4f2f-a08d-3e5125a47780/timeouts [39m[32m200[39m [90m1 ms - 14[39m [90m[39m
[38;5;44m[18d8d731][0m[38;5;86m[HTTP][0m [37m-->[39m [37mGET[39m [37m/wd/hub/session/18d8d731-ad1f-4f2f-a08d-3e5125a47780/window/rect[39m [90m{}[39m
[38;5;44m[18d8d731][0m[38;5;86m[HTTP][0m [37m<-- GET /wd/hub/session/18d8d731-ad1f-4f2f-a08d-3e5125a47780/window/rect [39m[32m200[39m [90m31 ms - 49[39m [90m[39m
[38;5;44m[18d8d731][0m[38;5;86m[HTTP][0m [37m-->[39m [37mPOST[39m [37m/wd/hub/session/18d8d731-ad1f-4f2f-a08d-3e5125a47780/elements[39m [90m{"value":"//*[@class = 'android.widget.TextView' and (@text = 'Gift Wrapping' or . = 'Gift Wrapping')]","using":"xpath"}[39m
[38;5;44m[18d8d731][0m[38;5;86m[HTTP][0m [37m<-- POST /wd/hub/session/18d8d731-ad1f-4f2f-a08d-3e5125a47780/elements [39m[32m200[39m [90m567 ms - 12[39m [90m[39m
[38;5;44m[18d8d731][0m[38;5;86m[HTTP][0m [37m-->[39m [37mPOST[39m [37m/wd/hub/session/18d8d731-ad1f-4f2f-a08d-3e5125a47780/elements[39m [90m{"value":"//*[@class = 'android.widget.TextView' and (@text = 'Gift Wrapping' or . = 'Gift Wrapping')]","using":"xpath"}[39m
[38;5;44m[18d8d731][0m[38;5;86m[HTTP][0m [37m<-- POST /wd/hub/session/18d8d731-ad1f-4f2f-a08d-3e5125a47780/elements [39m[32m200[39m [90m1172 ms - 139[39m [90m[39m
[38;5;44m[18d8d731][0m[38;5;86m[HTTP][0m [37m-->[39m [37mGET[39m [37m/wd/hub/session/18d8d731-ad1f-4f2f-a08d-3e5125a47780/element/00000000-0000-087b-ffff-ffff0000010c/rect[39m [90m{}[39m
[38;5;44m[18d8d731][0m[38;5;-1m[AndroidUiautomator2Driver@e8b1][0m Driver proxy active, passing request on via HTTP proxy
[38;5;44m[18d8d731][0m[38;5;-1m[AndroidUiautomator2Driver@e8b1][0m Replacing sessionId 69353a4f-0db2-492e-8532-6be1ad3c22a7 with 18d8d731-ad1f-4f2f-a08d-3e5125a47780
[38;5;44m[18d8d731][0m[38;5;86m[HTTP][0m [37m<-- GET /wd/hub/session/18d8d731-ad1f-4f2f-a08d-3e5125a47780/element/00000000-0000-087b-ffff-ffff0000010c/rect [39m[32m200[39m [90m34 ms - 101[39m [90m[39m
[38;5;44m[18d8d731][0m[38;5;86m[HTTP][0m [37m-->[39m [37mPOST[39m [37m/wd/hub/session/18d8d731-ad1f-4f2f-a08d-3e5125a47780/timeouts[39m [90m{"implicit":40000}[39m
[38;5;44m[18d8d731][0m[38;5;86m[HTTP][0m [37m<-- POST /wd/hub/session/18d8d731-ad1f-4f2f-a08d-3e5125a47780/timeouts [39m[32m200[39m [90m1 ms - 14[39m [90m[39m
[38;5;44m[18d8d731][0m[38;5;86m[HTTP][0m [37m-->[39m [37mPOST[39m [37m/wd/hub/session/18d8d731-ad1f-4f2f-a08d-3e5125a47780/element/00000000-0000-087b-ffff-ffff0000010c/click[39m [90m{"id":"00000000-0000-087b-ffff-ffff0000010c"}[39m
[38;5;44m[18d8d731][0m[38;5;86m[HTTP][0m [37m<-- POST /wd/hub/session/18d8d731-ad1f-4f2f-a08d-3e5125a47780/element/00000000-0000-087b-ffff-ffff0000010c/click [39m[32m200[39m [90m80 ms - 14[39m [90m[39m
[38;5;44m[18d8d731][0m[38;5;86m[HTTP][0m [37m-->[39m [37mPOST[39m [37m/wd/hub/session/18d8d731-ad1f-4f2f-a08d-3e5125a47780/timeouts[39m [90m{"implicit":50}[39m
[38;5;44m[18d8d731][0m[38;5;86m[HTTP][0m [37m<-- POST /wd/hub/session/18d8d731-ad1f-4f2f-a08d-3e5125a47780/timeouts [39m[32m200[39m [90m1 ms - 14[39m [90m[39m
[38;5;44m[18d8d731][0m[38;5;86m[HTTP][0m [37m-->[39m [37mGET[39m [37m/wd/hub/session/18d8d731-ad1f-4f2f-a08d-3e5125a47780/window/rect[39m [90m{}[39m
[38;5;44m[18d8d731][0m[38;5;86m[HTTP][0m [37m<-- GET /wd/hub/session/18d8d731-ad1f-4f2f-a08d-3e5125a47780/window/rect [39m[32m200[39m [90m29 ms - 49[39m [90m[39m
[38;5;44m[18d8d731][0m[38;5;86m[HTTP][0m [37m-->[39m [37mPOST[39m [37m/wd/hub/session/18d8d731-ad1f-4f2f-a08d-3e5125a47780/elements[39m [90m{"value":"//*[@class = 'android.widget.ImageView' and (@text = '' or . = '')]","using":"xpath"}[39m
[38;5;44m[18d8d731][0m[38;5;86m[HTTP][0m [37m<-- POST /wd/hub/session/18d8d731-ad1f-4f2f-a08d-3e5125a47780/elements [39m[32m200[39m [90m390 ms - 1291[39m [90m[39m
[38;5;44m[18d8d731][0m[38;5;86m[HTTP][0m [37m-->[39m [37mGET[39m [37m/wd/hub/session/18d8d731-ad1f-4f2f-a08d-3e5125a47780/element/00000000-0000-087b-ffff-ffff000000e9/rect[39m [90m{}[39m
[38;5;44m[18d8d731][0m[38;5;-1m[AndroidUiautomator2Driver@e8b1][0m Driver proxy active, passing request on via HTTP proxy
[38;5;44m[18d8d731][0m[38;5;-1m[AndroidUiautomator2Driver@e8b1][0m Replacing sessionId 69353a4f-0db2-492e-8532-6be1ad3c22a7 with 18d8d731-ad1f-4f2f-a08d-3e5125a47780
[38;5;44m[18d8d731][0m[38;5;86m[HTTP][0m [37m<-- GET /wd/hub/session/18d8d731-ad1f-4f2f-a08d-3e5125a47780/element/00000000-0000-087b-ffff-ffff000000e9/rect [39m[32m200[39m [90m1160 ms - 99[39m [90m[39m
[38;5;44m[18d8d731][0m[38;5;86m[HTTP][0m [37m-->[39m [37mPOST[39m [37m/wd/hub/session/18d8d731-ad1f-4f2f-a08d-3e5125a47780/timeouts[39m [90m{"implicit":40000}[39m
[38;5;44m[18d8d731][0m[38;5;86m[HTTP][0m [37m<-- POST /wd/hub/session/18d8d731-ad1f-4f2f-a08d-3e5125a47780/timeouts [39m[32m200[39m [90m1 ms - 14[39m [90m[39m
[38;5;44m[18d8d731][0m[38;5;86m[HTTP][0m [37m-->[39m [37mPOST[39m [37m/wd/hub/session/18d8d731-ad1f-4f2f-a08d-3e5125a47780/element/00000000-0000-087b-ffff-ffff000000e9/click[39m [90m{"id":"00000000-0000-087b-ffff-ffff000000e9"}[39m
[38;5;44m[18d8d731][0m[38;5;86m[HTTP][0m [37m<-- POST /wd/hub/session/18d8d731-ad1f-4f2f-a08d-3e5125a47780/element/00000000-0000-087b-ffff-ffff000000e9/click [39m[32m200[39m [90m81 ms - 14[39m [90m[39m
[38;5;44m[18d8d731][0m[38;5;86m[HTTP][0m [37m-->[39m [37mPOST[39m [37m/wd/hub/session/18d8d731-ad1f-4f2f-a08d-3e5125a47780/timeouts[39m [90m{"implicit":50}[39m
[38;5;44m[18d8d731][0m[38;5;86m[HTTP][0m [37m<-- POST /wd/hub/session/18d8d731-ad1f-4f2f-a08d-3e5125a47780/timeouts [39m[32m200[39m [90m1 ms - 14[39m [90m[39m
[38;5;44m[18d8d731][0m[38;5;86m[HTTP][0m [37m-->[39m [37mGET[39m [37m/wd/hub/session/18d8d731-ad1f-4f2f-a08d-3e5125a47780/window/rect[39m [90m{}[39m
[38;5;44m[18d8d731][0m[38;5;86m[HTTP][0m [37m<-- GET /wd/hub/session/18d8d731-ad1f-4f2f-a08d-3e5125a47780/window/rect [39m[32m200[39m [90m34 ms - 49[39m [90m[39m
[38;5;44m[18d8d731][0m[38;5;86m[HTTP][0m [37m-->[39m [37mPOST[39m [37m/wd/hub/session/18d8d731-ad1f-4f2f-a08d-3e5125a47780/elements[39m [90m{"value":"//*[@class = 'android.widget.TextView' and (@text = 'Lost & Found' or . = 'Lost & Found')]","using":"xpath"}[39m
[38;5;44m[18d8d731][0m[38;5;86m[HTTP][0m [37m<-- POST /wd/hub/session/18d8d731-ad1f-4f2f-a08d-3e5125a47780/elements [39m[32m200[39m [90m835 ms - 139[39m [90m[39m
[38;5;44m[18d8d731][0m[38;5;86m[HTTP][0m [37m-->[39m [37mGET[39m [37m/wd/hub/session/18d8d731-ad1f-4f2f-a08d-3e5125a47780/element/00000000-0000-087b-ffff-ffff00000110/rect[39m [90m{}[39m
[38;5;44m[18d8d731][0m[38;5;-1m[AndroidUiautomator2Driver@e8b1][0m Driver proxy active, passing request on via HTTP proxy
[38;5;44m[18d8d731][0m[38;5;-1m[AndroidUiautomator2Driver@e8b1][0m Replacing sessionId 69353a4f-0db2-492e-8532-6be1ad3c22a7 with 18d8d731-ad1f-4f2f-a08d-3e5125a47780
[38;5;44m[18d8d731][0m[38;5;86m[HTTP][0m [37m<-- GET /wd/hub/session/18d8d731-ad1f-4f2f-a08d-3e5125a47780/element/00000000-0000-087b-ffff-ffff00000110/rect [39m[32m200[39m [90m294 ms - 102[39m [90m[39m
[38;5;44m[18d8d731][0m[38;5;86m[HTTP][0m [37m-->[39m [37mPOST[39m [37m/wd/hub/session/18d8d731-ad1f-4f2f-a08d-3e5125a47780/timeouts[39m [90m{"implicit":40000}[39m
[38;5;44m[18d8d731][0m[38;5;86m[HTTP][0m [37m<-- POST /wd/hub/session/18d8d731-ad1f-4f2f-a08d-3e5125a47780/timeouts [39m[32m200[39m [90m1 ms - 14[39m [90m[39m
[38;5;44m[18d8d731][0m[38;5;86m[HTTP][0m [37m-->[39m [37mPOST[39m [37m/wd/hub/session/18d8d731-ad1f-4f2f-a08d-3e5125a47780/element/00000000-0000-087b-ffff-ffff00000110/click[39m [90m{"id":"00000000-0000-087b-ffff-ffff00000110"}[39m
[38;5;44m[18d8d731][0m[38;5;86m[HTTP][0m [37m<-- POST /wd/hub/session/18d8d731-ad1f-4f2f-a08d-3e5125a47780/element/00000000-0000-087b-ffff-ffff00000110/click [39m[32m200[39m [90m899 ms - 14[39m [90m[39m
[38;5;44m[18d8d731][0m[38;5;86m[HTTP][0m [37m-->[39m [37mPOST[39m [37m/wd/hub/session/18d8d731-ad1f-4f2f-a08d-3e5125a47780/timeouts[39m [90m{"implicit":50}[39m
[38;5;44m[18d8d731][0m[38;5;86m[HTTP][0m [37m<-- POST /wd/hub/session/18d8d731-ad1f-4f2f-a08d-3e5125a47780/timeouts [39m[32m200[39m [90m1 ms - 14[39m [90m[39m
[38;5;44m[18d8d731][0m[38;5;86m[HTTP][0m [37m-->[39m [37mGET[39m [37m/wd/hub/session/18d8d731-ad1f-4f2f-a08d-3e5125a47780/window/rect[39m [90m{}[39m
[38;5;44m[18d8d731][0m[38;5;86m[HTTP][0m [37m<-- GET /wd/hub/session/18d8d731-ad1f-4f2f-a08d-3e5125a47780/window/rect [39m[32m200[39m [90m28 ms - 49[39m [90m[39m
[38;5;44m[18d8d731][0m[38;5;86m[HTTP][0m [37m-->[39m [37mPOST[39m [37m/wd/hub/session/18d8d731-ad1f-4f2f-a08d-3e5125a47780/elements[39m [90m{"value":"//*[@class = 'android.widget.ImageView' and (@text = '' or . = '')]","using":"xpath"}[39m
[38;5;44m[18d8d731][0m[38;5;86m[HTTP][0m [37m<-- POST /wd/hub/session/18d8d731-ad1f-4f2f-a08d-3e5125a47780/elements [39m[32m200[39m [90m421 ms - 1291[39m [90m[39m
[38;5;44m[18d8d731][0m[38;5;86m[HTTP][0m [37m-->[39m [37mGET[39m [37m/wd/hub/session/18d8d731-ad1f-4f2f-a08d-3e5125a47780/element/00000000-0000-087b-ffff-ffff000000e9/rect[39m [90m{}[39m
[38;5;44m[18d8d731][0m[38;5;-1m[AndroidUiautomator2Driver@e8b1][0m Driver proxy active, passing request on via HTTP proxy
[38;5;44m[18d8d731][0m[38;5;-1m[AndroidUiautomator2Driver@e8b1][0m Replacing sessionId 69353a4f-0db2-492e-8532-6be1ad3c22a7 with 18d8d731-ad1f-4f2f-a08d-3e5125a47780
[38;5;44m[18d8d731][0m[38;5;86m[HTTP][0m [37m<-- GET /wd/hub/session/18d8d731-ad1f-4f2f-a08d-3e5125a47780/element/00000000-0000-087b-ffff-ffff000000e9/rect [39m[32m200[39m [90m1266 ms - 99[39m [90m[39m
[38;5;44m[18d8d731][0m[38;5;86m[HTTP][0m [37m-->[39m [37mPOST[39m [37m/wd/hub/session/18d8d731-ad1f-4f2f-a08d-3e5125a47780/timeouts[39m [90m{"implicit":40000}[39m
[38;5;44m[18d8d731][0m[38;5;86m[HTTP][0m [37m<-- POST /wd/hub/session/18d8d731-ad1f-4f2f-a08d-3e5125a47780/timeouts [39m[32m200[39m [90m1 ms - 14[39m [90m[39m
[38;5;44m[18d8d731][0m[38;5;86m[HTTP][0m [37m-->[39m [37mPOST[39m [37m/wd/hub/session/18d8d731-ad1f-4f2f-a08d-3e5125a47780/element/00000000-0000-087b-ffff-ffff000000e9/click[39m [90m{"id":"00000000-0000-087b-ffff-ffff000000e9"}[39m
[38;5;44m[18d8d731][0m[38;5;86m[HTTP][0m [37m<-- POST /wd/hub/session/18d8d731-ad1f-4f2f-a08d-3e5125a47780/element/00000000-0000-087b-ffff-ffff000000e9/click [39m[32m200[39m [90m86 ms - 14[39m [90m[39m
[38;5;44m[18d8d731][0m[38;5;86m[HTTP][0m [37m-->[39m [37mPOST[39m [37m/wd/hub/session/18d8d731-ad1f-4f2f-a08d-3e5125a47780/timeouts[39m [90m{"implicit":50}[39m
[38;5;44m[18d8d731][0m[38;5;86m[HTTP][0m [37m<-- POST /wd/hub/session/18d8d731-ad1f-4f2f-a08d-3e5125a47780/timeouts [39m[32m200[39m [90m1 ms - 14[39m [90m[39m
[38;5;44m[18d8d731][0m[38;5;86m[HTTP][0m [37m-->[39m [37mGET[39m [37m/wd/hub/session/18d8d731-ad1f-4f2f-a08d-3e5125a47780/window/rect[39m [90m{}[39m
[38;5;44m[18d8d731][0m[38;5;86m[HTTP][0m [37m<-- GET /wd/hub/session/18d8d731-ad1f-4f2f-a08d-3e5125a47780/window/rect [39m[32m200[39m [90m32 ms - 49[39m [90m[39m
[38;5;44m[18d8d731][0m[38;5;86m[HTTP][0m [37m-->[39m [37mPOST[39m [37m/wd/hub/session/18d8d731-ad1f-4f2f-a08d-3e5125a47780/elements[39m [90m{"value":"//*[@class = 'android.widget.TextView' and (@text = 'Amenities' or . = 'Amenities')]","using":"xpath"}[39m
[38;5;44m[18d8d731][0m[38;5;86m[HTTP][0m [37m<-- POST /wd/hub/session/18d8d731-ad1f-4f2f-a08d-3e5125a47780/elements [39m[32m200[39m [90m866 ms - 395[39m [90m[39m
[38;5;44m[18d8d731][0m[38;5;86m[HTTP][0m [37m-->[39m [37mGET[39m [37m/wd/hub/session/18d8d731-ad1f-4f2f-a08d-3e5125a47780/element/00000000-0000-087b-ffff-ffff000000f7/rect[39m [90m{}[39m
[38;5;44m[18d8d731][0m[38;5;-1m[AndroidUiautomator2Driver@e8b1][0m Driver proxy active, passing request on via HTTP proxy
[38;5;44m[18d8d731][0m[38;5;-1m[AndroidUiautomator2Driver@e8b1][0m Replacing sessionId 69353a4f-0db2-492e-8532-6be1ad3c22a7 with 18d8d731-ad1f-4f2f-a08d-3e5125a47780
[38;5;44m[18d8d731][0m[38;5;86m[HTTP][0m [37m<-- GET /wd/hub/session/18d8d731-ad1f-4f2f-a08d-3e5125a47780/element/00000000-0000-087b-ffff-ffff000000f7/rect [39m[32m200[39m [90m222 ms - 103[39m [90m[39m
[38;5;44m[18d8d731][0m[38;5;86m[HTTP][0m [37m-->[39m [37mPOST[39m [37m/wd/hub/session/18d8d731-ad1f-4f2f-a08d-3e5125a47780/timeouts[39m [90m{"implicit":40000}[39m
[38;5;44m[18d8d731][0m[38;5;86m[HTTP][0m [37m<-- POST /wd/hub/session/18d8d731-ad1f-4f2f-a08d-3e5125a47780/timeouts [39m[32m200[39m [90m1 ms - 14[39m [90m[39m
[38;5;44m[18d8d731][0m[38;5;86m[HTTP][0m [37m-->[39m [37mPOST[39m [37m/wd/hub/session/18d8d731-ad1f-4f2f-a08d-3e5125a47780/element/00000000-0000-087b-ffff-ffff000000f7/click[39m [90m{"id":"00000000-0000-087b-ffff-ffff000000f7"}[39m
[38;5;44m[18d8d731][0m[38;5;86m[HTTP][0m [37m<-- POST /wd/hub/session/18d8d731-ad1f-4f2f-a08d-3e5125a47780/element/00000000-0000-087b-ffff-ffff000000f7/click [39m[32m200[39m [90m561 ms - 14[39m [90m[39m
[38;5;44m[18d8d731][0m[38;5;86m[HTTP][0m [37m-->[39m [37mPOST[39m [37m/wd/hub/session/18d8d731-ad1f-4f2f-a08d-3e5125a47780/timeouts[39m [90m{"implicit":50}[39m
[38;5;44m[18d8d731][0m[38;5;86m[HTTP][0m [37m<-- POST /wd/hub/session/18d8d731-ad1f-4f2f-a08d-3e5125a47780/timeouts [39m[32m200[39m [90m1 ms - 14[39m [90m[39m
[38;5;44m[18d8d731][0m[38;5;86m[HTTP][0m [37m-->[39m [37mGET[39m [37m/wd/hub/session/18d8d731-ad1f-4f2f-a08d-3e5125a47780/window/rect[39m [90m{}[39m
[38;5;44m[18d8d731][0m[38;5;86m[HTTP][0m [37m<-- GET /wd/hub/session/18d8d731-ad1f-4f2f-a08d-3e5125a47780/window/rect [39m[32m200[39m [90m31 ms - 49[39m [90m[39m
[38;5;44m[18d8d731][0m[38;5;86m[HTTP][0m [37m-->[39m [37mPOST[39m [37m/wd/hub/session/18d8d731-ad1f-4f2f-a08d-3e5125a47780/elements[39m [90m{"value":"//*[@class = 'android.widget.TextView' and (@text = 'Baby Strollers' or . = 'Baby Strollers')]","using":"xpath"}[39m
[38;5;44m[18d8d731][0m[38;5;86m[HTTP][0m [37m<-- POST /wd/hub/session/18d8d731-ad1f-4f2f-a08d-3e5125a47780/elements [39m[32m200[39m [90m369 ms - 12[39m [90m[39m
[38;5;44m[18d8d731][0m[38;5;86m[HTTP][0m [37m-->[39m [37mPOST[39m [37m/wd/hub/session/18d8d731-ad1f-4f2f-a08d-3e5125a47780/elements[39m [90m{"value":"//*[@class = 'android.widget.TextView' and (@text = 'Baby Strollers' or . = 'Baby Strollers')]","using":"xpath"}[39m
[38;5;44m[18d8d731][0m[38;5;86m[HTTP][0m [37m<-- POST /wd/hub/session/18d8d731-ad1f-4f2f-a08d-3e5125a47780/elements [39m[32m200[39m [90m1808 ms - 139[39m [90m[39m
[38;5;44m[18d8d731][0m[38;5;86m[HTTP][0m [37m-->[39m [37mGET[39m [37m/wd/hub/session/18d8d731-ad1f-4f2f-a08d-3e5125a47780/element/00000000-0000-087b-ffff-ffff000001da/rect[39m [90m{}[39m
[38;5;44m[18d8d731][0m[38;5;-1m[AndroidUiautomator2Driver@e8b1][0m Driver proxy active, passing request on via HTTP proxy
[38;5;44m[18d8d731][0m[38;5;-1m[AndroidUiautomator2Driver@e8b1][0m Replacing sessionId 69353a4f-0db2-492e-8532-6be1ad3c22a7 with 18d8d731-ad1f-4f2f-a08d-3e5125a47780
[38;5;44m[18d8d731][0m[38;5;86m[HTTP][0m [37m<-- GET /wd/hub/session/18d8d731-ad1f-4f2f-a08d-3e5125a47780/element/00000000-0000-087b-ffff-ffff000001da/rect [39m[32m200[39m [90m36 ms - 101[39m [90m[39m
[38;5;44m[18d8d731][0m[38;5;86m[HTTP][0m [37m-->[39m [37mPOST[39m [37m/wd/hub/session/18d8d731-ad1f-4f2f-a08d-3e5125a47780/timeouts[39m [90m{"implicit":40000}[39m
[38;5;44m[18d8d731][0m[38;5;86m[HTTP][0m [37m<-- POST /wd/hub/session/18d8d731-ad1f-4f2f-a08d-3e5125a47780/timeouts [39m[32m200[39m [90m1 ms - 14[39m [90m[39m
[38;5;44m[18d8d731][0m[38;5;86m[HTTP][0m [37m-->[39m [37mPOST[39m [37m/wd/hub/session/18d8d731-ad1f-4f2f-a08d-3e5125a47780/element/00000000-0000-087b-ffff-ffff000001da/click[39m [90m{"id":"00000000-0000-087b-ffff-ffff000001da"}[39m
[38;5;44m[18d8d731][0m[38;5;86m[HTTP][0m [37m<-- POST /wd/hub/session/18d8d731-ad1f-4f2f-a08d-3e5125a47780/element/00000000-0000-087b-ffff-ffff000001da/click [39m[32m200[39m [90m68 ms - 14[39m [90m[39m
[38;5;44m[18d8d731][0m[38;5;86m[HTTP][0m [37m-->[39m [37mPOST[39m [37m/wd/hub/session/18d8d731-ad1f-4f2f-a08d-3e5125a47780/timeouts[39m [90m{"implicit":50}[39m
[38;5;44m[18d8d731][0m[38;5;86m[HTTP][0m [37m<-- POST /wd/hub/session/18d8d731-ad1f-4f2f-a08d-3e5125a47780/timeouts [39m[32m200[39m [90m1 ms - 14[39m [90m[39m
[38;5;44m[18d8d731][0m[38;5;86m[HTTP][0m [37m-->[39m [37mGET[39m [37m/wd/hub/session/18d8d731-ad1f-4f2f-a08d-3e5125a47780/window/rect[39m [90m{}[39m
[38;5;44m[18d8d731][0m[38;5;86m[HTTP][0m [37m<-- GET /wd/hub/session/18d8d731-ad1f-4f2f-a08d-3e5125a47780/window/rect [39m[32m200[39m [90m31 ms - 49[39m [90m[39m
[38;5;44m[18d8d731][0m[38;5;86m[HTTP][0m [37m-->[39m [37mPOST[39m [37m/wd/hub/session/18d8d731-ad1f-4f2f-a08d-3e5125a47780/elements[39m [90m{"value":"//*[@class = 'android.widget.ImageView' and (@text = '' or . = '')]","using":"xpath"}[39m
[38;5;44m[18d8d731][0m[38;5;86m[HTTP][0m [37m<-- POST /wd/hub/session/18d8d731-ad1f-4f2f-a08d-3e5125a47780/elements [39m[32m200[39m [90m337 ms - 1291[39m [90m[39m
[38;5;44m[18d8d731][0m[38;5;86m[HTTP][0m [37m-->[39m [37mGET[39m [37m/wd/hub/session/18d8d731-ad1f-4f2f-a08d-3e5125a47780/element/00000000-0000-087b-ffff-ffff000001c4/rect[39m [90m{}[39m
[38;5;44m[18d8d731][0m[38;5;-1m[AndroidUiautomator2Driver@e8b1][0m Driver proxy active, passing request on via HTTP proxy
[38;5;44m[18d8d731][0m[38;5;-1m[AndroidUiautomator2Driver@e8b1][0m Replacing sessionId 69353a4f-0db2-492e-8532-6be1ad3c22a7 with 18d8d731-ad1f-4f2f-a08d-3e5125a47780
[38;5;44m[18d8d731][0m[38;5;86m[HTTP][0m [37m<-- GET /wd/hub/session/18d8d731-ad1f-4f2f-a08d-3e5125a47780/element/00000000-0000-087b-ffff-ffff000001c4/rect [39m[32m200[39m [90m1241 ms - 99[39m [90m[39m
[38;5;44m[18d8d731][0m[38;5;86m[HTTP][0m [37m-->[39m [37mPOST[39m [37m/wd/hub/session/18d8d731-ad1f-4f2f-a08d-3e5125a47780/timeouts[39m [90m{"implicit":40000}[39m
[38;5;44m[18d8d731][0m[38;5;86m[HTTP][0m [37m<-- POST /wd/hub/session/18d8d731-ad1f-4f2f-a08d-3e5125a47780/timeouts [39m[32m200[39m [90m1 ms - 14[39m [90m[39m
[38;5;44m[18d8d731][0m[38;5;86m[HTTP][0m [37m-->[39m [37mPOST[39m [37m/wd/hub/session/18d8d731-ad1f-4f2f-a08d-3e5125a47780/element/00000000-0000-087b-ffff-ffff000001c4/click[39m [90m{"id":"00000000-0000-087b-ffff-ffff000001c4"}[39m
[38;5;44m[18d8d731][0m[38;5;86m[HTTP][0m [37m<-- POST /wd/hub/session/18d8d731-ad1f-4f2f-a08d-3e5125a47780/element/00000000-0000-087b-ffff-ffff000001c4/click [39m[32m200[39m [90m73 ms - 14[39m [90m[39m
[38;5;44m[18d8d731][0m[38;5;86m[HTTP][0m [37m-->[39m [37mPOST[39m [37m/wd/hub/session/18d8d731-ad1f-4f2f-a08d-3e5125a47780/timeouts[39m [90m{"implicit":50}[39m
[38;5;44m[18d8d731][0m[38;5;86m[HTTP][0m [37m<-- POST /wd/hub/session/18d8d731-ad1f-4f2f-a08d-3e5125a47780/timeouts [39m[32m200[39m [90m1 ms - 14[39m [90m[39m
[38;5;44m[18d8d731][0m[38;5;86m[HTTP][0m [37m-->[39m [37mGET[39m [37m/wd/hub/session/18d8d731-ad1f-4f2f-a08d-3e5125a47780/window/rect[39m [90m{}[39m
[38;5;44m[18d8d731][0m[38;5;86m[HTTP][0m [37m<-- GET /wd/hub/session/18d8d731-ad1f-4f2f-a08d-3e5125a47780/window/rect [39m[32m200[39m [90m29 ms - 49[39m [90m[39m
[38;5;44m[18d8d731][0m[38;5;86m[HTTP][0m [37m-->[39m [37mPOST[39m [37m/wd/hub/session/18d8d731-ad1f-4f2f-a08d-3e5125a47780/elements[39m [90m{"value":"//*[@class = 'android.widget.TextView' and (@text = 'Handicapped Bathrooms' or . = 'Handicapped Bathrooms')]","using":"xpath"}[39m
[38;5;44m[18d8d731][0m[38;5;86m[HTTP][0m [37m<-- POST /wd/hub/session/18d8d731-ad1f-4f2f-a08d-3e5125a47780/elements [39m[32m200[39m [90m1022 ms - 139[39m [90m[39m
[38;5;44m[18d8d731][0m[38;5;86m[HTTP][0m [37m-->[39m [37mGET[39m [37m/wd/hub/session/18d8d731-ad1f-4f2f-a08d-3e5125a47780/element/00000000-0000-087b-ffff-ffff000001de/rect[39m [90m{}[39m
[38;5;44m[18d8d731][0m[38;5;-1m[AndroidUiautomator2Driver@e8b1][0m Driver proxy active, passing request on via HTTP proxy
[38;5;44m[18d8d731][0m[38;5;-1m[AndroidUiautomator2Driver@e8b1][0m Replacing sessionId 69353a4f-0db2-492e-8532-6be1ad3c22a7 with 18d8d731-ad1f-4f2f-a08d-3e5125a47780
[38;5;44m[18d8d731][0m[38;5;86m[HTTP][0m [37m<-- GET /wd/hub/session/18d8d731-ad1f-4f2f-a08d-3e5125a47780/element/00000000-0000-087b-ffff-ffff000001de/rect [39m[32m200[39m [90m202 ms - 102[39m [90m[39m
[38;5;44m[18d8d731][0m[38;5;86m[HTTP][0m [37m-->[39m [37mPOST[39m [37m/wd/hub/session/18d8d731-ad1f-4f2f-a08d-3e5125a47780/timeouts[39m [90m{"implicit":40000}[39m
[38;5;44m[18d8d731][0m[38;5;86m[HTTP][0m [37m<-- POST /wd/hub/session/18d8d731-ad1f-4f2f-a08d-3e5125a47780/timeouts [39m[32m200[39m [90m1 ms - 14[39m [90m[39m
[38;5;44m[18d8d731][0m[38;5;86m[HTTP][0m [37m-->[39m [37mPOST[39m [37m/wd/hub/session/18d8d731-ad1f-4f2f-a08d-3e5125a47780/element/00000000-0000-087b-ffff-ffff000001de/click[39m [90m{"id":"00000000-0000-087b-ffff-ffff000001de"}[39m
[38;5;44m[18d8d731][0m[38;5;86m[HTTP][0m [37m<-- POST /wd/hub/session/18d8d731-ad1f-4f2f-a08d-3e5125a47780/element/00000000-0000-087b-ffff-ffff000001de/click [39m[32m200[39m [90m566 ms - 14[39m [90m[39m
[38;5;44m[18d8d731][0m[38;5;86m[HTTP][0m [37m-->[39m [37mPOST[39m [37m/wd/hub/session/18d8d731-ad1f-4f2f-a08d-3e5125a47780/timeouts[39m [90m{"implicit":50}[39m
[38;5;44m[18d8d731][0m[38;5;86m[HTTP][0m [37m<-- POST /wd/hub/session/18d8d731-ad1f-4f2f-a08d-3e5125a47780/timeouts [39m[32m200[39m [90m1 ms - 14[39m [90m[39m
[38;5;44m[18d8d731][0m[38;5;86m[HTTP][0m [37m-->[39m [37mGET[39m [37m/wd/hub/session/18d8d731-ad1f-4f2f-a08d-3e5125a47780/window/rect[39m [90m{}[39m
[38;5;44m[18d8d731][0m[38;5;86m[HTTP][0m [37m<-- GET /wd/hub/session/18d8d731-ad1f-4f2f-a08d-3e5125a47780/window/rect [39m[32m200[39m [90m44 ms - 49[39m [90m[39m
[38;5;44m[18d8d731][0m[38;5;86m[HTTP][0m [37m-->[39m [37mPOST[39m [37m/wd/hub/session/18d8d731-ad1f-4f2f-a08d-3e5125a47780/elements[39m [90m{"value":"//*[@class = 'android.widget.ImageView' and (@text = '' or . = '')]","using":"xpath"}[39m
[38;5;44m[18d8d731][0m[38;5;86m[HTTP][0m [37m<-- POST /wd/hub/session/18d8d731-ad1f-4f2f-a08d-3e5125a47780/elements [39m[32m200[39m [90m1796 ms - 1035[39m [90m[39m
[38;5;44m[18d8d731][0m[38;5;86m[HTTP][0m [37m-->[39m [37mGET[39m [37m/wd/hub/session/18d8d731-ad1f-4f2f-a08d-3e5125a47780/element/00000000-0000-087b-ffff-ffff00000218/rect[39m [90m{}[39m
[38;5;44m[18d8d731][0m[38;5;-1m[AndroidUiautomator2Driver@e8b1][0m Driver proxy active, passing request on via HTTP proxy
[38;5;44m[18d8d731][0m[38;5;-1m[AndroidUiautomator2Driver@e8b1][0m Replacing sessionId 69353a4f-0db2-492e-8532-6be1ad3c22a7 with 18d8d731-ad1f-4f2f-a08d-3e5125a47780
[38;5;44m[18d8d731][0m[38;5;86m[HTTP][0m [37m<-- GET /wd/hub/session/18d8d731-ad1f-4f2f-a08d-3e5125a47780/element/00000000-0000-087b-ffff-ffff00000218/rect [39m[32m200[39m [90m31 ms - 99[39m [90m[39m
[38;5;44m[18d8d731][0m[38;5;86m[HTTP][0m [37m-->[39m [37mPOST[39m [37m/wd/hub/session/18d8d731-ad1f-4f2f-a08d-3e5125a47780/timeouts[39m [90m{"implicit":40000}[39m
[38;5;44m[18d8d731][0m[38;5;86m[HTTP][0m [37m<-- POST /wd/hub/session/18d8d731-ad1f-4f2f-a08d-3e5125a47780/timeouts [39m[32m200[39m [90m1 ms - 14[39m [90m[39m
[38;5;44m[18d8d731][0m[38;5;86m[HTTP][0m [37m-->[39m [37mPOST[39m [37m/wd/hub/session/18d8d731-ad1f-4f2f-a08d-3e5125a47780/element/00000000-0000-087b-ffff-ffff00000218/click[39m [90m{"id":"00000000-0000-087b-ffff-ffff00000218"}[39m
[38;5;44m[18d8d731][0m[38;5;86m[HTTP][0m [37m<-- POST /wd/hub/session/18d8d731-ad1f-4f2f-a08d-3e5125a47780/element/00000000-0000-087b-ffff-ffff00000218/click [39m[32m200[39m [90m77 ms - 14[39m [90m[39m
[38;5;44m[18d8d731][0m[38;5;86m[HTTP][0m [37m-->[39m [37mPOST[39m [37m/wd/hub/session/18d8d731-ad1f-4f2f-a08d-3e5125a47780/timeouts[39m [90m{"implicit":50}[39m
[38;5;44m[18d8d731][0m[38;5;86m[HTTP][0m [37m<-- POST /wd/hub/session/18d8d731-ad1f-4f2f-a08d-3e5125a47780/timeouts [39m[32m200[39m [90m1 ms - 14[39m [90m[39m
[38;5;44m[18d8d731][0m[38;5;86m[HTTP][0m [37m-->[39m [37mGET[39m [37m/wd/hub/session/18d8d731-ad1f-4f2f-a08d-3e5125a47780/window/rect[39m [90m{}[39m
[38;5;44m[18d8d731][0m[38;5;86m[HTTP][0m [37m<-- GET /wd/hub/session/18d8d731-ad1f-4f2f-a08d-3e5125a47780/window/rect [39m[32m200[39m [90m25 ms - 49[39m [90m[39m
[38;5;44m[18d8d731][0m[38;5;86m[HTTP][0m [37m-->[39m [37mPOST[39m [37m/wd/hub/session/18d8d731-ad1f-4f2f-a08d-3e5125a47780/elements[39m [90m{"value":"//*[@class = 'android.widget.TextView' and (@text = concat(\"Parent\" , \"'\" , \"s rooms\") or . = concat(\"Parent\" , \"'\" , \"s rooms\"))]","using":"xpath"}[39m
[38;5;44m[18d8d731][0m[38;5;86m[HTTP][0m [37m<-- POST /wd/hub/session/18d8d731-ad1f-4f2f-a08d-3e5125a47780/elements [39m[32m200[39m [90m407 ms - 12[39m [90m[39m
[38;5;44m[18d8d731][0m[38;5;86m[HTTP][0m [37m-->[39m [37mPOST[39m [37m/wd/hub/session/18d8d731-ad1f-4f2f-a08d-3e5125a47780/elements[39m [90m{"value":"//*[@class = 'android.widget.TextView' and (@text = concat(\"Parent\" , \"'\" , \"s rooms\") or . = concat(\"Parent\" , \"'\" , \"s rooms\"))]","using":"xpath"}[39m
[38;5;44m[18d8d731][0m[38;5;86m[HTTP][0m [37m<-- POST /wd/hub/session/18d8d731-ad1f-4f2f-a08d-3e5125a47780/elements [39m[32m200[39m [90m1267 ms - 139[39m [90m[39m
[38;5;44m[18d8d731][0m[38;5;86m[HTTP][0m [37m-->[39m [37mGET[39m [37m/wd/hub/session/18d8d731-ad1f-4f2f-a08d-3e5125a47780/element/00000000-0000-087b-ffff-ffff000001e2/rect[39m [90m{}[39m
[38;5;44m[18d8d731][0m[38;5;-1m[AndroidUiautomator2Driver@e8b1][0m Driver proxy active, passing request on via HTTP proxy
[38;5;44m[18d8d731][0m[38;5;-1m[AndroidUiautomator2Driver@e8b1][0m Replacing sessionId 69353a4f-0db2-492e-8532-6be1ad3c22a7 with 18d8d731-ad1f-4f2f-a08d-3e5125a47780
[38;5;44m[18d8d731][0m[38;5;86m[HTTP][0m [37m<-- GET /wd/hub/session/18d8d731-ad1f-4f2f-a08d-3e5125a47780/element/00000000-0000-087b-ffff-ffff000001e2/rect [39m[32m200[39m [90m27 ms - 102[39m [90m[39m
[38;5;44m[18d8d731][0m[38;5;86m[HTTP][0m [37m-->[39m [37mPOST[39m [37m/wd/hub/session/18d8d731-ad1f-4f2f-a08d-3e5125a47780/timeouts[39m [90m{"implicit":40000}[39m
[38;5;44m[18d8d731][0m[38;5;86m[HTTP][0m [37m<-- POST /wd/hub/session/18d8d731-ad1f-4f2f-a08d-3e5125a47780/timeouts [39m[32m200[39m [90m1 ms - 14[39m [90m[39m
[38;5;44m[18d8d731][0m[38;5;86m[HTTP][0m [37m-->[39m [37mPOST[39m [37m/wd/hub/session/18d8d731-ad1f-4f2f-a08d-3e5125a47780/element/00000000-0000-087b-ffff-ffff000001e2/click[39m [90m{"id":"00000000-0000-087b-ffff-ffff000001e2"}[39m
[38;5;44m[18d8d731][0m[38;5;86m[HTTP][0m [37m<-- POST /wd/hub/session/18d8d731-ad1f-4f2f-a08d-3e5125a47780/element/00000000-0000-087b-ffff-ffff000001e2/click [39m[32m200[39m [90m61 ms - 14[39m [90m[39m
[38;5;44m[18d8d731][0m[38;5;86m[HTTP][0m [37m-->[39m [37mPOST[39m [37m/wd/hub/session/18d8d731-ad1f-4f2f-a08d-3e5125a47780/timeouts[39m [90m{"implicit":50}[39m
[38;5;44m[18d8d731][0m[38;5;86m[HTTP][0m [37m<-- POST /wd/hub/session/18d8d731-ad1f-4f2f-a08d-3e5125a47780/timeouts [39m[32m200[39m [90m1 ms - 14[39m [90m[39m
[38;5;44m[18d8d731][0m[38;5;86m[HTTP][0m [37m-->[39m [37mGET[39m [37m/wd/hub/session/18d8d731-ad1f-4f2f-a08d-3e5125a47780/window/rect[39m [90m{}[39m
[38;5;44m[18d8d731][0m[38;5;86m[HTTP][0m [37m<-- GET /wd/hub/session/18d8d731-ad1f-4f2f-a08d-3e5125a47780/window/rect [39m[32m200[39m [90m30 ms - 49[39m [90m[39m
[38;5;44m[18d8d731][0m[38;5;86m[HTTP][0m [37m-->[39m [37mPOST[39m [37m/wd/hub/session/18d8d731-ad1f-4f2f-a08d-3e5125a47780/elements[39m [90m{"value":"//*[@class = 'android.widget.ImageView' and (@text = '' or . = '')]","using":"xpath"}[39m
[38;5;44m[18d8d731][0m[38;5;86m[HTTP][0m [37m<-- POST /wd/hub/session/18d8d731-ad1f-4f2f-a08d-3e5125a47780/elements [39m[32m200[39m [90m388 ms - 1291[39m [90m[39m
[38;5;44m[18d8d731][0m[38;5;86m[HTTP][0m [37m-->[39m [37mGET[39m [37m/wd/hub/session/18d8d731-ad1f-4f2f-a08d-3e5125a47780/element/00000000-0000-087b-ffff-ffff000001c4/rect[39m [90m{}[39m
[38;5;44m[18d8d731][0m[38;5;-1m[AndroidUiautomator2Driver@e8b1][0m Driver proxy active, passing request on via HTTP proxy
[38;5;44m[18d8d731][0m[38;5;-1m[AndroidUiautomator2Driver@e8b1][0m Replacing sessionId 69353a4f-0db2-492e-8532-6be1ad3c22a7 with 18d8d731-ad1f-4f2f-a08d-3e5125a47780
[38;5;44m[18d8d731][0m[38;5;86m[HTTP][0m [37m<-- GET /wd/hub/session/18d8d731-ad1f-4f2f-a08d-3e5125a47780/element/00000000-0000-087b-ffff-ffff000001c4/rect [39m[32m200[39m [90m1336 ms - 99[39m [90m[39m
[38;5;44m[18d8d731][0m[38;5;86m[HTTP][0m [37m-->[39m [37mPOST[39m [37m/wd/hub/session/18d8d731-ad1f-4f2f-a08d-3e5125a47780/timeouts[39m [90m{"implicit":40000}[39m
[38;5;44m[18d8d731][0m[38;5;86m[HTTP][0m [37m<-- POST /wd/hub/session/18d8d731-ad1f-4f2f-a08d-3e5125a47780/timeouts [39m[32m200[39m [90m1 ms - 14[39m [90m[39m
[38;5;44m[18d8d731][0m[38;5;86m[HTTP][0m [37m-->[39m [37mPOST[39m [37m/wd/hub/session/18d8d731-ad1f-4f2f-a08d-3e5125a47780/element/00000000-0000-087b-ffff-ffff000001c4/click[39m [90m{"id":"00000000-0000-087b-ffff-ffff000001c4"}[39m
[38;5;44m[18d8d731][0m[38;5;86m[HTTP][0m [37m<-- POST /wd/hub/session/18d8d731-ad1f-4f2f-a08d-3e5125a47780/element/00000000-0000-087b-ffff-ffff000001c4/click [39m[32m200[39m [90m85 ms - 14[39m [90m[39m
[38;5;44m[18d8d731][0m[38;5;86m[HTTP][0m [37m-->[39m [37mPOST[39m [37m/wd/hub/session/18d8d731-ad1f-4f2f-a08d-3e5125a47780/timeouts[39m [90m{"implicit":50}[39m
[38;5;44m[18d8d731][0m[38;5;86m[HTTP][0m [37m<-- POST /wd/hub/session/18d8d731-ad1f-4f2f-a08d-3e5125a47780/timeouts [39m[32m200[39m [90m1 ms - 14[39m [90m[39m
[38;5;44m[18d8d731][0m[38;5;86m[HTTP][0m [37m-->[39m [37mGET[39m [37m/wd/hub/session/18d8d731-ad1f-4f2f-a08d-3e5125a47780/window/rect[39m [90m{}[39m
[38;5;44m[18d8d731][0m[38;5;86m[HTTP][0m [37m<-- GET /wd/hub/session/18d8d731-ad1f-4f2f-a08d-3e5125a47780/window/rect [39m[32m200[39m [90m27 ms - 49[39m [90m[39m
[38;5;44m[18d8d731][0m[38;5;86m[HTTP][0m [37m-->[39m [37mPOST[39m [37m/wd/hub/session/18d8d731-ad1f-4f2f-a08d-3e5125a47780/elements[39m [90m{"value":"//*[@class = 'android.widget.TextView' and (@text = 'Surau' or . = 'Surau')]","using":"xpath"}[39m
[38;5;44m[18d8d731][0m[38;5;86m[HTTP][0m [37m<-- POST /wd/hub/session/18d8d731-ad1f-4f2f-a08d-3e5125a47780/elements [39m[32m200[39m [90m675 ms - 12[39m [90m[39m
[38;5;44m[18d8d731][0m[38;5;86m[HTTP][0m [37m-->[39m [37mPOST[39m [37m/wd/hub/session/18d8d731-ad1f-4f2f-a08d-3e5125a47780/elements[39m [90m{"value":"//*[@class = 'android.widget.TextView' and (@text = 'Surau' or . = 'Surau')]","using":"xpath"}[39m
[38;5;44m[18d8d731][0m[38;5;86m[HTTP][0m [37m<-- POST /wd/hub/session/18d8d731-ad1f-4f2f-a08d-3e5125a47780/elements [39m[32m200[39m [90m1057 ms - 139[39m [90m[39m
[38;5;44m[18d8d731][0m[38;5;86m[HTTP][0m [37m-->[39m [37mGET[39m [37m/wd/hub/session/18d8d731-ad1f-4f2f-a08d-3e5125a47780/element/00000000-0000-087b-ffff-ffff000001e7/rect[39m [90m{}[39m
[38;5;44m[18d8d731][0m[38;5;-1m[AndroidUiautomator2Driver@e8b1][0m Driver proxy active, passing request on via HTTP proxy
[38;5;44m[18d8d731][0m[38;5;-1m[AndroidUiautomator2Driver@e8b1][0m Replacing sessionId 69353a4f-0db2-492e-8532-6be1ad3c22a7 with 18d8d731-ad1f-4f2f-a08d-3e5125a47780
[38;5;44m[18d8d731][0m[38;5;86m[HTTP][0m [37m<-- GET /wd/hub/session/18d8d731-ad1f-4f2f-a08d-3e5125a47780/element/00000000-0000-087b-ffff-ffff000001e7/rect [39m[32m200[39m [90m27 ms - 100[39m [90m[39m
[38;5;44m[18d8d731][0m[38;5;86m[HTTP][0m [37m-->[39m [37mPOST[39m [37m/wd/hub/session/18d8d731-ad1f-4f2f-a08d-3e5125a47780/timeouts[39m [90m{"implicit":40000}[39m
[38;5;44m[18d8d731][0m[38;5;86m[HTTP][0m [37m<-- POST /wd/hub/session/18d8d731-ad1f-4f2f-a08d-3e5125a47780/timeouts [39m[32m200[39m [90m1 ms - 14[39m [90m[39m
[38;5;44m[18d8d731][0m[38;5;86m[HTTP][0m [37m-->[39m [37mPOST[39m [37m/wd/hub/session/18d8d731-ad1f-4f2f-a08d-3e5125a47780/element/00000000-0000-087b-ffff-ffff000001e7/click[39m [90m{"id":"00000000-0000-087b-ffff-ffff000001e7"}[39m
[38;5;44m[18d8d731][0m[38;5;86m[HTTP][0m [37m<-- POST /wd/hub/session/18d8d731-ad1f-4f2f-a08d-3e5125a47780/element/00000000-0000-087b-ffff-ffff000001e7/click [39m[32m200[39m [90m75 ms - 14[39m [90m[39m
[38;5;44m[18d8d731][0m[38;5;86m[HTTP][0m [37m-->[39m [37mPOST[39m [37m/wd/hub/session/18d8d731-ad1f-4f2f-a08d-3e5125a47780/timeouts[39m [90m{"implicit":50}[39m
[38;5;44m[18d8d731][0m[38;5;86m[HTTP][0m [37m<-- POST /wd/hub/session/18d8d731-ad1f-4f2f-a08d-3e5125a47780/timeouts [39m[32m200[39m [90m1 ms - 14[39m [90m[39m
[38;5;44m[18d8d731][0m[38;5;86m[HTTP][0m [37m-->[39m [37mGET[39m [37m/wd/hub/session/18d8d731-ad1f-4f2f-a08d-3e5125a47780/window/rect[39m [90m{}[39m
[38;5;44m[18d8d731][0m[38;5;86m[HTTP][0m [37m<-- GET /wd/hub/session/18d8d731-ad1f-4f2f-a08d-3e5125a47780/window/rect [39m[32m200[39m [90m31 ms - 49[39m [90m[39m
[38;5;44m[18d8d731][0m[38;5;86m[HTTP][0m [37m-->[39m [37mPOST[39m [37m/wd/hub/session/18d8d731-ad1f-4f2f-a08d-3e5125a47780/elements[39m [90m{"value":"//*[@class = 'android.widget.ImageView' and (@text = '' or . = '')]","using":"xpath"}[39m
[38;5;44m[18d8d731][0m[38;5;86m[HTTP][0m [37m<-- POST /wd/hub/session/18d8d731-ad1f-4f2f-a08d-3e5125a47780/elements [39m[32m200[39m [90m380 ms - 1291[39m [90m[39m
[38;5;44m[18d8d731][0m[38;5;86m[HTTP][0m [37m-->[39m [37mGET[39m [37m/wd/hub/session/18d8d731-ad1f-4f2f-a08d-3e5125a47780/element/00000000-0000-087b-ffff-ffff000001c4/rect[39m [90m{}[39m
[38;5;44m[18d8d731][0m[38;5;-1m[AndroidUiautomator2Driver@e8b1][0m Driver proxy active, passing request on via HTTP proxy
[38;5;44m[18d8d731][0m[38;5;-1m[AndroidUiautomator2Driver@e8b1][0m Replacing sessionId 69353a4f-0db2-492e-8532-6be1ad3c22a7 with 18d8d731-ad1f-4f2f-a08d-3e5125a47780
[38;5;44m[18d8d731][0m[38;5;86m[HTTP][0m [37m<-- GET /wd/hub/session/18d8d731-ad1f-4f2f-a08d-3e5125a47780/element/00000000-0000-087b-ffff-ffff000001c4/rect [39m[32m200[39m [90m1167 ms - 99[39m [90m[39m
[38;5;44m[18d8d731][0m[38;5;86m[HTTP][0m [37m-->[39m [37mPOST[39m [37m/wd/hub/session/18d8d731-ad1f-4f2f-a08d-3e5125a47780/timeouts[39m [90m{"implicit":40000}[39m
[38;5;44m[18d8d731][0m[38;5;86m[HTTP][0m [37m<-- POST /wd/hub/session/18d8d731-ad1f-4f2f-a08d-3e5125a47780/timeouts [39m[32m200[39m [90m1 ms - 14[39m [90m[39m
[38;5;44m[18d8d731][0m[38;5;86m[HTTP][0m [37m-->[39m [37mPOST[39m [37m/wd/hub/session/18d8d731-ad1f-4f2f-a08d-3e5125a47780/element/00000000-0000-087b-ffff-ffff000001c4/click[39m [90m{"id":"00000000-0000-087b-ffff-ffff000001c4"}[39m
[38;5;44m[18d8d731][0m[38;5;86m[HTTP][0m [37m<-- POST /wd/hub/session/18d8d731-ad1f-4f2f-a08d-3e5125a47780/element/00000000-0000-087b-ffff-ffff000001c4/click [39m[32m200[39m [90m75 ms - 14[39m [90m[39m
[38;5;44m[18d8d731][0m[38;5;86m[HTTP][0m [37m-->[39m [37mPOST[39m [37m/wd/hub/session/18d8d731-ad1f-4f2f-a08d-3e5125a47780/timeouts[39m [90m{"implicit":50}[39m
[38;5;44m[18d8d731][0m[38;5;86m[HTTP][0m [37m<-- POST /wd/hub/session/18d8d731-ad1f-4f2f-a08d-3e5125a47780/timeouts [39m[32m200[39m [90m1 ms - 14[39m [90m[39m
[38;5;44m[18d8d731][0m[38;5;86m[HTTP][0m [37m-->[39m [37mGET[39m [37m/wd/hub/session/18d8d731-ad1f-4f2f-a08d-3e5125a47780/window/rect[39m [90m{}[39m
[38;5;44m[18d8d731][0m[38;5;86m[HTTP][0m [37m<-- GET /wd/hub/session/18d8d731-ad1f-4f2f-a08d-3e5125a47780/window/rect [39m[32m200[39m [90m26 ms - 49[39m [90m[39m
[38;5;44m[18d8d731][0m[38;5;86m[HTTP][0m [37m-->[39m [37mPOST[39m [37m/wd/hub/session/18d8d731-ad1f-4f2f-a08d-3e5125a47780/elements[39m [90m{"value":"//*[@class = 'android.widget.TextView' and (@text = 'Wheel Chairs' or . = 'Wheel Chairs')]","using":"xpath"}[39m
[38;5;44m[18d8d731][0m[38;5;86m[HTTP][0m [37m<-- POST /wd/hub/session/18d8d731-ad1f-4f2f-a08d-3e5125a47780/elements [39m[32m200[39m [90m610 ms - 12[39m [90m[39m
[38;5;44m[18d8d731][0m[38;5;86m[HTTP][0m [37m-->[39m [37mPOST[39m [37m/wd/hub/session/18d8d731-ad1f-4f2f-a08d-3e5125a47780/elements[39m [90m{"value":"//*[@class = 'android.widget.TextView' and (@text = 'Wheel Chairs' or . = 'Wheel Chairs')]","using":"xpath"}[39m
[38;5;44m[18d8d731][0m[38;5;86m[HTTP][0m [37m<-- POST /wd/hub/session/18d8d731-ad1f-4f2f-a08d-3e5125a47780/elements [39m[32m200[39m [90m1190 ms - 139[39m [90m[39m
[38;5;44m[18d8d731][0m[38;5;86m[HTTP][0m [37m-->[39m [37mGET[39m [37m/wd/hub/session/18d8d731-ad1f-4f2f-a08d-3e5125a47780/element/00000000-0000-087b-ffff-ffff000001eb/rect[39m [90m{}[39m
[38;5;44m[18d8d731][0m[38;5;-1m[AndroidUiautomator2Driver@e8b1][0m Driver proxy active, passing request on via HTTP proxy
[38;5;44m[18d8d731][0m[38;5;-1m[AndroidUiautomator2Driver@e8b1][0m Replacing sessionId 69353a4f-0db2-492e-8532-6be1ad3c22a7 with 18d8d731-ad1f-4f2f-a08d-3e5125a47780
[38;5;44m[18d8d731][0m[38;5;86m[HTTP][0m [37m<-- GET /wd/hub/session/18d8d731-ad1f-4f2f-a08d-3e5125a47780/element/00000000-0000-087b-ffff-ffff000001eb/rect [39m[32m200[39m [90m25 ms - 102[39m [90m[39m
[38;5;44m[18d8d731][0m[38;5;86m[HTTP][0m [37m-->[39m [37mPOST[39m [37m/wd/hub/session/18d8d731-ad1f-4f2f-a08d-3e5125a47780/timeouts[39m [90m{"implicit":40000}[39m
[38;5;44m[18d8d731][0m[38;5;86m[HTTP][0m [37m<-- POST /wd/hub/session/18d8d731-ad1f-4f2f-a08d-3e5125a47780/timeouts [39m[32m200[39m [90m1 ms - 14[39m [90m[39m
[38;5;44m[18d8d731][0m[38;5;86m[HTTP][0m [37m-->[39m [37mPOST[39m [37m/wd/hub/session/18d8d731-ad1f-4f2f-a08d-3e5125a47780/element/00000000-0000-087b-ffff-ffff000001eb/click[39m [90m{"id":"00000000-0000-087b-ffff-ffff000001eb"}[39m
[38;5;44m[18d8d731][0m[38;5;86m[HTTP][0m [37m<-- POST /wd/hub/session/18d8d731-ad1f-4f2f-a08d-3e5125a47780/element/00000000-0000-087b-ffff-ffff000001eb/click [39m[32m200[39m [90m69 ms - 14[39m [90m[39m
[38;5;44m[18d8d731][0m[38;5;86m[HTTP][0m [37m-->[39m [37mPOST[39m [37m/wd/hub/session/18d8d731-ad1f-4f2f-a08d-3e5125a47780/timeouts[39m [90m{"implicit":50}[39m
[38;5;44m[18d8d731][0m[38;5;86m[HTTP][0m [37m<-- POST /wd/hub/session/18d8d731-ad1f-4f2f-a08d-3e5125a47780/timeouts [39m[32m200[39m [90m1 ms - 14[39m [90m[39m
[38;5;44m[18d8d731][0m[38;5;86m[HTTP][0m [37m-->[39m [37mGET[39m [37m/wd/hub/session/18d8d731-ad1f-4f2f-a08d-3e5125a47780/window/rect[39m [90m{}[39m
[38;5;44m[18d8d731][0m[38;5;86m[HTTP][0m [37m<-- GET /wd/hub/session/18d8d731-ad1f-4f2f-a08d-3e5125a47780/window/rect [39m[32m200[39m [90m20 ms - 49[39m [90m[39m
[38;5;44m[18d8d731][0m[38;5;86m[HTTP][0m [37m-->[39m [37mPOST[39m [37m/wd/hub/session/18d8d731-ad1f-4f2f-a08d-3e5125a47780/elements[39m [90m{"value":"//*[@class = 'android.widget.ImageView' and (@text = '' or . = '')]","using":"xpath"}[39m
[38;5;44m[18d8d731][0m[38;5;86m[HTTP][0m [37m<-- POST /wd/hub/session/18d8d731-ad1f-4f2f-a08d-3e5125a47780/elements [39m[32m200[39m [90m354 ms - 1291[39m [90m[39m
[38;5;44m[18d8d731][0m[38;5;86m[HTTP][0m [37m-->[39m [37mGET[39m [37m/wd/hub/session/18d8d731-ad1f-4f2f-a08d-3e5125a47780/element/00000000-0000-087b-ffff-ffff000001c4/rect[39m [90m{}[39m
[38;5;44m[18d8d731][0m[38;5;-1m[AndroidUiautomator2Driver@e8b1][0m Driver proxy active, passing request on via HTTP proxy
[38;5;44m[18d8d731][0m[38;5;-1m[AndroidUiautomator2Driver@e8b1][0m Replacing sessionId 69353a4f-0db2-492e-8532-6be1ad3c22a7 with 18d8d731-ad1f-4f2f-a08d-3e5125a47780
[38;5;44m[18d8d731][0m[38;5;86m[HTTP][0m [37m<-- GET /wd/hub/session/18d8d731-ad1f-4f2f-a08d-3e5125a47780/element/00000000-0000-087b-ffff-ffff000001c4/rect [39m[32m200[39m [90m1151 ms - 99[39m [90m[39m
[38;5;44m[18d8d731][0m[38;5;86m[HTTP][0m [37m-->[39m [37mPOST[39m [37m/wd/hub/session/18d8d731-ad1f-4f2f-a08d-3e5125a47780/timeouts[39m [90m{"implicit":40000}[39m
[38;5;44m[18d8d731][0m[38;5;86m[HTTP][0m [37m<-- POST /wd/hub/session/18d8d731-ad1f-4f2f-a08d-3e5125a47780/timeouts [39m[32m200[39m [90m1 ms - 14[39m [90m[39m
[38;5;44m[18d8d731][0m[38;5;86m[HTTP][0m [37m-->[39m [37mPOST[39m [37m/wd/hub/session/18d8d731-ad1f-4f2f-a08d-3e5125a47780/element/00000000-0000-087b-ffff-ffff000001c4/click[39m [90m{"id":"00000000-0000-087b-ffff-ffff000001c4"}[39m
[38;5;44m[18d8d731][0m[38;5;86m[HTTP][0m [37m<-- POST /wd/hub/session/18d8d731-ad1f-4f2f-a08d-3e5125a47780/element/00000000-0000-087b-ffff-ffff000001c4/click [39m[32m200[39m [90m77 ms - 14[39m [90m[39m
[38;5;44m[18d8d731][0m[38;5;86m[HTTP][0m [37m-->[39m [37mPOST[39m [37m/wd/hub/session/18d8d731-ad1f-4f2f-a08d-3e5125a47780/timeouts[39m [90m{"implicit":50}[39m
[38;5;44m[18d8d731][0m[38;5;86m[HTTP][0m [37m<-- POST /wd/hub/session/18d8d731-ad1f-4f2f-a08d-3e5125a47780/timeouts [39m[32m200[39m [90m1 ms - 14[39m [90m[39m
[38;5;44m[18d8d731][0m[38;5;86m[HTTP][0m [37m-->[39m [37mGET[39m [37m/wd/hub/session/18d8d731-ad1f-4f2f-a08d-3e5125a47780/window/rect[39m [90m{}[39m
[38;5;44m[18d8d731][0m[38;5;86m[HTTP][0m [37m<-- GET /wd/hub/session/18d8d731-ad1f-4f2f-a08d-3e5125a47780/window/rect [39m[32m200[39m [90m26 ms - 49[39m [90m[39m
[38;5;44m[18d8d731][0m[38;5;86m[HTTP][0m [37m-->[39m [37mPOST[39m [37m/wd/hub/session/18d8d731-ad1f-4f2f-a08d-3e5125a47780/elements[39m [90m{"value":"//*[@class = 'android.widget.TextView' and (@text = 'Transport' or . = 'Transport')]","using":"xpath"}[39m
[38;5;44m[18d8d731][0m[38;5;86m[HTTP][0m [37m<-- POST /wd/hub/session/18d8d731-ad1f-4f2f-a08d-3e5125a47780/elements [39m[32m200[39m [90m990 ms - 395[39m [90m[39m
[38;5;44m[18d8d731][0m[38;5;86m[HTTP][0m [37m-->[39m [37mGET[39m [37m/wd/hub/session/18d8d731-ad1f-4f2f-a08d-3e5125a47780/element/00000000-0000-087b-ffff-ffff000001d5/rect[39m [90m{}[39m
[38;5;44m[18d8d731][0m[38;5;-1m[AndroidUiautomator2Driver@e8b1][0m Driver proxy active, passing request on via HTTP proxy
[38;5;44m[18d8d731][0m[38;5;-1m[AndroidUiautomator2Driver@e8b1][0m Replacing sessionId 69353a4f-0db2-492e-8532-6be1ad3c22a7 with 18d8d731-ad1f-4f2f-a08d-3e5125a47780
[38;5;44m[18d8d731][0m[38;5;86m[HTTP][0m [37m<-- GET /wd/hub/session/18d8d731-ad1f-4f2f-a08d-3e5125a47780/element/00000000-0000-087b-ffff-ffff000001d5/rect [39m[32m200[39m [90m187 ms - 103[39m [90m[39m
[38;5;44m[18d8d731][0m[38;5;86m[HTTP][0m [37m-->[39m [37mPOST[39m [37m/wd/hub/session/18d8d731-ad1f-4f2f-a08d-3e5125a47780/timeouts[39m [90m{"implicit":40000}[39m
[38;5;44m[18d8d731][0m[38;5;86m[HTTP][0m [37m<-- POST /wd/hub/session/18d8d731-ad1f-4f2f-a08d-3e5125a47780/timeouts [39m[32m200[39m [90m1 ms - 14[39m [90m[39m
[38;5;44m[18d8d731][0m[38;5;86m[HTTP][0m [37m-->[39m [37mPOST[39m [37m/wd/hub/session/18d8d731-ad1f-4f2f-a08d-3e5125a47780/element/00000000-0000-087b-ffff-ffff000001d5/click[39m [90m{"id":"00000000-0000-087b-ffff-ffff000001d5"}[39m
[38;5;44m[18d8d731][0m[38;5;86m[HTTP][0m [37m<-- POST /wd/hub/session/18d8d731-ad1f-4f2f-a08d-3e5125a47780/element/00000000-0000-087b-ffff-ffff000001d5/click [39m[32m200[39m [90m1556 ms - 14[39m [90m[39m
[38;5;44m[18d8d731][0m[38;5;86m[HTTP][0m [37m-->[39m [37mGET[39m [37m/wd/hub/session/18d8d731-ad1f-4f2f-a08d-3e5125a47780/context[39m [90m{}[39m
[38;5;44m[18d8d731][0m[38;5;86m[HTTP][0m [37m<-- GET /wd/hub/session/18d8d731-ad1f-4f2f-a08d-3e5125a47780/context [39m[32m200[39m [90m1 ms - 22[39m [90m[39m
[38;5;44m[18d8d731][0m[38;5;86m[HTTP][0m [37m-->[39m [37mGET[39m [37m/wd/hub/session/18d8d731-ad1f-4f2f-a08d-3e5125a47780/contexts[39m [90m{}[39m
[38;5;44m[18d8d731][0m[38;5;86m[HTTP][0m [37m<-- GET /wd/hub/session/18d8d731-ad1f-4f2f-a08d-3e5125a47780/contexts [39m[32m200[39m [90m310 ms - 24[39m [90m[39m
[38;5;44m[18d8d731][0m[38;5;86m[HTTP][0m [37m-->[39m [37mPOST[39m [37m/wd/hub/session/18d8d731-ad1f-4f2f-a08d-3e5125a47780/context[39m [90m{"name":"NATIVE_APP"}[39m
[38;5;44m[18d8d731][0m[38;5;86m[HTTP][0m [37m<-- POST /wd/hub/session/18d8d731-ad1f-4f2f-a08d-3e5125a47780/context [39m[32m200[39m [90m1 ms - 14[39m [90m[39m
[38;5;44m[18d8d731][0m[38;5;86m[HTTP][0m [37m-->[39m [37mGET[39m [37m/wd/hub/session/18d8d731-ad1f-4f2f-a08d-3e5125a47780/window/rect[39m [90m{}[39m
[38;5;44m[18d8d731][0m[38;5;86m[HTTP][0m [37m<-- GET /wd/hub/session/18d8d731-ad1f-4f2f-a08d-3e5125a47780/window/rect [39m[32m200[39m [90m27 ms - 49[39m [90m[39m
[38;5;44m[18d8d731][0m[38;5;86m[HTTP][0m [37m-->[39m [37mPOST[39m [37m/wd/hub/session/18d8d731-ad1f-4f2f-a08d-3e5125a47780/context[39m [90m{"name":"NATIVE_APP"}[39m
[38;5;44m[18d8d731][0m[38;5;86m[HTTP][0m [37m<-- POST /wd/hub/session/18d8d731-ad1f-4f2f-a08d-3e5125a47780/context [39m[32m200[39m [90m1 ms - 14[39m [90m[39m
[38;5;44m[18d8d731][0m[38;5;86m[HTTP][0m [37m-->[39m [37mGET[39m [37m/wd/hub/session/18d8d731-ad1f-4f2f-a08d-3e5125a47780/context[39m [90m{}[39m
[38;5;44m[18d8d731][0m[38;5;86m[HTTP][0m [37m<-- GET /wd/hub/session/18d8d731-ad1f-4f2f-a08d-3e5125a47780/context [39m[32m200[39m [90m1 ms - 22[39m [90m[39m
[38;5;44m[18d8d731][0m[38;5;86m[HTTP][0m [37m-->[39m [37mGET[39m [37m/wd/hub/session/18d8d731-ad1f-4f2f-a08d-3e5125a47780/contexts[39m [90m{}[39m
[38;5;44m[18d8d731][0m[38;5;86m[HTTP][0m [37m<-- GET /wd/hub/session/18d8d731-ad1f-4f2f-a08d-3e5125a47780/contexts [39m[32m200[39m [90m294 ms - 24[39m [90m[39m
[38;5;44m[18d8d731][0m[38;5;86m[HTTP][0m [37m-->[39m [37mPOST[39m [37m/wd/hub/session/18d8d731-ad1f-4f2f-a08d-3e5125a47780/context[39m [90m{"name":"NATIVE_APP"}[39m
[38;5;44m[18d8d731][0m[38;5;86m[HTTP][0m [37m<-- POST /wd/hub/session/18d8d731-ad1f-4f2f-a08d-3e5125a47780/context [39m[32m200[39m [90m1 ms - 14[39m [90m[39m
[38;5;44m[18d8d731][0m[38;5;86m[HTTP][0m [37m-->[39m [37mGET[39m [37m/wd/hub/session/18d8d731-ad1f-4f2f-a08d-3e5125a47780/window/rect[39m [90m{}[39m
[38;5;44m[18d8d731][0m[38;5;86m[HTTP][0m [37m<-- GET /wd/hub/session/18d8d731-ad1f-4f2f-a08d-3e5125a47780/window/rect [39m[32m200[39m [90m26 ms - 49[39m [90m[39m
[38;5;44m[18d8d731][0m[38;5;86m[HTTP][0m [37m-->[39m [37mPOST[39m [37m/wd/hub/session/18d8d731-ad1f-4f2f-a08d-3e5125a47780/context[39m [90m{"name":"NATIVE_APP"}[39m
[38;5;44m[18d8d731][0m[38;5;86m[HTTP][0m [37m<-- POST /wd/hub/session/18d8d731-ad1f-4f2f-a08d-3e5125a47780/context [39m[32m200[39m [90m1 ms - 14[39m [90m[39m
[38;5;44m[18d8d731][0m[38;5;86m[HTTP][0m [37m-->[39m [37mGET[39m [37m/wd/hub/session/18d8d731-ad1f-4f2f-a08d-3e5125a47780/context[39m [90m{}[39m
[38;5;44m[18d8d731][0m[38;5;86m[HTTP][0m [37m<-- GET /wd/hub/session/18d8d731-ad1f-4f2f-a08d-3e5125a47780/context [39m[32m200[39m [90m1 ms - 22[39m [90m[39m
[38;5;44m[18d8d731][0m[38;5;86m[HTTP][0m [37m-->[39m [37mGET[39m [37m/wd/hub/session/18d8d731-ad1f-4f2f-a08d-3e5125a47780/contexts[39m [90m{}[39m
[38;5;44m[18d8d731][0m[38;5;86m[HTTP][0m [37m<-- GET /wd/hub/session/18d8d731-ad1f-4f2f-a08d-3e5125a47780/contexts [39m[32m200[39m [90m293 ms - 24[39m [90m[39m
[38;5;44m[18d8d731][0m[38;5;86m[HTTP][0m [37m-->[39m [37mPOST[39m [37m/wd/hub/session/18d8d731-ad1f-4f2f-a08d-3e5125a47780/context[39m [90m{"name":"NATIVE_APP"}[39m
[38;5;44m[18d8d731][0m[38;5;86m[HTTP][0m [37m<-- POST /wd/hub/session/18d8d731-ad1f-4f2f-a08d-3e5125a47780/context [39m[32m200[39m [90m1 ms - 14[39m [90m[39m
[38;5;44m[18d8d731][0m[38;5;86m[HTTP][0m [37m-->[39m [37mPOST[39m [37m/wd/hub/session/18d8d731-ad1f-4f2f-a08d-3e5125a47780/actions[39m [90m{"actions":[{"id":"finger","type":"pointer","parameters":{"pointerType":"touch"},"actions":[{"duration":0,"type":"pause"},{"duration":0,"x":360,"y":1064,"type":"pointerMove","origin":"viewport"},{"button":0,"type":"pointerDown"},{"duration":50,"type":"pause"},{"duration":500,"x":360,"y":456,"type":"pointerMove","origin":"viewport"},{"button":0,"type":"pointerUp"}]}]}[39m
[38;5;44m[18d8d731][0m[38;5;86m[HTTP][0m [37m<-- POST /wd/hub/session/18d8d731-ad1f-4f2f-a08d-3e5125a47780/actions [39m[32m200[39m [90m909 ms - 14[39m [90m[39m
[38;5;44m[18d8d731][0m[38;5;86m[HTTP][0m [37m-->[39m [37mPOST[39m [37m/wd/hub/session/18d8d731-ad1f-4f2f-a08d-3e5125a47780/context[39m [90m{"name":"NATIVE_APP"}[39m
[38;5;44m[18d8d731][0m[38;5;86m[HTTP][0m [37m<-- POST /wd/hub/session/18d8d731-ad1f-4f2f-a08d-3e5125a47780/context [39m[32m200[39m [90m1 ms - 14[39m [90m[39m
[38;5;44m[18d8d731][0m[38;5;86m[HTTP][0m [37m-->[39m [37mGET[39m [37m/wd/hub/session/18d8d731-ad1f-4f2f-a08d-3e5125a47780/context[39m [90m{}[39m
[38;5;44m[18d8d731][0m[38;5;86m[HTTP][0m [37m<-- GET /wd/hub/session/18d8d731-ad1f-4f2f-a08d-3e5125a47780/context [39m[32m200[39m [90m1 ms - 22[39m [90m[39m
[38;5;44m[18d8d731][0m[38;5;86m[HTTP][0m [37m-->[39m [37mGET[39m [37m/wd/hub/session/18d8d731-ad1f-4f2f-a08d-3e5125a47780/contexts[39m [90m{}[39m
[38;5;44m[18d8d731][0m[38;5;86m[HTTP][0m [37m<-- GET /wd/hub/session/18d8d731-ad1f-4f2f-a08d-3e5125a47780/contexts [39m[32m200[39m [90m286 ms - 24[39m [90m[39m
[38;5;44m[18d8d731][0m[38;5;86m[HTTP][0m [37m-->[39m [37mPOST[39m [37m/wd/hub/session/18d8d731-ad1f-4f2f-a08d-3e5125a47780/context[39m [90m{"name":"NATIVE_APP"}[39m
[38;5;44m[18d8d731][0m[38;5;86m[HTTP][0m [37m<-- POST /wd/hub/session/18d8d731-ad1f-4f2f-a08d-3e5125a47780/context [39m[32m200[39m [90m1 ms - 14[39m [90m[39m
[38;5;44m[18d8d731][0m[38;5;86m[HTTP][0m [37m-->[39m [37mPOST[39m [37m/wd/hub/session/18d8d731-ad1f-4f2f-a08d-3e5125a47780/actions[39m [90m{"actions":[{"id":"finger","type":"pointer","parameters":{"pointerType":"touch"},"actions":[{"duration":0,"type":"pause"},{"duration":0,"x":360,"y":1064,"type":"pointerMove","origin":"viewport"},{"button":0,"type":"pointerDown"},{"duration":50,"type":"pause"},{"duration":500,"x":360,"y":456,"type":"pointerMove","origin":"viewport"},{"button":0,"type":"pointerUp"}]}]}[39m
[38;5;44m[18d8d731][0m[38;5;86m[HTTP][0m [37m<-- POST /wd/hub/session/18d8d731-ad1f-4f2f-a08d-3e5125a47780/actions [39m[32m200[39m [90m882 ms - 14[39m [90m[39m
[38;5;44m[18d8d731][0m[38;5;86m[HTTP][0m [37m-->[39m [37mPOST[39m [37m/wd/hub/session/18d8d731-ad1f-4f2f-a08d-3e5125a47780/context[39m [90m{"name":"NATIVE_APP"}[39m
[38;5;44m[18d8d731][0m[38;5;86m[HTTP][0m [37m<-- POST /wd/hub/session/18d8d731-ad1f-4f2f-a08d-3e5125a47780/context [39m[32m200[39m [90m1 ms - 14[39m [90m[39m
[38;5;44m[18d8d731][0m[38;5;86m[HTTP][0m [37m-->[39m [37mDELETE[39m [37m/wd/hub/session/18d8d731-ad1f-4f2f-a08d-3e5125a47780[39m [90m{}[39m
[38;5;44m[18d8d731][0m[38;5;195m[AppiumDriver@fb03][0m Removing session 18d8d731-ad1f-4f2f-a08d-3e5125a47780 from our master session list
[38;5;44m[18d8d731][0m[38;5;-1m[AndroidUiautomator2Driver@e8b1][0m Restoring hidden api policy to the device default configuration
[38;5;44m[18d8d731][0m[38;5;86m[HTTP][0m [37m<-- DELETE /wd/hub/session/18d8d731-ad1f-4f2f-a08d-3e5125a47780 [39m[32m200[39m [90m271 ms - 14[39m [90m[39m
