[38;5;112m[Appium][0m Welcome to Appium v2.13.1
[38;5;112m[Appium][0m Non-default server args:
[38;5;112m[Appium][0m { basePath: [32m'/wd/hub'[39m, loglevel: [32m'info'[39m, port: [33m61984[39m }
[38;5;112m[Appium][0m Attempting to load driver uiautomator2...
[38;5;112m[Appium][0m Appium REST http interface listener started on http://0.0.0.0:61984/wd/hub
[38;5;112m[Appium][0m You can provide the following URLs in your client code to connect to this server:
	http://192.168.1.229:61984/wd/hub
	http://127.0.0.1:61984/wd/hub (only accessible from the same host)
[38;5;112m[Appium][0m Available drivers:
[38;5;112m[Appium][0m   - uiautomator2@3.9.5 (automationName 'UiAutomator2')
[38;5;112m[Appium][0m No plugins have been installed. Use the "appium plugin" command to install the one(s) you want to use.
[38;5;86m[HTTP][0m [37m-->[39m [37mGET[39m [37m/wd/hub/status[39m [90m{}[39m
[38;5;86m[HTTP][0m [37m<-- GET /wd/hub/status [39m[32m200[39m [90m4 ms - 111[39m [90m[39m
[38;5;86m[HTTP][0m [37m-->[39m [37mPOST[39m [37m/wd/hub/session[39m [90m{"capabilities":{"firstMatch":[{"appium:app":"C:\\Users\\TUF\\git\\test\\Test Files\\Setia_City_Mall_Version_5_13_11_(Version_Code_162).apk","appium:autoGrantPermissions":true,"appium:automationName":"uiautomator2","appium:deviceName":"samsung SM-A015F (Android 12)","appium:fullReset":false,"appium:newCommandTimeout":1800,"appium:noReset":true,"appium:platformName":"ANDROID","appium:platformVersion":"12","appium:systemPort":61983,"appium:udid":"R9PNC036RCJ","platformName":"ANDROID"}]},"desiredCapabilities":{"appium:app":"C:\\Users\\TUF\\git\\test\\Test Files\\Setia_City_Mall_Version_5_13_11_(Version_Code_162).apk","appium:autoGrantPermissions":true,"appium:automationName":"uiautomator2","appium:deviceName":"samsung SM-A015F (Android 12)","appium:fullReset":false,"appium:newCommandTimeout":1800,"appium:noReset":true,"appium:platformName":"ANDROID","appium:platformVersion":"12","appium:systemPort":61983,"appium:udid":"R9PNC036RCJ"}}[39m
[38;5;123m[BaseDriver][0m Ignoring capability 'appium:platformName=ANDROID' and using capability 'platformName=ANDROID'
[38;5;123m[BaseDriver][0m The capabilities ["platformName"] are standard capabilities and do not require "appium:" prefix
[38;5;112m[Appium][0m Attempting to find matching driver for automationName 'uiautomator2' and platformName 'ANDROID'
[38;5;112m[Appium][0m The 'uiautomator2' driver was installed and matched caps.
[38;5;112m[Appium][0m Will require it at C:\Users\TUF\.appium\node_modules\appium-uiautomator2-driver
[38;5;29m[AppiumDriver@ccc4][0m Appium v2.13.1 creating new AndroidUiautomator2Driver (v3.9.5) session
[38;5;29m[AppiumDriver@ccc4][0m Checking BaseDriver versions for Appium and AndroidUiautomator2Driver
[38;5;29m[AppiumDriver@ccc4][0m Appium's BaseDriver version is 9.13.1
[38;5;29m[AppiumDriver@ccc4][0m AndroidUiautomator2Driver's BaseDriver version is 9.13.1
[38;5;74m[5bd3e25b][0m[38;5;4m[AndroidUiautomator2Driver@9dc3][0m Session created with session id: 5bd3e25b-9d53-47e6-a11c-2117cab86e8d
[38;5;74m[5bd3e25b][0m[38;5;229m[ADB][0m Found 2 'build-tools' folders under 'C:\Users\TUF\AppData\Local\Android\Sdk' (newest first):
[38;5;74m[5bd3e25b][0m[38;5;229m[ADB][0m     C:\Users\TUF\AppData\Local\Android\Sdk\build-tools\35.0.0
[38;5;74m[5bd3e25b][0m[38;5;229m[ADB][0m     C:\Users\TUF\AppData\Local\Android\Sdk\build-tools\34.0.0
[38;5;74m[5bd3e25b][0m[38;5;229m[ADB][0m Using 'adb.exe' from 'C:\Users\TUF\AppData\Local\Android\Sdk\platform-tools\adb.exe'
[38;5;74m[5bd3e25b][0m[38;5;4m[AndroidUiautomator2Driver@9dc3][0m Retrieving device list
[38;5;74m[5bd3e25b][0m[38;5;4m[AndroidUiautomator2Driver@9dc3][0m Using device: R9PNC036RCJ
[38;5;74m[5bd3e25b][0m[38;5;229m[ADB][0m Using 'adb.exe' from 'C:\Users\TUF\AppData\Local\Android\Sdk\platform-tools\adb.exe'
[38;5;74m[5bd3e25b][0m[38;5;123m[BaseDriver][0m Using local app 'C:\Users\TUF\git\test\Test Files\Setia_City_Mall_Version_5_13_11_(Version_Code_162).apk'
[38;5;74m[5bd3e25b][0m[38;5;229m[ADB][0m Getting device platform version
[38;5;74m[5bd3e25b][0m[38;5;4m[AndroidUiautomator2Driver@9dc3][0m Relaxing hidden api policy
[38;5;74m[5bd3e25b][0m[38;5;229m[ADB][0m Using 'aapt2.exe' from 'C:\Users\TUF\AppData\Local\Android\Sdk\build-tools\35.0.0\aapt2.exe'
[38;5;74m[5bd3e25b][0m[38;5;229m[ADB][0m Package name: 'com.convep.setiacitymall'
[38;5;74m[5bd3e25b][0m[38;5;229m[ADB][0m Main activity name: 'com.convep.scm.MainActivity'
[38;5;74m[5bd3e25b][0m[38;5;4m[AndroidUiautomator2Driver@9dc3][0m Server packages are not going to be (re)installed
[38;5;74m[5bd3e25b][0m[38;5;229m[ADB][0m Adding packages ["io.appium.settings","io.appium.uiautomator2.server","io.appium.uiautomator2.server.test"] to Doze whitelist
[38;5;74m[5bd3e25b][0m[38;5;4m[AndroidUiautomator2Driver@9dc3][0m Starting UIAutomator2 server 7.1.7
[38;5;74m[5bd3e25b][0m[38;5;4m[AndroidUiautomator2Driver@9dc3][0m Using UIAutomator2 server from 'C:\Users\TUF\.appium\node_modules\appium-uiautomator2-driver\node_modules\appium-uiautomator2-server\apks\appium-uiautomator2-server-v7.1.7.apk' and test from 'C:\Users\TUF\.appium\node_modules\appium-uiautomator2-driver\node_modules\appium-uiautomator2-server\apks\appium-uiautomator2-server-debug-androidTest.apk'
[38;5;74m[5bd3e25b][0m[38;5;4m[AndroidUiautomator2Driver@9dc3][0m Waiting up to 30000ms for UiAutomator2 to be online...
[38;5;74m[5bd3e25b][0m[38;5;4m[AndroidUiautomator2Driver@9dc3][0m socket hang up
[38;5;74m[5bd3e25b][0m[38;5;4m[AndroidUiautomator2Driver@9dc3][0m socket hang up
[38;5;74m[5bd3e25b][0m[38;5;4m[AndroidUiautomator2Driver@9dc3][0m socket hang up
[38;5;74m[5bd3e25b][0m[38;5;4m[AndroidUiautomator2Driver@9dc3][0m socket hang up
[38;5;74m[5bd3e25b][0m[38;5;4m[AndroidUiautomator2Driver@9dc3][0m Determined the downstream protocol as 'W3C'
[38;5;74m[5bd3e25b][0m[38;5;4m[AndroidUiautomator2Driver@9dc3][0m Screen already unlocked, doing nothing
[38;5;74m[5bd3e25b][0m[38;5;4m[AndroidUiautomator2Driver@9dc3][0m Starting 'com.convep.setiacitymall/com.convep.scm.MainActivity and waiting for 'com.convep.setiacitymall/com.convep.scm.MainActivity'
[38;5;74m[5bd3e25b][0m[38;5;4m[AndroidUiautomator2Driver@9dc3][0m 'com.convep.setiacitymall' is already running and noReset is enabled. Set forceAppLaunch capability to true if the app must be forcefully restarted on session startup.
[38;5;74m[5bd3e25b][0m[38;5;29m[AppiumDriver@ccc4][0m New AndroidUiautomator2Driver session created successfully, session 5bd3e25b-9d53-47e6-a11c-2117cab86e8d added to master session list
[38;5;74m[5bd3e25b][0m[38;5;86m[HTTP][0m [37m<-- POST /wd/hub/session [39m[32m200[39m [90m7668 ms - 1269[39m [90m[39m
[38;5;86m[HTTP][0m [37m-->[39m [37mGET[39m [37m/wd/hub/status[39m [90m{}[39m
[38;5;86m[HTTP][0m [37m<-- GET /wd/hub/status [39m[32m200[39m [90m1 ms - 111[39m [90m[39m
[38;5;74m[5bd3e25b][0m[38;5;86m[HTTP][0m [37m-->[39m [37mPOST[39m [37m/wd/hub/session/5bd3e25b-9d53-47e6-a11c-2117cab86e8d/timeouts[39m [90m{"implicit":40000}[39m
[38;5;74m[5bd3e25b][0m[38;5;86m[HTTP][0m [37m<-- POST /wd/hub/session/5bd3e25b-9d53-47e6-a11c-2117cab86e8d/timeouts [39m[32m200[39m [90m2 ms - 14[39m [90m[39m
[38;5;74m[5bd3e25b][0m[38;5;86m[HTTP][0m [37m-->[39m [37mPOST[39m [37m/wd/hub/session/5bd3e25b-9d53-47e6-a11c-2117cab86e8d/execute/sync[39m [90m{"script":"mobile: getSystemBars","args":[]}[39m
[38;5;74m[5bd3e25b][0m[38;5;4m[AndroidUiautomator2Driver@9dc3][0m Executing native command 'mobile: getSystemBars'
[38;5;74m[5bd3e25b][0m[38;5;86m[HTTP][0m [37m<-- POST /wd/hub/session/5bd3e25b-9d53-47e6-a11c-2117cab86e8d/execute/sync [39m[32m200[39m [90m106 ms - 148[39m [90m[39m
[38;5;74m[5bd3e25b][0m[38;5;86m[HTTP][0m [37m-->[39m [37mPOST[39m [37m/wd/hub/session/5bd3e25b-9d53-47e6-a11c-2117cab86e8d/timeouts[39m [90m{"implicit":50}[39m
[38;5;74m[5bd3e25b][0m[38;5;86m[HTTP][0m [37m<-- POST /wd/hub/session/5bd3e25b-9d53-47e6-a11c-2117cab86e8d/timeouts [39m[32m200[39m [90m1 ms - 14[39m [90m[39m
[38;5;74m[5bd3e25b][0m[38;5;86m[HTTP][0m [37m-->[39m [37mGET[39m [37m/wd/hub/session/5bd3e25b-9d53-47e6-a11c-2117cab86e8d/window/rect[39m [90m{}[39m
[38;5;74m[5bd3e25b][0m[38;5;86m[HTTP][0m [37m<-- GET /wd/hub/session/5bd3e25b-9d53-47e6-a11c-2117cab86e8d/window/rect [39m[32m200[39m [90m42 ms - 49[39m [90m[39m
[38;5;74m[5bd3e25b][0m[38;5;86m[HTTP][0m [37m-->[39m [37mPOST[39m [37m/wd/hub/session/5bd3e25b-9d53-47e6-a11c-2117cab86e8d/elements[39m [90m{"using":"xpath","value":"//*[@class = 'android.widget.ImageView' and (@text = '' or . = '')]"}[39m
[38;5;74m[5bd3e25b][0m[38;5;86m[HTTP][0m [37m<-- POST /wd/hub/session/5bd3e25b-9d53-47e6-a11c-2117cab86e8d/elements [39m[32m200[39m [90m1321 ms - 139[39m [90m[39m
[38;5;74m[5bd3e25b][0m[38;5;86m[HTTP][0m [37m-->[39m [37mGET[39m [37m/wd/hub/session/5bd3e25b-9d53-47e6-a11c-2117cab86e8d/element/00000000-0000-0892-ffff-ffff00000086/rect[39m [90m{}[39m
[38;5;74m[5bd3e25b][0m[38;5;4m[AndroidUiautomator2Driver@9dc3][0m Driver proxy active, passing request on via HTTP proxy
[38;5;74m[5bd3e25b][0m[38;5;4m[AndroidUiautomator2Driver@9dc3][0m Replacing sessionId 44f4dea9-3588-4a0c-accb-e485c2478779 with 5bd3e25b-9d53-47e6-a11c-2117cab86e8d
[38;5;74m[5bd3e25b][0m[38;5;86m[HTTP][0m [37m<-- GET /wd/hub/session/5bd3e25b-9d53-47e6-a11c-2117cab86e8d/element/00000000-0000-0892-ffff-ffff00000086/rect [39m[32m200[39m [90m47 ms - 99[39m [90m[39m
[38;5;74m[5bd3e25b][0m[38;5;86m[HTTP][0m [37m-->[39m [37mPOST[39m [37m/wd/hub/session/5bd3e25b-9d53-47e6-a11c-2117cab86e8d/timeouts[39m [90m{"implicit":40000}[39m
[38;5;74m[5bd3e25b][0m[38;5;86m[HTTP][0m [37m<-- POST /wd/hub/session/5bd3e25b-9d53-47e6-a11c-2117cab86e8d/timeouts [39m[32m200[39m [90m1 ms - 14[39m [90m[39m
[38;5;74m[5bd3e25b][0m[38;5;86m[HTTP][0m [37m-->[39m [37mPOST[39m [37m/wd/hub/session/5bd3e25b-9d53-47e6-a11c-2117cab86e8d/element/00000000-0000-0892-ffff-ffff00000086/click[39m [90m{"id":"00000000-0000-0892-ffff-ffff00000086"}[39m
[38;5;74m[5bd3e25b][0m[38;5;86m[HTTP][0m [37m<-- POST /wd/hub/session/5bd3e25b-9d53-47e6-a11c-2117cab86e8d/element/00000000-0000-0892-ffff-ffff00000086/click [39m[32m200[39m [90m90 ms - 14[39m [90m[39m
[38;5;74m[5bd3e25b][0m[38;5;86m[HTTP][0m [37m-->[39m [37mPOST[39m [37m/wd/hub/session/5bd3e25b-9d53-47e6-a11c-2117cab86e8d/timeouts[39m [90m{"implicit":50}[39m
[38;5;74m[5bd3e25b][0m[38;5;86m[HTTP][0m [37m<-- POST /wd/hub/session/5bd3e25b-9d53-47e6-a11c-2117cab86e8d/timeouts [39m[32m200[39m [90m1 ms - 14[39m [90m[39m
[38;5;74m[5bd3e25b][0m[38;5;86m[HTTP][0m [37m-->[39m [37mGET[39m [37m/wd/hub/session/5bd3e25b-9d53-47e6-a11c-2117cab86e8d/window/rect[39m [90m{}[39m
[38;5;74m[5bd3e25b][0m[38;5;86m[HTTP][0m [37m<-- GET /wd/hub/session/5bd3e25b-9d53-47e6-a11c-2117cab86e8d/window/rect [39m[32m200[39m [90m29 ms - 49[39m [90m[39m
[38;5;74m[5bd3e25b][0m[38;5;86m[HTTP][0m [37m-->[39m [37mPOST[39m [37m/wd/hub/session/5bd3e25b-9d53-47e6-a11c-2117cab86e8d/elements[39m [90m{"using":"xpath","value":"//*[@class = 'android.widget.TextView' and (@text = 'About' or . = 'About')]"}[39m
[38;5;74m[5bd3e25b][0m[38;5;86m[HTTP][0m [37m<-- POST /wd/hub/session/5bd3e25b-9d53-47e6-a11c-2117cab86e8d/elements [39m[32m200[39m [90m1309 ms - 139[39m [90m[39m
[38;5;74m[5bd3e25b][0m[38;5;86m[HTTP][0m [37m-->[39m [37mGET[39m [37m/wd/hub/session/5bd3e25b-9d53-47e6-a11c-2117cab86e8d/element/00000000-0000-0892-ffff-ffff00000037/rect[39m [90m{}[39m
[38;5;74m[5bd3e25b][0m[38;5;4m[AndroidUiautomator2Driver@9dc3][0m Driver proxy active, passing request on via HTTP proxy
[38;5;74m[5bd3e25b][0m[38;5;4m[AndroidUiautomator2Driver@9dc3][0m Replacing sessionId 44f4dea9-3588-4a0c-accb-e485c2478779 with 5bd3e25b-9d53-47e6-a11c-2117cab86e8d
[38;5;74m[5bd3e25b][0m[38;5;86m[HTTP][0m [37m<-- GET /wd/hub/session/5bd3e25b-9d53-47e6-a11c-2117cab86e8d/element/00000000-0000-0892-ffff-ffff00000037/rect [39m[32m200[39m [90m912 ms - 100[39m [90m[39m
[38;5;74m[5bd3e25b][0m[38;5;86m[HTTP][0m [37m-->[39m [37mPOST[39m [37m/wd/hub/session/5bd3e25b-9d53-47e6-a11c-2117cab86e8d/timeouts[39m [90m{"implicit":40000}[39m
[38;5;74m[5bd3e25b][0m[38;5;86m[HTTP][0m [37m<-- POST /wd/hub/session/5bd3e25b-9d53-47e6-a11c-2117cab86e8d/timeouts [39m[32m200[39m [90m1 ms - 14[39m [90m[39m
[38;5;74m[5bd3e25b][0m[38;5;86m[HTTP][0m [37m-->[39m [37mPOST[39m [37m/wd/hub/session/5bd3e25b-9d53-47e6-a11c-2117cab86e8d/element/00000000-0000-0892-ffff-ffff00000037/click[39m [90m{"id":"00000000-0000-0892-ffff-ffff00000037"}[39m
[38;5;74m[5bd3e25b][0m[38;5;86m[HTTP][0m [37m<-- POST /wd/hub/session/5bd3e25b-9d53-47e6-a11c-2117cab86e8d/element/00000000-0000-0892-ffff-ffff00000037/click [39m[32m200[39m [90m118 ms - 14[39m [90m[39m
[38;5;74m[5bd3e25b][0m[38;5;86m[HTTP][0m [37m-->[39m [37mPOST[39m [37m/wd/hub/session/5bd3e25b-9d53-47e6-a11c-2117cab86e8d/timeouts[39m [90m{"implicit":50}[39m
[38;5;74m[5bd3e25b][0m[38;5;86m[HTTP][0m [37m<-- POST /wd/hub/session/5bd3e25b-9d53-47e6-a11c-2117cab86e8d/timeouts [39m[32m200[39m [90m1 ms - 14[39m [90m[39m
[38;5;74m[5bd3e25b][0m[38;5;86m[HTTP][0m [37m-->[39m [37mGET[39m [37m/wd/hub/session/5bd3e25b-9d53-47e6-a11c-2117cab86e8d/window/rect[39m [90m{}[39m
[38;5;74m[5bd3e25b][0m[38;5;86m[HTTP][0m [37m<-- GET /wd/hub/session/5bd3e25b-9d53-47e6-a11c-2117cab86e8d/window/rect [39m[32m200[39m [90m47 ms - 49[39m [90m[39m
[38;5;74m[5bd3e25b][0m[38;5;86m[HTTP][0m [37m-->[39m [37mPOST[39m [37m/wd/hub/session/5bd3e25b-9d53-47e6-a11c-2117cab86e8d/elements[39m [90m{"using":"xpath","value":"//*[@class = 'android.widget.TextView' and (@text = 'Contact' or . = 'Contact')]"}[39m
[38;5;74m[5bd3e25b][0m[38;5;86m[HTTP][0m [37m<-- POST /wd/hub/session/5bd3e25b-9d53-47e6-a11c-2117cab86e8d/elements [39m[32m200[39m [90m1348 ms - 139[39m [90m[39m
[38;5;74m[5bd3e25b][0m[38;5;86m[HTTP][0m [37m-->[39m [37mGET[39m [37m/wd/hub/session/5bd3e25b-9d53-47e6-a11c-2117cab86e8d/element/00000000-0000-0892-ffff-ffff000000b1/rect[39m [90m{}[39m
[38;5;74m[5bd3e25b][0m[38;5;4m[AndroidUiautomator2Driver@9dc3][0m Driver proxy active, passing request on via HTTP proxy
[38;5;74m[5bd3e25b][0m[38;5;4m[AndroidUiautomator2Driver@9dc3][0m Replacing sessionId 44f4dea9-3588-4a0c-accb-e485c2478779 with 5bd3e25b-9d53-47e6-a11c-2117cab86e8d
[38;5;74m[5bd3e25b][0m[38;5;86m[HTTP][0m [37m<-- GET /wd/hub/session/5bd3e25b-9d53-47e6-a11c-2117cab86e8d/element/00000000-0000-0892-ffff-ffff000000b1/rect [39m[32m200[39m [90m967 ms - 102[39m [90m[39m
[38;5;74m[5bd3e25b][0m[38;5;86m[HTTP][0m [37m-->[39m [37mPOST[39m [37m/wd/hub/session/5bd3e25b-9d53-47e6-a11c-2117cab86e8d/timeouts[39m [90m{"implicit":40000}[39m
[38;5;74m[5bd3e25b][0m[38;5;86m[HTTP][0m [37m<-- POST /wd/hub/session/5bd3e25b-9d53-47e6-a11c-2117cab86e8d/timeouts [39m[32m200[39m [90m1 ms - 14[39m [90m[39m
[38;5;74m[5bd3e25b][0m[38;5;86m[HTTP][0m [37m-->[39m [37mPOST[39m [37m/wd/hub/session/5bd3e25b-9d53-47e6-a11c-2117cab86e8d/element/00000000-0000-0892-ffff-ffff000000b1/click[39m [90m{"id":"00000000-0000-0892-ffff-ffff000000b1"}[39m
[38;5;74m[5bd3e25b][0m[38;5;86m[HTTP][0m [37m<-- POST /wd/hub/session/5bd3e25b-9d53-47e6-a11c-2117cab86e8d/element/00000000-0000-0892-ffff-ffff000000b1/click [39m[32m200[39m [90m98 ms - 14[39m [90m[39m
[38;5;74m[5bd3e25b][0m[38;5;86m[HTTP][0m [37m-->[39m [37mPOST[39m [37m/wd/hub/session/5bd3e25b-9d53-47e6-a11c-2117cab86e8d/timeouts[39m [90m{"implicit":50}[39m
[38;5;74m[5bd3e25b][0m[38;5;86m[HTTP][0m [37m<-- POST /wd/hub/session/5bd3e25b-9d53-47e6-a11c-2117cab86e8d/timeouts [39m[32m200[39m [90m1 ms - 14[39m [90m[39m
[38;5;74m[5bd3e25b][0m[38;5;86m[HTTP][0m [37m-->[39m [37mGET[39m [37m/wd/hub/session/5bd3e25b-9d53-47e6-a11c-2117cab86e8d/window/rect[39m [90m{}[39m
[38;5;74m[5bd3e25b][0m[38;5;86m[HTTP][0m [37m<-- GET /wd/hub/session/5bd3e25b-9d53-47e6-a11c-2117cab86e8d/window/rect [39m[32m200[39m [90m44 ms - 49[39m [90m[39m
[38;5;74m[5bd3e25b][0m[38;5;86m[HTTP][0m [37m-->[39m [37mPOST[39m [37m/wd/hub/session/5bd3e25b-9d53-47e6-a11c-2117cab86e8d/elements[39m [90m{"using":"xpath","value":"//*[@class = 'android.widget.TextView' and (@text = 'Services' or . = 'Services')]"}[39m
[38;5;74m[5bd3e25b][0m[38;5;86m[HTTP][0m [37m<-- POST /wd/hub/session/5bd3e25b-9d53-47e6-a11c-2117cab86e8d/elements [39m[32m200[39m [90m560 ms - 139[39m [90m[39m
[38;5;74m[5bd3e25b][0m[38;5;86m[HTTP][0m [37m-->[39m [37mGET[39m [37m/wd/hub/session/5bd3e25b-9d53-47e6-a11c-2117cab86e8d/element/00000000-0000-0892-ffff-ffff000000b4/rect[39m [90m{}[39m
[38;5;74m[5bd3e25b][0m[38;5;4m[AndroidUiautomator2Driver@9dc3][0m Driver proxy active, passing request on via HTTP proxy
[38;5;74m[5bd3e25b][0m[38;5;4m[AndroidUiautomator2Driver@9dc3][0m Replacing sessionId 44f4dea9-3588-4a0c-accb-e485c2478779 with 5bd3e25b-9d53-47e6-a11c-2117cab86e8d
[38;5;74m[5bd3e25b][0m[38;5;86m[HTTP][0m [37m<-- GET /wd/hub/session/5bd3e25b-9d53-47e6-a11c-2117cab86e8d/element/00000000-0000-0892-ffff-ffff000000b4/rect [39m[32m200[39m [90m800 ms - 103[39m [90m[39m
[38;5;74m[5bd3e25b][0m[38;5;86m[HTTP][0m [37m-->[39m [37mPOST[39m [37m/wd/hub/session/5bd3e25b-9d53-47e6-a11c-2117cab86e8d/timeouts[39m [90m{"implicit":40000}[39m
[38;5;74m[5bd3e25b][0m[38;5;86m[HTTP][0m [37m<-- POST /wd/hub/session/5bd3e25b-9d53-47e6-a11c-2117cab86e8d/timeouts [39m[32m200[39m [90m1 ms - 14[39m [90m[39m
[38;5;74m[5bd3e25b][0m[38;5;86m[HTTP][0m [37m-->[39m [37mPOST[39m [37m/wd/hub/session/5bd3e25b-9d53-47e6-a11c-2117cab86e8d/element/00000000-0000-0892-ffff-ffff000000b4/click[39m [90m{"id":"00000000-0000-0892-ffff-ffff000000b4"}[39m
[38;5;74m[5bd3e25b][0m[38;5;86m[HTTP][0m [37m<-- POST /wd/hub/session/5bd3e25b-9d53-47e6-a11c-2117cab86e8d/element/00000000-0000-0892-ffff-ffff000000b4/click [39m[32m200[39m [90m592 ms - 14[39m [90m[39m
[38;5;74m[5bd3e25b][0m[38;5;86m[HTTP][0m [37m-->[39m [37mPOST[39m [37m/wd/hub/session/5bd3e25b-9d53-47e6-a11c-2117cab86e8d/timeouts[39m [90m{"implicit":50}[39m
[38;5;74m[5bd3e25b][0m[38;5;86m[HTTP][0m [37m<-- POST /wd/hub/session/5bd3e25b-9d53-47e6-a11c-2117cab86e8d/timeouts [39m[32m200[39m [90m1 ms - 14[39m [90m[39m
[38;5;74m[5bd3e25b][0m[38;5;86m[HTTP][0m [37m-->[39m [37mGET[39m [37m/wd/hub/session/5bd3e25b-9d53-47e6-a11c-2117cab86e8d/window/rect[39m [90m{}[39m
[38;5;74m[5bd3e25b][0m[38;5;86m[HTTP][0m [37m<-- GET /wd/hub/session/5bd3e25b-9d53-47e6-a11c-2117cab86e8d/window/rect [39m[32m200[39m [90m52 ms - 49[39m [90m[39m
[38;5;74m[5bd3e25b][0m[38;5;86m[HTTP][0m [37m-->[39m [37mPOST[39m [37m/wd/hub/session/5bd3e25b-9d53-47e6-a11c-2117cab86e8d/elements[39m [90m{"using":"xpath","value":"//*[@class = 'android.widget.TextView' and (@text = 'ATM' or . = 'ATM')]"}[39m
[38;5;74m[5bd3e25b][0m[38;5;86m[HTTP][0m [37m<-- POST /wd/hub/session/5bd3e25b-9d53-47e6-a11c-2117cab86e8d/elements [39m[32m200[39m [90m524 ms - 12[39m [90m[39m
[38;5;74m[5bd3e25b][0m[38;5;86m[HTTP][0m [37m-->[39m [37mPOST[39m [37m/wd/hub/session/5bd3e25b-9d53-47e6-a11c-2117cab86e8d/elements[39m [90m{"using":"xpath","value":"//*[@class = 'android.widget.TextView' and (@text = 'ATM' or . = 'ATM')]"}[39m
[38;5;74m[5bd3e25b][0m[38;5;86m[HTTP][0m [37m<-- POST /wd/hub/session/5bd3e25b-9d53-47e6-a11c-2117cab86e8d/elements [39m[32m200[39m [90m1938 ms - 139[39m [90m[39m
[38;5;74m[5bd3e25b][0m[38;5;86m[HTTP][0m [37m-->[39m [37mGET[39m [37m/wd/hub/session/5bd3e25b-9d53-47e6-a11c-2117cab86e8d/element/00000000-0000-0892-ffff-ffff000000fb/rect[39m [90m{}[39m
[38;5;74m[5bd3e25b][0m[38;5;4m[AndroidUiautomator2Driver@9dc3][0m Driver proxy active, passing request on via HTTP proxy
[38;5;74m[5bd3e25b][0m[38;5;4m[AndroidUiautomator2Driver@9dc3][0m Replacing sessionId 44f4dea9-3588-4a0c-accb-e485c2478779 with 5bd3e25b-9d53-47e6-a11c-2117cab86e8d
[38;5;74m[5bd3e25b][0m[38;5;86m[HTTP][0m [37m<-- GET /wd/hub/session/5bd3e25b-9d53-47e6-a11c-2117cab86e8d/element/00000000-0000-0892-ffff-ffff000000fb/rect [39m[32m200[39m [90m51 ms - 100[39m [90m[39m
[38;5;74m[5bd3e25b][0m[38;5;86m[HTTP][0m [37m-->[39m [37mPOST[39m [37m/wd/hub/session/5bd3e25b-9d53-47e6-a11c-2117cab86e8d/timeouts[39m [90m{"implicit":40000}[39m
[38;5;74m[5bd3e25b][0m[38;5;86m[HTTP][0m [37m<-- POST /wd/hub/session/5bd3e25b-9d53-47e6-a11c-2117cab86e8d/timeouts [39m[32m200[39m [90m1 ms - 14[39m [90m[39m
[38;5;74m[5bd3e25b][0m[38;5;86m[HTTP][0m [37m-->[39m [37mPOST[39m [37m/wd/hub/session/5bd3e25b-9d53-47e6-a11c-2117cab86e8d/element/00000000-0000-0892-ffff-ffff000000fb/click[39m [90m{"id":"00000000-0000-0892-ffff-ffff000000fb"}[39m
[38;5;74m[5bd3e25b][0m[38;5;86m[HTTP][0m [37m<-- POST /wd/hub/session/5bd3e25b-9d53-47e6-a11c-2117cab86e8d/element/00000000-0000-0892-ffff-ffff000000fb/click [39m[32m200[39m [90m84 ms - 14[39m [90m[39m
[38;5;74m[5bd3e25b][0m[38;5;86m[HTTP][0m [37m-->[39m [37mPOST[39m [37m/wd/hub/session/5bd3e25b-9d53-47e6-a11c-2117cab86e8d/timeouts[39m [90m{"implicit":50}[39m
[38;5;74m[5bd3e25b][0m[38;5;86m[HTTP][0m [37m<-- POST /wd/hub/session/5bd3e25b-9d53-47e6-a11c-2117cab86e8d/timeouts [39m[32m200[39m [90m1 ms - 14[39m [90m[39m
[38;5;74m[5bd3e25b][0m[38;5;86m[HTTP][0m [37m-->[39m [37mGET[39m [37m/wd/hub/session/5bd3e25b-9d53-47e6-a11c-2117cab86e8d/window/rect[39m [90m{}[39m
[38;5;74m[5bd3e25b][0m[38;5;86m[HTTP][0m [37m<-- GET /wd/hub/session/5bd3e25b-9d53-47e6-a11c-2117cab86e8d/window/rect [39m[32m200[39m [90m40 ms - 49[39m [90m[39m
[38;5;74m[5bd3e25b][0m[38;5;86m[HTTP][0m [37m-->[39m [37mPOST[39m [37m/wd/hub/session/5bd3e25b-9d53-47e6-a11c-2117cab86e8d/elements[39m [90m{"using":"xpath","value":"//*[@class = 'android.widget.ImageView' and (@text = '' or . = '')]"}[39m
[38;5;74m[5bd3e25b][0m[38;5;86m[HTTP][0m [37m<-- POST /wd/hub/session/5bd3e25b-9d53-47e6-a11c-2117cab86e8d/elements [39m[32m200[39m [90m643 ms - 1291[39m [90m[39m
[38;5;74m[5bd3e25b][0m[38;5;86m[HTTP][0m [37m-->[39m [37mGET[39m [37m/wd/hub/session/5bd3e25b-9d53-47e6-a11c-2117cab86e8d/element/00000000-0000-0892-ffff-ffff000000e5/rect[39m [90m{}[39m
[38;5;74m[5bd3e25b][0m[38;5;4m[AndroidUiautomator2Driver@9dc3][0m Driver proxy active, passing request on via HTTP proxy
[38;5;74m[5bd3e25b][0m[38;5;4m[AndroidUiautomator2Driver@9dc3][0m Replacing sessionId 44f4dea9-3588-4a0c-accb-e485c2478779 with 5bd3e25b-9d53-47e6-a11c-2117cab86e8d
[38;5;74m[5bd3e25b][0m[38;5;86m[HTTP][0m [37m<-- GET /wd/hub/session/5bd3e25b-9d53-47e6-a11c-2117cab86e8d/element/00000000-0000-0892-ffff-ffff000000e5/rect [39m[32m200[39m [90m1037 ms - 99[39m [90m[39m
[38;5;74m[5bd3e25b][0m[38;5;86m[HTTP][0m [37m-->[39m [37mPOST[39m [37m/wd/hub/session/5bd3e25b-9d53-47e6-a11c-2117cab86e8d/timeouts[39m [90m{"implicit":40000}[39m
[38;5;74m[5bd3e25b][0m[38;5;86m[HTTP][0m [37m<-- POST /wd/hub/session/5bd3e25b-9d53-47e6-a11c-2117cab86e8d/timeouts [39m[32m200[39m [90m1 ms - 14[39m [90m[39m
[38;5;74m[5bd3e25b][0m[38;5;86m[HTTP][0m [37m-->[39m [37mPOST[39m [37m/wd/hub/session/5bd3e25b-9d53-47e6-a11c-2117cab86e8d/element/00000000-0000-0892-ffff-ffff000000e5/click[39m [90m{"id":"00000000-0000-0892-ffff-ffff000000e5"}[39m
[38;5;74m[5bd3e25b][0m[38;5;86m[HTTP][0m [37m<-- POST /wd/hub/session/5bd3e25b-9d53-47e6-a11c-2117cab86e8d/element/00000000-0000-0892-ffff-ffff000000e5/click [39m[32m200[39m [90m105 ms - 14[39m [90m[39m
[38;5;74m[5bd3e25b][0m[38;5;86m[HTTP][0m [37m-->[39m [37mPOST[39m [37m/wd/hub/session/5bd3e25b-9d53-47e6-a11c-2117cab86e8d/timeouts[39m [90m{"implicit":50}[39m
[38;5;74m[5bd3e25b][0m[38;5;86m[HTTP][0m [37m<-- POST /wd/hub/session/5bd3e25b-9d53-47e6-a11c-2117cab86e8d/timeouts [39m[32m200[39m [90m1 ms - 14[39m [90m[39m
[38;5;74m[5bd3e25b][0m[38;5;86m[HTTP][0m [37m-->[39m [37mGET[39m [37m/wd/hub/session/5bd3e25b-9d53-47e6-a11c-2117cab86e8d/window/rect[39m [90m{}[39m
[38;5;74m[5bd3e25b][0m[38;5;86m[HTTP][0m [37m<-- GET /wd/hub/session/5bd3e25b-9d53-47e6-a11c-2117cab86e8d/window/rect [39m[32m200[39m [90m48 ms - 49[39m [90m[39m
[38;5;74m[5bd3e25b][0m[38;5;86m[HTTP][0m [37m-->[39m [37mPOST[39m [37m/wd/hub/session/5bd3e25b-9d53-47e6-a11c-2117cab86e8d/elements[39m [90m{"using":"xpath","value":"//*[@class = 'android.widget.TextView' and (@text = 'Bus' or . = 'Bus')]"}[39m
[38;5;74m[5bd3e25b][0m[38;5;86m[HTTP][0m [37m<-- POST /wd/hub/session/5bd3e25b-9d53-47e6-a11c-2117cab86e8d/elements [39m[32m200[39m [90m1036 ms - 139[39m [90m[39m
[38;5;74m[5bd3e25b][0m[38;5;86m[HTTP][0m [37m-->[39m [37mGET[39m [37m/wd/hub/session/5bd3e25b-9d53-47e6-a11c-2117cab86e8d/element/00000000-0000-0892-ffff-ffff000000ff/rect[39m [90m{}[39m
[38;5;74m[5bd3e25b][0m[38;5;4m[AndroidUiautomator2Driver@9dc3][0m Driver proxy active, passing request on via HTTP proxy
[38;5;74m[5bd3e25b][0m[38;5;4m[AndroidUiautomator2Driver@9dc3][0m Replacing sessionId 44f4dea9-3588-4a0c-accb-e485c2478779 with 5bd3e25b-9d53-47e6-a11c-2117cab86e8d
[38;5;74m[5bd3e25b][0m[38;5;86m[HTTP][0m [37m<-- GET /wd/hub/session/5bd3e25b-9d53-47e6-a11c-2117cab86e8d/element/00000000-0000-0892-ffff-ffff000000ff/rect [39m[32m200[39m [90m72 ms - 101[39m [90m[39m
[38;5;74m[5bd3e25b][0m[38;5;86m[HTTP][0m [37m-->[39m [37mPOST[39m [37m/wd/hub/session/5bd3e25b-9d53-47e6-a11c-2117cab86e8d/timeouts[39m [90m{"implicit":40000}[39m
[38;5;74m[5bd3e25b][0m[38;5;86m[HTTP][0m [37m<-- POST /wd/hub/session/5bd3e25b-9d53-47e6-a11c-2117cab86e8d/timeouts [39m[32m200[39m [90m1 ms - 14[39m [90m[39m
[38;5;74m[5bd3e25b][0m[38;5;86m[HTTP][0m [37m-->[39m [37mPOST[39m [37m/wd/hub/session/5bd3e25b-9d53-47e6-a11c-2117cab86e8d/element/00000000-0000-0892-ffff-ffff000000ff/click[39m [90m{"id":"00000000-0000-0892-ffff-ffff000000ff"}[39m
[38;5;74m[5bd3e25b][0m[38;5;86m[HTTP][0m [37m<-- POST /wd/hub/session/5bd3e25b-9d53-47e6-a11c-2117cab86e8d/element/00000000-0000-0892-ffff-ffff000000ff/click [39m[32m200[39m [90m102 ms - 14[39m [90m[39m
[38;5;74m[5bd3e25b][0m[38;5;86m[HTTP][0m [37m-->[39m [37mPOST[39m [37m/wd/hub/session/5bd3e25b-9d53-47e6-a11c-2117cab86e8d/timeouts[39m [90m{"implicit":50}[39m
[38;5;74m[5bd3e25b][0m[38;5;86m[HTTP][0m [37m<-- POST /wd/hub/session/5bd3e25b-9d53-47e6-a11c-2117cab86e8d/timeouts [39m[32m200[39m [90m1 ms - 14[39m [90m[39m
[38;5;74m[5bd3e25b][0m[38;5;86m[HTTP][0m [37m-->[39m [37mGET[39m [37m/wd/hub/session/5bd3e25b-9d53-47e6-a11c-2117cab86e8d/window/rect[39m [90m{}[39m
[38;5;74m[5bd3e25b][0m[38;5;86m[HTTP][0m [37m<-- GET /wd/hub/session/5bd3e25b-9d53-47e6-a11c-2117cab86e8d/window/rect [39m[32m200[39m [90m28 ms - 49[39m [90m[39m
[38;5;74m[5bd3e25b][0m[38;5;86m[HTTP][0m [37m-->[39m [37mPOST[39m [37m/wd/hub/session/5bd3e25b-9d53-47e6-a11c-2117cab86e8d/elements[39m [90m{"using":"xpath","value":"//*[@class = 'android.widget.ImageView' and (@text = '' or . = '')]"}[39m
[38;5;74m[5bd3e25b][0m[38;5;86m[HTTP][0m [37m<-- POST /wd/hub/session/5bd3e25b-9d53-47e6-a11c-2117cab86e8d/elements [39m[32m200[39m [90m461 ms - 1291[39m [90m[39m
[38;5;74m[5bd3e25b][0m[38;5;86m[HTTP][0m [37m-->[39m [37mGET[39m [37m/wd/hub/session/5bd3e25b-9d53-47e6-a11c-2117cab86e8d/element/00000000-0000-0892-ffff-ffff000000e5/rect[39m [90m{}[39m
[38;5;74m[5bd3e25b][0m[38;5;4m[AndroidUiautomator2Driver@9dc3][0m Driver proxy active, passing request on via HTTP proxy
[38;5;74m[5bd3e25b][0m[38;5;4m[AndroidUiautomator2Driver@9dc3][0m Replacing sessionId 44f4dea9-3588-4a0c-accb-e485c2478779 with 5bd3e25b-9d53-47e6-a11c-2117cab86e8d
[38;5;74m[5bd3e25b][0m[38;5;86m[HTTP][0m [37m<-- GET /wd/hub/session/5bd3e25b-9d53-47e6-a11c-2117cab86e8d/element/00000000-0000-0892-ffff-ffff000000e5/rect [39m[32m200[39m [90m1101 ms - 99[39m [90m[39m
[38;5;74m[5bd3e25b][0m[38;5;86m[HTTP][0m [37m-->[39m [37mPOST[39m [37m/wd/hub/session/5bd3e25b-9d53-47e6-a11c-2117cab86e8d/timeouts[39m [90m{"implicit":40000}[39m
[38;5;74m[5bd3e25b][0m[38;5;86m[HTTP][0m [37m<-- POST /wd/hub/session/5bd3e25b-9d53-47e6-a11c-2117cab86e8d/timeouts [39m[32m200[39m [90m1 ms - 14[39m [90m[39m
[38;5;74m[5bd3e25b][0m[38;5;86m[HTTP][0m [37m-->[39m [37mPOST[39m [37m/wd/hub/session/5bd3e25b-9d53-47e6-a11c-2117cab86e8d/element/00000000-0000-0892-ffff-ffff000000e5/click[39m [90m{"id":"00000000-0000-0892-ffff-ffff000000e5"}[39m
[38;5;74m[5bd3e25b][0m[38;5;86m[HTTP][0m [37m<-- POST /wd/hub/session/5bd3e25b-9d53-47e6-a11c-2117cab86e8d/element/00000000-0000-0892-ffff-ffff000000e5/click [39m[32m200[39m [90m100 ms - 14[39m [90m[39m
[38;5;74m[5bd3e25b][0m[38;5;86m[HTTP][0m [37m-->[39m [37mPOST[39m [37m/wd/hub/session/5bd3e25b-9d53-47e6-a11c-2117cab86e8d/timeouts[39m [90m{"implicit":50}[39m
[38;5;74m[5bd3e25b][0m[38;5;86m[HTTP][0m [37m<-- POST /wd/hub/session/5bd3e25b-9d53-47e6-a11c-2117cab86e8d/timeouts [39m[32m200[39m [90m1 ms - 14[39m [90m[39m
[38;5;74m[5bd3e25b][0m[38;5;86m[HTTP][0m [37m-->[39m [37mGET[39m [37m/wd/hub/session/5bd3e25b-9d53-47e6-a11c-2117cab86e8d/window/rect[39m [90m{}[39m
[38;5;74m[5bd3e25b][0m[38;5;86m[HTTP][0m [37m<-- GET /wd/hub/session/5bd3e25b-9d53-47e6-a11c-2117cab86e8d/window/rect [39m[32m200[39m [90m36 ms - 49[39m [90m[39m
[38;5;74m[5bd3e25b][0m[38;5;86m[HTTP][0m [37m-->[39m [37mPOST[39m [37m/wd/hub/session/5bd3e25b-9d53-47e6-a11c-2117cab86e8d/elements[39m [90m{"using":"xpath","value":"//*[@class = 'android.widget.TextView' and (@text = 'Car Park Help-Desk' or . = 'Car Park Help-Desk')]"}[39m
[38;5;74m[5bd3e25b][0m[38;5;86m[HTTP][0m [37m<-- POST /wd/hub/session/5bd3e25b-9d53-47e6-a11c-2117cab86e8d/elements [39m[32m200[39m [90m883 ms - 139[39m [90m[39m
[38;5;74m[5bd3e25b][0m[38;5;86m[HTTP][0m [37m-->[39m [37mGET[39m [37m/wd/hub/session/5bd3e25b-9d53-47e6-a11c-2117cab86e8d/element/00000000-0000-0892-ffff-ffff00000103/rect[39m [90m{}[39m
[38;5;74m[5bd3e25b][0m[38;5;4m[AndroidUiautomator2Driver@9dc3][0m Driver proxy active, passing request on via HTTP proxy
[38;5;74m[5bd3e25b][0m[38;5;4m[AndroidUiautomator2Driver@9dc3][0m Replacing sessionId 44f4dea9-3588-4a0c-accb-e485c2478779 with 5bd3e25b-9d53-47e6-a11c-2117cab86e8d
[38;5;74m[5bd3e25b][0m[38;5;86m[HTTP][0m [37m<-- GET /wd/hub/session/5bd3e25b-9d53-47e6-a11c-2117cab86e8d/element/00000000-0000-0892-ffff-ffff00000103/rect [39m[32m200[39m [90m775 ms - 102[39m [90m[39m
[38;5;74m[5bd3e25b][0m[38;5;86m[HTTP][0m [37m-->[39m [37mPOST[39m [37m/wd/hub/session/5bd3e25b-9d53-47e6-a11c-2117cab86e8d/timeouts[39m [90m{"implicit":40000}[39m
[38;5;74m[5bd3e25b][0m[38;5;86m[HTTP][0m [37m<-- POST /wd/hub/session/5bd3e25b-9d53-47e6-a11c-2117cab86e8d/timeouts [39m[32m200[39m [90m1 ms - 14[39m [90m[39m
[38;5;74m[5bd3e25b][0m[38;5;86m[HTTP][0m [37m-->[39m [37mPOST[39m [37m/wd/hub/session/5bd3e25b-9d53-47e6-a11c-2117cab86e8d/element/00000000-0000-0892-ffff-ffff00000103/click[39m [90m{"id":"00000000-0000-0892-ffff-ffff00000103"}[39m
[38;5;74m[5bd3e25b][0m[38;5;86m[HTTP][0m [37m<-- POST /wd/hub/session/5bd3e25b-9d53-47e6-a11c-2117cab86e8d/element/00000000-0000-0892-ffff-ffff00000103/click [39m[32m200[39m [90m82 ms - 14[39m [90m[39m
[38;5;74m[5bd3e25b][0m[38;5;86m[HTTP][0m [37m-->[39m [37mPOST[39m [37m/wd/hub/session/5bd3e25b-9d53-47e6-a11c-2117cab86e8d/timeouts[39m [90m{"implicit":50}[39m
[38;5;74m[5bd3e25b][0m[38;5;86m[HTTP][0m [37m<-- POST /wd/hub/session/5bd3e25b-9d53-47e6-a11c-2117cab86e8d/timeouts [39m[32m200[39m [90m1 ms - 14[39m [90m[39m
[38;5;74m[5bd3e25b][0m[38;5;86m[HTTP][0m [37m-->[39m [37mGET[39m [37m/wd/hub/session/5bd3e25b-9d53-47e6-a11c-2117cab86e8d/window/rect[39m [90m{}[39m
[38;5;74m[5bd3e25b][0m[38;5;86m[HTTP][0m [37m<-- GET /wd/hub/session/5bd3e25b-9d53-47e6-a11c-2117cab86e8d/window/rect [39m[32m200[39m [90m37 ms - 49[39m [90m[39m
[38;5;74m[5bd3e25b][0m[38;5;86m[HTTP][0m [37m-->[39m [37mPOST[39m [37m/wd/hub/session/5bd3e25b-9d53-47e6-a11c-2117cab86e8d/elements[39m [90m{"using":"xpath","value":"//*[@class = 'android.widget.ImageView' and (@text = '' or . = '')]"}[39m
[38;5;74m[5bd3e25b][0m[38;5;86m[HTTP][0m [37m<-- POST /wd/hub/session/5bd3e25b-9d53-47e6-a11c-2117cab86e8d/elements [39m[32m200[39m [90m461 ms - 1291[39m [90m[39m
[38;5;74m[5bd3e25b][0m[38;5;86m[HTTP][0m [37m-->[39m [37mGET[39m [37m/wd/hub/session/5bd3e25b-9d53-47e6-a11c-2117cab86e8d/element/00000000-0000-0892-ffff-ffff000000e5/rect[39m [90m{}[39m
[38;5;74m[5bd3e25b][0m[38;5;4m[AndroidUiautomator2Driver@9dc3][0m Driver proxy active, passing request on via HTTP proxy
[38;5;74m[5bd3e25b][0m[38;5;4m[AndroidUiautomator2Driver@9dc3][0m Replacing sessionId 44f4dea9-3588-4a0c-accb-e485c2478779 with 5bd3e25b-9d53-47e6-a11c-2117cab86e8d
[38;5;74m[5bd3e25b][0m[38;5;86m[HTTP][0m [37m<-- GET /wd/hub/session/5bd3e25b-9d53-47e6-a11c-2117cab86e8d/element/00000000-0000-0892-ffff-ffff000000e5/rect [39m[32m200[39m [90m1110 ms - 99[39m [90m[39m
[38;5;74m[5bd3e25b][0m[38;5;86m[HTTP][0m [37m-->[39m [37mPOST[39m [37m/wd/hub/session/5bd3e25b-9d53-47e6-a11c-2117cab86e8d/timeouts[39m [90m{"implicit":40000}[39m
[38;5;74m[5bd3e25b][0m[38;5;86m[HTTP][0m [37m<-- POST /wd/hub/session/5bd3e25b-9d53-47e6-a11c-2117cab86e8d/timeouts [39m[32m200[39m [90m1 ms - 14[39m [90m[39m
[38;5;74m[5bd3e25b][0m[38;5;86m[HTTP][0m [37m-->[39m [37mPOST[39m [37m/wd/hub/session/5bd3e25b-9d53-47e6-a11c-2117cab86e8d/element/00000000-0000-0892-ffff-ffff000000e5/click[39m [90m{"id":"00000000-0000-0892-ffff-ffff000000e5"}[39m
[38;5;74m[5bd3e25b][0m[38;5;86m[HTTP][0m [37m<-- POST /wd/hub/session/5bd3e25b-9d53-47e6-a11c-2117cab86e8d/element/00000000-0000-0892-ffff-ffff000000e5/click [39m[32m200[39m [90m95 ms - 14[39m [90m[39m
[38;5;74m[5bd3e25b][0m[38;5;86m[HTTP][0m [37m-->[39m [37mPOST[39m [37m/wd/hub/session/5bd3e25b-9d53-47e6-a11c-2117cab86e8d/timeouts[39m [90m{"implicit":50}[39m
[38;5;74m[5bd3e25b][0m[38;5;86m[HTTP][0m [37m<-- POST /wd/hub/session/5bd3e25b-9d53-47e6-a11c-2117cab86e8d/timeouts [39m[32m200[39m [90m1 ms - 14[39m [90m[39m
[38;5;74m[5bd3e25b][0m[38;5;86m[HTTP][0m [37m-->[39m [37mGET[39m [37m/wd/hub/session/5bd3e25b-9d53-47e6-a11c-2117cab86e8d/window/rect[39m [90m{}[39m
[38;5;74m[5bd3e25b][0m[38;5;86m[HTTP][0m [37m<-- GET /wd/hub/session/5bd3e25b-9d53-47e6-a11c-2117cab86e8d/window/rect [39m[32m200[39m [90m37 ms - 49[39m [90m[39m
[38;5;74m[5bd3e25b][0m[38;5;86m[HTTP][0m [37m-->[39m [37mPOST[39m [37m/wd/hub/session/5bd3e25b-9d53-47e6-a11c-2117cab86e8d/elements[39m [90m{"using":"xpath","value":"//*[@class = 'android.widget.TextView' and (@text = 'Gift Wrapping' or . = 'Gift Wrapping')]"}[39m
[38;5;74m[5bd3e25b][0m[38;5;86m[HTTP][0m [37m<-- POST /wd/hub/session/5bd3e25b-9d53-47e6-a11c-2117cab86e8d/elements [39m[32m200[39m [90m910 ms - 139[39m [90m[39m
[38;5;74m[5bd3e25b][0m[38;5;86m[HTTP][0m [37m-->[39m [37mGET[39m [37m/wd/hub/session/5bd3e25b-9d53-47e6-a11c-2117cab86e8d/element/00000000-0000-0892-ffff-ffff00000108/rect[39m [90m{}[39m
[38;5;74m[5bd3e25b][0m[38;5;4m[AndroidUiautomator2Driver@9dc3][0m Driver proxy active, passing request on via HTTP proxy
[38;5;74m[5bd3e25b][0m[38;5;4m[AndroidUiautomator2Driver@9dc3][0m Replacing sessionId 44f4dea9-3588-4a0c-accb-e485c2478779 with 5bd3e25b-9d53-47e6-a11c-2117cab86e8d
[38;5;74m[5bd3e25b][0m[38;5;86m[HTTP][0m [37m<-- GET /wd/hub/session/5bd3e25b-9d53-47e6-a11c-2117cab86e8d/element/00000000-0000-0892-ffff-ffff00000108/rect [39m[32m200[39m [90m167 ms - 101[39m [90m[39m
[38;5;74m[5bd3e25b][0m[38;5;86m[HTTP][0m [37m-->[39m [37mPOST[39m [37m/wd/hub/session/5bd3e25b-9d53-47e6-a11c-2117cab86e8d/timeouts[39m [90m{"implicit":40000}[39m
[38;5;74m[5bd3e25b][0m[38;5;86m[HTTP][0m [37m<-- POST /wd/hub/session/5bd3e25b-9d53-47e6-a11c-2117cab86e8d/timeouts [39m[32m200[39m [90m1 ms - 14[39m [90m[39m
[38;5;74m[5bd3e25b][0m[38;5;86m[HTTP][0m [37m-->[39m [37mPOST[39m [37m/wd/hub/session/5bd3e25b-9d53-47e6-a11c-2117cab86e8d/element/00000000-0000-0892-ffff-ffff00000108/click[39m [90m{"id":"00000000-0000-0892-ffff-ffff00000108"}[39m
[38;5;74m[5bd3e25b][0m[38;5;86m[HTTP][0m [37m<-- POST /wd/hub/session/5bd3e25b-9d53-47e6-a11c-2117cab86e8d/element/00000000-0000-0892-ffff-ffff00000108/click [39m[32m200[39m [90m1829 ms - 14[39m [90m[39m
[38;5;74m[5bd3e25b][0m[38;5;86m[HTTP][0m [37m-->[39m [37mPOST[39m [37m/wd/hub/session/5bd3e25b-9d53-47e6-a11c-2117cab86e8d/timeouts[39m [90m{"implicit":50}[39m
[38;5;74m[5bd3e25b][0m[38;5;86m[HTTP][0m [37m<-- POST /wd/hub/session/5bd3e25b-9d53-47e6-a11c-2117cab86e8d/timeouts [39m[32m200[39m [90m1 ms - 14[39m [90m[39m
[38;5;74m[5bd3e25b][0m[38;5;86m[HTTP][0m [37m-->[39m [37mGET[39m [37m/wd/hub/session/5bd3e25b-9d53-47e6-a11c-2117cab86e8d/window/rect[39m [90m{}[39m
[38;5;74m[5bd3e25b][0m[38;5;86m[HTTP][0m [37m<-- GET /wd/hub/session/5bd3e25b-9d53-47e6-a11c-2117cab86e8d/window/rect [39m[32m200[39m [90m33 ms - 49[39m [90m[39m
[38;5;74m[5bd3e25b][0m[38;5;86m[HTTP][0m [37m-->[39m [37mPOST[39m [37m/wd/hub/session/5bd3e25b-9d53-47e6-a11c-2117cab86e8d/elements[39m [90m{"using":"xpath","value":"//*[@class = 'android.widget.ImageView' and (@text = '' or . = '')]"}[39m
[38;5;74m[5bd3e25b][0m[38;5;86m[HTTP][0m [37m<-- POST /wd/hub/session/5bd3e25b-9d53-47e6-a11c-2117cab86e8d/elements [39m[32m200[39m [90m346 ms - 1035[39m [90m[39m
[38;5;74m[5bd3e25b][0m[38;5;86m[HTTP][0m [37m-->[39m [37mGET[39m [37m/wd/hub/session/5bd3e25b-9d53-47e6-a11c-2117cab86e8d/element/00000000-0000-0892-ffff-ffff0000017e/rect[39m [90m{}[39m
[38;5;74m[5bd3e25b][0m[38;5;4m[AndroidUiautomator2Driver@9dc3][0m Driver proxy active, passing request on via HTTP proxy
[38;5;74m[5bd3e25b][0m[38;5;4m[AndroidUiautomator2Driver@9dc3][0m Replacing sessionId 44f4dea9-3588-4a0c-accb-e485c2478779 with 5bd3e25b-9d53-47e6-a11c-2117cab86e8d
[38;5;74m[5bd3e25b][0m[38;5;86m[HTTP][0m [37m<-- GET /wd/hub/session/5bd3e25b-9d53-47e6-a11c-2117cab86e8d/element/00000000-0000-0892-ffff-ffff0000017e/rect [39m[32m200[39m [90m30 ms - 99[39m [90m[39m
[38;5;74m[5bd3e25b][0m[38;5;86m[HTTP][0m [37m-->[39m [37mPOST[39m [37m/wd/hub/session/5bd3e25b-9d53-47e6-a11c-2117cab86e8d/timeouts[39m [90m{"implicit":40000}[39m
[38;5;74m[5bd3e25b][0m[38;5;86m[HTTP][0m [37m<-- POST /wd/hub/session/5bd3e25b-9d53-47e6-a11c-2117cab86e8d/timeouts [39m[32m200[39m [90m1 ms - 14[39m [90m[39m
[38;5;74m[5bd3e25b][0m[38;5;86m[HTTP][0m [37m-->[39m [37mPOST[39m [37m/wd/hub/session/5bd3e25b-9d53-47e6-a11c-2117cab86e8d/element/00000000-0000-0892-ffff-ffff0000017e/click[39m [90m{"id":"00000000-0000-0892-ffff-ffff0000017e"}[39m
[38;5;74m[5bd3e25b][0m[38;5;86m[HTTP][0m [37m<-- POST /wd/hub/session/5bd3e25b-9d53-47e6-a11c-2117cab86e8d/element/00000000-0000-0892-ffff-ffff0000017e/click [39m[32m200[39m [90m79 ms - 14[39m [90m[39m
[38;5;74m[5bd3e25b][0m[38;5;86m[HTTP][0m [37m-->[39m [37mPOST[39m [37m/wd/hub/session/5bd3e25b-9d53-47e6-a11c-2117cab86e8d/timeouts[39m [90m{"implicit":50}[39m
[38;5;74m[5bd3e25b][0m[38;5;86m[HTTP][0m [37m<-- POST /wd/hub/session/5bd3e25b-9d53-47e6-a11c-2117cab86e8d/timeouts [39m[32m200[39m [90m1 ms - 14[39m [90m[39m
[38;5;74m[5bd3e25b][0m[38;5;86m[HTTP][0m [37m-->[39m [37mGET[39m [37m/wd/hub/session/5bd3e25b-9d53-47e6-a11c-2117cab86e8d/window/rect[39m [90m{}[39m
[38;5;74m[5bd3e25b][0m[38;5;86m[HTTP][0m [37m<-- GET /wd/hub/session/5bd3e25b-9d53-47e6-a11c-2117cab86e8d/window/rect [39m[32m200[39m [90m34 ms - 49[39m [90m[39m
[38;5;74m[5bd3e25b][0m[38;5;86m[HTTP][0m [37m-->[39m [37mPOST[39m [37m/wd/hub/session/5bd3e25b-9d53-47e6-a11c-2117cab86e8d/elements[39m [90m{"using":"xpath","value":"//*[@class = 'android.widget.TextView' and (@text = 'Lost & Found' or . = 'Lost & Found')]"}[39m
[38;5;74m[5bd3e25b][0m[38;5;86m[HTTP][0m [37m<-- POST /wd/hub/session/5bd3e25b-9d53-47e6-a11c-2117cab86e8d/elements [39m[32m200[39m [90m246 ms - 12[39m [90m[39m
[38;5;74m[5bd3e25b][0m[38;5;86m[HTTP][0m [37m-->[39m [37mPOST[39m [37m/wd/hub/session/5bd3e25b-9d53-47e6-a11c-2117cab86e8d/elements[39m [90m{"using":"xpath","value":"//*[@class = 'android.widget.TextView' and (@text = 'Lost & Found' or . = 'Lost & Found')]"}[39m
[38;5;74m[5bd3e25b][0m[38;5;86m[HTTP][0m [37m<-- POST /wd/hub/session/5bd3e25b-9d53-47e6-a11c-2117cab86e8d/elements [39m[32m200[39m [90m1508 ms - 139[39m [90m[39m
[38;5;74m[5bd3e25b][0m[38;5;86m[HTTP][0m [37m-->[39m [37mGET[39m [37m/wd/hub/session/5bd3e25b-9d53-47e6-a11c-2117cab86e8d/element/00000000-0000-0892-ffff-ffff0000010c/rect[39m [90m{}[39m
[38;5;74m[5bd3e25b][0m[38;5;4m[AndroidUiautomator2Driver@9dc3][0m Driver proxy active, passing request on via HTTP proxy
[38;5;74m[5bd3e25b][0m[38;5;4m[AndroidUiautomator2Driver@9dc3][0m Replacing sessionId 44f4dea9-3588-4a0c-accb-e485c2478779 with 5bd3e25b-9d53-47e6-a11c-2117cab86e8d
[38;5;74m[5bd3e25b][0m[38;5;86m[HTTP][0m [37m<-- GET /wd/hub/session/5bd3e25b-9d53-47e6-a11c-2117cab86e8d/element/00000000-0000-0892-ffff-ffff0000010c/rect [39m[32m200[39m [90m31 ms - 102[39m [90m[39m
[38;5;74m[5bd3e25b][0m[38;5;86m[HTTP][0m [37m-->[39m [37mPOST[39m [37m/wd/hub/session/5bd3e25b-9d53-47e6-a11c-2117cab86e8d/timeouts[39m [90m{"implicit":40000}[39m
[38;5;74m[5bd3e25b][0m[38;5;86m[HTTP][0m [37m<-- POST /wd/hub/session/5bd3e25b-9d53-47e6-a11c-2117cab86e8d/timeouts [39m[32m200[39m [90m1 ms - 14[39m [90m[39m
[38;5;74m[5bd3e25b][0m[38;5;86m[HTTP][0m [37m-->[39m [37mPOST[39m [37m/wd/hub/session/5bd3e25b-9d53-47e6-a11c-2117cab86e8d/element/00000000-0000-0892-ffff-ffff0000010c/click[39m [90m{"id":"00000000-0000-0892-ffff-ffff0000010c"}[39m
[38;5;74m[5bd3e25b][0m[38;5;86m[HTTP][0m [37m<-- POST /wd/hub/session/5bd3e25b-9d53-47e6-a11c-2117cab86e8d/element/00000000-0000-0892-ffff-ffff0000010c/click [39m[32m200[39m [90m73 ms - 14[39m [90m[39m
[38;5;74m[5bd3e25b][0m[38;5;86m[HTTP][0m [37m-->[39m [37mPOST[39m [37m/wd/hub/session/5bd3e25b-9d53-47e6-a11c-2117cab86e8d/timeouts[39m [90m{"implicit":50}[39m
[38;5;74m[5bd3e25b][0m[38;5;86m[HTTP][0m [37m<-- POST /wd/hub/session/5bd3e25b-9d53-47e6-a11c-2117cab86e8d/timeouts [39m[32m200[39m [90m1 ms - 14[39m [90m[39m
[38;5;74m[5bd3e25b][0m[38;5;86m[HTTP][0m [37m-->[39m [37mGET[39m [37m/wd/hub/session/5bd3e25b-9d53-47e6-a11c-2117cab86e8d/window/rect[39m [90m{}[39m
[38;5;74m[5bd3e25b][0m[38;5;86m[HTTP][0m [37m<-- GET /wd/hub/session/5bd3e25b-9d53-47e6-a11c-2117cab86e8d/window/rect [39m[32m200[39m [90m37 ms - 49[39m [90m[39m
[38;5;74m[5bd3e25b][0m[38;5;86m[HTTP][0m [37m-->[39m [37mPOST[39m [37m/wd/hub/session/5bd3e25b-9d53-47e6-a11c-2117cab86e8d/elements[39m [90m{"using":"xpath","value":"//*[@class = 'android.widget.ImageView' and (@text = '' or . = '')]"}[39m
[38;5;74m[5bd3e25b][0m[38;5;86m[HTTP][0m [37m<-- POST /wd/hub/session/5bd3e25b-9d53-47e6-a11c-2117cab86e8d/elements [39m[32m200[39m [90m424 ms - 1291[39m [90m[39m
[38;5;74m[5bd3e25b][0m[38;5;86m[HTTP][0m [37m-->[39m [37mGET[39m [37m/wd/hub/session/5bd3e25b-9d53-47e6-a11c-2117cab86e8d/element/00000000-0000-0892-ffff-ffff000000e5/rect[39m [90m{}[39m
[38;5;74m[5bd3e25b][0m[38;5;4m[AndroidUiautomator2Driver@9dc3][0m Driver proxy active, passing request on via HTTP proxy
[38;5;74m[5bd3e25b][0m[38;5;4m[AndroidUiautomator2Driver@9dc3][0m Replacing sessionId 44f4dea9-3588-4a0c-accb-e485c2478779 with 5bd3e25b-9d53-47e6-a11c-2117cab86e8d
[38;5;74m[5bd3e25b][0m[38;5;86m[HTTP][0m [37m<-- GET /wd/hub/session/5bd3e25b-9d53-47e6-a11c-2117cab86e8d/element/00000000-0000-0892-ffff-ffff000000e5/rect [39m[32m200[39m [90m1117 ms - 99[39m [90m[39m
[38;5;74m[5bd3e25b][0m[38;5;86m[HTTP][0m [37m-->[39m [37mPOST[39m [37m/wd/hub/session/5bd3e25b-9d53-47e6-a11c-2117cab86e8d/timeouts[39m [90m{"implicit":40000}[39m
[38;5;74m[5bd3e25b][0m[38;5;86m[HTTP][0m [37m<-- POST /wd/hub/session/5bd3e25b-9d53-47e6-a11c-2117cab86e8d/timeouts [39m[32m200[39m [90m1 ms - 14[39m [90m[39m
[38;5;74m[5bd3e25b][0m[38;5;86m[HTTP][0m [37m-->[39m [37mPOST[39m [37m/wd/hub/session/5bd3e25b-9d53-47e6-a11c-2117cab86e8d/element/00000000-0000-0892-ffff-ffff000000e5/click[39m [90m{"id":"00000000-0000-0892-ffff-ffff000000e5"}[39m
[38;5;74m[5bd3e25b][0m[38;5;86m[HTTP][0m [37m<-- POST /wd/hub/session/5bd3e25b-9d53-47e6-a11c-2117cab86e8d/element/00000000-0000-0892-ffff-ffff000000e5/click [39m[32m200[39m [90m89 ms - 14[39m [90m[39m
[38;5;74m[5bd3e25b][0m[38;5;86m[HTTP][0m [37m-->[39m [37mPOST[39m [37m/wd/hub/session/5bd3e25b-9d53-47e6-a11c-2117cab86e8d/timeouts[39m [90m{"implicit":50}[39m
[38;5;74m[5bd3e25b][0m[38;5;86m[HTTP][0m [37m<-- POST /wd/hub/session/5bd3e25b-9d53-47e6-a11c-2117cab86e8d/timeouts [39m[32m200[39m [90m1 ms - 14[39m [90m[39m
[38;5;74m[5bd3e25b][0m[38;5;86m[HTTP][0m [37m-->[39m [37mGET[39m [37m/wd/hub/session/5bd3e25b-9d53-47e6-a11c-2117cab86e8d/window/rect[39m [90m{}[39m
[38;5;74m[5bd3e25b][0m[38;5;86m[HTTP][0m [37m<-- GET /wd/hub/session/5bd3e25b-9d53-47e6-a11c-2117cab86e8d/window/rect [39m[32m200[39m [90m32 ms - 49[39m [90m[39m
[38;5;74m[5bd3e25b][0m[38;5;86m[HTTP][0m [37m-->[39m [37mPOST[39m [37m/wd/hub/session/5bd3e25b-9d53-47e6-a11c-2117cab86e8d/elements[39m [90m{"using":"xpath","value":"//*[@class = 'android.widget.TextView' and (@text = 'Amenities' or . = 'Amenities')]"}[39m
[38;5;74m[5bd3e25b][0m[38;5;86m[HTTP][0m [37m<-- POST /wd/hub/session/5bd3e25b-9d53-47e6-a11c-2117cab86e8d/elements [39m[32m200[39m [90m826 ms - 395[39m [90m[39m
[38;5;74m[5bd3e25b][0m[38;5;86m[HTTP][0m [37m-->[39m [37mGET[39m [37m/wd/hub/session/5bd3e25b-9d53-47e6-a11c-2117cab86e8d/element/00000000-0000-0892-ffff-ffff000000f3/rect[39m [90m{}[39m
[38;5;74m[5bd3e25b][0m[38;5;4m[AndroidUiautomator2Driver@9dc3][0m Driver proxy active, passing request on via HTTP proxy
[38;5;74m[5bd3e25b][0m[38;5;4m[AndroidUiautomator2Driver@9dc3][0m Replacing sessionId 44f4dea9-3588-4a0c-accb-e485c2478779 with 5bd3e25b-9d53-47e6-a11c-2117cab86e8d
[38;5;74m[5bd3e25b][0m[38;5;86m[HTTP][0m [37m<-- GET /wd/hub/session/5bd3e25b-9d53-47e6-a11c-2117cab86e8d/element/00000000-0000-0892-ffff-ffff000000f3/rect [39m[32m200[39m [90m784 ms - 103[39m [90m[39m
[38;5;74m[5bd3e25b][0m[38;5;86m[HTTP][0m [37m-->[39m [37mPOST[39m [37m/wd/hub/session/5bd3e25b-9d53-47e6-a11c-2117cab86e8d/timeouts[39m [90m{"implicit":40000}[39m
[38;5;74m[5bd3e25b][0m[38;5;86m[HTTP][0m [37m<-- POST /wd/hub/session/5bd3e25b-9d53-47e6-a11c-2117cab86e8d/timeouts [39m[32m200[39m [90m1 ms - 14[39m [90m[39m
[38;5;74m[5bd3e25b][0m[38;5;86m[HTTP][0m [37m-->[39m [37mPOST[39m [37m/wd/hub/session/5bd3e25b-9d53-47e6-a11c-2117cab86e8d/element/00000000-0000-0892-ffff-ffff000000f3/click[39m [90m{"id":"00000000-0000-0892-ffff-ffff000000f3"}[39m
[38;5;74m[5bd3e25b][0m[38;5;86m[HTTP][0m [37m<-- POST /wd/hub/session/5bd3e25b-9d53-47e6-a11c-2117cab86e8d/element/00000000-0000-0892-ffff-ffff000000f3/click [39m[32m200[39m [90m87 ms - 14[39m [90m[39m
[38;5;74m[5bd3e25b][0m[38;5;86m[HTTP][0m [37m-->[39m [37mPOST[39m [37m/wd/hub/session/5bd3e25b-9d53-47e6-a11c-2117cab86e8d/timeouts[39m [90m{"implicit":50}[39m
[38;5;74m[5bd3e25b][0m[38;5;86m[HTTP][0m [37m<-- POST /wd/hub/session/5bd3e25b-9d53-47e6-a11c-2117cab86e8d/timeouts [39m[32m200[39m [90m1 ms - 14[39m [90m[39m
[38;5;74m[5bd3e25b][0m[38;5;86m[HTTP][0m [37m-->[39m [37mGET[39m [37m/wd/hub/session/5bd3e25b-9d53-47e6-a11c-2117cab86e8d/window/rect[39m [90m{}[39m
[38;5;74m[5bd3e25b][0m[38;5;86m[HTTP][0m [37m<-- GET /wd/hub/session/5bd3e25b-9d53-47e6-a11c-2117cab86e8d/window/rect [39m[32m200[39m [90m32 ms - 49[39m [90m[39m
[38;5;74m[5bd3e25b][0m[38;5;86m[HTTP][0m [37m-->[39m [37mPOST[39m [37m/wd/hub/session/5bd3e25b-9d53-47e6-a11c-2117cab86e8d/elements[39m [90m{"using":"xpath","value":"//*[@class = 'android.widget.TextView' and (@text = 'Baby Strollers' or . = 'Baby Strollers')]"}[39m
[38;5;74m[5bd3e25b][0m[38;5;86m[HTTP][0m [37m<-- POST /wd/hub/session/5bd3e25b-9d53-47e6-a11c-2117cab86e8d/elements [39m[32m200[39m [90m380 ms - 12[39m [90m[39m
[38;5;74m[5bd3e25b][0m[38;5;86m[HTTP][0m [37m-->[39m [37mPOST[39m [37m/wd/hub/session/5bd3e25b-9d53-47e6-a11c-2117cab86e8d/elements[39m [90m{"using":"xpath","value":"//*[@class = 'android.widget.TextView' and (@text = 'Baby Strollers' or . = 'Baby Strollers')]"}[39m
[38;5;74m[5bd3e25b][0m[38;5;86m[HTTP][0m [37m<-- POST /wd/hub/session/5bd3e25b-9d53-47e6-a11c-2117cab86e8d/elements [39m[32m200[39m [90m1698 ms - 139[39m [90m[39m
[38;5;74m[5bd3e25b][0m[38;5;86m[HTTP][0m [37m-->[39m [37mGET[39m [37m/wd/hub/session/5bd3e25b-9d53-47e6-a11c-2117cab86e8d/element/00000000-0000-0892-ffff-ffff000001d6/rect[39m [90m{}[39m
[38;5;74m[5bd3e25b][0m[38;5;4m[AndroidUiautomator2Driver@9dc3][0m Driver proxy active, passing request on via HTTP proxy
[38;5;74m[5bd3e25b][0m[38;5;4m[AndroidUiautomator2Driver@9dc3][0m Replacing sessionId 44f4dea9-3588-4a0c-accb-e485c2478779 with 5bd3e25b-9d53-47e6-a11c-2117cab86e8d
[38;5;74m[5bd3e25b][0m[38;5;86m[HTTP][0m [37m<-- GET /wd/hub/session/5bd3e25b-9d53-47e6-a11c-2117cab86e8d/element/00000000-0000-0892-ffff-ffff000001d6/rect [39m[32m200[39m [90m29 ms - 101[39m [90m[39m
[38;5;74m[5bd3e25b][0m[38;5;86m[HTTP][0m [37m-->[39m [37mPOST[39m [37m/wd/hub/session/5bd3e25b-9d53-47e6-a11c-2117cab86e8d/timeouts[39m [90m{"implicit":40000}[39m
[38;5;74m[5bd3e25b][0m[38;5;86m[HTTP][0m [37m<-- POST /wd/hub/session/5bd3e25b-9d53-47e6-a11c-2117cab86e8d/timeouts [39m[32m200[39m [90m1 ms - 14[39m [90m[39m
[38;5;74m[5bd3e25b][0m[38;5;86m[HTTP][0m [37m-->[39m [37mPOST[39m [37m/wd/hub/session/5bd3e25b-9d53-47e6-a11c-2117cab86e8d/element/00000000-0000-0892-ffff-ffff000001d6/click[39m [90m{"id":"00000000-0000-0892-ffff-ffff000001d6"}[39m
[38;5;74m[5bd3e25b][0m[38;5;86m[HTTP][0m [37m<-- POST /wd/hub/session/5bd3e25b-9d53-47e6-a11c-2117cab86e8d/element/00000000-0000-0892-ffff-ffff000001d6/click [39m[32m200[39m [90m92 ms - 14[39m [90m[39m
[38;5;74m[5bd3e25b][0m[38;5;86m[HTTP][0m [37m-->[39m [37mPOST[39m [37m/wd/hub/session/5bd3e25b-9d53-47e6-a11c-2117cab86e8d/timeouts[39m [90m{"implicit":50}[39m
[38;5;74m[5bd3e25b][0m[38;5;86m[HTTP][0m [37m<-- POST /wd/hub/session/5bd3e25b-9d53-47e6-a11c-2117cab86e8d/timeouts [39m[32m200[39m [90m1 ms - 14[39m [90m[39m
[38;5;74m[5bd3e25b][0m[38;5;86m[HTTP][0m [37m-->[39m [37mGET[39m [37m/wd/hub/session/5bd3e25b-9d53-47e6-a11c-2117cab86e8d/window/rect[39m [90m{}[39m
[38;5;74m[5bd3e25b][0m[38;5;86m[HTTP][0m [37m<-- GET /wd/hub/session/5bd3e25b-9d53-47e6-a11c-2117cab86e8d/window/rect [39m[32m200[39m [90m29 ms - 49[39m [90m[39m
[38;5;74m[5bd3e25b][0m[38;5;86m[HTTP][0m [37m-->[39m [37mPOST[39m [37m/wd/hub/session/5bd3e25b-9d53-47e6-a11c-2117cab86e8d/elements[39m [90m{"using":"xpath","value":"//*[@class = 'android.widget.ImageView' and (@text = '' or . = '')]"}[39m
[38;5;74m[5bd3e25b][0m[38;5;86m[HTTP][0m [37m<-- POST /wd/hub/session/5bd3e25b-9d53-47e6-a11c-2117cab86e8d/elements [39m[32m200[39m [90m383 ms - 1291[39m [90m[39m
[38;5;74m[5bd3e25b][0m[38;5;86m[HTTP][0m [37m-->[39m [37mGET[39m [37m/wd/hub/session/5bd3e25b-9d53-47e6-a11c-2117cab86e8d/element/00000000-0000-0892-ffff-ffff000001c0/rect[39m [90m{}[39m
[38;5;74m[5bd3e25b][0m[38;5;4m[AndroidUiautomator2Driver@9dc3][0m Driver proxy active, passing request on via HTTP proxy
[38;5;74m[5bd3e25b][0m[38;5;4m[AndroidUiautomator2Driver@9dc3][0m Replacing sessionId 44f4dea9-3588-4a0c-accb-e485c2478779 with 5bd3e25b-9d53-47e6-a11c-2117cab86e8d
[38;5;74m[5bd3e25b][0m[38;5;86m[HTTP][0m [37m<-- GET /wd/hub/session/5bd3e25b-9d53-47e6-a11c-2117cab86e8d/element/00000000-0000-0892-ffff-ffff000001c0/rect [39m[32m200[39m [90m1490 ms - 99[39m [90m[39m
[38;5;74m[5bd3e25b][0m[38;5;86m[HTTP][0m [37m-->[39m [37mPOST[39m [37m/wd/hub/session/5bd3e25b-9d53-47e6-a11c-2117cab86e8d/timeouts[39m [90m{"implicit":40000}[39m
[38;5;74m[5bd3e25b][0m[38;5;86m[HTTP][0m [37m<-- POST /wd/hub/session/5bd3e25b-9d53-47e6-a11c-2117cab86e8d/timeouts [39m[32m200[39m [90m1 ms - 14[39m [90m[39m
[38;5;74m[5bd3e25b][0m[38;5;86m[HTTP][0m [37m-->[39m [37mPOST[39m [37m/wd/hub/session/5bd3e25b-9d53-47e6-a11c-2117cab86e8d/element/00000000-0000-0892-ffff-ffff000001c0/click[39m [90m{"id":"00000000-0000-0892-ffff-ffff000001c0"}[39m
[38;5;74m[5bd3e25b][0m[38;5;86m[HTTP][0m [37m<-- POST /wd/hub/session/5bd3e25b-9d53-47e6-a11c-2117cab86e8d/element/00000000-0000-0892-ffff-ffff000001c0/click [39m[32m200[39m [90m82 ms - 14[39m [90m[39m
[38;5;74m[5bd3e25b][0m[38;5;86m[HTTP][0m [37m-->[39m [37mPOST[39m [37m/wd/hub/session/5bd3e25b-9d53-47e6-a11c-2117cab86e8d/timeouts[39m [90m{"implicit":50}[39m
[38;5;74m[5bd3e25b][0m[38;5;86m[HTTP][0m [37m<-- POST /wd/hub/session/5bd3e25b-9d53-47e6-a11c-2117cab86e8d/timeouts [39m[32m200[39m [90m1 ms - 14[39m [90m[39m
[38;5;74m[5bd3e25b][0m[38;5;86m[HTTP][0m [37m-->[39m [37mGET[39m [37m/wd/hub/session/5bd3e25b-9d53-47e6-a11c-2117cab86e8d/window/rect[39m [90m{}[39m
[38;5;74m[5bd3e25b][0m[38;5;86m[HTTP][0m [37m<-- GET /wd/hub/session/5bd3e25b-9d53-47e6-a11c-2117cab86e8d/window/rect [39m[32m200[39m [90m30 ms - 49[39m [90m[39m
[38;5;74m[5bd3e25b][0m[38;5;86m[HTTP][0m [37m-->[39m [37mPOST[39m [37m/wd/hub/session/5bd3e25b-9d53-47e6-a11c-2117cab86e8d/elements[39m [90m{"using":"xpath","value":"//*[@class = 'android.widget.TextView' and (@text = 'Handicapped Bathrooms' or . = 'Handicapped Bathrooms')]"}[39m
[38;5;74m[5bd3e25b][0m[38;5;86m[HTTP][0m [37m<-- POST /wd/hub/session/5bd3e25b-9d53-47e6-a11c-2117cab86e8d/elements [39m[32m200[39m [90m927 ms - 139[39m [90m[39m
[38;5;74m[5bd3e25b][0m[38;5;86m[HTTP][0m [37m-->[39m [37mGET[39m [37m/wd/hub/session/5bd3e25b-9d53-47e6-a11c-2117cab86e8d/element/00000000-0000-0892-ffff-ffff000001da/rect[39m [90m{}[39m
[38;5;74m[5bd3e25b][0m[38;5;4m[AndroidUiautomator2Driver@9dc3][0m Driver proxy active, passing request on via HTTP proxy
[38;5;74m[5bd3e25b][0m[38;5;4m[AndroidUiautomator2Driver@9dc3][0m Replacing sessionId 44f4dea9-3588-4a0c-accb-e485c2478779 with 5bd3e25b-9d53-47e6-a11c-2117cab86e8d
[38;5;74m[5bd3e25b][0m[38;5;86m[HTTP][0m [37m<-- GET /wd/hub/session/5bd3e25b-9d53-47e6-a11c-2117cab86e8d/element/00000000-0000-0892-ffff-ffff000001da/rect [39m[32m200[39m [90m197 ms - 102[39m [90m[39m
[38;5;74m[5bd3e25b][0m[38;5;86m[HTTP][0m [37m-->[39m [37mPOST[39m [37m/wd/hub/session/5bd3e25b-9d53-47e6-a11c-2117cab86e8d/timeouts[39m [90m{"implicit":40000}[39m
[38;5;74m[5bd3e25b][0m[38;5;86m[HTTP][0m [37m<-- POST /wd/hub/session/5bd3e25b-9d53-47e6-a11c-2117cab86e8d/timeouts [39m[32m200[39m [90m1 ms - 14[39m [90m[39m
[38;5;74m[5bd3e25b][0m[38;5;86m[HTTP][0m [37m-->[39m [37mPOST[39m [37m/wd/hub/session/5bd3e25b-9d53-47e6-a11c-2117cab86e8d/element/00000000-0000-0892-ffff-ffff000001da/click[39m [90m{"id":"00000000-0000-0892-ffff-ffff000001da"}[39m
[38;5;74m[5bd3e25b][0m[38;5;86m[HTTP][0m [37m<-- POST /wd/hub/session/5bd3e25b-9d53-47e6-a11c-2117cab86e8d/element/00000000-0000-0892-ffff-ffff000001da/click [39m[32m200[39m [90m72 ms - 14[39m [90m[39m
[38;5;74m[5bd3e25b][0m[38;5;86m[HTTP][0m [37m-->[39m [37mPOST[39m [37m/wd/hub/session/5bd3e25b-9d53-47e6-a11c-2117cab86e8d/timeouts[39m [90m{"implicit":50}[39m
[38;5;74m[5bd3e25b][0m[38;5;86m[HTTP][0m [37m<-- POST /wd/hub/session/5bd3e25b-9d53-47e6-a11c-2117cab86e8d/timeouts [39m[32m200[39m [90m1 ms - 14[39m [90m[39m
[38;5;74m[5bd3e25b][0m[38;5;86m[HTTP][0m [37m-->[39m [37mGET[39m [37m/wd/hub/session/5bd3e25b-9d53-47e6-a11c-2117cab86e8d/window/rect[39m [90m{}[39m
[38;5;74m[5bd3e25b][0m[38;5;86m[HTTP][0m [37m<-- GET /wd/hub/session/5bd3e25b-9d53-47e6-a11c-2117cab86e8d/window/rect [39m[32m200[39m [90m17 ms - 49[39m [90m[39m
[38;5;74m[5bd3e25b][0m[38;5;86m[HTTP][0m [37m-->[39m [37mPOST[39m [37m/wd/hub/session/5bd3e25b-9d53-47e6-a11c-2117cab86e8d/elements[39m [90m{"using":"xpath","value":"//*[@class = 'android.widget.ImageView' and (@text = '' or . = '')]"}[39m
[38;5;74m[5bd3e25b][0m[38;5;86m[HTTP][0m [37m<-- POST /wd/hub/session/5bd3e25b-9d53-47e6-a11c-2117cab86e8d/elements [39m[32m200[39m [90m1761 ms - 1035[39m [90m[39m
[38;5;74m[5bd3e25b][0m[38;5;86m[HTTP][0m [37m-->[39m [37mGET[39m [37m/wd/hub/session/5bd3e25b-9d53-47e6-a11c-2117cab86e8d/element/00000000-0000-0892-ffff-ffff00000214/rect[39m [90m{}[39m
[38;5;74m[5bd3e25b][0m[38;5;4m[AndroidUiautomator2Driver@9dc3][0m Driver proxy active, passing request on via HTTP proxy
[38;5;74m[5bd3e25b][0m[38;5;4m[AndroidUiautomator2Driver@9dc3][0m Replacing sessionId 44f4dea9-3588-4a0c-accb-e485c2478779 with 5bd3e25b-9d53-47e6-a11c-2117cab86e8d
[38;5;74m[5bd3e25b][0m[38;5;86m[HTTP][0m [37m<-- GET /wd/hub/session/5bd3e25b-9d53-47e6-a11c-2117cab86e8d/element/00000000-0000-0892-ffff-ffff00000214/rect [39m[32m200[39m [90m25 ms - 99[39m [90m[39m
[38;5;74m[5bd3e25b][0m[38;5;86m[HTTP][0m [37m-->[39m [37mPOST[39m [37m/wd/hub/session/5bd3e25b-9d53-47e6-a11c-2117cab86e8d/timeouts[39m [90m{"implicit":40000}[39m
[38;5;74m[5bd3e25b][0m[38;5;86m[HTTP][0m [37m<-- POST /wd/hub/session/5bd3e25b-9d53-47e6-a11c-2117cab86e8d/timeouts [39m[32m200[39m [90m1 ms - 14[39m [90m[39m
[38;5;74m[5bd3e25b][0m[38;5;86m[HTTP][0m [37m-->[39m [37mPOST[39m [37m/wd/hub/session/5bd3e25b-9d53-47e6-a11c-2117cab86e8d/element/00000000-0000-0892-ffff-ffff00000214/click[39m [90m{"id":"00000000-0000-0892-ffff-ffff00000214"}[39m
[38;5;74m[5bd3e25b][0m[38;5;86m[HTTP][0m [37m<-- POST /wd/hub/session/5bd3e25b-9d53-47e6-a11c-2117cab86e8d/element/00000000-0000-0892-ffff-ffff00000214/click [39m[32m200[39m [90m69 ms - 14[39m [90m[39m
[38;5;74m[5bd3e25b][0m[38;5;86m[HTTP][0m [37m-->[39m [37mPOST[39m [37m/wd/hub/session/5bd3e25b-9d53-47e6-a11c-2117cab86e8d/timeouts[39m [90m{"implicit":50}[39m
[38;5;74m[5bd3e25b][0m[38;5;86m[HTTP][0m [37m<-- POST /wd/hub/session/5bd3e25b-9d53-47e6-a11c-2117cab86e8d/timeouts [39m[32m200[39m [90m1 ms - 14[39m [90m[39m
[38;5;74m[5bd3e25b][0m[38;5;86m[HTTP][0m [37m-->[39m [37mGET[39m [37m/wd/hub/session/5bd3e25b-9d53-47e6-a11c-2117cab86e8d/window/rect[39m [90m{}[39m
[38;5;74m[5bd3e25b][0m[38;5;86m[HTTP][0m [37m<-- GET /wd/hub/session/5bd3e25b-9d53-47e6-a11c-2117cab86e8d/window/rect [39m[32m200[39m [90m30 ms - 49[39m [90m[39m
[38;5;74m[5bd3e25b][0m[38;5;86m[HTTP][0m [37m-->[39m [37mPOST[39m [37m/wd/hub/session/5bd3e25b-9d53-47e6-a11c-2117cab86e8d/elements[39m [90m{"using":"xpath","value":"//*[@class = 'android.widget.TextView' and (@text = concat(\"Parent\" , \"'\" , \"s rooms\") or . = concat(\"Parent\" , \"'\" , \"s rooms\"))]"}[39m
[38;5;74m[5bd3e25b][0m[38;5;86m[HTTP][0m [37m<-- POST /wd/hub/session/5bd3e25b-9d53-47e6-a11c-2117cab86e8d/elements [39m[32m200[39m [90m1047 ms - 139[39m [90m[39m
[38;5;74m[5bd3e25b][0m[38;5;86m[HTTP][0m [37m-->[39m [37mGET[39m [37m/wd/hub/session/5bd3e25b-9d53-47e6-a11c-2117cab86e8d/element/00000000-0000-0892-ffff-ffff000001de/rect[39m [90m{}[39m
[38;5;74m[5bd3e25b][0m[38;5;4m[AndroidUiautomator2Driver@9dc3][0m Driver proxy active, passing request on via HTTP proxy
[38;5;74m[5bd3e25b][0m[38;5;4m[AndroidUiautomator2Driver@9dc3][0m Replacing sessionId 44f4dea9-3588-4a0c-accb-e485c2478779 with 5bd3e25b-9d53-47e6-a11c-2117cab86e8d
[38;5;74m[5bd3e25b][0m[38;5;86m[HTTP][0m [37m<-- GET /wd/hub/session/5bd3e25b-9d53-47e6-a11c-2117cab86e8d/element/00000000-0000-0892-ffff-ffff000001de/rect [39m[32m200[39m [90m75 ms - 102[39m [90m[39m
[38;5;74m[5bd3e25b][0m[38;5;86m[HTTP][0m [37m-->[39m [37mPOST[39m [37m/wd/hub/session/5bd3e25b-9d53-47e6-a11c-2117cab86e8d/timeouts[39m [90m{"implicit":40000}[39m
[38;5;74m[5bd3e25b][0m[38;5;86m[HTTP][0m [37m<-- POST /wd/hub/session/5bd3e25b-9d53-47e6-a11c-2117cab86e8d/timeouts [39m[32m200[39m [90m1 ms - 14[39m [90m[39m
[38;5;74m[5bd3e25b][0m[38;5;86m[HTTP][0m [37m-->[39m [37mPOST[39m [37m/wd/hub/session/5bd3e25b-9d53-47e6-a11c-2117cab86e8d/element/00000000-0000-0892-ffff-ffff000001de/click[39m [90m{"id":"00000000-0000-0892-ffff-ffff000001de"}[39m
[38;5;74m[5bd3e25b][0m[38;5;86m[HTTP][0m [37m<-- POST /wd/hub/session/5bd3e25b-9d53-47e6-a11c-2117cab86e8d/element/00000000-0000-0892-ffff-ffff000001de/click [39m[32m200[39m [90m1587 ms - 14[39m [90m[39m
[38;5;74m[5bd3e25b][0m[38;5;86m[HTTP][0m [37m-->[39m [37mPOST[39m [37m/wd/hub/session/5bd3e25b-9d53-47e6-a11c-2117cab86e8d/timeouts[39m [90m{"implicit":50}[39m
[38;5;74m[5bd3e25b][0m[38;5;86m[HTTP][0m [37m<-- POST /wd/hub/session/5bd3e25b-9d53-47e6-a11c-2117cab86e8d/timeouts [39m[32m200[39m [90m1 ms - 14[39m [90m[39m
[38;5;74m[5bd3e25b][0m[38;5;86m[HTTP][0m [37m-->[39m [37mGET[39m [37m/wd/hub/session/5bd3e25b-9d53-47e6-a11c-2117cab86e8d/window/rect[39m [90m{}[39m
[38;5;74m[5bd3e25b][0m[38;5;86m[HTTP][0m [37m<-- GET /wd/hub/session/5bd3e25b-9d53-47e6-a11c-2117cab86e8d/window/rect [39m[32m200[39m [90m30 ms - 49[39m [90m[39m
[38;5;74m[5bd3e25b][0m[38;5;86m[HTTP][0m [37m-->[39m [37mPOST[39m [37m/wd/hub/session/5bd3e25b-9d53-47e6-a11c-2117cab86e8d/elements[39m [90m{"using":"xpath","value":"//*[@class = 'android.widget.ImageView' and (@text = '' or . = '')]"}[39m
[38;5;74m[5bd3e25b][0m[38;5;86m[HTTP][0m [37m<-- POST /wd/hub/session/5bd3e25b-9d53-47e6-a11c-2117cab86e8d/elements [39m[32m200[39m [90m306 ms - 1035[39m [90m[39m
[38;5;74m[5bd3e25b][0m[38;5;86m[HTTP][0m [37m-->[39m [37mGET[39m [37m/wd/hub/session/5bd3e25b-9d53-47e6-a11c-2117cab86e8d/element/00000000-0000-0892-ffff-ffff00000235/rect[39m [90m{}[39m
[38;5;74m[5bd3e25b][0m[38;5;4m[AndroidUiautomator2Driver@9dc3][0m Driver proxy active, passing request on via HTTP proxy
[38;5;74m[5bd3e25b][0m[38;5;4m[AndroidUiautomator2Driver@9dc3][0m Replacing sessionId 44f4dea9-3588-4a0c-accb-e485c2478779 with 5bd3e25b-9d53-47e6-a11c-2117cab86e8d
[38;5;74m[5bd3e25b][0m[38;5;86m[HTTP][0m [37m<-- GET /wd/hub/session/5bd3e25b-9d53-47e6-a11c-2117cab86e8d/element/00000000-0000-0892-ffff-ffff00000235/rect [39m[32m200[39m [90m27 ms - 99[39m [90m[39m
[38;5;74m[5bd3e25b][0m[38;5;86m[HTTP][0m [37m-->[39m [37mPOST[39m [37m/wd/hub/session/5bd3e25b-9d53-47e6-a11c-2117cab86e8d/timeouts[39m [90m{"implicit":40000}[39m
[38;5;74m[5bd3e25b][0m[38;5;86m[HTTP][0m [37m<-- POST /wd/hub/session/5bd3e25b-9d53-47e6-a11c-2117cab86e8d/timeouts [39m[32m200[39m [90m1 ms - 14[39m [90m[39m
[38;5;74m[5bd3e25b][0m[38;5;86m[HTTP][0m [37m-->[39m [37mPOST[39m [37m/wd/hub/session/5bd3e25b-9d53-47e6-a11c-2117cab86e8d/element/00000000-0000-0892-ffff-ffff00000235/click[39m [90m{"id":"00000000-0000-0892-ffff-ffff00000235"}[39m
[38;5;74m[5bd3e25b][0m[38;5;86m[HTTP][0m [37m<-- POST /wd/hub/session/5bd3e25b-9d53-47e6-a11c-2117cab86e8d/element/00000000-0000-0892-ffff-ffff00000235/click [39m[32m200[39m [90m77 ms - 14[39m [90m[39m
[38;5;74m[5bd3e25b][0m[38;5;86m[HTTP][0m [37m-->[39m [37mPOST[39m [37m/wd/hub/session/5bd3e25b-9d53-47e6-a11c-2117cab86e8d/timeouts[39m [90m{"implicit":50}[39m
[38;5;74m[5bd3e25b][0m[38;5;86m[HTTP][0m [37m<-- POST /wd/hub/session/5bd3e25b-9d53-47e6-a11c-2117cab86e8d/timeouts [39m[32m200[39m [90m1 ms - 14[39m [90m[39m
[38;5;74m[5bd3e25b][0m[38;5;86m[HTTP][0m [37m-->[39m [37mGET[39m [37m/wd/hub/session/5bd3e25b-9d53-47e6-a11c-2117cab86e8d/window/rect[39m [90m{}[39m
[38;5;74m[5bd3e25b][0m[38;5;86m[HTTP][0m [37m<-- GET /wd/hub/session/5bd3e25b-9d53-47e6-a11c-2117cab86e8d/window/rect [39m[32m200[39m [90m28 ms - 49[39m [90m[39m
[38;5;74m[5bd3e25b][0m[38;5;86m[HTTP][0m [37m-->[39m [37mPOST[39m [37m/wd/hub/session/5bd3e25b-9d53-47e6-a11c-2117cab86e8d/elements[39m [90m{"using":"xpath","value":"//*[@class = 'android.widget.TextView' and (@text = 'Surau' or . = 'Surau')]"}[39m
[38;5;74m[5bd3e25b][0m[38;5;86m[HTTP][0m [37m<-- POST /wd/hub/session/5bd3e25b-9d53-47e6-a11c-2117cab86e8d/elements [39m[32m200[39m [90m816 ms - 12[39m [90m[39m
[38;5;74m[5bd3e25b][0m[38;5;86m[HTTP][0m [37m-->[39m [37mPOST[39m [37m/wd/hub/session/5bd3e25b-9d53-47e6-a11c-2117cab86e8d/elements[39m [90m{"using":"xpath","value":"//*[@class = 'android.widget.TextView' and (@text = 'Surau' or . = 'Surau')]"}[39m
[38;5;74m[5bd3e25b][0m[38;5;86m[HTTP][0m [37m<-- POST /wd/hub/session/5bd3e25b-9d53-47e6-a11c-2117cab86e8d/elements [39m[32m200[39m [90m986 ms - 139[39m [90m[39m
[38;5;74m[5bd3e25b][0m[38;5;86m[HTTP][0m [37m-->[39m [37mGET[39m [37m/wd/hub/session/5bd3e25b-9d53-47e6-a11c-2117cab86e8d/element/00000000-0000-0892-ffff-ffff000001e3/rect[39m [90m{}[39m
[38;5;74m[5bd3e25b][0m[38;5;4m[AndroidUiautomator2Driver@9dc3][0m Driver proxy active, passing request on via HTTP proxy
[38;5;74m[5bd3e25b][0m[38;5;4m[AndroidUiautomator2Driver@9dc3][0m Replacing sessionId 44f4dea9-3588-4a0c-accb-e485c2478779 with 5bd3e25b-9d53-47e6-a11c-2117cab86e8d
[38;5;74m[5bd3e25b][0m[38;5;86m[HTTP][0m [37m<-- GET /wd/hub/session/5bd3e25b-9d53-47e6-a11c-2117cab86e8d/element/00000000-0000-0892-ffff-ffff000001e3/rect [39m[32m200[39m [90m25 ms - 100[39m [90m[39m
[38;5;74m[5bd3e25b][0m[38;5;86m[HTTP][0m [37m-->[39m [37mPOST[39m [37m/wd/hub/session/5bd3e25b-9d53-47e6-a11c-2117cab86e8d/timeouts[39m [90m{"implicit":40000}[39m
[38;5;74m[5bd3e25b][0m[38;5;86m[HTTP][0m [37m<-- POST /wd/hub/session/5bd3e25b-9d53-47e6-a11c-2117cab86e8d/timeouts [39m[32m200[39m [90m1 ms - 14[39m [90m[39m
[38;5;74m[5bd3e25b][0m[38;5;86m[HTTP][0m [37m-->[39m [37mPOST[39m [37m/wd/hub/session/5bd3e25b-9d53-47e6-a11c-2117cab86e8d/element/00000000-0000-0892-ffff-ffff000001e3/click[39m [90m{"id":"00000000-0000-0892-ffff-ffff000001e3"}[39m
[38;5;74m[5bd3e25b][0m[38;5;86m[HTTP][0m [37m<-- POST /wd/hub/session/5bd3e25b-9d53-47e6-a11c-2117cab86e8d/element/00000000-0000-0892-ffff-ffff000001e3/click [39m[32m200[39m [90m73 ms - 14[39m [90m[39m
[38;5;74m[5bd3e25b][0m[38;5;86m[HTTP][0m [37m-->[39m [37mPOST[39m [37m/wd/hub/session/5bd3e25b-9d53-47e6-a11c-2117cab86e8d/timeouts[39m [90m{"implicit":50}[39m
[38;5;74m[5bd3e25b][0m[38;5;86m[HTTP][0m [37m<-- POST /wd/hub/session/5bd3e25b-9d53-47e6-a11c-2117cab86e8d/timeouts [39m[32m200[39m [90m1 ms - 14[39m [90m[39m
[38;5;74m[5bd3e25b][0m[38;5;86m[HTTP][0m [37m-->[39m [37mGET[39m [37m/wd/hub/session/5bd3e25b-9d53-47e6-a11c-2117cab86e8d/window/rect[39m [90m{}[39m
[38;5;74m[5bd3e25b][0m[38;5;86m[HTTP][0m [37m<-- GET /wd/hub/session/5bd3e25b-9d53-47e6-a11c-2117cab86e8d/window/rect [39m[32m200[39m [90m23 ms - 49[39m [90m[39m
[38;5;74m[5bd3e25b][0m[38;5;86m[HTTP][0m [37m-->[39m [37mPOST[39m [37m/wd/hub/session/5bd3e25b-9d53-47e6-a11c-2117cab86e8d/elements[39m [90m{"using":"xpath","value":"//*[@class = 'android.widget.ImageView' and (@text = '' or . = '')]"}[39m
[38;5;74m[5bd3e25b][0m[38;5;86m[HTTP][0m [37m<-- POST /wd/hub/session/5bd3e25b-9d53-47e6-a11c-2117cab86e8d/elements [39m[32m200[39m [90m397 ms - 1291[39m [90m[39m
[38;5;74m[5bd3e25b][0m[38;5;86m[HTTP][0m [37m-->[39m [37mGET[39m [37m/wd/hub/session/5bd3e25b-9d53-47e6-a11c-2117cab86e8d/element/00000000-0000-0892-ffff-ffff000001c0/rect[39m [90m{}[39m
[38;5;74m[5bd3e25b][0m[38;5;4m[AndroidUiautomator2Driver@9dc3][0m Driver proxy active, passing request on via HTTP proxy
[38;5;74m[5bd3e25b][0m[38;5;4m[AndroidUiautomator2Driver@9dc3][0m Replacing sessionId 44f4dea9-3588-4a0c-accb-e485c2478779 with 5bd3e25b-9d53-47e6-a11c-2117cab86e8d
[38;5;74m[5bd3e25b][0m[38;5;86m[HTTP][0m [37m<-- GET /wd/hub/session/5bd3e25b-9d53-47e6-a11c-2117cab86e8d/element/00000000-0000-0892-ffff-ffff000001c0/rect [39m[32m200[39m [90m1337 ms - 99[39m [90m[39m
[38;5;74m[5bd3e25b][0m[38;5;86m[HTTP][0m [37m-->[39m [37mPOST[39m [37m/wd/hub/session/5bd3e25b-9d53-47e6-a11c-2117cab86e8d/timeouts[39m [90m{"implicit":40000}[39m
[38;5;74m[5bd3e25b][0m[38;5;86m[HTTP][0m [37m<-- POST /wd/hub/session/5bd3e25b-9d53-47e6-a11c-2117cab86e8d/timeouts [39m[32m200[39m [90m1 ms - 14[39m [90m[39m
[38;5;74m[5bd3e25b][0m[38;5;86m[HTTP][0m [37m-->[39m [37mPOST[39m [37m/wd/hub/session/5bd3e25b-9d53-47e6-a11c-2117cab86e8d/element/00000000-0000-0892-ffff-ffff000001c0/click[39m [90m{"id":"00000000-0000-0892-ffff-ffff000001c0"}[39m
[38;5;74m[5bd3e25b][0m[38;5;86m[HTTP][0m [37m<-- POST /wd/hub/session/5bd3e25b-9d53-47e6-a11c-2117cab86e8d/element/00000000-0000-0892-ffff-ffff000001c0/click [39m[32m200[39m [90m82 ms - 14[39m [90m[39m
[38;5;74m[5bd3e25b][0m[38;5;86m[HTTP][0m [37m-->[39m [37mPOST[39m [37m/wd/hub/session/5bd3e25b-9d53-47e6-a11c-2117cab86e8d/timeouts[39m [90m{"implicit":50}[39m
[38;5;74m[5bd3e25b][0m[38;5;86m[HTTP][0m [37m<-- POST /wd/hub/session/5bd3e25b-9d53-47e6-a11c-2117cab86e8d/timeouts [39m[32m200[39m [90m1 ms - 14[39m [90m[39m
[38;5;74m[5bd3e25b][0m[38;5;86m[HTTP][0m [37m-->[39m [37mGET[39m [37m/wd/hub/session/5bd3e25b-9d53-47e6-a11c-2117cab86e8d/window/rect[39m [90m{}[39m
[38;5;74m[5bd3e25b][0m[38;5;86m[HTTP][0m [37m<-- GET /wd/hub/session/5bd3e25b-9d53-47e6-a11c-2117cab86e8d/window/rect [39m[32m200[39m [90m24 ms - 49[39m [90m[39m
[38;5;74m[5bd3e25b][0m[38;5;86m[HTTP][0m [37m-->[39m [37mPOST[39m [37m/wd/hub/session/5bd3e25b-9d53-47e6-a11c-2117cab86e8d/elements[39m [90m{"using":"xpath","value":"//*[@class = 'android.widget.TextView' and (@text = 'Wheel Chairs' or . = 'Wheel Chairs')]"}[39m
[38;5;74m[5bd3e25b][0m[38;5;86m[HTTP][0m [37m<-- POST /wd/hub/session/5bd3e25b-9d53-47e6-a11c-2117cab86e8d/elements [39m[32m200[39m [90m433 ms - 12[39m [90m[39m
[38;5;74m[5bd3e25b][0m[38;5;86m[HTTP][0m [37m-->[39m [37mPOST[39m [37m/wd/hub/session/5bd3e25b-9d53-47e6-a11c-2117cab86e8d/elements[39m [90m{"using":"xpath","value":"//*[@class = 'android.widget.TextView' and (@text = 'Wheel Chairs' or . = 'Wheel Chairs')]"}[39m
[38;5;74m[5bd3e25b][0m[38;5;86m[HTTP][0m [37m<-- POST /wd/hub/session/5bd3e25b-9d53-47e6-a11c-2117cab86e8d/elements [39m[32m200[39m [90m1237 ms - 139[39m [90m[39m
[38;5;74m[5bd3e25b][0m[38;5;86m[HTTP][0m [37m-->[39m [37mGET[39m [37m/wd/hub/session/5bd3e25b-9d53-47e6-a11c-2117cab86e8d/element/00000000-0000-0892-ffff-ffff000001e7/rect[39m [90m{}[39m
[38;5;74m[5bd3e25b][0m[38;5;4m[AndroidUiautomator2Driver@9dc3][0m Driver proxy active, passing request on via HTTP proxy
[38;5;74m[5bd3e25b][0m[38;5;4m[AndroidUiautomator2Driver@9dc3][0m Replacing sessionId 44f4dea9-3588-4a0c-accb-e485c2478779 with 5bd3e25b-9d53-47e6-a11c-2117cab86e8d
[38;5;74m[5bd3e25b][0m[38;5;86m[HTTP][0m [37m<-- GET /wd/hub/session/5bd3e25b-9d53-47e6-a11c-2117cab86e8d/element/00000000-0000-0892-ffff-ffff000001e7/rect [39m[32m200[39m [90m37 ms - 102[39m [90m[39m
[38;5;74m[5bd3e25b][0m[38;5;86m[HTTP][0m [37m-->[39m [37mPOST[39m [37m/wd/hub/session/5bd3e25b-9d53-47e6-a11c-2117cab86e8d/timeouts[39m [90m{"implicit":40000}[39m
[38;5;74m[5bd3e25b][0m[38;5;86m[HTTP][0m [37m<-- POST /wd/hub/session/5bd3e25b-9d53-47e6-a11c-2117cab86e8d/timeouts [39m[32m200[39m [90m1 ms - 14[39m [90m[39m
[38;5;74m[5bd3e25b][0m[38;5;86m[HTTP][0m [37m-->[39m [37mPOST[39m [37m/wd/hub/session/5bd3e25b-9d53-47e6-a11c-2117cab86e8d/element/00000000-0000-0892-ffff-ffff000001e7/click[39m [90m{"id":"00000000-0000-0892-ffff-ffff000001e7"}[39m
[38;5;74m[5bd3e25b][0m[38;5;86m[HTTP][0m [37m<-- POST /wd/hub/session/5bd3e25b-9d53-47e6-a11c-2117cab86e8d/element/00000000-0000-0892-ffff-ffff000001e7/click [39m[32m200[39m [90m71 ms - 14[39m [90m[39m
[38;5;74m[5bd3e25b][0m[38;5;86m[HTTP][0m [37m-->[39m [37mPOST[39m [37m/wd/hub/session/5bd3e25b-9d53-47e6-a11c-2117cab86e8d/timeouts[39m [90m{"implicit":50}[39m
[38;5;74m[5bd3e25b][0m[38;5;86m[HTTP][0m [37m<-- POST /wd/hub/session/5bd3e25b-9d53-47e6-a11c-2117cab86e8d/timeouts [39m[32m200[39m [90m1 ms - 14[39m [90m[39m
[38;5;74m[5bd3e25b][0m[38;5;86m[HTTP][0m [37m-->[39m [37mGET[39m [37m/wd/hub/session/5bd3e25b-9d53-47e6-a11c-2117cab86e8d/window/rect[39m [90m{}[39m
[38;5;74m[5bd3e25b][0m[38;5;86m[HTTP][0m [37m<-- GET /wd/hub/session/5bd3e25b-9d53-47e6-a11c-2117cab86e8d/window/rect [39m[32m200[39m [90m23 ms - 49[39m [90m[39m
[38;5;74m[5bd3e25b][0m[38;5;86m[HTTP][0m [37m-->[39m [37mPOST[39m [37m/wd/hub/session/5bd3e25b-9d53-47e6-a11c-2117cab86e8d/elements[39m [90m{"using":"xpath","value":"//*[@class = 'android.widget.ImageView' and (@text = '' or . = '')]"}[39m
[38;5;74m[5bd3e25b][0m[38;5;86m[HTTP][0m [37m<-- POST /wd/hub/session/5bd3e25b-9d53-47e6-a11c-2117cab86e8d/elements [39m[32m200[39m [90m367 ms - 1291[39m [90m[39m
[38;5;74m[5bd3e25b][0m[38;5;86m[HTTP][0m [37m-->[39m [37mGET[39m [37m/wd/hub/session/5bd3e25b-9d53-47e6-a11c-2117cab86e8d/element/00000000-0000-0892-ffff-ffff000001c0/rect[39m [90m{}[39m
[38;5;74m[5bd3e25b][0m[38;5;4m[AndroidUiautomator2Driver@9dc3][0m Driver proxy active, passing request on via HTTP proxy
[38;5;74m[5bd3e25b][0m[38;5;4m[AndroidUiautomator2Driver@9dc3][0m Replacing sessionId 44f4dea9-3588-4a0c-accb-e485c2478779 with 5bd3e25b-9d53-47e6-a11c-2117cab86e8d
[38;5;74m[5bd3e25b][0m[38;5;86m[HTTP][0m [37m<-- GET /wd/hub/session/5bd3e25b-9d53-47e6-a11c-2117cab86e8d/element/00000000-0000-0892-ffff-ffff000001c0/rect [39m[32m200[39m [90m1208 ms - 99[39m [90m[39m
[38;5;74m[5bd3e25b][0m[38;5;86m[HTTP][0m [37m-->[39m [37mPOST[39m [37m/wd/hub/session/5bd3e25b-9d53-47e6-a11c-2117cab86e8d/timeouts[39m [90m{"implicit":40000}[39m
[38;5;74m[5bd3e25b][0m[38;5;86m[HTTP][0m [37m<-- POST /wd/hub/session/5bd3e25b-9d53-47e6-a11c-2117cab86e8d/timeouts [39m[32m200[39m [90m1 ms - 14[39m [90m[39m
[38;5;74m[5bd3e25b][0m[38;5;86m[HTTP][0m [37m-->[39m [37mPOST[39m [37m/wd/hub/session/5bd3e25b-9d53-47e6-a11c-2117cab86e8d/element/00000000-0000-0892-ffff-ffff000001c0/click[39m [90m{"id":"00000000-0000-0892-ffff-ffff000001c0"}[39m
[38;5;74m[5bd3e25b][0m[38;5;86m[HTTP][0m [37m<-- POST /wd/hub/session/5bd3e25b-9d53-47e6-a11c-2117cab86e8d/element/00000000-0000-0892-ffff-ffff000001c0/click [39m[32m200[39m [90m88 ms - 14[39m [90m[39m
[38;5;74m[5bd3e25b][0m[38;5;86m[HTTP][0m [37m-->[39m [37mPOST[39m [37m/wd/hub/session/5bd3e25b-9d53-47e6-a11c-2117cab86e8d/timeouts[39m [90m{"implicit":50}[39m
[38;5;74m[5bd3e25b][0m[38;5;86m[HTTP][0m [37m<-- POST /wd/hub/session/5bd3e25b-9d53-47e6-a11c-2117cab86e8d/timeouts [39m[32m200[39m [90m1 ms - 14[39m [90m[39m
[38;5;74m[5bd3e25b][0m[38;5;86m[HTTP][0m [37m-->[39m [37mGET[39m [37m/wd/hub/session/5bd3e25b-9d53-47e6-a11c-2117cab86e8d/window/rect[39m [90m{}[39m
[38;5;74m[5bd3e25b][0m[38;5;86m[HTTP][0m [37m<-- GET /wd/hub/session/5bd3e25b-9d53-47e6-a11c-2117cab86e8d/window/rect [39m[32m200[39m [90m26 ms - 49[39m [90m[39m
[38;5;74m[5bd3e25b][0m[38;5;86m[HTTP][0m [37m-->[39m [37mPOST[39m [37m/wd/hub/session/5bd3e25b-9d53-47e6-a11c-2117cab86e8d/elements[39m [90m{"using":"xpath","value":"//*[@class = 'android.widget.TextView' and (@text = 'Transport' or . = 'Transport')]"}[39m
[38;5;74m[5bd3e25b][0m[38;5;86m[HTTP][0m [37m<-- POST /wd/hub/session/5bd3e25b-9d53-47e6-a11c-2117cab86e8d/elements [39m[32m200[39m [90m903 ms - 523[39m [90m[39m
[38;5;74m[5bd3e25b][0m[38;5;86m[HTTP][0m [37m-->[39m [37mGET[39m [37m/wd/hub/session/5bd3e25b-9d53-47e6-a11c-2117cab86e8d/element/00000000-0000-0892-ffff-ffff000001d1/rect[39m [90m{}[39m
[38;5;74m[5bd3e25b][0m[38;5;4m[AndroidUiautomator2Driver@9dc3][0m Driver proxy active, passing request on via HTTP proxy
[38;5;74m[5bd3e25b][0m[38;5;4m[AndroidUiautomator2Driver@9dc3][0m Replacing sessionId 44f4dea9-3588-4a0c-accb-e485c2478779 with 5bd3e25b-9d53-47e6-a11c-2117cab86e8d
[38;5;74m[5bd3e25b][0m[38;5;86m[HTTP][0m [37m<-- GET /wd/hub/session/5bd3e25b-9d53-47e6-a11c-2117cab86e8d/element/00000000-0000-0892-ffff-ffff000001d1/rect [39m[32m200[39m [90m190 ms - 103[39m [90m[39m
[38;5;74m[5bd3e25b][0m[38;5;86m[HTTP][0m [37m-->[39m [37mPOST[39m [37m/wd/hub/session/5bd3e25b-9d53-47e6-a11c-2117cab86e8d/timeouts[39m [90m{"implicit":40000}[39m
[38;5;74m[5bd3e25b][0m[38;5;86m[HTTP][0m [37m<-- POST /wd/hub/session/5bd3e25b-9d53-47e6-a11c-2117cab86e8d/timeouts [39m[32m200[39m [90m1 ms - 14[39m [90m[39m
[38;5;74m[5bd3e25b][0m[38;5;86m[HTTP][0m [37m-->[39m [37mPOST[39m [37m/wd/hub/session/5bd3e25b-9d53-47e6-a11c-2117cab86e8d/element/00000000-0000-0892-ffff-ffff000001d1/click[39m [90m{"id":"00000000-0000-0892-ffff-ffff000001d1"}[39m
[38;5;74m[5bd3e25b][0m[38;5;86m[HTTP][0m [37m<-- POST /wd/hub/session/5bd3e25b-9d53-47e6-a11c-2117cab86e8d/element/00000000-0000-0892-ffff-ffff000001d1/click [39m[32m200[39m [90m1550 ms - 14[39m [90m[39m
[38;5;74m[5bd3e25b][0m[38;5;86m[HTTP][0m [37m-->[39m [37mGET[39m [37m/wd/hub/session/5bd3e25b-9d53-47e6-a11c-2117cab86e8d/context[39m [90m{}[39m
[38;5;74m[5bd3e25b][0m[38;5;86m[HTTP][0m [37m<-- GET /wd/hub/session/5bd3e25b-9d53-47e6-a11c-2117cab86e8d/context [39m[32m200[39m [90m1 ms - 22[39m [90m[39m
[38;5;74m[5bd3e25b][0m[38;5;86m[HTTP][0m [37m-->[39m [37mGET[39m [37m/wd/hub/session/5bd3e25b-9d53-47e6-a11c-2117cab86e8d/contexts[39m [90m{}[39m
[38;5;74m[5bd3e25b][0m[38;5;86m[HTTP][0m [37m<-- GET /wd/hub/session/5bd3e25b-9d53-47e6-a11c-2117cab86e8d/contexts [39m[32m200[39m [90m301 ms - 24[39m [90m[39m
[38;5;74m[5bd3e25b][0m[38;5;86m[HTTP][0m [37m-->[39m [37mPOST[39m [37m/wd/hub/session/5bd3e25b-9d53-47e6-a11c-2117cab86e8d/context[39m [90m{"name":"NATIVE_APP"}[39m
[38;5;74m[5bd3e25b][0m[38;5;86m[HTTP][0m [37m<-- POST /wd/hub/session/5bd3e25b-9d53-47e6-a11c-2117cab86e8d/context [39m[32m200[39m [90m1 ms - 14[39m [90m[39m
[38;5;74m[5bd3e25b][0m[38;5;86m[HTTP][0m [37m-->[39m [37mGET[39m [37m/wd/hub/session/5bd3e25b-9d53-47e6-a11c-2117cab86e8d/window/rect[39m [90m{}[39m
[38;5;74m[5bd3e25b][0m[38;5;86m[HTTP][0m [37m<-- GET /wd/hub/session/5bd3e25b-9d53-47e6-a11c-2117cab86e8d/window/rect [39m[32m200[39m [90m29 ms - 49[39m [90m[39m
[38;5;74m[5bd3e25b][0m[38;5;86m[HTTP][0m [37m-->[39m [37mPOST[39m [37m/wd/hub/session/5bd3e25b-9d53-47e6-a11c-2117cab86e8d/context[39m [90m{"name":"NATIVE_APP"}[39m
[38;5;74m[5bd3e25b][0m[38;5;86m[HTTP][0m [37m<-- POST /wd/hub/session/5bd3e25b-9d53-47e6-a11c-2117cab86e8d/context [39m[32m200[39m [90m1 ms - 14[39m [90m[39m
[38;5;74m[5bd3e25b][0m[38;5;86m[HTTP][0m [37m-->[39m [37mGET[39m [37m/wd/hub/session/5bd3e25b-9d53-47e6-a11c-2117cab86e8d/context[39m [90m{}[39m
[38;5;74m[5bd3e25b][0m[38;5;86m[HTTP][0m [37m<-- GET /wd/hub/session/5bd3e25b-9d53-47e6-a11c-2117cab86e8d/context [39m[32m200[39m [90m1 ms - 22[39m [90m[39m
[38;5;74m[5bd3e25b][0m[38;5;86m[HTTP][0m [37m-->[39m [37mGET[39m [37m/wd/hub/session/5bd3e25b-9d53-47e6-a11c-2117cab86e8d/contexts[39m [90m{}[39m
[38;5;74m[5bd3e25b][0m[38;5;86m[HTTP][0m [37m<-- GET /wd/hub/session/5bd3e25b-9d53-47e6-a11c-2117cab86e8d/contexts [39m[32m200[39m [90m283 ms - 24[39m [90m[39m
[38;5;74m[5bd3e25b][0m[38;5;86m[HTTP][0m [37m-->[39m [37mPOST[39m [37m/wd/hub/session/5bd3e25b-9d53-47e6-a11c-2117cab86e8d/context[39m [90m{"name":"NATIVE_APP"}[39m
[38;5;74m[5bd3e25b][0m[38;5;86m[HTTP][0m [37m<-- POST /wd/hub/session/5bd3e25b-9d53-47e6-a11c-2117cab86e8d/context [39m[32m200[39m [90m1 ms - 14[39m [90m[39m
[38;5;74m[5bd3e25b][0m[38;5;86m[HTTP][0m [37m-->[39m [37mGET[39m [37m/wd/hub/session/5bd3e25b-9d53-47e6-a11c-2117cab86e8d/window/rect[39m [90m{}[39m
[38;5;74m[5bd3e25b][0m[38;5;86m[HTTP][0m [37m<-- GET /wd/hub/session/5bd3e25b-9d53-47e6-a11c-2117cab86e8d/window/rect [39m[32m200[39m [90m28 ms - 49[39m [90m[39m
[38;5;74m[5bd3e25b][0m[38;5;86m[HTTP][0m [37m-->[39m [37mPOST[39m [37m/wd/hub/session/5bd3e25b-9d53-47e6-a11c-2117cab86e8d/context[39m [90m{"name":"NATIVE_APP"}[39m
[38;5;74m[5bd3e25b][0m[38;5;86m[HTTP][0m [37m<-- POST /wd/hub/session/5bd3e25b-9d53-47e6-a11c-2117cab86e8d/context [39m[32m200[39m [90m1 ms - 14[39m [90m[39m
[38;5;74m[5bd3e25b][0m[38;5;86m[HTTP][0m [37m-->[39m [37mGET[39m [37m/wd/hub/session/5bd3e25b-9d53-47e6-a11c-2117cab86e8d/context[39m [90m{}[39m
[38;5;74m[5bd3e25b][0m[38;5;86m[HTTP][0m [37m<-- GET /wd/hub/session/5bd3e25b-9d53-47e6-a11c-2117cab86e8d/context [39m[32m200[39m [90m1 ms - 22[39m [90m[39m
[38;5;74m[5bd3e25b][0m[38;5;86m[HTTP][0m [37m-->[39m [37mGET[39m [37m/wd/hub/session/5bd3e25b-9d53-47e6-a11c-2117cab86e8d/contexts[39m [90m{}[39m
[38;5;74m[5bd3e25b][0m[38;5;86m[HTTP][0m [37m<-- GET /wd/hub/session/5bd3e25b-9d53-47e6-a11c-2117cab86e8d/contexts [39m[32m200[39m [90m299 ms - 24[39m [90m[39m
[38;5;74m[5bd3e25b][0m[38;5;86m[HTTP][0m [37m-->[39m [37mPOST[39m [37m/wd/hub/session/5bd3e25b-9d53-47e6-a11c-2117cab86e8d/context[39m [90m{"name":"NATIVE_APP"}[39m
[38;5;74m[5bd3e25b][0m[38;5;86m[HTTP][0m [37m<-- POST /wd/hub/session/5bd3e25b-9d53-47e6-a11c-2117cab86e8d/context [39m[32m200[39m [90m1 ms - 14[39m [90m[39m
[38;5;74m[5bd3e25b][0m[38;5;86m[HTTP][0m [37m-->[39m [37mPOST[39m [37m/wd/hub/session/5bd3e25b-9d53-47e6-a11c-2117cab86e8d/actions[39m [90m{"actions":[{"id":"finger","type":"pointer","parameters":{"pointerType":"touch"},"actions":[{"duration":0,"type":"pause"},{"duration":0,"x":360,"y":1064,"type":"pointerMove","origin":"viewport"},{"button":0,"type":"pointerDown"},{"duration":50,"type":"pause"},{"duration":500,"x":360,"y":456,"type":"pointerMove","origin":"viewport"},{"button":0,"type":"pointerUp"}]}]}[39m
[38;5;74m[5bd3e25b][0m[38;5;86m[HTTP][0m [37m<-- POST /wd/hub/session/5bd3e25b-9d53-47e6-a11c-2117cab86e8d/actions [39m[32m200[39m [90m982 ms - 14[39m [90m[39m
[38;5;74m[5bd3e25b][0m[38;5;86m[HTTP][0m [37m-->[39m [37mPOST[39m [37m/wd/hub/session/5bd3e25b-9d53-47e6-a11c-2117cab86e8d/context[39m [90m{"name":"NATIVE_APP"}[39m
[38;5;74m[5bd3e25b][0m[38;5;86m[HTTP][0m [37m<-- POST /wd/hub/session/5bd3e25b-9d53-47e6-a11c-2117cab86e8d/context [39m[32m200[39m [90m1 ms - 14[39m [90m[39m
[38;5;74m[5bd3e25b][0m[38;5;86m[HTTP][0m [37m-->[39m [37mGET[39m [37m/wd/hub/session/5bd3e25b-9d53-47e6-a11c-2117cab86e8d/context[39m [90m{}[39m
[38;5;74m[5bd3e25b][0m[38;5;86m[HTTP][0m [37m<-- GET /wd/hub/session/5bd3e25b-9d53-47e6-a11c-2117cab86e8d/context [39m[32m200[39m [90m1 ms - 22[39m [90m[39m
[38;5;74m[5bd3e25b][0m[38;5;86m[HTTP][0m [37m-->[39m [37mGET[39m [37m/wd/hub/session/5bd3e25b-9d53-47e6-a11c-2117cab86e8d/contexts[39m [90m{}[39m
[38;5;74m[5bd3e25b][0m[38;5;86m[HTTP][0m [37m<-- GET /wd/hub/session/5bd3e25b-9d53-47e6-a11c-2117cab86e8d/contexts [39m[32m200[39m [90m284 ms - 24[39m [90m[39m
[38;5;74m[5bd3e25b][0m[38;5;86m[HTTP][0m [37m-->[39m [37mPOST[39m [37m/wd/hub/session/5bd3e25b-9d53-47e6-a11c-2117cab86e8d/context[39m [90m{"name":"NATIVE_APP"}[39m
[38;5;74m[5bd3e25b][0m[38;5;86m[HTTP][0m [37m<-- POST /wd/hub/session/5bd3e25b-9d53-47e6-a11c-2117cab86e8d/context [39m[32m200[39m [90m1 ms - 14[39m [90m[39m
[38;5;74m[5bd3e25b][0m[38;5;86m[HTTP][0m [37m-->[39m [37mPOST[39m [37m/wd/hub/session/5bd3e25b-9d53-47e6-a11c-2117cab86e8d/actions[39m [90m{"actions":[{"id":"finger","type":"pointer","parameters":{"pointerType":"touch"},"actions":[{"duration":0,"type":"pause"},{"duration":0,"x":360,"y":1064,"type":"pointerMove","origin":"viewport"},{"button":0,"type":"pointerDown"},{"duration":50,"type":"pause"},{"duration":500,"x":360,"y":456,"type":"pointerMove","origin":"viewport"},{"button":0,"type":"pointerUp"}]}]}[39m
[38;5;74m[5bd3e25b][0m[38;5;86m[HTTP][0m [37m<-- POST /wd/hub/session/5bd3e25b-9d53-47e6-a11c-2117cab86e8d/actions [39m[32m200[39m [90m868 ms - 14[39m [90m[39m
[38;5;74m[5bd3e25b][0m[38;5;86m[HTTP][0m [37m-->[39m [37mPOST[39m [37m/wd/hub/session/5bd3e25b-9d53-47e6-a11c-2117cab86e8d/context[39m [90m{"name":"NATIVE_APP"}[39m
[38;5;74m[5bd3e25b][0m[38;5;86m[HTTP][0m [37m<-- POST /wd/hub/session/5bd3e25b-9d53-47e6-a11c-2117cab86e8d/context [39m[32m200[39m [90m1 ms - 14[39m [90m[39m
[38;5;74m[5bd3e25b][0m[38;5;86m[HTTP][0m [37m-->[39m [37mGET[39m [37m/wd/hub/session/5bd3e25b-9d53-47e6-a11c-2117cab86e8d/context[39m [90m{}[39m
[38;5;74m[5bd3e25b][0m[38;5;86m[HTTP][0m [37m<-- GET /wd/hub/session/5bd3e25b-9d53-47e6-a11c-2117cab86e8d/context [39m[32m200[39m [90m1 ms - 22[39m [90m[39m
[38;5;74m[5bd3e25b][0m[38;5;86m[HTTP][0m [37m-->[39m [37mGET[39m [37m/wd/hub/session/5bd3e25b-9d53-47e6-a11c-2117cab86e8d/contexts[39m [90m{}[39m
[38;5;74m[5bd3e25b][0m[38;5;86m[HTTP][0m [37m<-- GET /wd/hub/session/5bd3e25b-9d53-47e6-a11c-2117cab86e8d/contexts [39m[32m200[39m [90m286 ms - 24[39m [90m[39m
[38;5;74m[5bd3e25b][0m[38;5;86m[HTTP][0m [37m-->[39m [37mPOST[39m [37m/wd/hub/session/5bd3e25b-9d53-47e6-a11c-2117cab86e8d/context[39m [90m{"name":"NATIVE_APP"}[39m
[38;5;74m[5bd3e25b][0m[38;5;86m[HTTP][0m [37m<-- POST /wd/hub/session/5bd3e25b-9d53-47e6-a11c-2117cab86e8d/context [39m[32m200[39m [90m1 ms - 14[39m [90m[39m
[38;5;74m[5bd3e25b][0m[38;5;86m[HTTP][0m [37m-->[39m [37mPOST[39m [37m/wd/hub/session/5bd3e25b-9d53-47e6-a11c-2117cab86e8d/actions[39m [90m{"actions":[{"id":"finger","type":"pointer","parameters":{"pointerType":"touch"},"actions":[{"duration":0,"type":"pause"},{"duration":0,"x":360,"y":1064,"type":"pointerMove","origin":"viewport"},{"button":0,"type":"pointerDown"},{"duration":50,"type":"pause"},{"duration":500,"x":360,"y":456,"type":"pointerMove","origin":"viewport"},{"button":0,"type":"pointerUp"}]}]}[39m
[38;5;74m[5bd3e25b][0m[38;5;86m[HTTP][0m [37m<-- POST /wd/hub/session/5bd3e25b-9d53-47e6-a11c-2117cab86e8d/actions [39m[32m200[39m [90m859 ms - 14[39m [90m[39m
[38;5;74m[5bd3e25b][0m[38;5;86m[HTTP][0m [37m-->[39m [37mPOST[39m [37m/wd/hub/session/5bd3e25b-9d53-47e6-a11c-2117cab86e8d/context[39m [90m{"name":"NATIVE_APP"}[39m
[38;5;74m[5bd3e25b][0m[38;5;86m[HTTP][0m [37m<-- POST /wd/hub/session/5bd3e25b-9d53-47e6-a11c-2117cab86e8d/context [39m[32m200[39m [90m1 ms - 14[39m [90m[39m
[38;5;74m[5bd3e25b][0m[38;5;86m[HTTP][0m [37m-->[39m [37mDELETE[39m [37m/wd/hub/session/5bd3e25b-9d53-47e6-a11c-2117cab86e8d[39m [90m{}[39m
[38;5;74m[5bd3e25b][0m[38;5;29m[AppiumDriver@ccc4][0m Removing session 5bd3e25b-9d53-47e6-a11c-2117cab86e8d from our master session list
[38;5;74m[5bd3e25b][0m[38;5;4m[AndroidUiautomator2Driver@9dc3][0m Restoring hidden api policy to the device default configuration
[38;5;74m[5bd3e25b][0m[38;5;86m[HTTP][0m [37m<-- DELETE /wd/hub/session/5bd3e25b-9d53-47e6-a11c-2117cab86e8d [39m[32m200[39m [90m297 ms - 14[39m [90m[39m
