[38;5;112m[Appium][0m Welcome to Appium v2.13.1
[38;5;112m[Appium][0m Non-default server args:
[38;5;112m[Appium][0m { basePath: [32m'/wd/hub'[39m, loglevel: [32m'info'[39m, port: [33m55288[39m }
[38;5;112m[Appium][0m Attempting to load driver uiautomator2...
[38;5;112m[Appium][0m Appium REST http interface listener started on http://0.0.0.0:55288/wd/hub
[38;5;112m[Appium][0m You can provide the following URLs in your client code to connect to this server:
	http://192.168.1.229:55288/wd/hub
	http://127.0.0.1:55288/wd/hub (only accessible from the same host)
[38;5;112m[Appium][0m Available drivers:
[38;5;112m[Appium][0m   - uiautomator2@3.9.5 (automationName 'UiAutomator2')
[38;5;112m[Appium][0m No plugins have been installed. Use the "appium plugin" command to install the one(s) you want to use.
[38;5;86m[HTTP][0m [37m-->[39m [37mGET[39m [37m/wd/hub/status[39m [90m{}[39m
[38;5;86m[HTTP][0m [37m<-- GET /wd/hub/status [39m[32m200[39m [90m4 ms - 111[39m [90m[39m
[38;5;86m[HTTP][0m [37m-->[39m [37mPOST[39m [37m/wd/hub/session[39m [90m{"capabilities":{"firstMatch":[{"appium:app":"C:\\Users\\TUF\\git\\test\\Test Files\\Setia_City_Mall_Version_5_13_11_(Version_Code_162).apk","appium:autoGrantPermissions":true,"appium:automationName":"uiautomator2","appium:deviceName":"samsung SM-A015F (Android 12)","appium:fullReset":false,"appium:newCommandTimeout":1800,"appium:noReset":true,"appium:platformName":"ANDROID","appium:platformVersion":"12","appium:systemPort":55287,"appium:udid":"R9PNC036RCJ","platformName":"ANDROID"}]},"desiredCapabilities":{"appium:app":"C:\\Users\\TUF\\git\\test\\Test Files\\Setia_City_Mall_Version_5_13_11_(Version_Code_162).apk","appium:autoGrantPermissions":true,"appium:automationName":"uiautomator2","appium:deviceName":"samsung SM-A015F (Android 12)","appium:fullReset":false,"appium:newCommandTimeout":1800,"appium:noReset":true,"appium:platformName":"ANDROID","appium:platformVersion":"12","appium:systemPort":55287,"appium:udid":"R9PNC036RCJ"}}[39m
[38;5;123m[BaseDriver][0m Ignoring capability 'appium:platformName=ANDROID' and using capability 'platformName=ANDROID'
[38;5;123m[BaseDriver][0m The capabilities ["platformName"] are standard capabilities and do not require "appium:" prefix
[38;5;112m[Appium][0m Attempting to find matching driver for automationName 'uiautomator2' and platformName 'ANDROID'
[38;5;112m[Appium][0m The 'uiautomator2' driver was installed and matched caps.
[38;5;112m[Appium][0m Will require it at C:\Users\TUF\.appium\node_modules\appium-uiautomator2-driver
[38;5;135m[AppiumDriver@35c8][0m Appium v2.13.1 creating new AndroidUiautomator2Driver (v3.9.5) session
[38;5;135m[AppiumDriver@35c8][0m Checking BaseDriver versions for Appium and AndroidUiautomator2Driver
[38;5;135m[AppiumDriver@35c8][0m Appium's BaseDriver version is 9.13.1
[38;5;135m[AppiumDriver@35c8][0m AndroidUiautomator2Driver's BaseDriver version is 9.13.1
[38;5;206m[8f94d95a][0m[38;5;-27m[AndroidUiautomator2Driver@cfd9][0m Session created with session id: 8f94d95a-d27b-4fc5-abda-852d285cb031
[38;5;206m[8f94d95a][0m[38;5;229m[ADB][0m Found 2 'build-tools' folders under 'C:\Users\TUF\AppData\Local\Android\Sdk' (newest first):
[38;5;206m[8f94d95a][0m[38;5;229m[ADB][0m     C:\Users\TUF\AppData\Local\Android\Sdk\build-tools\35.0.0
[38;5;206m[8f94d95a][0m[38;5;229m[ADB][0m     C:\Users\TUF\AppData\Local\Android\Sdk\build-tools\34.0.0
[38;5;206m[8f94d95a][0m[38;5;229m[ADB][0m Using 'adb.exe' from 'C:\Users\TUF\AppData\Local\Android\Sdk\platform-tools\adb.exe'
[38;5;206m[8f94d95a][0m[38;5;-27m[AndroidUiautomator2Driver@cfd9][0m Retrieving device list
[38;5;206m[8f94d95a][0m[38;5;-27m[AndroidUiautomator2Driver@cfd9][0m Using device: R9PNC036RCJ
[38;5;206m[8f94d95a][0m[38;5;229m[ADB][0m Using 'adb.exe' from 'C:\Users\TUF\AppData\Local\Android\Sdk\platform-tools\adb.exe'
[38;5;206m[8f94d95a][0m[38;5;123m[BaseDriver][0m Using local app 'C:\Users\TUF\git\test\Test Files\Setia_City_Mall_Version_5_13_11_(Version_Code_162).apk'
[38;5;206m[8f94d95a][0m[38;5;229m[ADB][0m Getting device platform version
[38;5;206m[8f94d95a][0m[38;5;-27m[AndroidUiautomator2Driver@cfd9][0m Relaxing hidden api policy
[38;5;206m[8f94d95a][0m[38;5;229m[ADB][0m Using 'aapt2.exe' from 'C:\Users\TUF\AppData\Local\Android\Sdk\build-tools\35.0.0\aapt2.exe'
[38;5;206m[8f94d95a][0m[38;5;229m[ADB][0m Package name: 'com.convep.setiacitymall'
[38;5;206m[8f94d95a][0m[38;5;229m[ADB][0m Main activity name: 'com.convep.scm.MainActivity'
[38;5;206m[8f94d95a][0m[38;5;-27m[AndroidUiautomator2Driver@cfd9][0m Server packages are not going to be (re)installed
[38;5;206m[8f94d95a][0m[38;5;229m[ADB][0m Adding packages ["io.appium.settings","io.appium.uiautomator2.server","io.appium.uiautomator2.server.test"] to Doze whitelist
[38;5;206m[8f94d95a][0m[38;5;-27m[AndroidUiautomator2Driver@cfd9][0m Starting UIAutomator2 server 7.1.7
[38;5;206m[8f94d95a][0m[38;5;-27m[AndroidUiautomator2Driver@cfd9][0m Using UIAutomator2 server from 'C:\Users\TUF\.appium\node_modules\appium-uiautomator2-driver\node_modules\appium-uiautomator2-server\apks\appium-uiautomator2-server-v7.1.7.apk' and test from 'C:\Users\TUF\.appium\node_modules\appium-uiautomator2-driver\node_modules\appium-uiautomator2-server\apks\appium-uiautomator2-server-debug-androidTest.apk'
[38;5;206m[8f94d95a][0m[38;5;-27m[AndroidUiautomator2Driver@cfd9][0m Waiting up to 30000ms for UiAutomator2 to be online...
[38;5;206m[8f94d95a][0m[38;5;-27m[AndroidUiautomator2Driver@cfd9][0m socket hang up
[38;5;206m[8f94d95a][0m[38;5;-27m[AndroidUiautomator2Driver@cfd9][0m socket hang up
[38;5;206m[8f94d95a][0m[38;5;-27m[AndroidUiautomator2Driver@cfd9][0m socket hang up
[38;5;206m[8f94d95a][0m[38;5;-27m[AndroidUiautomator2Driver@cfd9][0m Determined the downstream protocol as 'W3C'
[38;5;206m[8f94d95a][0m[38;5;-27m[AndroidUiautomator2Driver@cfd9][0m Screen already unlocked, doing nothing
[38;5;206m[8f94d95a][0m[38;5;-27m[AndroidUiautomator2Driver@cfd9][0m Starting 'com.convep.setiacitymall/com.convep.scm.MainActivity and waiting for 'com.convep.setiacitymall/com.convep.scm.MainActivity'
[38;5;206m[8f94d95a][0m[38;5;-27m[AndroidUiautomator2Driver@cfd9][0m 'com.convep.setiacitymall' is already running and noReset is enabled. Set forceAppLaunch capability to true if the app must be forcefully restarted on session startup.
[38;5;206m[8f94d95a][0m[38;5;135m[AppiumDriver@35c8][0m New AndroidUiautomator2Driver session created successfully, session 8f94d95a-d27b-4fc5-abda-852d285cb031 added to master session list
[38;5;206m[8f94d95a][0m[38;5;86m[HTTP][0m [37m<-- POST /wd/hub/session [39m[32m200[39m [90m5280 ms - 1269[39m [90m[39m
[38;5;86m[HTTP][0m [37m-->[39m [37mGET[39m [37m/wd/hub/status[39m [90m{}[39m
[38;5;86m[HTTP][0m [37m<-- GET /wd/hub/status [39m[32m200[39m [90m1 ms - 111[39m [90m[39m
[38;5;206m[8f94d95a][0m[38;5;86m[HTTP][0m [37m-->[39m [37mPOST[39m [37m/wd/hub/session/8f94d95a-d27b-4fc5-abda-852d285cb031/timeouts[39m [90m{"implicit":40000}[39m
[38;5;206m[8f94d95a][0m[38;5;86m[HTTP][0m [37m<-- POST /wd/hub/session/8f94d95a-d27b-4fc5-abda-852d285cb031/timeouts [39m[32m200[39m [90m2 ms - 14[39m [90m[39m
[38;5;206m[8f94d95a][0m[38;5;86m[HTTP][0m [37m-->[39m [37mPOST[39m [37m/wd/hub/session/8f94d95a-d27b-4fc5-abda-852d285cb031/execute/sync[39m [90m{"args":[],"script":"mobile: getSystemBars"}[39m
[38;5;206m[8f94d95a][0m[38;5;-27m[AndroidUiautomator2Driver@cfd9][0m Executing native command 'mobile: getSystemBars'
[38;5;206m[8f94d95a][0m[38;5;86m[HTTP][0m [37m<-- POST /wd/hub/session/8f94d95a-d27b-4fc5-abda-852d285cb031/execute/sync [39m[32m200[39m [90m136 ms - 148[39m [90m[39m
[38;5;206m[8f94d95a][0m[38;5;86m[HTTP][0m [37m-->[39m [37mPOST[39m [37m/wd/hub/session/8f94d95a-d27b-4fc5-abda-852d285cb031/timeouts[39m [90m{"implicit":50}[39m
[38;5;206m[8f94d95a][0m[38;5;86m[HTTP][0m [37m<-- POST /wd/hub/session/8f94d95a-d27b-4fc5-abda-852d285cb031/timeouts [39m[32m200[39m [90m1 ms - 14[39m [90m[39m
[38;5;206m[8f94d95a][0m[38;5;86m[HTTP][0m [37m-->[39m [37mGET[39m [37m/wd/hub/session/8f94d95a-d27b-4fc5-abda-852d285cb031/window/rect[39m [90m{}[39m
[38;5;206m[8f94d95a][0m[38;5;86m[HTTP][0m [37m<-- GET /wd/hub/session/8f94d95a-d27b-4fc5-abda-852d285cb031/window/rect [39m[32m200[39m [90m33 ms - 49[39m [90m[39m
[38;5;206m[8f94d95a][0m[38;5;86m[HTTP][0m [37m-->[39m [37mPOST[39m [37m/wd/hub/session/8f94d95a-d27b-4fc5-abda-852d285cb031/elements[39m [90m{"value":"//*[@class = 'android.widget.ImageView' and (@text = '' or . = '')]","using":"xpath"}[39m
[38;5;206m[8f94d95a][0m[38;5;86m[HTTP][0m [37m<-- POST /wd/hub/session/8f94d95a-d27b-4fc5-abda-852d285cb031/elements [39m[32m200[39m [90m1400 ms - 1163[39m [90m[39m
[38;5;206m[8f94d95a][0m[38;5;86m[HTTP][0m [37m-->[39m [37mGET[39m [37m/wd/hub/session/8f94d95a-d27b-4fc5-abda-852d285cb031/element/00000000-0000-0732-ffff-ffff0000004f/rect[39m [90m{}[39m
[38;5;206m[8f94d95a][0m[38;5;-27m[AndroidUiautomator2Driver@cfd9][0m Driver proxy active, passing request on via HTTP proxy
[38;5;206m[8f94d95a][0m[38;5;-27m[AndroidUiautomator2Driver@cfd9][0m Replacing sessionId 64908900-5b88-4fdd-a157-a1b7362d714d with 8f94d95a-d27b-4fc5-abda-852d285cb031
[38;5;206m[8f94d95a][0m[38;5;86m[HTTP][0m [37m<-- GET /wd/hub/session/8f94d95a-d27b-4fc5-abda-852d285cb031/element/00000000-0000-0732-ffff-ffff0000004f/rect [39m[32m200[39m [90m45 ms - 98[39m [90m[39m
[38;5;206m[8f94d95a][0m[38;5;86m[HTTP][0m [37m-->[39m [37mPOST[39m [37m/wd/hub/session/8f94d95a-d27b-4fc5-abda-852d285cb031/timeouts[39m [90m{"implicit":40000}[39m
[38;5;206m[8f94d95a][0m[38;5;86m[HTTP][0m [37m<-- POST /wd/hub/session/8f94d95a-d27b-4fc5-abda-852d285cb031/timeouts [39m[32m200[39m [90m1 ms - 14[39m [90m[39m
[38;5;206m[8f94d95a][0m[38;5;86m[HTTP][0m [37m-->[39m [37mPOST[39m [37m/wd/hub/session/8f94d95a-d27b-4fc5-abda-852d285cb031/element/00000000-0000-0732-ffff-ffff0000004f/click[39m [90m{"id":"00000000-0000-0732-ffff-ffff0000004f"}[39m
[38;5;206m[8f94d95a][0m[38;5;86m[HTTP][0m [37m<-- POST /wd/hub/session/8f94d95a-d27b-4fc5-abda-852d285cb031/element/00000000-0000-0732-ffff-ffff0000004f/click [39m[32m200[39m [90m78 ms - 14[39m [90m[39m
[38;5;206m[8f94d95a][0m[38;5;86m[HTTP][0m [37m-->[39m [37mPOST[39m [37m/wd/hub/session/8f94d95a-d27b-4fc5-abda-852d285cb031/timeouts[39m [90m{"implicit":50}[39m
[38;5;206m[8f94d95a][0m[38;5;86m[HTTP][0m [37m<-- POST /wd/hub/session/8f94d95a-d27b-4fc5-abda-852d285cb031/timeouts [39m[32m200[39m [90m1 ms - 14[39m [90m[39m
[38;5;206m[8f94d95a][0m[38;5;86m[HTTP][0m [37m-->[39m [37mGET[39m [37m/wd/hub/session/8f94d95a-d27b-4fc5-abda-852d285cb031/window/rect[39m [90m{}[39m
[38;5;206m[8f94d95a][0m[38;5;86m[HTTP][0m [37m<-- GET /wd/hub/session/8f94d95a-d27b-4fc5-abda-852d285cb031/window/rect [39m[32m200[39m [90m41 ms - 49[39m [90m[39m
[38;5;206m[8f94d95a][0m[38;5;86m[HTTP][0m [37m-->[39m [37mPOST[39m [37m/wd/hub/session/8f94d95a-d27b-4fc5-abda-852d285cb031/elements[39m [90m{"value":"//*[@class = 'android.widget.TextView' and (@text = 'About' or . = 'About')]","using":"xpath"}[39m
[38;5;206m[8f94d95a][0m[38;5;86m[HTTP][0m [37m<-- POST /wd/hub/session/8f94d95a-d27b-4fc5-abda-852d285cb031/elements [39m[32m200[39m [90m1267 ms - 139[39m [90m[39m
[38;5;206m[8f94d95a][0m[38;5;86m[HTTP][0m [37m-->[39m [37mGET[39m [37m/wd/hub/session/8f94d95a-d27b-4fc5-abda-852d285cb031/element/00000000-0000-0732-ffff-ffff00000037/rect[39m [90m{}[39m
[38;5;206m[8f94d95a][0m[38;5;-27m[AndroidUiautomator2Driver@cfd9][0m Driver proxy active, passing request on via HTTP proxy
[38;5;206m[8f94d95a][0m[38;5;-27m[AndroidUiautomator2Driver@cfd9][0m Replacing sessionId 64908900-5b88-4fdd-a157-a1b7362d714d with 8f94d95a-d27b-4fc5-abda-852d285cb031
[38;5;206m[8f94d95a][0m[38;5;86m[HTTP][0m [37m<-- GET /wd/hub/session/8f94d95a-d27b-4fc5-abda-852d285cb031/element/00000000-0000-0732-ffff-ffff00000037/rect [39m[32m200[39m [90m769 ms - 100[39m [90m[39m
[38;5;206m[8f94d95a][0m[38;5;86m[HTTP][0m [37m-->[39m [37mPOST[39m [37m/wd/hub/session/8f94d95a-d27b-4fc5-abda-852d285cb031/timeouts[39m [90m{"implicit":40000}[39m
[38;5;206m[8f94d95a][0m[38;5;86m[HTTP][0m [37m<-- POST /wd/hub/session/8f94d95a-d27b-4fc5-abda-852d285cb031/timeouts [39m[32m200[39m [90m1 ms - 14[39m [90m[39m
[38;5;206m[8f94d95a][0m[38;5;86m[HTTP][0m [37m-->[39m [37mPOST[39m [37m/wd/hub/session/8f94d95a-d27b-4fc5-abda-852d285cb031/element/00000000-0000-0732-ffff-ffff00000037/click[39m [90m{"id":"00000000-0000-0732-ffff-ffff00000037"}[39m
[38;5;206m[8f94d95a][0m[38;5;86m[HTTP][0m [37m<-- POST /wd/hub/session/8f94d95a-d27b-4fc5-abda-852d285cb031/element/00000000-0000-0732-ffff-ffff00000037/click [39m[32m200[39m [90m103 ms - 14[39m [90m[39m
[38;5;206m[8f94d95a][0m[38;5;86m[HTTP][0m [37m-->[39m [37mPOST[39m [37m/wd/hub/session/8f94d95a-d27b-4fc5-abda-852d285cb031/timeouts[39m [90m{"implicit":50}[39m
[38;5;206m[8f94d95a][0m[38;5;86m[HTTP][0m [37m<-- POST /wd/hub/session/8f94d95a-d27b-4fc5-abda-852d285cb031/timeouts [39m[32m200[39m [90m1 ms - 14[39m [90m[39m
[38;5;206m[8f94d95a][0m[38;5;86m[HTTP][0m [37m-->[39m [37mGET[39m [37m/wd/hub/session/8f94d95a-d27b-4fc5-abda-852d285cb031/window/rect[39m [90m{}[39m
[38;5;206m[8f94d95a][0m[38;5;86m[HTTP][0m [37m<-- GET /wd/hub/session/8f94d95a-d27b-4fc5-abda-852d285cb031/window/rect [39m[32m200[39m [90m41 ms - 49[39m [90m[39m
[38;5;206m[8f94d95a][0m[38;5;86m[HTTP][0m [37m-->[39m [37mPOST[39m [37m/wd/hub/session/8f94d95a-d27b-4fc5-abda-852d285cb031/elements[39m [90m{"value":"//*[@class = 'android.widget.TextView' and (@text = 'Contact' or . = 'Contact')]","using":"xpath"}[39m
[38;5;206m[8f94d95a][0m[38;5;86m[HTTP][0m [37m<-- POST /wd/hub/session/8f94d95a-d27b-4fc5-abda-852d285cb031/elements [39m[32m200[39m [90m1267 ms - 139[39m [90m[39m
[38;5;206m[8f94d95a][0m[38;5;86m[HTTP][0m [37m-->[39m [37mGET[39m [37m/wd/hub/session/8f94d95a-d27b-4fc5-abda-852d285cb031/element/00000000-0000-0732-ffff-ffff00000094/rect[39m [90m{}[39m
[38;5;206m[8f94d95a][0m[38;5;-27m[AndroidUiautomator2Driver@cfd9][0m Driver proxy active, passing request on via HTTP proxy
[38;5;206m[8f94d95a][0m[38;5;-27m[AndroidUiautomator2Driver@cfd9][0m Replacing sessionId 64908900-5b88-4fdd-a157-a1b7362d714d with 8f94d95a-d27b-4fc5-abda-852d285cb031
[38;5;206m[8f94d95a][0m[38;5;86m[HTTP][0m [37m<-- GET /wd/hub/session/8f94d95a-d27b-4fc5-abda-852d285cb031/element/00000000-0000-0732-ffff-ffff00000094/rect [39m[32m200[39m [90m651 ms - 102[39m [90m[39m
[38;5;206m[8f94d95a][0m[38;5;86m[HTTP][0m [37m-->[39m [37mPOST[39m [37m/wd/hub/session/8f94d95a-d27b-4fc5-abda-852d285cb031/timeouts[39m [90m{"implicit":40000}[39m
[38;5;206m[8f94d95a][0m[38;5;86m[HTTP][0m [37m<-- POST /wd/hub/session/8f94d95a-d27b-4fc5-abda-852d285cb031/timeouts [39m[32m200[39m [90m1 ms - 14[39m [90m[39m
[38;5;206m[8f94d95a][0m[38;5;86m[HTTP][0m [37m-->[39m [37mPOST[39m [37m/wd/hub/session/8f94d95a-d27b-4fc5-abda-852d285cb031/element/00000000-0000-0732-ffff-ffff00000094/click[39m [90m{"id":"00000000-0000-0732-ffff-ffff00000094"}[39m
[38;5;206m[8f94d95a][0m[38;5;86m[HTTP][0m [37m<-- POST /wd/hub/session/8f94d95a-d27b-4fc5-abda-852d285cb031/element/00000000-0000-0732-ffff-ffff00000094/click [39m[32m200[39m [90m100 ms - 14[39m [90m[39m
[38;5;206m[8f94d95a][0m[38;5;86m[HTTP][0m [37m-->[39m [37mPOST[39m [37m/wd/hub/session/8f94d95a-d27b-4fc5-abda-852d285cb031/timeouts[39m [90m{"implicit":50}[39m
[38;5;206m[8f94d95a][0m[38;5;86m[HTTP][0m [37m<-- POST /wd/hub/session/8f94d95a-d27b-4fc5-abda-852d285cb031/timeouts [39m[32m200[39m [90m1 ms - 14[39m [90m[39m
[38;5;206m[8f94d95a][0m[38;5;86m[HTTP][0m [37m-->[39m [37mGET[39m [37m/wd/hub/session/8f94d95a-d27b-4fc5-abda-852d285cb031/window/rect[39m [90m{}[39m
[38;5;206m[8f94d95a][0m[38;5;86m[HTTP][0m [37m<-- GET /wd/hub/session/8f94d95a-d27b-4fc5-abda-852d285cb031/window/rect [39m[32m200[39m [90m50 ms - 49[39m [90m[39m
[38;5;206m[8f94d95a][0m[38;5;86m[HTTP][0m [37m-->[39m [37mPOST[39m [37m/wd/hub/session/8f94d95a-d27b-4fc5-abda-852d285cb031/elements[39m [90m{"value":"//*[@class = 'android.widget.TextView' and (@text = 'Services' or . = 'Services')]","using":"xpath"}[39m
[38;5;206m[8f94d95a][0m[38;5;86m[HTTP][0m [37m<-- POST /wd/hub/session/8f94d95a-d27b-4fc5-abda-852d285cb031/elements [39m[32m200[39m [90m534 ms - 139[39m [90m[39m
[38;5;206m[8f94d95a][0m[38;5;86m[HTTP][0m [37m-->[39m [37mGET[39m [37m/wd/hub/session/8f94d95a-d27b-4fc5-abda-852d285cb031/element/00000000-0000-0732-ffff-ffff00000097/rect[39m [90m{}[39m
[38;5;206m[8f94d95a][0m[38;5;-27m[AndroidUiautomator2Driver@cfd9][0m Driver proxy active, passing request on via HTTP proxy
[38;5;206m[8f94d95a][0m[38;5;-27m[AndroidUiautomator2Driver@cfd9][0m Replacing sessionId 64908900-5b88-4fdd-a157-a1b7362d714d with 8f94d95a-d27b-4fc5-abda-852d285cb031
[38;5;206m[8f94d95a][0m[38;5;86m[HTTP][0m [37m<-- GET /wd/hub/session/8f94d95a-d27b-4fc5-abda-852d285cb031/element/00000000-0000-0732-ffff-ffff00000097/rect [39m[32m200[39m [90m803 ms - 103[39m [90m[39m
[38;5;206m[8f94d95a][0m[38;5;86m[HTTP][0m [37m-->[39m [37mPOST[39m [37m/wd/hub/session/8f94d95a-d27b-4fc5-abda-852d285cb031/timeouts[39m [90m{"implicit":40000}[39m
[38;5;206m[8f94d95a][0m[38;5;86m[HTTP][0m [37m<-- POST /wd/hub/session/8f94d95a-d27b-4fc5-abda-852d285cb031/timeouts [39m[32m200[39m [90m1 ms - 14[39m [90m[39m
[38;5;206m[8f94d95a][0m[38;5;86m[HTTP][0m [37m-->[39m [37mPOST[39m [37m/wd/hub/session/8f94d95a-d27b-4fc5-abda-852d285cb031/element/00000000-0000-0732-ffff-ffff00000097/click[39m [90m{"id":"00000000-0000-0732-ffff-ffff00000097"}[39m
[38;5;206m[8f94d95a][0m[38;5;86m[HTTP][0m [37m<-- POST /wd/hub/session/8f94d95a-d27b-4fc5-abda-852d285cb031/element/00000000-0000-0732-ffff-ffff00000097/click [39m[32m200[39m [90m98 ms - 14[39m [90m[39m
[38;5;206m[8f94d95a][0m[38;5;86m[HTTP][0m [37m-->[39m [37mPOST[39m [37m/wd/hub/session/8f94d95a-d27b-4fc5-abda-852d285cb031/timeouts[39m [90m{"implicit":50}[39m
[38;5;206m[8f94d95a][0m[38;5;86m[HTTP][0m [37m<-- POST /wd/hub/session/8f94d95a-d27b-4fc5-abda-852d285cb031/timeouts [39m[32m200[39m [90m1 ms - 14[39m [90m[39m
[38;5;206m[8f94d95a][0m[38;5;86m[HTTP][0m [37m-->[39m [37mGET[39m [37m/wd/hub/session/8f94d95a-d27b-4fc5-abda-852d285cb031/window/rect[39m [90m{}[39m
[38;5;206m[8f94d95a][0m[38;5;86m[HTTP][0m [37m<-- GET /wd/hub/session/8f94d95a-d27b-4fc5-abda-852d285cb031/window/rect [39m[32m200[39m [90m42 ms - 49[39m [90m[39m
[38;5;206m[8f94d95a][0m[38;5;86m[HTTP][0m [37m-->[39m [37mPOST[39m [37m/wd/hub/session/8f94d95a-d27b-4fc5-abda-852d285cb031/elements[39m [90m{"value":"//*[@class = 'android.widget.ScrollView' and (@text = '' or . = '')]","using":"xpath"}[39m
[38;5;206m[8f94d95a][0m[38;5;86m[HTTP][0m [37m<-- POST /wd/hub/session/8f94d95a-d27b-4fc5-abda-852d285cb031/elements [39m[32m200[39m [90m658 ms - 139[39m [90m[39m
[38;5;206m[8f94d95a][0m[38;5;86m[HTTP][0m [37m-->[39m [37mGET[39m [37m/wd/hub/session/8f94d95a-d27b-4fc5-abda-852d285cb031/element/00000000-0000-0732-ffff-ffff00000384/rect[39m [90m{}[39m
[38;5;206m[8f94d95a][0m[38;5;-27m[AndroidUiautomator2Driver@cfd9][0m Driver proxy active, passing request on via HTTP proxy
[38;5;206m[8f94d95a][0m[38;5;-27m[AndroidUiautomator2Driver@cfd9][0m Replacing sessionId 64908900-5b88-4fdd-a157-a1b7362d714d with 8f94d95a-d27b-4fc5-abda-852d285cb031
[38;5;206m[8f94d95a][0m[38;5;86m[HTTP][0m [37m<-- GET /wd/hub/session/8f94d95a-d27b-4fc5-abda-852d285cb031/element/00000000-0000-0732-ffff-ffff00000384/rect [39m[32m200[39m [90m741 ms - 102[39m [90m[39m
[38;5;206m[8f94d95a][0m[38;5;86m[HTTP][0m [37m-->[39m [37mPOST[39m [37m/wd/hub/session/8f94d95a-d27b-4fc5-abda-852d285cb031/timeouts[39m [90m{"implicit":40000}[39m
[38;5;206m[8f94d95a][0m[38;5;86m[HTTP][0m [37m<-- POST /wd/hub/session/8f94d95a-d27b-4fc5-abda-852d285cb031/timeouts [39m[32m200[39m [90m1 ms - 14[39m [90m[39m
[38;5;206m[8f94d95a][0m[38;5;86m[HTTP][0m [37m-->[39m [37mPOST[39m [37m/wd/hub/session/8f94d95a-d27b-4fc5-abda-852d285cb031/element/00000000-0000-0732-ffff-ffff00000384/click[39m [90m{"id":"00000000-0000-0732-ffff-ffff00000384"}[39m
[38;5;206m[8f94d95a][0m[38;5;86m[HTTP][0m [37m<-- POST /wd/hub/session/8f94d95a-d27b-4fc5-abda-852d285cb031/element/00000000-0000-0732-ffff-ffff00000384/click [39m[32m200[39m [90m123 ms - 14[39m [90m[39m
[38;5;206m[8f94d95a][0m[38;5;86m[HTTP][0m [37m-->[39m [37mPOST[39m [37m/wd/hub/session/8f94d95a-d27b-4fc5-abda-852d285cb031/timeouts[39m [90m{"implicit":50}[39m
[38;5;206m[8f94d95a][0m[38;5;86m[HTTP][0m [37m<-- POST /wd/hub/session/8f94d95a-d27b-4fc5-abda-852d285cb031/timeouts [39m[32m200[39m [90m1 ms - 14[39m [90m[39m
[38;5;206m[8f94d95a][0m[38;5;86m[HTTP][0m [37m-->[39m [37mGET[39m [37m/wd/hub/session/8f94d95a-d27b-4fc5-abda-852d285cb031/window/rect[39m [90m{}[39m
[38;5;206m[8f94d95a][0m[38;5;86m[HTTP][0m [37m<-- GET /wd/hub/session/8f94d95a-d27b-4fc5-abda-852d285cb031/window/rect [39m[32m200[39m [90m49 ms - 49[39m [90m[39m
[38;5;206m[8f94d95a][0m[38;5;86m[HTTP][0m [37m-->[39m [37mPOST[39m [37m/wd/hub/session/8f94d95a-d27b-4fc5-abda-852d285cb031/elements[39m [90m{"value":"//*[@class = 'android.widget.TextView' and (@text = 'ATM' or . = 'ATM')]","using":"xpath"}[39m
[38;5;206m[8f94d95a][0m[38;5;86m[HTTP][0m [37m<-- POST /wd/hub/session/8f94d95a-d27b-4fc5-abda-852d285cb031/elements [39m[32m200[39m [90m639 ms - 139[39m [90m[39m
[38;5;206m[8f94d95a][0m[38;5;86m[HTTP][0m [37m-->[39m [37mGET[39m [37m/wd/hub/session/8f94d95a-d27b-4fc5-abda-852d285cb031/element/00000000-0000-0732-ffff-ffff000003b5/rect[39m [90m{}[39m
[38;5;206m[8f94d95a][0m[38;5;-27m[AndroidUiautomator2Driver@cfd9][0m Driver proxy active, passing request on via HTTP proxy
[38;5;206m[8f94d95a][0m[38;5;-27m[AndroidUiautomator2Driver@cfd9][0m Replacing sessionId 64908900-5b88-4fdd-a157-a1b7362d714d with 8f94d95a-d27b-4fc5-abda-852d285cb031
[38;5;206m[8f94d95a][0m[38;5;86m[HTTP][0m [37m<-- GET /wd/hub/session/8f94d95a-d27b-4fc5-abda-852d285cb031/element/00000000-0000-0732-ffff-ffff000003b5/rect [39m[32m200[39m [90m44 ms - 100[39m [90m[39m
[38;5;206m[8f94d95a][0m[38;5;86m[HTTP][0m [37m-->[39m [37mPOST[39m [37m/wd/hub/session/8f94d95a-d27b-4fc5-abda-852d285cb031/timeouts[39m [90m{"implicit":40000}[39m
[38;5;206m[8f94d95a][0m[38;5;86m[HTTP][0m [37m<-- POST /wd/hub/session/8f94d95a-d27b-4fc5-abda-852d285cb031/timeouts [39m[32m200[39m [90m1 ms - 14[39m [90m[39m
[38;5;206m[8f94d95a][0m[38;5;86m[HTTP][0m [37m-->[39m [37mPOST[39m [37m/wd/hub/session/8f94d95a-d27b-4fc5-abda-852d285cb031/element/00000000-0000-0732-ffff-ffff000003b5/click[39m [90m{"id":"00000000-0000-0732-ffff-ffff000003b5"}[39m
[38;5;206m[8f94d95a][0m[38;5;86m[HTTP][0m [37m<-- POST /wd/hub/session/8f94d95a-d27b-4fc5-abda-852d285cb031/element/00000000-0000-0732-ffff-ffff000003b5/click [39m[32m200[39m [90m102 ms - 14[39m [90m[39m
[38;5;206m[8f94d95a][0m[38;5;86m[HTTP][0m [37m-->[39m [37mPOST[39m [37m/wd/hub/session/8f94d95a-d27b-4fc5-abda-852d285cb031/timeouts[39m [90m{"implicit":50}[39m
[38;5;206m[8f94d95a][0m[38;5;86m[HTTP][0m [37m<-- POST /wd/hub/session/8f94d95a-d27b-4fc5-abda-852d285cb031/timeouts [39m[32m200[39m [90m1 ms - 14[39m [90m[39m
[38;5;206m[8f94d95a][0m[38;5;86m[HTTP][0m [37m-->[39m [37mGET[39m [37m/wd/hub/session/8f94d95a-d27b-4fc5-abda-852d285cb031/window/rect[39m [90m{}[39m
[38;5;206m[8f94d95a][0m[38;5;86m[HTTP][0m [37m<-- GET /wd/hub/session/8f94d95a-d27b-4fc5-abda-852d285cb031/window/rect [39m[32m200[39m [90m38 ms - 49[39m [90m[39m
[38;5;206m[8f94d95a][0m[38;5;86m[HTTP][0m [37m-->[39m [37mPOST[39m [37m/wd/hub/session/8f94d95a-d27b-4fc5-abda-852d285cb031/elements[39m [90m{"value":"//*[@class = 'android.widget.ImageView' and (@text = '' or . = '')]","using":"xpath"}[39m
[38;5;206m[8f94d95a][0m[38;5;86m[HTTP][0m [37m<-- POST /wd/hub/session/8f94d95a-d27b-4fc5-abda-852d285cb031/elements [39m[32m200[39m [90m568 ms - 1291[39m [90m[39m
[38;5;206m[8f94d95a][0m[38;5;86m[HTTP][0m [37m-->[39m [37mGET[39m [37m/wd/hub/session/8f94d95a-d27b-4fc5-abda-852d285cb031/element/00000000-0000-0732-ffff-ffff0000039f/rect[39m [90m{}[39m
[38;5;206m[8f94d95a][0m[38;5;-27m[AndroidUiautomator2Driver@cfd9][0m Driver proxy active, passing request on via HTTP proxy
[38;5;206m[8f94d95a][0m[38;5;-27m[AndroidUiautomator2Driver@cfd9][0m Replacing sessionId 64908900-5b88-4fdd-a157-a1b7362d714d with 8f94d95a-d27b-4fc5-abda-852d285cb031
[38;5;206m[8f94d95a][0m[38;5;86m[HTTP][0m [37m<-- GET /wd/hub/session/8f94d95a-d27b-4fc5-abda-852d285cb031/element/00000000-0000-0732-ffff-ffff0000039f/rect [39m[32m200[39m [90m820 ms - 99[39m [90m[39m
[38;5;206m[8f94d95a][0m[38;5;86m[HTTP][0m [37m-->[39m [37mPOST[39m [37m/wd/hub/session/8f94d95a-d27b-4fc5-abda-852d285cb031/timeouts[39m [90m{"implicit":40000}[39m
[38;5;206m[8f94d95a][0m[38;5;86m[HTTP][0m [37m<-- POST /wd/hub/session/8f94d95a-d27b-4fc5-abda-852d285cb031/timeouts [39m[32m200[39m [90m1 ms - 14[39m [90m[39m
[38;5;206m[8f94d95a][0m[38;5;86m[HTTP][0m [37m-->[39m [37mPOST[39m [37m/wd/hub/session/8f94d95a-d27b-4fc5-abda-852d285cb031/element/00000000-0000-0732-ffff-ffff0000039f/click[39m [90m{"id":"00000000-0000-0732-ffff-ffff0000039f"}[39m
[38;5;206m[8f94d95a][0m[38;5;86m[HTTP][0m [37m<-- POST /wd/hub/session/8f94d95a-d27b-4fc5-abda-852d285cb031/element/00000000-0000-0732-ffff-ffff0000039f/click [39m[32m200[39m [90m107 ms - 14[39m [90m[39m
[38;5;206m[8f94d95a][0m[38;5;86m[HTTP][0m [37m-->[39m [37mPOST[39m [37m/wd/hub/session/8f94d95a-d27b-4fc5-abda-852d285cb031/timeouts[39m [90m{"implicit":50}[39m
[38;5;206m[8f94d95a][0m[38;5;86m[HTTP][0m [37m<-- POST /wd/hub/session/8f94d95a-d27b-4fc5-abda-852d285cb031/timeouts [39m[32m200[39m [90m1 ms - 14[39m [90m[39m
[38;5;206m[8f94d95a][0m[38;5;86m[HTTP][0m [37m-->[39m [37mGET[39m [37m/wd/hub/session/8f94d95a-d27b-4fc5-abda-852d285cb031/window/rect[39m [90m{}[39m
[38;5;206m[8f94d95a][0m[38;5;86m[HTTP][0m [37m<-- GET /wd/hub/session/8f94d95a-d27b-4fc5-abda-852d285cb031/window/rect [39m[32m200[39m [90m47 ms - 49[39m [90m[39m
[38;5;206m[8f94d95a][0m[38;5;86m[HTTP][0m [37m-->[39m [37mPOST[39m [37m/wd/hub/session/8f94d95a-d27b-4fc5-abda-852d285cb031/elements[39m [90m{"value":"//*[@class = 'android.widget.TextView' and (@text = 'Bus' or . = 'Bus')]","using":"xpath"}[39m
[38;5;206m[8f94d95a][0m[38;5;86m[HTTP][0m [37m<-- POST /wd/hub/session/8f94d95a-d27b-4fc5-abda-852d285cb031/elements [39m[32m200[39m [90m891 ms - 139[39m [90m[39m
[38;5;206m[8f94d95a][0m[38;5;86m[HTTP][0m [37m-->[39m [37mGET[39m [37m/wd/hub/session/8f94d95a-d27b-4fc5-abda-852d285cb031/element/00000000-0000-0732-ffff-ffff000003b9/rect[39m [90m{}[39m
[38;5;206m[8f94d95a][0m[38;5;-27m[AndroidUiautomator2Driver@cfd9][0m Driver proxy active, passing request on via HTTP proxy
[38;5;206m[8f94d95a][0m[38;5;-27m[AndroidUiautomator2Driver@cfd9][0m Replacing sessionId 64908900-5b88-4fdd-a157-a1b7362d714d with 8f94d95a-d27b-4fc5-abda-852d285cb031
[38;5;206m[8f94d95a][0m[38;5;86m[HTTP][0m [37m<-- GET /wd/hub/session/8f94d95a-d27b-4fc5-abda-852d285cb031/element/00000000-0000-0732-ffff-ffff000003b9/rect [39m[32m200[39m [90m311 ms - 101[39m [90m[39m
[38;5;206m[8f94d95a][0m[38;5;86m[HTTP][0m [37m-->[39m [37mPOST[39m [37m/wd/hub/session/8f94d95a-d27b-4fc5-abda-852d285cb031/timeouts[39m [90m{"implicit":40000}[39m
[38;5;206m[8f94d95a][0m[38;5;86m[HTTP][0m [37m<-- POST /wd/hub/session/8f94d95a-d27b-4fc5-abda-852d285cb031/timeouts [39m[32m200[39m [90m1 ms - 14[39m [90m[39m
[38;5;206m[8f94d95a][0m[38;5;86m[HTTP][0m [37m-->[39m [37mPOST[39m [37m/wd/hub/session/8f94d95a-d27b-4fc5-abda-852d285cb031/element/00000000-0000-0732-ffff-ffff000003b9/click[39m [90m{"id":"00000000-0000-0732-ffff-ffff000003b9"}[39m
[38;5;206m[8f94d95a][0m[38;5;86m[HTTP][0m [37m<-- POST /wd/hub/session/8f94d95a-d27b-4fc5-abda-852d285cb031/element/00000000-0000-0732-ffff-ffff000003b9/click [39m[32m200[39m [90m93 ms - 14[39m [90m[39m
[38;5;206m[8f94d95a][0m[38;5;86m[HTTP][0m [37m-->[39m [37mPOST[39m [37m/wd/hub/session/8f94d95a-d27b-4fc5-abda-852d285cb031/timeouts[39m [90m{"implicit":50}[39m
[38;5;206m[8f94d95a][0m[38;5;86m[HTTP][0m [37m<-- POST /wd/hub/session/8f94d95a-d27b-4fc5-abda-852d285cb031/timeouts [39m[32m200[39m [90m1 ms - 14[39m [90m[39m
[38;5;206m[8f94d95a][0m[38;5;86m[HTTP][0m [37m-->[39m [37mGET[39m [37m/wd/hub/session/8f94d95a-d27b-4fc5-abda-852d285cb031/window/rect[39m [90m{}[39m
[38;5;206m[8f94d95a][0m[38;5;86m[HTTP][0m [37m<-- GET /wd/hub/session/8f94d95a-d27b-4fc5-abda-852d285cb031/window/rect [39m[32m200[39m [90m33 ms - 49[39m [90m[39m
[38;5;206m[8f94d95a][0m[38;5;86m[HTTP][0m [37m-->[39m [37mPOST[39m [37m/wd/hub/session/8f94d95a-d27b-4fc5-abda-852d285cb031/elements[39m [90m{"value":"//*[@class = 'android.widget.ImageView' and (@text = '' or . = '')]","using":"xpath"}[39m
[38;5;206m[8f94d95a][0m[38;5;86m[HTTP][0m [37m<-- POST /wd/hub/session/8f94d95a-d27b-4fc5-abda-852d285cb031/elements [39m[32m200[39m [90m508 ms - 1291[39m [90m[39m
[38;5;206m[8f94d95a][0m[38;5;86m[HTTP][0m [37m-->[39m [37mGET[39m [37m/wd/hub/session/8f94d95a-d27b-4fc5-abda-852d285cb031/element/00000000-0000-0732-ffff-ffff0000039f/rect[39m [90m{}[39m
[38;5;206m[8f94d95a][0m[38;5;-27m[AndroidUiautomator2Driver@cfd9][0m Driver proxy active, passing request on via HTTP proxy
[38;5;206m[8f94d95a][0m[38;5;-27m[AndroidUiautomator2Driver@cfd9][0m Replacing sessionId 64908900-5b88-4fdd-a157-a1b7362d714d with 8f94d95a-d27b-4fc5-abda-852d285cb031
[38;5;206m[8f94d95a][0m[38;5;86m[HTTP][0m [37m<-- GET /wd/hub/session/8f94d95a-d27b-4fc5-abda-852d285cb031/element/00000000-0000-0732-ffff-ffff0000039f/rect [39m[32m200[39m [90m839 ms - 99[39m [90m[39m
[38;5;206m[8f94d95a][0m[38;5;86m[HTTP][0m [37m-->[39m [37mPOST[39m [37m/wd/hub/session/8f94d95a-d27b-4fc5-abda-852d285cb031/timeouts[39m [90m{"implicit":40000}[39m
[38;5;206m[8f94d95a][0m[38;5;86m[HTTP][0m [37m<-- POST /wd/hub/session/8f94d95a-d27b-4fc5-abda-852d285cb031/timeouts [39m[32m200[39m [90m1 ms - 14[39m [90m[39m
[38;5;206m[8f94d95a][0m[38;5;86m[HTTP][0m [37m-->[39m [37mPOST[39m [37m/wd/hub/session/8f94d95a-d27b-4fc5-abda-852d285cb031/element/00000000-0000-0732-ffff-ffff0000039f/click[39m [90m{"id":"00000000-0000-0732-ffff-ffff0000039f"}[39m
[38;5;206m[8f94d95a][0m[38;5;86m[HTTP][0m [37m<-- POST /wd/hub/session/8f94d95a-d27b-4fc5-abda-852d285cb031/element/00000000-0000-0732-ffff-ffff0000039f/click [39m[32m200[39m [90m82 ms - 14[39m [90m[39m
[38;5;206m[8f94d95a][0m[38;5;86m[HTTP][0m [37m-->[39m [37mPOST[39m [37m/wd/hub/session/8f94d95a-d27b-4fc5-abda-852d285cb031/timeouts[39m [90m{"implicit":50}[39m
[38;5;206m[8f94d95a][0m[38;5;86m[HTTP][0m [37m<-- POST /wd/hub/session/8f94d95a-d27b-4fc5-abda-852d285cb031/timeouts [39m[32m200[39m [90m1 ms - 14[39m [90m[39m
[38;5;206m[8f94d95a][0m[38;5;86m[HTTP][0m [37m-->[39m [37mGET[39m [37m/wd/hub/session/8f94d95a-d27b-4fc5-abda-852d285cb031/window/rect[39m [90m{}[39m
[38;5;206m[8f94d95a][0m[38;5;86m[HTTP][0m [37m<-- GET /wd/hub/session/8f94d95a-d27b-4fc5-abda-852d285cb031/window/rect [39m[32m200[39m [90m38 ms - 49[39m [90m[39m
[38;5;206m[8f94d95a][0m[38;5;86m[HTTP][0m [37m-->[39m [37mPOST[39m [37m/wd/hub/session/8f94d95a-d27b-4fc5-abda-852d285cb031/elements[39m [90m{"value":"//*[@class = 'android.widget.TextView' and (@text = 'Car Park Help-Desk' or . = 'Car Park Help-Desk')]","using":"xpath"}[39m
[38;5;206m[8f94d95a][0m[38;5;86m[HTTP][0m [37m<-- POST /wd/hub/session/8f94d95a-d27b-4fc5-abda-852d285cb031/elements [39m[32m200[39m [90m844 ms - 139[39m [90m[39m
[38;5;206m[8f94d95a][0m[38;5;86m[HTTP][0m [37m-->[39m [37mGET[39m [37m/wd/hub/session/8f94d95a-d27b-4fc5-abda-852d285cb031/element/00000000-0000-0732-ffff-ffff000003bd/rect[39m [90m{}[39m
[38;5;206m[8f94d95a][0m[38;5;-27m[AndroidUiautomator2Driver@cfd9][0m Driver proxy active, passing request on via HTTP proxy
[38;5;206m[8f94d95a][0m[38;5;-27m[AndroidUiautomator2Driver@cfd9][0m Replacing sessionId 64908900-5b88-4fdd-a157-a1b7362d714d with 8f94d95a-d27b-4fc5-abda-852d285cb031
[38;5;206m[8f94d95a][0m[38;5;86m[HTTP][0m [37m<-- GET /wd/hub/session/8f94d95a-d27b-4fc5-abda-852d285cb031/element/00000000-0000-0732-ffff-ffff000003bd/rect [39m[32m200[39m [90m238 ms - 102[39m [90m[39m
[38;5;206m[8f94d95a][0m[38;5;86m[HTTP][0m [37m-->[39m [37mPOST[39m [37m/wd/hub/session/8f94d95a-d27b-4fc5-abda-852d285cb031/timeouts[39m [90m{"implicit":40000}[39m
[38;5;206m[8f94d95a][0m[38;5;86m[HTTP][0m [37m<-- POST /wd/hub/session/8f94d95a-d27b-4fc5-abda-852d285cb031/timeouts [39m[32m200[39m [90m1 ms - 14[39m [90m[39m
[38;5;206m[8f94d95a][0m[38;5;86m[HTTP][0m [37m-->[39m [37mPOST[39m [37m/wd/hub/session/8f94d95a-d27b-4fc5-abda-852d285cb031/element/00000000-0000-0732-ffff-ffff000003bd/click[39m [90m{"id":"00000000-0000-0732-ffff-ffff000003bd"}[39m
[38;5;206m[8f94d95a][0m[38;5;86m[HTTP][0m [37m<-- POST /wd/hub/session/8f94d95a-d27b-4fc5-abda-852d285cb031/element/00000000-0000-0732-ffff-ffff000003bd/click [39m[32m200[39m [90m91 ms - 14[39m [90m[39m
[38;5;206m[8f94d95a][0m[38;5;86m[HTTP][0m [37m-->[39m [37mPOST[39m [37m/wd/hub/session/8f94d95a-d27b-4fc5-abda-852d285cb031/timeouts[39m [90m{"implicit":50}[39m
[38;5;206m[8f94d95a][0m[38;5;86m[HTTP][0m [37m<-- POST /wd/hub/session/8f94d95a-d27b-4fc5-abda-852d285cb031/timeouts [39m[32m200[39m [90m1 ms - 14[39m [90m[39m
[38;5;206m[8f94d95a][0m[38;5;86m[HTTP][0m [37m-->[39m [37mGET[39m [37m/wd/hub/session/8f94d95a-d27b-4fc5-abda-852d285cb031/window/rect[39m [90m{}[39m
[38;5;206m[8f94d95a][0m[38;5;86m[HTTP][0m [37m<-- GET /wd/hub/session/8f94d95a-d27b-4fc5-abda-852d285cb031/window/rect [39m[32m200[39m [90m36 ms - 49[39m [90m[39m
[38;5;206m[8f94d95a][0m[38;5;86m[HTTP][0m [37m-->[39m [37mPOST[39m [37m/wd/hub/session/8f94d95a-d27b-4fc5-abda-852d285cb031/elements[39m [90m{"value":"//*[@class = 'android.widget.ImageView' and (@text = '' or . = '')]","using":"xpath"}[39m
[38;5;206m[8f94d95a][0m[38;5;86m[HTTP][0m [37m<-- POST /wd/hub/session/8f94d95a-d27b-4fc5-abda-852d285cb031/elements [39m[32m200[39m [90m504 ms - 1291[39m [90m[39m
[38;5;206m[8f94d95a][0m[38;5;86m[HTTP][0m [37m-->[39m [37mGET[39m [37m/wd/hub/session/8f94d95a-d27b-4fc5-abda-852d285cb031/element/00000000-0000-0732-ffff-ffff0000039f/rect[39m [90m{}[39m
[38;5;206m[8f94d95a][0m[38;5;-27m[AndroidUiautomator2Driver@cfd9][0m Driver proxy active, passing request on via HTTP proxy
[38;5;206m[8f94d95a][0m[38;5;-27m[AndroidUiautomator2Driver@cfd9][0m Replacing sessionId 64908900-5b88-4fdd-a157-a1b7362d714d with 8f94d95a-d27b-4fc5-abda-852d285cb031
[38;5;206m[8f94d95a][0m[38;5;86m[HTTP][0m [37m<-- GET /wd/hub/session/8f94d95a-d27b-4fc5-abda-852d285cb031/element/00000000-0000-0732-ffff-ffff0000039f/rect [39m[32m200[39m [90m859 ms - 99[39m [90m[39m
[38;5;206m[8f94d95a][0m[38;5;86m[HTTP][0m [37m-->[39m [37mPOST[39m [37m/wd/hub/session/8f94d95a-d27b-4fc5-abda-852d285cb031/timeouts[39m [90m{"implicit":40000}[39m
[38;5;206m[8f94d95a][0m[38;5;86m[HTTP][0m [37m<-- POST /wd/hub/session/8f94d95a-d27b-4fc5-abda-852d285cb031/timeouts [39m[32m200[39m [90m1 ms - 14[39m [90m[39m
[38;5;206m[8f94d95a][0m[38;5;86m[HTTP][0m [37m-->[39m [37mPOST[39m [37m/wd/hub/session/8f94d95a-d27b-4fc5-abda-852d285cb031/element/00000000-0000-0732-ffff-ffff0000039f/click[39m [90m{"id":"00000000-0000-0732-ffff-ffff0000039f"}[39m
[38;5;206m[8f94d95a][0m[38;5;86m[HTTP][0m [37m<-- POST /wd/hub/session/8f94d95a-d27b-4fc5-abda-852d285cb031/element/00000000-0000-0732-ffff-ffff0000039f/click [39m[32m200[39m [90m98 ms - 14[39m [90m[39m
[38;5;206m[8f94d95a][0m[38;5;86m[HTTP][0m [37m-->[39m [37mPOST[39m [37m/wd/hub/session/8f94d95a-d27b-4fc5-abda-852d285cb031/timeouts[39m [90m{"implicit":50}[39m
[38;5;206m[8f94d95a][0m[38;5;86m[HTTP][0m [37m<-- POST /wd/hub/session/8f94d95a-d27b-4fc5-abda-852d285cb031/timeouts [39m[32m200[39m [90m1 ms - 14[39m [90m[39m
[38;5;206m[8f94d95a][0m[38;5;86m[HTTP][0m [37m-->[39m [37mGET[39m [37m/wd/hub/session/8f94d95a-d27b-4fc5-abda-852d285cb031/window/rect[39m [90m{}[39m
[38;5;206m[8f94d95a][0m[38;5;86m[HTTP][0m [37m<-- GET /wd/hub/session/8f94d95a-d27b-4fc5-abda-852d285cb031/window/rect [39m[32m200[39m [90m36 ms - 49[39m [90m[39m
[38;5;206m[8f94d95a][0m[38;5;86m[HTTP][0m [37m-->[39m [37mPOST[39m [37m/wd/hub/session/8f94d95a-d27b-4fc5-abda-852d285cb031/elements[39m [90m{"value":"//*[@class = 'android.widget.TextView' and (@text = 'Gift Wrapping' or . = 'Gift Wrapping')]","using":"xpath"}[39m
[38;5;206m[8f94d95a][0m[38;5;86m[HTTP][0m [37m<-- POST /wd/hub/session/8f94d95a-d27b-4fc5-abda-852d285cb031/elements [39m[32m200[39m [90m837 ms - 139[39m [90m[39m
[38;5;206m[8f94d95a][0m[38;5;86m[HTTP][0m [37m-->[39m [37mGET[39m [37m/wd/hub/session/8f94d95a-d27b-4fc5-abda-852d285cb031/element/00000000-0000-0732-ffff-ffff000003c2/rect[39m [90m{}[39m
[38;5;206m[8f94d95a][0m[38;5;-27m[AndroidUiautomator2Driver@cfd9][0m Driver proxy active, passing request on via HTTP proxy
[38;5;206m[8f94d95a][0m[38;5;-27m[AndroidUiautomator2Driver@cfd9][0m Replacing sessionId 64908900-5b88-4fdd-a157-a1b7362d714d with 8f94d95a-d27b-4fc5-abda-852d285cb031
[38;5;206m[8f94d95a][0m[38;5;86m[HTTP][0m [37m<-- GET /wd/hub/session/8f94d95a-d27b-4fc5-abda-852d285cb031/element/00000000-0000-0732-ffff-ffff000003c2/rect [39m[32m200[39m [90m346 ms - 101[39m [90m[39m
[38;5;206m[8f94d95a][0m[38;5;86m[HTTP][0m [37m-->[39m [37mPOST[39m [37m/wd/hub/session/8f94d95a-d27b-4fc5-abda-852d285cb031/timeouts[39m [90m{"implicit":40000}[39m
[38;5;206m[8f94d95a][0m[38;5;86m[HTTP][0m [37m<-- POST /wd/hub/session/8f94d95a-d27b-4fc5-abda-852d285cb031/timeouts [39m[32m200[39m [90m1 ms - 14[39m [90m[39m
[38;5;206m[8f94d95a][0m[38;5;86m[HTTP][0m [37m-->[39m [37mPOST[39m [37m/wd/hub/session/8f94d95a-d27b-4fc5-abda-852d285cb031/element/00000000-0000-0732-ffff-ffff000003c2/click[39m [90m{"id":"00000000-0000-0732-ffff-ffff000003c2"}[39m
[38;5;206m[8f94d95a][0m[38;5;86m[HTTP][0m [37m<-- POST /wd/hub/session/8f94d95a-d27b-4fc5-abda-852d285cb031/element/00000000-0000-0732-ffff-ffff000003c2/click [39m[32m200[39m [90m101 ms - 14[39m [90m[39m
[38;5;206m[8f94d95a][0m[38;5;86m[HTTP][0m [37m-->[39m [37mPOST[39m [37m/wd/hub/session/8f94d95a-d27b-4fc5-abda-852d285cb031/timeouts[39m [90m{"implicit":50}[39m
[38;5;206m[8f94d95a][0m[38;5;86m[HTTP][0m [37m<-- POST /wd/hub/session/8f94d95a-d27b-4fc5-abda-852d285cb031/timeouts [39m[32m200[39m [90m1 ms - 14[39m [90m[39m
[38;5;206m[8f94d95a][0m[38;5;86m[HTTP][0m [37m-->[39m [37mGET[39m [37m/wd/hub/session/8f94d95a-d27b-4fc5-abda-852d285cb031/window/rect[39m [90m{}[39m
[38;5;206m[8f94d95a][0m[38;5;86m[HTTP][0m [37m<-- GET /wd/hub/session/8f94d95a-d27b-4fc5-abda-852d285cb031/window/rect [39m[32m200[39m [90m34 ms - 49[39m [90m[39m
[38;5;206m[8f94d95a][0m[38;5;86m[HTTP][0m [37m-->[39m [37mPOST[39m [37m/wd/hub/session/8f94d95a-d27b-4fc5-abda-852d285cb031/elements[39m [90m{"value":"//*[@class = 'android.widget.ImageView' and (@text = '' or . = '')]","using":"xpath"}[39m
[38;5;206m[8f94d95a][0m[38;5;86m[HTTP][0m [37m<-- POST /wd/hub/session/8f94d95a-d27b-4fc5-abda-852d285cb031/elements [39m[32m200[39m [90m375 ms - 1291[39m [90m[39m
[38;5;206m[8f94d95a][0m[38;5;86m[HTTP][0m [37m-->[39m [37mGET[39m [37m/wd/hub/session/8f94d95a-d27b-4fc5-abda-852d285cb031/element/00000000-0000-0732-ffff-ffff0000039f/rect[39m [90m{}[39m
[38;5;206m[8f94d95a][0m[38;5;-27m[AndroidUiautomator2Driver@cfd9][0m Driver proxy active, passing request on via HTTP proxy
[38;5;206m[8f94d95a][0m[38;5;-27m[AndroidUiautomator2Driver@cfd9][0m Replacing sessionId 64908900-5b88-4fdd-a157-a1b7362d714d with 8f94d95a-d27b-4fc5-abda-852d285cb031
[38;5;206m[8f94d95a][0m[38;5;86m[HTTP][0m [37m<-- GET /wd/hub/session/8f94d95a-d27b-4fc5-abda-852d285cb031/element/00000000-0000-0732-ffff-ffff0000039f/rect [39m[32m200[39m [90m918 ms - 99[39m [90m[39m
[38;5;206m[8f94d95a][0m[38;5;86m[HTTP][0m [37m-->[39m [37mPOST[39m [37m/wd/hub/session/8f94d95a-d27b-4fc5-abda-852d285cb031/timeouts[39m [90m{"implicit":40000}[39m
[38;5;206m[8f94d95a][0m[38;5;86m[HTTP][0m [37m<-- POST /wd/hub/session/8f94d95a-d27b-4fc5-abda-852d285cb031/timeouts [39m[32m200[39m [90m1 ms - 14[39m [90m[39m
[38;5;206m[8f94d95a][0m[38;5;86m[HTTP][0m [37m-->[39m [37mPOST[39m [37m/wd/hub/session/8f94d95a-d27b-4fc5-abda-852d285cb031/element/00000000-0000-0732-ffff-ffff0000039f/click[39m [90m{"id":"00000000-0000-0732-ffff-ffff0000039f"}[39m
[38;5;206m[8f94d95a][0m[38;5;86m[HTTP][0m [37m<-- POST /wd/hub/session/8f94d95a-d27b-4fc5-abda-852d285cb031/element/00000000-0000-0732-ffff-ffff0000039f/click [39m[32m200[39m [90m85 ms - 14[39m [90m[39m
[38;5;206m[8f94d95a][0m[38;5;86m[HTTP][0m [37m-->[39m [37mPOST[39m [37m/wd/hub/session/8f94d95a-d27b-4fc5-abda-852d285cb031/timeouts[39m [90m{"implicit":50}[39m
[38;5;206m[8f94d95a][0m[38;5;86m[HTTP][0m [37m<-- POST /wd/hub/session/8f94d95a-d27b-4fc5-abda-852d285cb031/timeouts [39m[32m200[39m [90m1 ms - 14[39m [90m[39m
[38;5;206m[8f94d95a][0m[38;5;86m[HTTP][0m [37m-->[39m [37mGET[39m [37m/wd/hub/session/8f94d95a-d27b-4fc5-abda-852d285cb031/window/rect[39m [90m{}[39m
[38;5;206m[8f94d95a][0m[38;5;86m[HTTP][0m [37m<-- GET /wd/hub/session/8f94d95a-d27b-4fc5-abda-852d285cb031/window/rect [39m[32m200[39m [90m36 ms - 49[39m [90m[39m
[38;5;206m[8f94d95a][0m[38;5;86m[HTTP][0m [37m-->[39m [37mPOST[39m [37m/wd/hub/session/8f94d95a-d27b-4fc5-abda-852d285cb031/elements[39m [90m{"value":"//*[@class = 'android.widget.TextView' and (@text = 'Lost & Found' or . = 'Lost & Found')]","using":"xpath"}[39m
[38;5;206m[8f94d95a][0m[38;5;86m[HTTP][0m [37m<-- POST /wd/hub/session/8f94d95a-d27b-4fc5-abda-852d285cb031/elements [39m[32m200[39m [90m877 ms - 139[39m [90m[39m
[38;5;206m[8f94d95a][0m[38;5;86m[HTTP][0m [37m-->[39m [37mGET[39m [37m/wd/hub/session/8f94d95a-d27b-4fc5-abda-852d285cb031/element/00000000-0000-0732-ffff-ffff000003c6/rect[39m [90m{}[39m
[38;5;206m[8f94d95a][0m[38;5;-27m[AndroidUiautomator2Driver@cfd9][0m Driver proxy active, passing request on via HTTP proxy
[38;5;206m[8f94d95a][0m[38;5;-27m[AndroidUiautomator2Driver@cfd9][0m Replacing sessionId 64908900-5b88-4fdd-a157-a1b7362d714d with 8f94d95a-d27b-4fc5-abda-852d285cb031
[38;5;206m[8f94d95a][0m[38;5;86m[HTTP][0m [37m<-- GET /wd/hub/session/8f94d95a-d27b-4fc5-abda-852d285cb031/element/00000000-0000-0732-ffff-ffff000003c6/rect [39m[32m200[39m [90m208 ms - 102[39m [90m[39m
[38;5;206m[8f94d95a][0m[38;5;86m[HTTP][0m [37m-->[39m [37mPOST[39m [37m/wd/hub/session/8f94d95a-d27b-4fc5-abda-852d285cb031/timeouts[39m [90m{"implicit":40000}[39m
[38;5;206m[8f94d95a][0m[38;5;86m[HTTP][0m [37m<-- POST /wd/hub/session/8f94d95a-d27b-4fc5-abda-852d285cb031/timeouts [39m[32m200[39m [90m1 ms - 14[39m [90m[39m
[38;5;206m[8f94d95a][0m[38;5;86m[HTTP][0m [37m-->[39m [37mPOST[39m [37m/wd/hub/session/8f94d95a-d27b-4fc5-abda-852d285cb031/element/00000000-0000-0732-ffff-ffff000003c6/click[39m [90m{"id":"00000000-0000-0732-ffff-ffff000003c6"}[39m
[38;5;206m[8f94d95a][0m[38;5;86m[HTTP][0m [37m<-- POST /wd/hub/session/8f94d95a-d27b-4fc5-abda-852d285cb031/element/00000000-0000-0732-ffff-ffff000003c6/click [39m[32m200[39m [90m83 ms - 14[39m [90m[39m
[38;5;206m[8f94d95a][0m[38;5;86m[HTTP][0m [37m-->[39m [37mPOST[39m [37m/wd/hub/session/8f94d95a-d27b-4fc5-abda-852d285cb031/timeouts[39m [90m{"implicit":50}[39m
[38;5;206m[8f94d95a][0m[38;5;86m[HTTP][0m [37m<-- POST /wd/hub/session/8f94d95a-d27b-4fc5-abda-852d285cb031/timeouts [39m[32m200[39m [90m1 ms - 14[39m [90m[39m
[38;5;206m[8f94d95a][0m[38;5;86m[HTTP][0m [37m-->[39m [37mGET[39m [37m/wd/hub/session/8f94d95a-d27b-4fc5-abda-852d285cb031/window/rect[39m [90m{}[39m
[38;5;206m[8f94d95a][0m[38;5;86m[HTTP][0m [37m<-- GET /wd/hub/session/8f94d95a-d27b-4fc5-abda-852d285cb031/window/rect [39m[32m200[39m [90m28 ms - 49[39m [90m[39m
[38;5;206m[8f94d95a][0m[38;5;86m[HTTP][0m [37m-->[39m [37mPOST[39m [37m/wd/hub/session/8f94d95a-d27b-4fc5-abda-852d285cb031/elements[39m [90m{"value":"//*[@class = 'android.widget.ImageView' and (@text = '' or . = '')]","using":"xpath"}[39m
[38;5;206m[8f94d95a][0m[38;5;86m[HTTP][0m [37m<-- POST /wd/hub/session/8f94d95a-d27b-4fc5-abda-852d285cb031/elements [39m[32m200[39m [90m367 ms - 1291[39m [90m[39m
[38;5;206m[8f94d95a][0m[38;5;86m[HTTP][0m [37m-->[39m [37mGET[39m [37m/wd/hub/session/8f94d95a-d27b-4fc5-abda-852d285cb031/element/00000000-0000-0732-ffff-ffff0000039f/rect[39m [90m{}[39m
[38;5;206m[8f94d95a][0m[38;5;-27m[AndroidUiautomator2Driver@cfd9][0m Driver proxy active, passing request on via HTTP proxy
[38;5;206m[8f94d95a][0m[38;5;-27m[AndroidUiautomator2Driver@cfd9][0m Replacing sessionId 64908900-5b88-4fdd-a157-a1b7362d714d with 8f94d95a-d27b-4fc5-abda-852d285cb031
[38;5;206m[8f94d95a][0m[38;5;86m[HTTP][0m [37m<-- GET /wd/hub/session/8f94d95a-d27b-4fc5-abda-852d285cb031/element/00000000-0000-0732-ffff-ffff0000039f/rect [39m[32m200[39m [90m935 ms - 99[39m [90m[39m
[38;5;206m[8f94d95a][0m[38;5;86m[HTTP][0m [37m-->[39m [37mPOST[39m [37m/wd/hub/session/8f94d95a-d27b-4fc5-abda-852d285cb031/timeouts[39m [90m{"implicit":40000}[39m
[38;5;206m[8f94d95a][0m[38;5;86m[HTTP][0m [37m<-- POST /wd/hub/session/8f94d95a-d27b-4fc5-abda-852d285cb031/timeouts [39m[32m200[39m [90m1 ms - 14[39m [90m[39m
[38;5;206m[8f94d95a][0m[38;5;86m[HTTP][0m [37m-->[39m [37mPOST[39m [37m/wd/hub/session/8f94d95a-d27b-4fc5-abda-852d285cb031/element/00000000-0000-0732-ffff-ffff0000039f/click[39m [90m{"id":"00000000-0000-0732-ffff-ffff0000039f"}[39m
[38;5;206m[8f94d95a][0m[38;5;86m[HTTP][0m [37m<-- POST /wd/hub/session/8f94d95a-d27b-4fc5-abda-852d285cb031/element/00000000-0000-0732-ffff-ffff0000039f/click [39m[32m200[39m [90m88 ms - 14[39m [90m[39m
[38;5;206m[8f94d95a][0m[38;5;86m[HTTP][0m [37m-->[39m [37mPOST[39m [37m/wd/hub/session/8f94d95a-d27b-4fc5-abda-852d285cb031/timeouts[39m [90m{"implicit":50}[39m
[38;5;206m[8f94d95a][0m[38;5;86m[HTTP][0m [37m<-- POST /wd/hub/session/8f94d95a-d27b-4fc5-abda-852d285cb031/timeouts [39m[32m200[39m [90m1 ms - 14[39m [90m[39m
[38;5;206m[8f94d95a][0m[38;5;86m[HTTP][0m [37m-->[39m [37mGET[39m [37m/wd/hub/session/8f94d95a-d27b-4fc5-abda-852d285cb031/window/rect[39m [90m{}[39m
[38;5;206m[8f94d95a][0m[38;5;86m[HTTP][0m [37m<-- GET /wd/hub/session/8f94d95a-d27b-4fc5-abda-852d285cb031/window/rect [39m[32m200[39m [90m23 ms - 49[39m [90m[39m
[38;5;206m[8f94d95a][0m[38;5;86m[HTTP][0m [37m-->[39m [37mPOST[39m [37m/wd/hub/session/8f94d95a-d27b-4fc5-abda-852d285cb031/elements[39m [90m{"value":"//*[@class = 'android.widget.TextView' and (@text = 'Amenities' or . = 'Amenities')]","using":"xpath"}[39m
[38;5;206m[8f94d95a][0m[38;5;86m[HTTP][0m [37m<-- POST /wd/hub/session/8f94d95a-d27b-4fc5-abda-852d285cb031/elements [39m[32m200[39m [90m233 ms - 139[39m [90m[39m
[38;5;206m[8f94d95a][0m[38;5;86m[HTTP][0m [37m-->[39m [37mGET[39m [37m/wd/hub/session/8f94d95a-d27b-4fc5-abda-852d285cb031/element/00000000-0000-0732-ffff-ffff0000046e/rect[39m [90m{}[39m
[38;5;206m[8f94d95a][0m[38;5;-27m[AndroidUiautomator2Driver@cfd9][0m Driver proxy active, passing request on via HTTP proxy
[38;5;206m[8f94d95a][0m[38;5;-27m[AndroidUiautomator2Driver@cfd9][0m Got response with status 404: {"sessionId":"64908900-5b88-4fdd-a157-a1b7362d714d","value":{"error":"stale element reference","message":"Cached elements 'By.xpath: //*[@class = 'android.widget.TextView' and (@text = 'Amenities' or . = 'Amenities')]' do not exist in DOM anymore","stacktrace":"io.appium.uiautomator2.common.exceptions.StaleElementReferenceException: Cached elements 'By.xpath: //*[@class = 'android.widget.TextView' and (@text = 'Amenities' or . = 'Amenities')]' do not exist in DOM anymore\n\tat io.appium.uiautomator2.model.ElementsCache.restore(ElementsCache.java:78)\n\tat io.appium.uiautomator2.model.ElementsCache.get(ElementsCache.java:153)\n\tat io.appium.uiautomator2.handler.GetRect.safeHandle(GetRect.java:40)\n\tat io.appium.uiautomator2.handler.request.SafeRequestHandler.handle(SafeRequestHandler.java:59)\n\tat io.appium.uiautomator2.server.AppiumServlet.handleRequest(AppiumServlet.java:259)\n\tat io.appium.uiautomator2.server.AppiumServlet.handleHttpRequest(AppiumServlet.java:253)\n\tat io.appium.uiautomator2.http.Se...
[38;5;206m[8f94d95a][0m[38;5;86m[HTTP][0m [37m<-- GET /wd/hub/session/8f94d95a-d27b-4fc5-abda-852d285cb031/element/00000000-0000-0732-ffff-ffff0000046e/rect [39m[33m404[39m [90m875 ms - 4065[39m [90m[39m
[38;5;206m[8f94d95a][0m[38;5;86m[HTTP][0m [37m-->[39m [37mPOST[39m [37m/wd/hub/session/8f94d95a-d27b-4fc5-abda-852d285cb031/timeouts[39m [90m{"implicit":40000}[39m
[38;5;206m[8f94d95a][0m[38;5;86m[HTTP][0m [37m<-- POST /wd/hub/session/8f94d95a-d27b-4fc5-abda-852d285cb031/timeouts [39m[32m200[39m [90m1 ms - 14[39m [90m[39m
[38;5;206m[8f94d95a][0m[38;5;86m[HTTP][0m [37m-->[39m [37mGET[39m [37m/wd/hub/session/8f94d95a-d27b-4fc5-abda-852d285cb031/context[39m [90m{}[39m
[38;5;206m[8f94d95a][0m[38;5;86m[HTTP][0m [37m<-- GET /wd/hub/session/8f94d95a-d27b-4fc5-abda-852d285cb031/context [39m[32m200[39m [90m1 ms - 22[39m [90m[39m
[38;5;206m[8f94d95a][0m[38;5;86m[HTTP][0m [37m-->[39m [37mGET[39m [37m/wd/hub/session/8f94d95a-d27b-4fc5-abda-852d285cb031/contexts[39m [90m{}[39m
[38;5;206m[8f94d95a][0m[38;5;86m[HTTP][0m [37m<-- GET /wd/hub/session/8f94d95a-d27b-4fc5-abda-852d285cb031/contexts [39m[32m200[39m [90m292 ms - 24[39m [90m[39m
[38;5;206m[8f94d95a][0m[38;5;86m[HTTP][0m [37m-->[39m [37mPOST[39m [37m/wd/hub/session/8f94d95a-d27b-4fc5-abda-852d285cb031/context[39m [90m{"name":"NATIVE_APP"}[39m
[38;5;206m[8f94d95a][0m[38;5;86m[HTTP][0m [37m<-- POST /wd/hub/session/8f94d95a-d27b-4fc5-abda-852d285cb031/context [39m[32m200[39m [90m1 ms - 14[39m [90m[39m
[38;5;206m[8f94d95a][0m[38;5;86m[HTTP][0m [37m-->[39m [37mGET[39m [37m/wd/hub/session/8f94d95a-d27b-4fc5-abda-852d285cb031/screenshot[39m [90m{}[39m
[38;5;206m[8f94d95a][0m[38;5;86m[HTTP][0m [37m<-- GET /wd/hub/session/8f94d95a-d27b-4fc5-abda-852d285cb031/screenshot [39m[32m200[39m [90m703 ms - 95668[39m [90m[39m
[38;5;206m[8f94d95a][0m[38;5;86m[HTTP][0m [37m-->[39m [37mPOST[39m [37m/wd/hub/session/8f94d95a-d27b-4fc5-abda-852d285cb031/context[39m [90m{"name":"NATIVE_APP"}[39m
[38;5;206m[8f94d95a][0m[38;5;86m[HTTP][0m [37m<-- POST /wd/hub/session/8f94d95a-d27b-4fc5-abda-852d285cb031/context [39m[32m200[39m [90m1 ms - 14[39m [90m[39m
[38;5;206m[8f94d95a][0m[38;5;86m[HTTP][0m [37m-->[39m [37mPOST[39m [37m/wd/hub/session/8f94d95a-d27b-4fc5-abda-852d285cb031/timeouts[39m [90m{"implicit":50}[39m
[38;5;206m[8f94d95a][0m[38;5;86m[HTTP][0m [37m<-- POST /wd/hub/session/8f94d95a-d27b-4fc5-abda-852d285cb031/timeouts [39m[32m200[39m [90m1 ms - 14[39m [90m[39m
[38;5;206m[8f94d95a][0m[38;5;86m[HTTP][0m [37m-->[39m [37mGET[39m [37m/wd/hub/session/8f94d95a-d27b-4fc5-abda-852d285cb031/window/rect[39m [90m{}[39m
[38;5;206m[8f94d95a][0m[38;5;86m[HTTP][0m [37m<-- GET /wd/hub/session/8f94d95a-d27b-4fc5-abda-852d285cb031/window/rect [39m[32m200[39m [90m35 ms - 49[39m [90m[39m
[38;5;206m[8f94d95a][0m[38;5;86m[HTTP][0m [37m-->[39m [37mPOST[39m [37m/wd/hub/session/8f94d95a-d27b-4fc5-abda-852d285cb031/elements[39m [90m{"value":"//*[@class = 'android.widget.TextView' and (@text = 'Amenities' or . = 'Amenities')]","using":"xpath"}[39m
[38;5;206m[8f94d95a][0m[38;5;86m[HTTP][0m [37m<-- POST /wd/hub/session/8f94d95a-d27b-4fc5-abda-852d285cb031/elements [39m[32m200[39m [90m405 ms - 139[39m [90m[39m
[38;5;206m[8f94d95a][0m[38;5;86m[HTTP][0m [37m-->[39m [37mGET[39m [37m/wd/hub/session/8f94d95a-d27b-4fc5-abda-852d285cb031/element/00000000-0000-0732-ffff-ffff000003ad/rect[39m [90m{}[39m
[38;5;206m[8f94d95a][0m[38;5;-27m[AndroidUiautomator2Driver@cfd9][0m Driver proxy active, passing request on via HTTP proxy
[38;5;206m[8f94d95a][0m[38;5;-27m[AndroidUiautomator2Driver@cfd9][0m Replacing sessionId 64908900-5b88-4fdd-a157-a1b7362d714d with 8f94d95a-d27b-4fc5-abda-852d285cb031
[38;5;206m[8f94d95a][0m[38;5;86m[HTTP][0m [37m<-- GET /wd/hub/session/8f94d95a-d27b-4fc5-abda-852d285cb031/element/00000000-0000-0732-ffff-ffff000003ad/rect [39m[32m200[39m [90m30 ms - 103[39m [90m[39m
[38;5;206m[8f94d95a][0m[38;5;86m[HTTP][0m [37m-->[39m [37mPOST[39m [37m/wd/hub/session/8f94d95a-d27b-4fc5-abda-852d285cb031/timeouts[39m [90m{"implicit":40000}[39m
[38;5;206m[8f94d95a][0m[38;5;86m[HTTP][0m [37m<-- POST /wd/hub/session/8f94d95a-d27b-4fc5-abda-852d285cb031/timeouts [39m[32m200[39m [90m1 ms - 14[39m [90m[39m
[38;5;206m[8f94d95a][0m[38;5;86m[HTTP][0m [37m-->[39m [37mPOST[39m [37m/wd/hub/session/8f94d95a-d27b-4fc5-abda-852d285cb031/element/00000000-0000-0732-ffff-ffff000003ad/click[39m [90m{"id":"00000000-0000-0732-ffff-ffff000003ad"}[39m
[38;5;206m[8f94d95a][0m[38;5;86m[HTTP][0m [37m<-- POST /wd/hub/session/8f94d95a-d27b-4fc5-abda-852d285cb031/element/00000000-0000-0732-ffff-ffff000003ad/click [39m[32m200[39m [90m80 ms - 14[39m [90m[39m
[38;5;206m[8f94d95a][0m[38;5;86m[HTTP][0m [37m-->[39m [37mPOST[39m [37m/wd/hub/session/8f94d95a-d27b-4fc5-abda-852d285cb031/timeouts[39m [90m{"implicit":50}[39m
[38;5;206m[8f94d95a][0m[38;5;86m[HTTP][0m [37m<-- POST /wd/hub/session/8f94d95a-d27b-4fc5-abda-852d285cb031/timeouts [39m[32m200[39m [90m1 ms - 14[39m [90m[39m
[38;5;206m[8f94d95a][0m[38;5;86m[HTTP][0m [37m-->[39m [37mGET[39m [37m/wd/hub/session/8f94d95a-d27b-4fc5-abda-852d285cb031/window/rect[39m [90m{}[39m
[38;5;206m[8f94d95a][0m[38;5;86m[HTTP][0m [37m<-- GET /wd/hub/session/8f94d95a-d27b-4fc5-abda-852d285cb031/window/rect [39m[32m200[39m [90m27 ms - 49[39m [90m[39m
[38;5;206m[8f94d95a][0m[38;5;86m[HTTP][0m [37m-->[39m [37mPOST[39m [37m/wd/hub/session/8f94d95a-d27b-4fc5-abda-852d285cb031/elements[39m [90m{"value":"//*[@class = 'android.widget.TextView' and (@text = 'Baby Strollers' or . = 'Baby Strollers')]","using":"xpath"}[39m
[38;5;206m[8f94d95a][0m[38;5;86m[HTTP][0m [37m<-- POST /wd/hub/session/8f94d95a-d27b-4fc5-abda-852d285cb031/elements [39m[32m200[39m [90m336 ms - 12[39m [90m[39m
[38;5;206m[8f94d95a][0m[38;5;86m[HTTP][0m [37m-->[39m [37mPOST[39m [37m/wd/hub/session/8f94d95a-d27b-4fc5-abda-852d285cb031/elements[39m [90m{"value":"//*[@class = 'android.widget.TextView' and (@text = 'Baby Strollers' or . = 'Baby Strollers')]","using":"xpath"}[39m
[38;5;206m[8f94d95a][0m[38;5;86m[HTTP][0m [37m<-- POST /wd/hub/session/8f94d95a-d27b-4fc5-abda-852d285cb031/elements [39m[32m200[39m [90m1397 ms - 139[39m [90m[39m
[38;5;206m[8f94d95a][0m[38;5;86m[HTTP][0m [37m-->[39m [37mGET[39m [37m/wd/hub/session/8f94d95a-d27b-4fc5-abda-852d285cb031/element/00000000-0000-0732-ffff-ffff00000490/rect[39m [90m{}[39m
[38;5;206m[8f94d95a][0m[38;5;-27m[AndroidUiautomator2Driver@cfd9][0m Driver proxy active, passing request on via HTTP proxy
[38;5;206m[8f94d95a][0m[38;5;-27m[AndroidUiautomator2Driver@cfd9][0m Replacing sessionId 64908900-5b88-4fdd-a157-a1b7362d714d with 8f94d95a-d27b-4fc5-abda-852d285cb031
[38;5;206m[8f94d95a][0m[38;5;86m[HTTP][0m [37m<-- GET /wd/hub/session/8f94d95a-d27b-4fc5-abda-852d285cb031/element/00000000-0000-0732-ffff-ffff00000490/rect [39m[32m200[39m [90m32 ms - 101[39m [90m[39m
[38;5;206m[8f94d95a][0m[38;5;86m[HTTP][0m [37m-->[39m [37mPOST[39m [37m/wd/hub/session/8f94d95a-d27b-4fc5-abda-852d285cb031/timeouts[39m [90m{"implicit":40000}[39m
[38;5;206m[8f94d95a][0m[38;5;86m[HTTP][0m [37m<-- POST /wd/hub/session/8f94d95a-d27b-4fc5-abda-852d285cb031/timeouts [39m[32m200[39m [90m1 ms - 14[39m [90m[39m
[38;5;206m[8f94d95a][0m[38;5;86m[HTTP][0m [37m-->[39m [37mPOST[39m [37m/wd/hub/session/8f94d95a-d27b-4fc5-abda-852d285cb031/element/00000000-0000-0732-ffff-ffff00000490/click[39m [90m{"id":"00000000-0000-0732-ffff-ffff00000490"}[39m
[38;5;206m[8f94d95a][0m[38;5;86m[HTTP][0m [37m<-- POST /wd/hub/session/8f94d95a-d27b-4fc5-abda-852d285cb031/element/00000000-0000-0732-ffff-ffff00000490/click [39m[32m200[39m [90m79 ms - 14[39m [90m[39m
[38;5;206m[8f94d95a][0m[38;5;86m[HTTP][0m [37m-->[39m [37mPOST[39m [37m/wd/hub/session/8f94d95a-d27b-4fc5-abda-852d285cb031/timeouts[39m [90m{"implicit":50}[39m
[38;5;206m[8f94d95a][0m[38;5;86m[HTTP][0m [37m<-- POST /wd/hub/session/8f94d95a-d27b-4fc5-abda-852d285cb031/timeouts [39m[32m200[39m [90m1 ms - 14[39m [90m[39m
[38;5;206m[8f94d95a][0m[38;5;86m[HTTP][0m [37m-->[39m [37mGET[39m [37m/wd/hub/session/8f94d95a-d27b-4fc5-abda-852d285cb031/window/rect[39m [90m{}[39m
[38;5;206m[8f94d95a][0m[38;5;86m[HTTP][0m [37m<-- GET /wd/hub/session/8f94d95a-d27b-4fc5-abda-852d285cb031/window/rect [39m[32m200[39m [90m32 ms - 49[39m [90m[39m
[38;5;206m[8f94d95a][0m[38;5;86m[HTTP][0m [37m-->[39m [37mPOST[39m [37m/wd/hub/session/8f94d95a-d27b-4fc5-abda-852d285cb031/elements[39m [90m{"value":"//*[@class = 'android.widget.ImageView' and (@text = '' or . = '')]","using":"xpath"}[39m
[38;5;206m[8f94d95a][0m[38;5;86m[HTTP][0m [37m<-- POST /wd/hub/session/8f94d95a-d27b-4fc5-abda-852d285cb031/elements [39m[32m200[39m [90m356 ms - 1291[39m [90m[39m
[38;5;206m[8f94d95a][0m[38;5;86m[HTTP][0m [37m-->[39m [37mGET[39m [37m/wd/hub/session/8f94d95a-d27b-4fc5-abda-852d285cb031/element/00000000-0000-0732-ffff-ffff0000047a/rect[39m [90m{}[39m
[38;5;206m[8f94d95a][0m[38;5;-27m[AndroidUiautomator2Driver@cfd9][0m Driver proxy active, passing request on via HTTP proxy
[38;5;206m[8f94d95a][0m[38;5;-27m[AndroidUiautomator2Driver@cfd9][0m Replacing sessionId 64908900-5b88-4fdd-a157-a1b7362d714d with 8f94d95a-d27b-4fc5-abda-852d285cb031
[38;5;206m[8f94d95a][0m[38;5;86m[HTTP][0m [37m<-- GET /wd/hub/session/8f94d95a-d27b-4fc5-abda-852d285cb031/element/00000000-0000-0732-ffff-ffff0000047a/rect [39m[32m200[39m [90m965 ms - 99[39m [90m[39m
[38;5;206m[8f94d95a][0m[38;5;86m[HTTP][0m [37m-->[39m [37mPOST[39m [37m/wd/hub/session/8f94d95a-d27b-4fc5-abda-852d285cb031/timeouts[39m [90m{"implicit":40000}[39m
[38;5;206m[8f94d95a][0m[38;5;86m[HTTP][0m [37m<-- POST /wd/hub/session/8f94d95a-d27b-4fc5-abda-852d285cb031/timeouts [39m[32m200[39m [90m1 ms - 14[39m [90m[39m
[38;5;206m[8f94d95a][0m[38;5;86m[HTTP][0m [37m-->[39m [37mPOST[39m [37m/wd/hub/session/8f94d95a-d27b-4fc5-abda-852d285cb031/element/00000000-0000-0732-ffff-ffff0000047a/click[39m [90m{"id":"00000000-0000-0732-ffff-ffff0000047a"}[39m
[38;5;206m[8f94d95a][0m[38;5;86m[HTTP][0m [37m<-- POST /wd/hub/session/8f94d95a-d27b-4fc5-abda-852d285cb031/element/00000000-0000-0732-ffff-ffff0000047a/click [39m[32m200[39m [90m80 ms - 14[39m [90m[39m
[38;5;206m[8f94d95a][0m[38;5;86m[HTTP][0m [37m-->[39m [37mPOST[39m [37m/wd/hub/session/8f94d95a-d27b-4fc5-abda-852d285cb031/timeouts[39m [90m{"implicit":50}[39m
[38;5;206m[8f94d95a][0m[38;5;86m[HTTP][0m [37m<-- POST /wd/hub/session/8f94d95a-d27b-4fc5-abda-852d285cb031/timeouts [39m[32m200[39m [90m1 ms - 14[39m [90m[39m
[38;5;206m[8f94d95a][0m[38;5;86m[HTTP][0m [37m-->[39m [37mGET[39m [37m/wd/hub/session/8f94d95a-d27b-4fc5-abda-852d285cb031/window/rect[39m [90m{}[39m
[38;5;206m[8f94d95a][0m[38;5;86m[HTTP][0m [37m<-- GET /wd/hub/session/8f94d95a-d27b-4fc5-abda-852d285cb031/window/rect [39m[32m200[39m [90m27 ms - 49[39m [90m[39m
[38;5;206m[8f94d95a][0m[38;5;86m[HTTP][0m [37m-->[39m [37mPOST[39m [37m/wd/hub/session/8f94d95a-d27b-4fc5-abda-852d285cb031/elements[39m [90m{"value":"//*[@class = 'android.widget.TextView' and (@text = 'Handicapped Bathrooms' or . = 'Handicapped Bathrooms')]","using":"xpath"}[39m
[38;5;206m[8f94d95a][0m[38;5;86m[HTTP][0m [37m<-- POST /wd/hub/session/8f94d95a-d27b-4fc5-abda-852d285cb031/elements [39m[32m200[39m [90m986 ms - 139[39m [90m[39m
[38;5;206m[8f94d95a][0m[38;5;86m[HTTP][0m [37m-->[39m [37mGET[39m [37m/wd/hub/session/8f94d95a-d27b-4fc5-abda-852d285cb031/element/00000000-0000-0732-ffff-ffff00000494/rect[39m [90m{}[39m
[38;5;206m[8f94d95a][0m[38;5;-27m[AndroidUiautomator2Driver@cfd9][0m Driver proxy active, passing request on via HTTP proxy
[38;5;206m[8f94d95a][0m[38;5;-27m[AndroidUiautomator2Driver@cfd9][0m Replacing sessionId 64908900-5b88-4fdd-a157-a1b7362d714d with 8f94d95a-d27b-4fc5-abda-852d285cb031
[38;5;206m[8f94d95a][0m[38;5;86m[HTTP][0m [37m<-- GET /wd/hub/session/8f94d95a-d27b-4fc5-abda-852d285cb031/element/00000000-0000-0732-ffff-ffff00000494/rect [39m[32m200[39m [90m124 ms - 102[39m [90m[39m
[38;5;206m[8f94d95a][0m[38;5;86m[HTTP][0m [37m-->[39m [37mPOST[39m [37m/wd/hub/session/8f94d95a-d27b-4fc5-abda-852d285cb031/timeouts[39m [90m{"implicit":40000}[39m
[38;5;206m[8f94d95a][0m[38;5;86m[HTTP][0m [37m<-- POST /wd/hub/session/8f94d95a-d27b-4fc5-abda-852d285cb031/timeouts [39m[32m200[39m [90m1 ms - 14[39m [90m[39m
[38;5;206m[8f94d95a][0m[38;5;86m[HTTP][0m [37m-->[39m [37mPOST[39m [37m/wd/hub/session/8f94d95a-d27b-4fc5-abda-852d285cb031/element/00000000-0000-0732-ffff-ffff00000494/click[39m [90m{"id":"00000000-0000-0732-ffff-ffff00000494"}[39m
[38;5;206m[8f94d95a][0m[38;5;86m[HTTP][0m [37m<-- POST /wd/hub/session/8f94d95a-d27b-4fc5-abda-852d285cb031/element/00000000-0000-0732-ffff-ffff00000494/click [39m[32m200[39m [90m80 ms - 14[39m [90m[39m
[38;5;206m[8f94d95a][0m[38;5;86m[HTTP][0m [37m-->[39m [37mPOST[39m [37m/wd/hub/session/8f94d95a-d27b-4fc5-abda-852d285cb031/timeouts[39m [90m{"implicit":50}[39m
[38;5;206m[8f94d95a][0m[38;5;86m[HTTP][0m [37m<-- POST /wd/hub/session/8f94d95a-d27b-4fc5-abda-852d285cb031/timeouts [39m[32m200[39m [90m1 ms - 14[39m [90m[39m
[38;5;206m[8f94d95a][0m[38;5;86m[HTTP][0m [37m-->[39m [37mGET[39m [37m/wd/hub/session/8f94d95a-d27b-4fc5-abda-852d285cb031/window/rect[39m [90m{}[39m
[38;5;206m[8f94d95a][0m[38;5;86m[HTTP][0m [37m<-- GET /wd/hub/session/8f94d95a-d27b-4fc5-abda-852d285cb031/window/rect [39m[32m200[39m [90m30 ms - 49[39m [90m[39m
[38;5;206m[8f94d95a][0m[38;5;86m[HTTP][0m [37m-->[39m [37mPOST[39m [37m/wd/hub/session/8f94d95a-d27b-4fc5-abda-852d285cb031/elements[39m [90m{"value":"//*[@class = 'android.widget.ImageView' and (@text = '' or . = '')]","using":"xpath"}[39m
[38;5;206m[8f94d95a][0m[38;5;86m[HTTP][0m [37m<-- POST /wd/hub/session/8f94d95a-d27b-4fc5-abda-852d285cb031/elements [39m[32m200[39m [90m374 ms - 1291[39m [90m[39m
[38;5;206m[8f94d95a][0m[38;5;86m[HTTP][0m [37m-->[39m [37mGET[39m [37m/wd/hub/session/8f94d95a-d27b-4fc5-abda-852d285cb031/element/00000000-0000-0732-ffff-ffff0000047a/rect[39m [90m{}[39m
[38;5;206m[8f94d95a][0m[38;5;-27m[AndroidUiautomator2Driver@cfd9][0m Driver proxy active, passing request on via HTTP proxy
[38;5;206m[8f94d95a][0m[38;5;-27m[AndroidUiautomator2Driver@cfd9][0m Replacing sessionId 64908900-5b88-4fdd-a157-a1b7362d714d with 8f94d95a-d27b-4fc5-abda-852d285cb031
[38;5;206m[8f94d95a][0m[38;5;86m[HTTP][0m [37m<-- GET /wd/hub/session/8f94d95a-d27b-4fc5-abda-852d285cb031/element/00000000-0000-0732-ffff-ffff0000047a/rect [39m[32m200[39m [90m1056 ms - 99[39m [90m[39m
[38;5;206m[8f94d95a][0m[38;5;86m[HTTP][0m [37m-->[39m [37mPOST[39m [37m/wd/hub/session/8f94d95a-d27b-4fc5-abda-852d285cb031/timeouts[39m [90m{"implicit":40000}[39m
[38;5;206m[8f94d95a][0m[38;5;86m[HTTP][0m [37m<-- POST /wd/hub/session/8f94d95a-d27b-4fc5-abda-852d285cb031/timeouts [39m[32m200[39m [90m1 ms - 14[39m [90m[39m
[38;5;206m[8f94d95a][0m[38;5;86m[HTTP][0m [37m-->[39m [37mPOST[39m [37m/wd/hub/session/8f94d95a-d27b-4fc5-abda-852d285cb031/element/00000000-0000-0732-ffff-ffff0000047a/click[39m [90m{"id":"00000000-0000-0732-ffff-ffff0000047a"}[39m
[38;5;206m[8f94d95a][0m[38;5;86m[HTTP][0m [37m<-- POST /wd/hub/session/8f94d95a-d27b-4fc5-abda-852d285cb031/element/00000000-0000-0732-ffff-ffff0000047a/click [39m[32m200[39m [90m66 ms - 14[39m [90m[39m
[38;5;206m[8f94d95a][0m[38;5;86m[HTTP][0m [37m-->[39m [37mPOST[39m [37m/wd/hub/session/8f94d95a-d27b-4fc5-abda-852d285cb031/timeouts[39m [90m{"implicit":50}[39m
[38;5;206m[8f94d95a][0m[38;5;86m[HTTP][0m [37m<-- POST /wd/hub/session/8f94d95a-d27b-4fc5-abda-852d285cb031/timeouts [39m[32m200[39m [90m1 ms - 14[39m [90m[39m
[38;5;206m[8f94d95a][0m[38;5;86m[HTTP][0m [37m-->[39m [37mGET[39m [37m/wd/hub/session/8f94d95a-d27b-4fc5-abda-852d285cb031/window/rect[39m [90m{}[39m
[38;5;206m[8f94d95a][0m[38;5;86m[HTTP][0m [37m<-- GET /wd/hub/session/8f94d95a-d27b-4fc5-abda-852d285cb031/window/rect [39m[32m200[39m [90m29 ms - 49[39m [90m[39m
[38;5;206m[8f94d95a][0m[38;5;86m[HTTP][0m [37m-->[39m [37mPOST[39m [37m/wd/hub/session/8f94d95a-d27b-4fc5-abda-852d285cb031/elements[39m [90m{"value":"//*[@class = 'android.widget.TextView' and (@text = concat(\"Parent\" , \"'\" , \"s rooms\") or . = concat(\"Parent\" , \"'\" , \"s rooms\"))]","using":"xpath"}[39m
[38;5;206m[8f94d95a][0m[38;5;86m[HTTP][0m [37m<-- POST /wd/hub/session/8f94d95a-d27b-4fc5-abda-852d285cb031/elements [39m[32m200[39m [90m1014 ms - 139[39m [90m[39m
[38;5;206m[8f94d95a][0m[38;5;86m[HTTP][0m [37m-->[39m [37mGET[39m [37m/wd/hub/session/8f94d95a-d27b-4fc5-abda-852d285cb031/element/00000000-0000-0732-ffff-ffff00000498/rect[39m [90m{}[39m
[38;5;206m[8f94d95a][0m[38;5;-27m[AndroidUiautomator2Driver@cfd9][0m Driver proxy active, passing request on via HTTP proxy
[38;5;206m[8f94d95a][0m[38;5;-27m[AndroidUiautomator2Driver@cfd9][0m Replacing sessionId 64908900-5b88-4fdd-a157-a1b7362d714d with 8f94d95a-d27b-4fc5-abda-852d285cb031
[38;5;206m[8f94d95a][0m[38;5;86m[HTTP][0m [37m<-- GET /wd/hub/session/8f94d95a-d27b-4fc5-abda-852d285cb031/element/00000000-0000-0732-ffff-ffff00000498/rect [39m[32m200[39m [90m178 ms - 102[39m [90m[39m
[38;5;206m[8f94d95a][0m[38;5;86m[HTTP][0m [37m-->[39m [37mPOST[39m [37m/wd/hub/session/8f94d95a-d27b-4fc5-abda-852d285cb031/timeouts[39m [90m{"implicit":40000}[39m
[38;5;206m[8f94d95a][0m[38;5;86m[HTTP][0m [37m<-- POST /wd/hub/session/8f94d95a-d27b-4fc5-abda-852d285cb031/timeouts [39m[32m200[39m [90m1 ms - 14[39m [90m[39m
[38;5;206m[8f94d95a][0m[38;5;86m[HTTP][0m [37m-->[39m [37mPOST[39m [37m/wd/hub/session/8f94d95a-d27b-4fc5-abda-852d285cb031/element/00000000-0000-0732-ffff-ffff00000498/click[39m [90m{"id":"00000000-0000-0732-ffff-ffff00000498"}[39m
[38;5;206m[8f94d95a][0m[38;5;86m[HTTP][0m [37m<-- POST /wd/hub/session/8f94d95a-d27b-4fc5-abda-852d285cb031/element/00000000-0000-0732-ffff-ffff00000498/click [39m[32m200[39m [90m85 ms - 14[39m [90m[39m
[38;5;206m[8f94d95a][0m[38;5;86m[HTTP][0m [37m-->[39m [37mPOST[39m [37m/wd/hub/session/8f94d95a-d27b-4fc5-abda-852d285cb031/timeouts[39m [90m{"implicit":50}[39m
[38;5;206m[8f94d95a][0m[38;5;86m[HTTP][0m [37m<-- POST /wd/hub/session/8f94d95a-d27b-4fc5-abda-852d285cb031/timeouts [39m[32m200[39m [90m1 ms - 14[39m [90m[39m
[38;5;206m[8f94d95a][0m[38;5;86m[HTTP][0m [37m-->[39m [37mGET[39m [37m/wd/hub/session/8f94d95a-d27b-4fc5-abda-852d285cb031/window/rect[39m [90m{}[39m
[38;5;206m[8f94d95a][0m[38;5;86m[HTTP][0m [37m<-- GET /wd/hub/session/8f94d95a-d27b-4fc5-abda-852d285cb031/window/rect [39m[32m200[39m [90m29 ms - 49[39m [90m[39m
[38;5;206m[8f94d95a][0m[38;5;86m[HTTP][0m [37m-->[39m [37mPOST[39m [37m/wd/hub/session/8f94d95a-d27b-4fc5-abda-852d285cb031/elements[39m [90m{"value":"//*[@class = 'android.widget.ImageView' and (@text = '' or . = '')]","using":"xpath"}[39m
[38;5;206m[8f94d95a][0m[38;5;86m[HTTP][0m [37m<-- POST /wd/hub/session/8f94d95a-d27b-4fc5-abda-852d285cb031/elements [39m[32m200[39m [90m390 ms - 1291[39m [90m[39m
[38;5;206m[8f94d95a][0m[38;5;86m[HTTP][0m [37m-->[39m [37mGET[39m [37m/wd/hub/session/8f94d95a-d27b-4fc5-abda-852d285cb031/element/00000000-0000-0732-ffff-ffff0000047a/rect[39m [90m{}[39m
[38;5;206m[8f94d95a][0m[38;5;-27m[AndroidUiautomator2Driver@cfd9][0m Driver proxy active, passing request on via HTTP proxy
[38;5;206m[8f94d95a][0m[38;5;-27m[AndroidUiautomator2Driver@cfd9][0m Replacing sessionId 64908900-5b88-4fdd-a157-a1b7362d714d with 8f94d95a-d27b-4fc5-abda-852d285cb031
[38;5;206m[8f94d95a][0m[38;5;86m[HTTP][0m [37m<-- GET /wd/hub/session/8f94d95a-d27b-4fc5-abda-852d285cb031/element/00000000-0000-0732-ffff-ffff0000047a/rect [39m[32m200[39m [90m1006 ms - 99[39m [90m[39m
[38;5;206m[8f94d95a][0m[38;5;86m[HTTP][0m [37m-->[39m [37mPOST[39m [37m/wd/hub/session/8f94d95a-d27b-4fc5-abda-852d285cb031/timeouts[39m [90m{"implicit":40000}[39m
[38;5;206m[8f94d95a][0m[38;5;86m[HTTP][0m [37m<-- POST /wd/hub/session/8f94d95a-d27b-4fc5-abda-852d285cb031/timeouts [39m[32m200[39m [90m1 ms - 14[39m [90m[39m
[38;5;206m[8f94d95a][0m[38;5;86m[HTTP][0m [37m-->[39m [37mPOST[39m [37m/wd/hub/session/8f94d95a-d27b-4fc5-abda-852d285cb031/element/00000000-0000-0732-ffff-ffff0000047a/click[39m [90m{"id":"00000000-0000-0732-ffff-ffff0000047a"}[39m
[38;5;206m[8f94d95a][0m[38;5;86m[HTTP][0m [37m<-- POST /wd/hub/session/8f94d95a-d27b-4fc5-abda-852d285cb031/element/00000000-0000-0732-ffff-ffff0000047a/click [39m[32m200[39m [90m78 ms - 14[39m [90m[39m
[38;5;206m[8f94d95a][0m[38;5;86m[HTTP][0m [37m-->[39m [37mPOST[39m [37m/wd/hub/session/8f94d95a-d27b-4fc5-abda-852d285cb031/timeouts[39m [90m{"implicit":50}[39m
[38;5;206m[8f94d95a][0m[38;5;86m[HTTP][0m [37m<-- POST /wd/hub/session/8f94d95a-d27b-4fc5-abda-852d285cb031/timeouts [39m[32m200[39m [90m1 ms - 14[39m [90m[39m
[38;5;206m[8f94d95a][0m[38;5;86m[HTTP][0m [37m-->[39m [37mGET[39m [37m/wd/hub/session/8f94d95a-d27b-4fc5-abda-852d285cb031/window/rect[39m [90m{}[39m
[38;5;206m[8f94d95a][0m[38;5;86m[HTTP][0m [37m<-- GET /wd/hub/session/8f94d95a-d27b-4fc5-abda-852d285cb031/window/rect [39m[32m200[39m [90m27 ms - 49[39m [90m[39m
[38;5;206m[8f94d95a][0m[38;5;86m[HTTP][0m [37m-->[39m [37mPOST[39m [37m/wd/hub/session/8f94d95a-d27b-4fc5-abda-852d285cb031/elements[39m [90m{"value":"//*[@class = 'android.widget.TextView' and (@text = 'Surau' or . = 'Surau')]","using":"xpath"}[39m
[38;5;206m[8f94d95a][0m[38;5;86m[HTTP][0m [37m<-- POST /wd/hub/session/8f94d95a-d27b-4fc5-abda-852d285cb031/elements [39m[32m200[39m [90m969 ms - 139[39m [90m[39m
[38;5;206m[8f94d95a][0m[38;5;86m[HTTP][0m [37m-->[39m [37mGET[39m [37m/wd/hub/session/8f94d95a-d27b-4fc5-abda-852d285cb031/element/00000000-0000-0732-ffff-ffff0000049d/rect[39m [90m{}[39m
[38;5;206m[8f94d95a][0m[38;5;-27m[AndroidUiautomator2Driver@cfd9][0m Driver proxy active, passing request on via HTTP proxy
[38;5;206m[8f94d95a][0m[38;5;-27m[AndroidUiautomator2Driver@cfd9][0m Replacing sessionId 64908900-5b88-4fdd-a157-a1b7362d714d with 8f94d95a-d27b-4fc5-abda-852d285cb031
[38;5;206m[8f94d95a][0m[38;5;86m[HTTP][0m [37m<-- GET /wd/hub/session/8f94d95a-d27b-4fc5-abda-852d285cb031/element/00000000-0000-0732-ffff-ffff0000049d/rect [39m[32m200[39m [90m206 ms - 100[39m [90m[39m
[38;5;206m[8f94d95a][0m[38;5;86m[HTTP][0m [37m-->[39m [37mPOST[39m [37m/wd/hub/session/8f94d95a-d27b-4fc5-abda-852d285cb031/timeouts[39m [90m{"implicit":40000}[39m
[38;5;206m[8f94d95a][0m[38;5;86m[HTTP][0m [37m<-- POST /wd/hub/session/8f94d95a-d27b-4fc5-abda-852d285cb031/timeouts [39m[32m200[39m [90m1 ms - 14[39m [90m[39m
[38;5;206m[8f94d95a][0m[38;5;86m[HTTP][0m [37m-->[39m [37mPOST[39m [37m/wd/hub/session/8f94d95a-d27b-4fc5-abda-852d285cb031/element/00000000-0000-0732-ffff-ffff0000049d/click[39m [90m{"id":"00000000-0000-0732-ffff-ffff0000049d"}[39m
[38;5;206m[8f94d95a][0m[38;5;86m[HTTP][0m [37m<-- POST /wd/hub/session/8f94d95a-d27b-4fc5-abda-852d285cb031/element/00000000-0000-0732-ffff-ffff0000049d/click [39m[32m200[39m [90m96 ms - 14[39m [90m[39m
[38;5;206m[8f94d95a][0m[38;5;86m[HTTP][0m [37m-->[39m [37mPOST[39m [37m/wd/hub/session/8f94d95a-d27b-4fc5-abda-852d285cb031/timeouts[39m [90m{"implicit":50}[39m
[38;5;206m[8f94d95a][0m[38;5;86m[HTTP][0m [37m<-- POST /wd/hub/session/8f94d95a-d27b-4fc5-abda-852d285cb031/timeouts [39m[32m200[39m [90m1 ms - 14[39m [90m[39m
[38;5;206m[8f94d95a][0m[38;5;86m[HTTP][0m [37m-->[39m [37mGET[39m [37m/wd/hub/session/8f94d95a-d27b-4fc5-abda-852d285cb031/window/rect[39m [90m{}[39m
[38;5;206m[8f94d95a][0m[38;5;86m[HTTP][0m [37m<-- GET /wd/hub/session/8f94d95a-d27b-4fc5-abda-852d285cb031/window/rect [39m[32m200[39m [90m26 ms - 49[39m [90m[39m
[38;5;206m[8f94d95a][0m[38;5;86m[HTTP][0m [37m-->[39m [37mPOST[39m [37m/wd/hub/session/8f94d95a-d27b-4fc5-abda-852d285cb031/elements[39m [90m{"value":"//*[@class = 'android.widget.ImageView' and (@text = '' or . = '')]","using":"xpath"}[39m
[38;5;206m[8f94d95a][0m[38;5;86m[HTTP][0m [37m<-- POST /wd/hub/session/8f94d95a-d27b-4fc5-abda-852d285cb031/elements [39m[32m200[39m [90m430 ms - 1291[39m [90m[39m
[38;5;206m[8f94d95a][0m[38;5;86m[HTTP][0m [37m-->[39m [37mGET[39m [37m/wd/hub/session/8f94d95a-d27b-4fc5-abda-852d285cb031/element/00000000-0000-0732-ffff-ffff0000047a/rect[39m [90m{}[39m
[38;5;206m[8f94d95a][0m[38;5;-27m[AndroidUiautomator2Driver@cfd9][0m Driver proxy active, passing request on via HTTP proxy
[38;5;206m[8f94d95a][0m[38;5;-27m[AndroidUiautomator2Driver@cfd9][0m Replacing sessionId 64908900-5b88-4fdd-a157-a1b7362d714d with 8f94d95a-d27b-4fc5-abda-852d285cb031
[38;5;206m[8f94d95a][0m[38;5;86m[HTTP][0m [37m<-- GET /wd/hub/session/8f94d95a-d27b-4fc5-abda-852d285cb031/element/00000000-0000-0732-ffff-ffff0000047a/rect [39m[32m200[39m [90m990 ms - 99[39m [90m[39m
[38;5;206m[8f94d95a][0m[38;5;86m[HTTP][0m [37m-->[39m [37mPOST[39m [37m/wd/hub/session/8f94d95a-d27b-4fc5-abda-852d285cb031/timeouts[39m [90m{"implicit":40000}[39m
[38;5;206m[8f94d95a][0m[38;5;86m[HTTP][0m [37m<-- POST /wd/hub/session/8f94d95a-d27b-4fc5-abda-852d285cb031/timeouts [39m[32m200[39m [90m1 ms - 14[39m [90m[39m
[38;5;206m[8f94d95a][0m[38;5;86m[HTTP][0m [37m-->[39m [37mPOST[39m [37m/wd/hub/session/8f94d95a-d27b-4fc5-abda-852d285cb031/element/00000000-0000-0732-ffff-ffff0000047a/click[39m [90m{"id":"00000000-0000-0732-ffff-ffff0000047a"}[39m
[38;5;206m[8f94d95a][0m[38;5;86m[HTTP][0m [37m<-- POST /wd/hub/session/8f94d95a-d27b-4fc5-abda-852d285cb031/element/00000000-0000-0732-ffff-ffff0000047a/click [39m[32m200[39m [90m73 ms - 14[39m [90m[39m
[38;5;206m[8f94d95a][0m[38;5;86m[HTTP][0m [37m-->[39m [37mPOST[39m [37m/wd/hub/session/8f94d95a-d27b-4fc5-abda-852d285cb031/timeouts[39m [90m{"implicit":50}[39m
[38;5;206m[8f94d95a][0m[38;5;86m[HTTP][0m [37m<-- POST /wd/hub/session/8f94d95a-d27b-4fc5-abda-852d285cb031/timeouts [39m[32m200[39m [90m1 ms - 14[39m [90m[39m
[38;5;206m[8f94d95a][0m[38;5;86m[HTTP][0m [37m-->[39m [37mGET[39m [37m/wd/hub/session/8f94d95a-d27b-4fc5-abda-852d285cb031/window/rect[39m [90m{}[39m
[38;5;206m[8f94d95a][0m[38;5;86m[HTTP][0m [37m<-- GET /wd/hub/session/8f94d95a-d27b-4fc5-abda-852d285cb031/window/rect [39m[32m200[39m [90m27 ms - 49[39m [90m[39m
[38;5;206m[8f94d95a][0m[38;5;86m[HTTP][0m [37m-->[39m [37mPOST[39m [37m/wd/hub/session/8f94d95a-d27b-4fc5-abda-852d285cb031/elements[39m [90m{"value":"//*[@class = 'android.widget.TextView' and (@text = 'Wheel Chairs' or . = 'Wheel Chairs')]","using":"xpath"}[39m
[38;5;206m[8f94d95a][0m[38;5;86m[HTTP][0m [37m<-- POST /wd/hub/session/8f94d95a-d27b-4fc5-abda-852d285cb031/elements [39m[32m200[39m [90m538 ms - 12[39m [90m[39m
[38;5;206m[8f94d95a][0m[38;5;86m[HTTP][0m [37m-->[39m [37mPOST[39m [37m/wd/hub/session/8f94d95a-d27b-4fc5-abda-852d285cb031/elements[39m [90m{"value":"//*[@class = 'android.widget.TextView' and (@text = 'Wheel Chairs' or . = 'Wheel Chairs')]","using":"xpath"}[39m
[38;5;206m[8f94d95a][0m[38;5;86m[HTTP][0m [37m<-- POST /wd/hub/session/8f94d95a-d27b-4fc5-abda-852d285cb031/elements [39m[32m200[39m [90m857 ms - 139[39m [90m[39m
[38;5;206m[8f94d95a][0m[38;5;86m[HTTP][0m [37m-->[39m [37mGET[39m [37m/wd/hub/session/8f94d95a-d27b-4fc5-abda-852d285cb031/element/00000000-0000-0732-ffff-ffff000004a1/rect[39m [90m{}[39m
[38;5;206m[8f94d95a][0m[38;5;-27m[AndroidUiautomator2Driver@cfd9][0m Driver proxy active, passing request on via HTTP proxy
[38;5;206m[8f94d95a][0m[38;5;-27m[AndroidUiautomator2Driver@cfd9][0m Replacing sessionId 64908900-5b88-4fdd-a157-a1b7362d714d with 8f94d95a-d27b-4fc5-abda-852d285cb031
[38;5;206m[8f94d95a][0m[38;5;86m[HTTP][0m [37m<-- GET /wd/hub/session/8f94d95a-d27b-4fc5-abda-852d285cb031/element/00000000-0000-0732-ffff-ffff000004a1/rect [39m[32m200[39m [90m26 ms - 102[39m [90m[39m
[38;5;206m[8f94d95a][0m[38;5;86m[HTTP][0m [37m-->[39m [37mPOST[39m [37m/wd/hub/session/8f94d95a-d27b-4fc5-abda-852d285cb031/timeouts[39m [90m{"implicit":40000}[39m
[38;5;206m[8f94d95a][0m[38;5;86m[HTTP][0m [37m<-- POST /wd/hub/session/8f94d95a-d27b-4fc5-abda-852d285cb031/timeouts [39m[32m200[39m [90m1 ms - 14[39m [90m[39m
[38;5;206m[8f94d95a][0m[38;5;86m[HTTP][0m [37m-->[39m [37mPOST[39m [37m/wd/hub/session/8f94d95a-d27b-4fc5-abda-852d285cb031/element/00000000-0000-0732-ffff-ffff000004a1/click[39m [90m{"id":"00000000-0000-0732-ffff-ffff000004a1"}[39m
[38;5;206m[8f94d95a][0m[38;5;86m[HTTP][0m [37m<-- POST /wd/hub/session/8f94d95a-d27b-4fc5-abda-852d285cb031/element/00000000-0000-0732-ffff-ffff000004a1/click [39m[32m200[39m [90m66 ms - 14[39m [90m[39m
[38;5;206m[8f94d95a][0m[38;5;86m[HTTP][0m [37m-->[39m [37mPOST[39m [37m/wd/hub/session/8f94d95a-d27b-4fc5-abda-852d285cb031/timeouts[39m [90m{"implicit":50}[39m
[38;5;206m[8f94d95a][0m[38;5;86m[HTTP][0m [37m<-- POST /wd/hub/session/8f94d95a-d27b-4fc5-abda-852d285cb031/timeouts [39m[32m200[39m [90m1 ms - 14[39m [90m[39m
[38;5;206m[8f94d95a][0m[38;5;86m[HTTP][0m [37m-->[39m [37mGET[39m [37m/wd/hub/session/8f94d95a-d27b-4fc5-abda-852d285cb031/window/rect[39m [90m{}[39m
[38;5;206m[8f94d95a][0m[38;5;86m[HTTP][0m [37m<-- GET /wd/hub/session/8f94d95a-d27b-4fc5-abda-852d285cb031/window/rect [39m[32m200[39m [90m21 ms - 49[39m [90m[39m
[38;5;206m[8f94d95a][0m[38;5;86m[HTTP][0m [37m-->[39m [37mPOST[39m [37m/wd/hub/session/8f94d95a-d27b-4fc5-abda-852d285cb031/elements[39m [90m{"value":"//*[@class = 'android.widget.ImageView' and (@text = '' or . = '')]","using":"xpath"}[39m
[38;5;206m[8f94d95a][0m[38;5;86m[HTTP][0m [37m<-- POST /wd/hub/session/8f94d95a-d27b-4fc5-abda-852d285cb031/elements [39m[32m200[39m [90m391 ms - 1291[39m [90m[39m
[38;5;206m[8f94d95a][0m[38;5;86m[HTTP][0m [37m-->[39m [37mGET[39m [37m/wd/hub/session/8f94d95a-d27b-4fc5-abda-852d285cb031/element/00000000-0000-0732-ffff-ffff0000047a/rect[39m [90m{}[39m
[38;5;206m[8f94d95a][0m[38;5;-27m[AndroidUiautomator2Driver@cfd9][0m Driver proxy active, passing request on via HTTP proxy
[38;5;206m[8f94d95a][0m[38;5;-27m[AndroidUiautomator2Driver@cfd9][0m Replacing sessionId 64908900-5b88-4fdd-a157-a1b7362d714d with 8f94d95a-d27b-4fc5-abda-852d285cb031
[38;5;206m[8f94d95a][0m[38;5;86m[HTTP][0m [37m<-- GET /wd/hub/session/8f94d95a-d27b-4fc5-abda-852d285cb031/element/00000000-0000-0732-ffff-ffff0000047a/rect [39m[32m200[39m [90m1023 ms - 99[39m [90m[39m
[38;5;206m[8f94d95a][0m[38;5;86m[HTTP][0m [37m-->[39m [37mPOST[39m [37m/wd/hub/session/8f94d95a-d27b-4fc5-abda-852d285cb031/timeouts[39m [90m{"implicit":40000}[39m
[38;5;206m[8f94d95a][0m[38;5;86m[HTTP][0m [37m<-- POST /wd/hub/session/8f94d95a-d27b-4fc5-abda-852d285cb031/timeouts [39m[32m200[39m [90m1 ms - 14[39m [90m[39m
[38;5;206m[8f94d95a][0m[38;5;86m[HTTP][0m [37m-->[39m [37mPOST[39m [37m/wd/hub/session/8f94d95a-d27b-4fc5-abda-852d285cb031/element/00000000-0000-0732-ffff-ffff0000047a/click[39m [90m{"id":"00000000-0000-0732-ffff-ffff0000047a"}[39m
[38;5;206m[8f94d95a][0m[38;5;86m[HTTP][0m [37m<-- POST /wd/hub/session/8f94d95a-d27b-4fc5-abda-852d285cb031/element/00000000-0000-0732-ffff-ffff0000047a/click [39m[32m200[39m [90m72 ms - 14[39m [90m[39m
[38;5;206m[8f94d95a][0m[38;5;86m[HTTP][0m [37m-->[39m [37mPOST[39m [37m/wd/hub/session/8f94d95a-d27b-4fc5-abda-852d285cb031/timeouts[39m [90m{"implicit":50}[39m
[38;5;206m[8f94d95a][0m[38;5;86m[HTTP][0m [37m<-- POST /wd/hub/session/8f94d95a-d27b-4fc5-abda-852d285cb031/timeouts [39m[32m200[39m [90m1 ms - 14[39m [90m[39m
[38;5;206m[8f94d95a][0m[38;5;86m[HTTP][0m [37m-->[39m [37mGET[39m [37m/wd/hub/session/8f94d95a-d27b-4fc5-abda-852d285cb031/window/rect[39m [90m{}[39m
[38;5;206m[8f94d95a][0m[38;5;86m[HTTP][0m [37m<-- GET /wd/hub/session/8f94d95a-d27b-4fc5-abda-852d285cb031/window/rect [39m[32m200[39m [90m27 ms - 49[39m [90m[39m
[38;5;206m[8f94d95a][0m[38;5;86m[HTTP][0m [37m-->[39m [37mPOST[39m [37m/wd/hub/session/8f94d95a-d27b-4fc5-abda-852d285cb031/elements[39m [90m{"value":"//*[@class = 'android.widget.TextView' and (@text = 'Transport' or . = 'Transport')]","using":"xpath"}[39m
[38;5;206m[8f94d95a][0m[38;5;86m[HTTP][0m [37m<-- POST /wd/hub/session/8f94d95a-d27b-4fc5-abda-852d285cb031/elements [39m[32m200[39m [90m1037 ms - 523[39m [90m[39m
[38;5;206m[8f94d95a][0m[38;5;86m[HTTP][0m [37m-->[39m [37mGET[39m [37m/wd/hub/session/8f94d95a-d27b-4fc5-abda-852d285cb031/element/00000000-0000-0732-ffff-ffff0000048b/rect[39m [90m{}[39m
[38;5;206m[8f94d95a][0m[38;5;-27m[AndroidUiautomator2Driver@cfd9][0m Driver proxy active, passing request on via HTTP proxy
[38;5;206m[8f94d95a][0m[38;5;-27m[AndroidUiautomator2Driver@cfd9][0m Replacing sessionId 64908900-5b88-4fdd-a157-a1b7362d714d with 8f94d95a-d27b-4fc5-abda-852d285cb031
[38;5;206m[8f94d95a][0m[38;5;86m[HTTP][0m [37m<-- GET /wd/hub/session/8f94d95a-d27b-4fc5-abda-852d285cb031/element/00000000-0000-0732-ffff-ffff0000048b/rect [39m[32m200[39m [90m148 ms - 103[39m [90m[39m
[38;5;206m[8f94d95a][0m[38;5;86m[HTTP][0m [37m-->[39m [37mPOST[39m [37m/wd/hub/session/8f94d95a-d27b-4fc5-abda-852d285cb031/timeouts[39m [90m{"implicit":40000}[39m
[38;5;206m[8f94d95a][0m[38;5;86m[HTTP][0m [37m<-- POST /wd/hub/session/8f94d95a-d27b-4fc5-abda-852d285cb031/timeouts [39m[32m200[39m [90m1 ms - 14[39m [90m[39m
[38;5;206m[8f94d95a][0m[38;5;86m[HTTP][0m [37m-->[39m [37mPOST[39m [37m/wd/hub/session/8f94d95a-d27b-4fc5-abda-852d285cb031/element/00000000-0000-0732-ffff-ffff0000048b/click[39m [90m{"id":"00000000-0000-0732-ffff-ffff0000048b"}[39m
[38;5;206m[8f94d95a][0m[38;5;86m[HTTP][0m [37m<-- POST /wd/hub/session/8f94d95a-d27b-4fc5-abda-852d285cb031/element/00000000-0000-0732-ffff-ffff0000048b/click [39m[32m200[39m [90m82 ms - 14[39m [90m[39m
[38;5;206m[8f94d95a][0m[38;5;86m[HTTP][0m [37m-->[39m [37mGET[39m [37m/wd/hub/session/8f94d95a-d27b-4fc5-abda-852d285cb031/context[39m [90m{}[39m
[38;5;206m[8f94d95a][0m[38;5;86m[HTTP][0m [37m<-- GET /wd/hub/session/8f94d95a-d27b-4fc5-abda-852d285cb031/context [39m[32m200[39m [90m1 ms - 22[39m [90m[39m
[38;5;206m[8f94d95a][0m[38;5;86m[HTTP][0m [37m-->[39m [37mGET[39m [37m/wd/hub/session/8f94d95a-d27b-4fc5-abda-852d285cb031/contexts[39m [90m{}[39m
[38;5;206m[8f94d95a][0m[38;5;86m[HTTP][0m [37m<-- GET /wd/hub/session/8f94d95a-d27b-4fc5-abda-852d285cb031/contexts [39m[32m200[39m [90m282 ms - 24[39m [90m[39m
[38;5;206m[8f94d95a][0m[38;5;86m[HTTP][0m [37m-->[39m [37mPOST[39m [37m/wd/hub/session/8f94d95a-d27b-4fc5-abda-852d285cb031/context[39m [90m{"name":"NATIVE_APP"}[39m
[38;5;206m[8f94d95a][0m[38;5;86m[HTTP][0m [37m<-- POST /wd/hub/session/8f94d95a-d27b-4fc5-abda-852d285cb031/context [39m[32m200[39m [90m1 ms - 14[39m [90m[39m
[38;5;206m[8f94d95a][0m[38;5;86m[HTTP][0m [37m-->[39m [37mGET[39m [37m/wd/hub/session/8f94d95a-d27b-4fc5-abda-852d285cb031/window/rect[39m [90m{}[39m
[38;5;206m[8f94d95a][0m[38;5;86m[HTTP][0m [37m<-- GET /wd/hub/session/8f94d95a-d27b-4fc5-abda-852d285cb031/window/rect [39m[32m200[39m [90m32 ms - 49[39m [90m[39m
[38;5;206m[8f94d95a][0m[38;5;86m[HTTP][0m [37m-->[39m [37mPOST[39m [37m/wd/hub/session/8f94d95a-d27b-4fc5-abda-852d285cb031/context[39m [90m{"name":"NATIVE_APP"}[39m
[38;5;206m[8f94d95a][0m[38;5;86m[HTTP][0m [37m<-- POST /wd/hub/session/8f94d95a-d27b-4fc5-abda-852d285cb031/context [39m[32m200[39m [90m1 ms - 14[39m [90m[39m
[38;5;206m[8f94d95a][0m[38;5;86m[HTTP][0m [37m-->[39m [37mGET[39m [37m/wd/hub/session/8f94d95a-d27b-4fc5-abda-852d285cb031/context[39m [90m{}[39m
[38;5;206m[8f94d95a][0m[38;5;86m[HTTP][0m [37m<-- GET /wd/hub/session/8f94d95a-d27b-4fc5-abda-852d285cb031/context [39m[32m200[39m [90m1 ms - 22[39m [90m[39m
[38;5;206m[8f94d95a][0m[38;5;86m[HTTP][0m [37m-->[39m [37mGET[39m [37m/wd/hub/session/8f94d95a-d27b-4fc5-abda-852d285cb031/contexts[39m [90m{}[39m
[38;5;206m[8f94d95a][0m[38;5;86m[HTTP][0m [37m<-- GET /wd/hub/session/8f94d95a-d27b-4fc5-abda-852d285cb031/contexts [39m[32m200[39m [90m318 ms - 24[39m [90m[39m
[38;5;206m[8f94d95a][0m[38;5;86m[HTTP][0m [37m-->[39m [37mPOST[39m [37m/wd/hub/session/8f94d95a-d27b-4fc5-abda-852d285cb031/context[39m [90m{"name":"NATIVE_APP"}[39m
[38;5;206m[8f94d95a][0m[38;5;86m[HTTP][0m [37m<-- POST /wd/hub/session/8f94d95a-d27b-4fc5-abda-852d285cb031/context [39m[32m200[39m [90m1 ms - 14[39m [90m[39m
[38;5;206m[8f94d95a][0m[38;5;86m[HTTP][0m [37m-->[39m [37mGET[39m [37m/wd/hub/session/8f94d95a-d27b-4fc5-abda-852d285cb031/window/rect[39m [90m{}[39m
[38;5;206m[8f94d95a][0m[38;5;86m[HTTP][0m [37m<-- GET /wd/hub/session/8f94d95a-d27b-4fc5-abda-852d285cb031/window/rect [39m[32m200[39m [90m30 ms - 49[39m [90m[39m
[38;5;206m[8f94d95a][0m[38;5;86m[HTTP][0m [37m-->[39m [37mPOST[39m [37m/wd/hub/session/8f94d95a-d27b-4fc5-abda-852d285cb031/context[39m [90m{"name":"NATIVE_APP"}[39m
[38;5;206m[8f94d95a][0m[38;5;86m[HTTP][0m [37m<-- POST /wd/hub/session/8f94d95a-d27b-4fc5-abda-852d285cb031/context [39m[32m200[39m [90m1 ms - 14[39m [90m[39m
[38;5;206m[8f94d95a][0m[38;5;86m[HTTP][0m [37m-->[39m [37mGET[39m [37m/wd/hub/session/8f94d95a-d27b-4fc5-abda-852d285cb031/context[39m [90m{}[39m
[38;5;206m[8f94d95a][0m[38;5;86m[HTTP][0m [37m<-- GET /wd/hub/session/8f94d95a-d27b-4fc5-abda-852d285cb031/context [39m[32m200[39m [90m1 ms - 22[39m [90m[39m
[38;5;206m[8f94d95a][0m[38;5;86m[HTTP][0m [37m-->[39m [37mGET[39m [37m/wd/hub/session/8f94d95a-d27b-4fc5-abda-852d285cb031/contexts[39m [90m{}[39m
[38;5;206m[8f94d95a][0m[38;5;86m[HTTP][0m [37m<-- GET /wd/hub/session/8f94d95a-d27b-4fc5-abda-852d285cb031/contexts [39m[32m200[39m [90m289 ms - 24[39m [90m[39m
[38;5;206m[8f94d95a][0m[38;5;86m[HTTP][0m [37m-->[39m [37mPOST[39m [37m/wd/hub/session/8f94d95a-d27b-4fc5-abda-852d285cb031/context[39m [90m{"name":"NATIVE_APP"}[39m
[38;5;206m[8f94d95a][0m[38;5;86m[HTTP][0m [37m<-- POST /wd/hub/session/8f94d95a-d27b-4fc5-abda-852d285cb031/context [39m[32m200[39m [90m1 ms - 14[39m [90m[39m
[38;5;206m[8f94d95a][0m[38;5;86m[HTTP][0m [37m-->[39m [37mPOST[39m [37m/wd/hub/session/8f94d95a-d27b-4fc5-abda-852d285cb031/actions[39m [90m{"actions":[{"id":"finger","type":"pointer","parameters":{"pointerType":"touch"},"actions":[{"duration":0,"type":"pause"},{"duration":0,"x":360,"y":1064,"type":"pointerMove","origin":"viewport"},{"button":0,"type":"pointerDown"},{"duration":50,"type":"pause"},{"duration":500,"x":360,"y":456,"type":"pointerMove","origin":"viewport"},{"button":0,"type":"pointerUp"}]}]}[39m
[38;5;206m[8f94d95a][0m[38;5;86m[HTTP][0m [37m<-- POST /wd/hub/session/8f94d95a-d27b-4fc5-abda-852d285cb031/actions [39m[32m200[39m [90m875 ms - 14[39m [90m[39m
[38;5;206m[8f94d95a][0m[38;5;86m[HTTP][0m [37m-->[39m [37mPOST[39m [37m/wd/hub/session/8f94d95a-d27b-4fc5-abda-852d285cb031/context[39m [90m{"name":"NATIVE_APP"}[39m
[38;5;206m[8f94d95a][0m[38;5;86m[HTTP][0m [37m<-- POST /wd/hub/session/8f94d95a-d27b-4fc5-abda-852d285cb031/context [39m[32m200[39m [90m1 ms - 14[39m [90m[39m
[38;5;206m[8f94d95a][0m[38;5;86m[HTTP][0m [37m-->[39m [37mDELETE[39m [37m/wd/hub/session/8f94d95a-d27b-4fc5-abda-852d285cb031[39m [90m{}[39m
[38;5;206m[8f94d95a][0m[38;5;135m[AppiumDriver@35c8][0m Removing session 8f94d95a-d27b-4fc5-abda-852d285cb031 from our master session list
[38;5;206m[8f94d95a][0m[38;5;-27m[AndroidUiautomator2Driver@cfd9][0m Restoring hidden api policy to the device default configuration
[38;5;206m[8f94d95a][0m[38;5;86m[HTTP][0m [37m<-- DELETE /wd/hub/session/8f94d95a-d27b-4fc5-abda-852d285cb031 [39m[32m200[39m [90m280 ms - 14[39m [90m[39m
