[38;5;112m[Appium][0m Welcome to Appium v2.13.1
[38;5;112m[Appium][0m Non-default server args:
[38;5;112m[Appium][0m { basePath: [32m'/wd/hub'[39m, loglevel: [32m'info'[39m, port: [33m56970[39m }
[38;5;112m[Appium][0m Attempting to load driver uiautomator2...
[38;5;112m[Appium][0m Appium REST http interface listener started on http://0.0.0.0:56970/wd/hub
[38;5;112m[Appium][0m You can provide the following URLs in your client code to connect to this server:
	http://192.168.1.229:56970/wd/hub
	http://127.0.0.1:56970/wd/hub (only accessible from the same host)
[38;5;112m[Appium][0m Available drivers:
[38;5;112m[Appium][0m   - uiautomator2@3.9.5 (automationName 'UiAutomator2')
[38;5;112m[Appium][0m No plugins have been installed. Use the "appium plugin" command to install the one(s) you want to use.
[38;5;86m[HTTP][0m [37m-->[39m [37mGET[39m [37m/wd/hub/status[39m [90m{}[39m
[38;5;86m[HTTP][0m [37m<-- GET /wd/hub/status [39m[32m200[39m [90m4 ms - 111[39m [90m[39m
[38;5;86m[HTTP][0m [37m-->[39m [37mPOST[39m [37m/wd/hub/session[39m [90m{"capabilities":{"firstMatch":[{"appium:app":"C:\\Users\\TUF\\git\\test\\Test Files\\Setia_City_Mall_Version_5_13_11_(Version_Code_162).apk","appium:autoGrantPermissions":true,"appium:automationName":"uiautomator2","appium:deviceName":"samsung SM-A015F (Android 12)","appium:fullReset":false,"appium:newCommandTimeout":1800,"appium:noReset":true,"appium:platformName":"ANDROID","appium:platformVersion":"12","appium:systemPort":56969,"appium:udid":"R9PNC036RCJ","platformName":"ANDROID"}]},"desiredCapabilities":{"appium:app":"C:\\Users\\TUF\\git\\test\\Test Files\\Setia_City_Mall_Version_5_13_11_(Version_Code_162).apk","appium:autoGrantPermissions":true,"appium:automationName":"uiautomator2","appium:deviceName":"samsung SM-A015F (Android 12)","appium:fullReset":false,"appium:newCommandTimeout":1800,"appium:noReset":true,"appium:platformName":"ANDROID","appium:platformVersion":"12","appium:systemPort":56969,"appium:udid":"R9PNC036RCJ"}}[39m
[38;5;123m[BaseDriver][0m Ignoring capability 'appium:platformName=ANDROID' and using capability 'platformName=ANDROID'
[38;5;123m[BaseDriver][0m The capabilities ["platformName"] are standard capabilities and do not require "appium:" prefix
[38;5;112m[Appium][0m Attempting to find matching driver for automationName 'uiautomator2' and platformName 'ANDROID'
[38;5;112m[Appium][0m The 'uiautomator2' driver was installed and matched caps.
[38;5;112m[Appium][0m Will require it at C:\Users\TUF\.appium\node_modules\appium-uiautomator2-driver
[38;5;168m[AppiumDriver@2e67][0m Appium v2.13.1 creating new AndroidUiautomator2Driver (v3.9.5) session
[38;5;168m[AppiumDriver@2e67][0m Checking BaseDriver versions for Appium and AndroidUiautomator2Driver
[38;5;168m[AppiumDriver@2e67][0m Appium's BaseDriver version is 9.13.1
[38;5;168m[AppiumDriver@2e67][0m AndroidUiautomator2Driver's BaseDriver version is 9.13.1
[38;5;71m[4f547ef4][0m[38;5;-81m[AndroidUiautomator2Driver@d899][0m Session created with session id: 4f547ef4-90f5-4c54-bfdd-93564365081d
[38;5;71m[4f547ef4][0m[38;5;229m[ADB][0m Found 2 'build-tools' folders under 'C:\Users\TUF\AppData\Local\Android\Sdk' (newest first):
[38;5;71m[4f547ef4][0m[38;5;229m[ADB][0m     C:\Users\TUF\AppData\Local\Android\Sdk\build-tools\35.0.0
[38;5;71m[4f547ef4][0m[38;5;229m[ADB][0m     C:\Users\TUF\AppData\Local\Android\Sdk\build-tools\34.0.0
[38;5;71m[4f547ef4][0m[38;5;229m[ADB][0m Using 'adb.exe' from 'C:\Users\TUF\AppData\Local\Android\Sdk\platform-tools\adb.exe'
[38;5;71m[4f547ef4][0m[38;5;-81m[AndroidUiautomator2Driver@d899][0m Retrieving device list
[38;5;71m[4f547ef4][0m[38;5;-81m[AndroidUiautomator2Driver@d899][0m Using device: R9PNC036RCJ
[38;5;71m[4f547ef4][0m[38;5;229m[ADB][0m Using 'adb.exe' from 'C:\Users\TUF\AppData\Local\Android\Sdk\platform-tools\adb.exe'
[38;5;71m[4f547ef4][0m[38;5;123m[BaseDriver][0m Using local app 'C:\Users\TUF\git\test\Test Files\Setia_City_Mall_Version_5_13_11_(Version_Code_162).apk'
[38;5;71m[4f547ef4][0m[38;5;229m[ADB][0m Getting device platform version
[38;5;71m[4f547ef4][0m[38;5;-81m[AndroidUiautomator2Driver@d899][0m Relaxing hidden api policy
[38;5;71m[4f547ef4][0m[38;5;229m[ADB][0m Using 'aapt2.exe' from 'C:\Users\TUF\AppData\Local\Android\Sdk\build-tools\35.0.0\aapt2.exe'
[38;5;71m[4f547ef4][0m[38;5;229m[ADB][0m Package name: 'com.convep.setiacitymall'
[38;5;71m[4f547ef4][0m[38;5;229m[ADB][0m Main activity name: 'com.convep.scm.MainActivity'
[38;5;71m[4f547ef4][0m[38;5;-81m[AndroidUiautomator2Driver@d899][0m Server packages are not going to be (re)installed
[38;5;71m[4f547ef4][0m[38;5;229m[ADB][0m Adding packages ["io.appium.settings","io.appium.uiautomator2.server","io.appium.uiautomator2.server.test"] to Doze whitelist
[38;5;71m[4f547ef4][0m[38;5;-81m[AndroidUiautomator2Driver@d899][0m Starting UIAutomator2 server 7.1.7
[38;5;71m[4f547ef4][0m[38;5;-81m[AndroidUiautomator2Driver@d899][0m Using UIAutomator2 server from 'C:\Users\TUF\.appium\node_modules\appium-uiautomator2-driver\node_modules\appium-uiautomator2-server\apks\appium-uiautomator2-server-v7.1.7.apk' and test from 'C:\Users\TUF\.appium\node_modules\appium-uiautomator2-driver\node_modules\appium-uiautomator2-server\apks\appium-uiautomator2-server-debug-androidTest.apk'
[38;5;71m[4f547ef4][0m[38;5;-81m[AndroidUiautomator2Driver@d899][0m Waiting up to 30000ms for UiAutomator2 to be online...
[38;5;71m[4f547ef4][0m[38;5;-81m[AndroidUiautomator2Driver@d899][0m socket hang up
[38;5;71m[4f547ef4][0m[38;5;-81m[AndroidUiautomator2Driver@d899][0m socket hang up
[38;5;71m[4f547ef4][0m[38;5;-81m[AndroidUiautomator2Driver@d899][0m socket hang up
[38;5;71m[4f547ef4][0m[38;5;-81m[AndroidUiautomator2Driver@d899][0m socket hang up
[38;5;71m[4f547ef4][0m[38;5;-81m[AndroidUiautomator2Driver@d899][0m Determined the downstream protocol as 'W3C'
[38;5;71m[4f547ef4][0m[38;5;-81m[AndroidUiautomator2Driver@d899][0m Screen already unlocked, doing nothing
[38;5;71m[4f547ef4][0m[38;5;-81m[AndroidUiautomator2Driver@d899][0m Starting 'com.convep.setiacitymall/com.convep.scm.MainActivity and waiting for 'com.convep.setiacitymall/com.convep.scm.MainActivity'
[38;5;71m[4f547ef4][0m[38;5;-81m[AndroidUiautomator2Driver@d899][0m 'com.convep.setiacitymall' is already running and noReset is enabled. Set forceAppLaunch capability to true if the app must be forcefully restarted on session startup.
[38;5;71m[4f547ef4][0m[38;5;168m[AppiumDriver@2e67][0m New AndroidUiautomator2Driver session created successfully, session 4f547ef4-90f5-4c54-bfdd-93564365081d added to master session list
[38;5;71m[4f547ef4][0m[38;5;86m[HTTP][0m [37m<-- POST /wd/hub/session [39m[32m200[39m [90m6353 ms - 1269[39m [90m[39m
[38;5;86m[HTTP][0m [37m-->[39m [37mGET[39m [37m/wd/hub/status[39m [90m{}[39m
[38;5;86m[HTTP][0m [37m<-- GET /wd/hub/status [39m[32m200[39m [90m1 ms - 111[39m [90m[39m
[38;5;71m[4f547ef4][0m[38;5;86m[HTTP][0m [37m-->[39m [37mPOST[39m [37m/wd/hub/session/4f547ef4-90f5-4c54-bfdd-93564365081d/timeouts[39m [90m{"implicit":40000}[39m
[38;5;71m[4f547ef4][0m[38;5;86m[HTTP][0m [37m<-- POST /wd/hub/session/4f547ef4-90f5-4c54-bfdd-93564365081d/timeouts [39m[32m200[39m [90m2 ms - 14[39m [90m[39m
[38;5;71m[4f547ef4][0m[38;5;86m[HTTP][0m [37m-->[39m [37mPOST[39m [37m/wd/hub/session/4f547ef4-90f5-4c54-bfdd-93564365081d/execute/sync[39m [90m{"script":"mobile: getSystemBars","args":[]}[39m
[38;5;71m[4f547ef4][0m[38;5;-81m[AndroidUiautomator2Driver@d899][0m Executing native command 'mobile: getSystemBars'
[38;5;71m[4f547ef4][0m[38;5;86m[HTTP][0m [37m<-- POST /wd/hub/session/4f547ef4-90f5-4c54-bfdd-93564365081d/execute/sync [39m[32m200[39m [90m118 ms - 148[39m [90m[39m
[38;5;71m[4f547ef4][0m[38;5;86m[HTTP][0m [37m-->[39m [37mPOST[39m [37m/wd/hub/session/4f547ef4-90f5-4c54-bfdd-93564365081d/timeouts[39m [90m{"implicit":50}[39m
[38;5;71m[4f547ef4][0m[38;5;86m[HTTP][0m [37m<-- POST /wd/hub/session/4f547ef4-90f5-4c54-bfdd-93564365081d/timeouts [39m[32m200[39m [90m1 ms - 14[39m [90m[39m
[38;5;71m[4f547ef4][0m[38;5;86m[HTTP][0m [37m-->[39m [37mGET[39m [37m/wd/hub/session/4f547ef4-90f5-4c54-bfdd-93564365081d/window/rect[39m [90m{}[39m
[38;5;71m[4f547ef4][0m[38;5;86m[HTTP][0m [37m<-- GET /wd/hub/session/4f547ef4-90f5-4c54-bfdd-93564365081d/window/rect [39m[32m200[39m [90m35 ms - 49[39m [90m[39m
[38;5;71m[4f547ef4][0m[38;5;86m[HTTP][0m [37m-->[39m [37mPOST[39m [37m/wd/hub/session/4f547ef4-90f5-4c54-bfdd-93564365081d/elements[39m [90m{"value":"//*[@class = 'android.widget.ImageView' and (@text = '' or . = '')]","using":"xpath"}[39m
[38;5;71m[4f547ef4][0m[38;5;86m[HTTP][0m [37m<-- POST /wd/hub/session/4f547ef4-90f5-4c54-bfdd-93564365081d/elements [39m[32m200[39m [90m1444 ms - 1163[39m [90m[39m
[38;5;71m[4f547ef4][0m[38;5;86m[HTTP][0m [37m-->[39m [37mGET[39m [37m/wd/hub/session/4f547ef4-90f5-4c54-bfdd-93564365081d/element/00000000-0000-0788-ffff-ffff0000004f/rect[39m [90m{}[39m
[38;5;71m[4f547ef4][0m[38;5;-81m[AndroidUiautomator2Driver@d899][0m Driver proxy active, passing request on via HTTP proxy
[38;5;71m[4f547ef4][0m[38;5;-81m[AndroidUiautomator2Driver@d899][0m Replacing sessionId 162dd359-3253-4297-9e79-4f1c4cf649a4 with 4f547ef4-90f5-4c54-bfdd-93564365081d
[38;5;71m[4f547ef4][0m[38;5;86m[HTTP][0m [37m<-- GET /wd/hub/session/4f547ef4-90f5-4c54-bfdd-93564365081d/element/00000000-0000-0788-ffff-ffff0000004f/rect [39m[32m200[39m [90m53 ms - 98[39m [90m[39m
[38;5;71m[4f547ef4][0m[38;5;86m[HTTP][0m [37m-->[39m [37mPOST[39m [37m/wd/hub/session/4f547ef4-90f5-4c54-bfdd-93564365081d/timeouts[39m [90m{"implicit":40000}[39m
[38;5;71m[4f547ef4][0m[38;5;86m[HTTP][0m [37m<-- POST /wd/hub/session/4f547ef4-90f5-4c54-bfdd-93564365081d/timeouts [39m[32m200[39m [90m2 ms - 14[39m [90m[39m
[38;5;71m[4f547ef4][0m[38;5;86m[HTTP][0m [37m-->[39m [37mPOST[39m [37m/wd/hub/session/4f547ef4-90f5-4c54-bfdd-93564365081d/element/00000000-0000-0788-ffff-ffff0000004f/click[39m [90m{"id":"00000000-0000-0788-ffff-ffff0000004f"}[39m
[38;5;71m[4f547ef4][0m[38;5;86m[HTTP][0m [37m<-- POST /wd/hub/session/4f547ef4-90f5-4c54-bfdd-93564365081d/element/00000000-0000-0788-ffff-ffff0000004f/click [39m[32m200[39m [90m102 ms - 14[39m [90m[39m
[38;5;71m[4f547ef4][0m[38;5;86m[HTTP][0m [37m-->[39m [37mPOST[39m [37m/wd/hub/session/4f547ef4-90f5-4c54-bfdd-93564365081d/timeouts[39m [90m{"implicit":50}[39m
[38;5;71m[4f547ef4][0m[38;5;86m[HTTP][0m [37m<-- POST /wd/hub/session/4f547ef4-90f5-4c54-bfdd-93564365081d/timeouts [39m[32m200[39m [90m1 ms - 14[39m [90m[39m
[38;5;71m[4f547ef4][0m[38;5;86m[HTTP][0m [37m-->[39m [37mGET[39m [37m/wd/hub/session/4f547ef4-90f5-4c54-bfdd-93564365081d/window/rect[39m [90m{}[39m
[38;5;71m[4f547ef4][0m[38;5;86m[HTTP][0m [37m<-- GET /wd/hub/session/4f547ef4-90f5-4c54-bfdd-93564365081d/window/rect [39m[32m200[39m [90m44 ms - 49[39m [90m[39m
[38;5;71m[4f547ef4][0m[38;5;86m[HTTP][0m [37m-->[39m [37mPOST[39m [37m/wd/hub/session/4f547ef4-90f5-4c54-bfdd-93564365081d/elements[39m [90m{"value":"//*[@class = 'android.widget.TextView' and (@text = 'About' or . = 'About')]","using":"xpath"}[39m
[38;5;71m[4f547ef4][0m[38;5;86m[HTTP][0m [37m<-- POST /wd/hub/session/4f547ef4-90f5-4c54-bfdd-93564365081d/elements [39m[32m200[39m [90m1337 ms - 139[39m [90m[39m
[38;5;71m[4f547ef4][0m[38;5;86m[HTTP][0m [37m-->[39m [37mGET[39m [37m/wd/hub/session/4f547ef4-90f5-4c54-bfdd-93564365081d/element/00000000-0000-0788-ffff-ffff00000037/rect[39m [90m{}[39m
[38;5;71m[4f547ef4][0m[38;5;-81m[AndroidUiautomator2Driver@d899][0m Driver proxy active, passing request on via HTTP proxy
[38;5;71m[4f547ef4][0m[38;5;-81m[AndroidUiautomator2Driver@d899][0m Replacing sessionId 162dd359-3253-4297-9e79-4f1c4cf649a4 with 4f547ef4-90f5-4c54-bfdd-93564365081d
[38;5;71m[4f547ef4][0m[38;5;86m[HTTP][0m [37m<-- GET /wd/hub/session/4f547ef4-90f5-4c54-bfdd-93564365081d/element/00000000-0000-0788-ffff-ffff00000037/rect [39m[32m200[39m [90m448 ms - 100[39m [90m[39m
[38;5;71m[4f547ef4][0m[38;5;86m[HTTP][0m [37m-->[39m [37mPOST[39m [37m/wd/hub/session/4f547ef4-90f5-4c54-bfdd-93564365081d/timeouts[39m [90m{"implicit":40000}[39m
[38;5;71m[4f547ef4][0m[38;5;86m[HTTP][0m [37m<-- POST /wd/hub/session/4f547ef4-90f5-4c54-bfdd-93564365081d/timeouts [39m[32m200[39m [90m1 ms - 14[39m [90m[39m
[38;5;71m[4f547ef4][0m[38;5;86m[HTTP][0m [37m-->[39m [37mPOST[39m [37m/wd/hub/session/4f547ef4-90f5-4c54-bfdd-93564365081d/element/00000000-0000-0788-ffff-ffff00000037/click[39m [90m{"id":"00000000-0000-0788-ffff-ffff00000037"}[39m
[38;5;71m[4f547ef4][0m[38;5;86m[HTTP][0m [37m<-- POST /wd/hub/session/4f547ef4-90f5-4c54-bfdd-93564365081d/element/00000000-0000-0788-ffff-ffff00000037/click [39m[32m200[39m [90m118 ms - 14[39m [90m[39m
[38;5;71m[4f547ef4][0m[38;5;86m[HTTP][0m [37m-->[39m [37mPOST[39m [37m/wd/hub/session/4f547ef4-90f5-4c54-bfdd-93564365081d/timeouts[39m [90m{"implicit":50}[39m
[38;5;71m[4f547ef4][0m[38;5;86m[HTTP][0m [37m<-- POST /wd/hub/session/4f547ef4-90f5-4c54-bfdd-93564365081d/timeouts [39m[32m200[39m [90m1 ms - 14[39m [90m[39m
[38;5;71m[4f547ef4][0m[38;5;86m[HTTP][0m [37m-->[39m [37mGET[39m [37m/wd/hub/session/4f547ef4-90f5-4c54-bfdd-93564365081d/window/rect[39m [90m{}[39m
[38;5;71m[4f547ef4][0m[38;5;86m[HTTP][0m [37m<-- GET /wd/hub/session/4f547ef4-90f5-4c54-bfdd-93564365081d/window/rect [39m[32m200[39m [90m51 ms - 49[39m [90m[39m
[38;5;71m[4f547ef4][0m[38;5;86m[HTTP][0m [37m-->[39m [37mPOST[39m [37m/wd/hub/session/4f547ef4-90f5-4c54-bfdd-93564365081d/elements[39m [90m{"value":"//*[@class = 'android.widget.TextView' and (@text = 'Contact' or . = 'Contact')]","using":"xpath"}[39m
[38;5;71m[4f547ef4][0m[38;5;86m[HTTP][0m [37m<-- POST /wd/hub/session/4f547ef4-90f5-4c54-bfdd-93564365081d/elements [39m[32m200[39m [90m1299 ms - 139[39m [90m[39m
[38;5;71m[4f547ef4][0m[38;5;86m[HTTP][0m [37m-->[39m [37mGET[39m [37m/wd/hub/session/4f547ef4-90f5-4c54-bfdd-93564365081d/element/00000000-0000-0788-ffff-ffff00000094/rect[39m [90m{}[39m
[38;5;71m[4f547ef4][0m[38;5;-81m[AndroidUiautomator2Driver@d899][0m Driver proxy active, passing request on via HTTP proxy
[38;5;71m[4f547ef4][0m[38;5;-81m[AndroidUiautomator2Driver@d899][0m Replacing sessionId 162dd359-3253-4297-9e79-4f1c4cf649a4 with 4f547ef4-90f5-4c54-bfdd-93564365081d
[38;5;71m[4f547ef4][0m[38;5;86m[HTTP][0m [37m<-- GET /wd/hub/session/4f547ef4-90f5-4c54-bfdd-93564365081d/element/00000000-0000-0788-ffff-ffff00000094/rect [39m[32m200[39m [90m641 ms - 102[39m [90m[39m
[38;5;71m[4f547ef4][0m[38;5;86m[HTTP][0m [37m-->[39m [37mPOST[39m [37m/wd/hub/session/4f547ef4-90f5-4c54-bfdd-93564365081d/timeouts[39m [90m{"implicit":40000}[39m
[38;5;71m[4f547ef4][0m[38;5;86m[HTTP][0m [37m<-- POST /wd/hub/session/4f547ef4-90f5-4c54-bfdd-93564365081d/timeouts [39m[32m200[39m [90m1 ms - 14[39m [90m[39m
[38;5;71m[4f547ef4][0m[38;5;86m[HTTP][0m [37m-->[39m [37mPOST[39m [37m/wd/hub/session/4f547ef4-90f5-4c54-bfdd-93564365081d/element/00000000-0000-0788-ffff-ffff00000094/click[39m [90m{"id":"00000000-0000-0788-ffff-ffff00000094"}[39m
[38;5;71m[4f547ef4][0m[38;5;86m[HTTP][0m [37m<-- POST /wd/hub/session/4f547ef4-90f5-4c54-bfdd-93564365081d/element/00000000-0000-0788-ffff-ffff00000094/click [39m[32m200[39m [90m103 ms - 14[39m [90m[39m
[38;5;71m[4f547ef4][0m[38;5;86m[HTTP][0m [37m-->[39m [37mPOST[39m [37m/wd/hub/session/4f547ef4-90f5-4c54-bfdd-93564365081d/timeouts[39m [90m{"implicit":50}[39m
[38;5;71m[4f547ef4][0m[38;5;86m[HTTP][0m [37m<-- POST /wd/hub/session/4f547ef4-90f5-4c54-bfdd-93564365081d/timeouts [39m[32m200[39m [90m1 ms - 14[39m [90m[39m
[38;5;71m[4f547ef4][0m[38;5;86m[HTTP][0m [37m-->[39m [37mGET[39m [37m/wd/hub/session/4f547ef4-90f5-4c54-bfdd-93564365081d/window/rect[39m [90m{}[39m
[38;5;71m[4f547ef4][0m[38;5;86m[HTTP][0m [37m<-- GET /wd/hub/session/4f547ef4-90f5-4c54-bfdd-93564365081d/window/rect [39m[32m200[39m [90m48 ms - 49[39m [90m[39m
[38;5;71m[4f547ef4][0m[38;5;86m[HTTP][0m [37m-->[39m [37mPOST[39m [37m/wd/hub/session/4f547ef4-90f5-4c54-bfdd-93564365081d/elements[39m [90m{"value":"//*[@class = 'android.widget.TextView' and (@text = 'Services' or . = 'Services')]","using":"xpath"}[39m
[38;5;71m[4f547ef4][0m[38;5;86m[HTTP][0m [37m<-- POST /wd/hub/session/4f547ef4-90f5-4c54-bfdd-93564365081d/elements [39m[32m200[39m [90m910 ms - 267[39m [90m[39m
[38;5;71m[4f547ef4][0m[38;5;86m[HTTP][0m [37m-->[39m [37mGET[39m [37m/wd/hub/session/4f547ef4-90f5-4c54-bfdd-93564365081d/element/00000000-0000-0788-ffff-ffff0000036b/rect[39m [90m{}[39m
[38;5;71m[4f547ef4][0m[38;5;-81m[AndroidUiautomator2Driver@d899][0m Driver proxy active, passing request on via HTTP proxy
[38;5;71m[4f547ef4][0m[38;5;-81m[AndroidUiautomator2Driver@d899][0m Replacing sessionId 162dd359-3253-4297-9e79-4f1c4cf649a4 with 4f547ef4-90f5-4c54-bfdd-93564365081d
[38;5;71m[4f547ef4][0m[38;5;86m[HTTP][0m [37m<-- GET /wd/hub/session/4f547ef4-90f5-4c54-bfdd-93564365081d/element/00000000-0000-0788-ffff-ffff0000036b/rect [39m[32m200[39m [90m327 ms - 103[39m [90m[39m
[38;5;71m[4f547ef4][0m[38;5;86m[HTTP][0m [37m-->[39m [37mPOST[39m [37m/wd/hub/session/4f547ef4-90f5-4c54-bfdd-93564365081d/timeouts[39m [90m{"implicit":40000}[39m
[38;5;71m[4f547ef4][0m[38;5;86m[HTTP][0m [37m<-- POST /wd/hub/session/4f547ef4-90f5-4c54-bfdd-93564365081d/timeouts [39m[32m200[39m [90m1 ms - 14[39m [90m[39m
[38;5;71m[4f547ef4][0m[38;5;86m[HTTP][0m [37m-->[39m [37mPOST[39m [37m/wd/hub/session/4f547ef4-90f5-4c54-bfdd-93564365081d/element/00000000-0000-0788-ffff-ffff0000036b/click[39m [90m{"id":"00000000-0000-0788-ffff-ffff0000036b"}[39m
[38;5;71m[4f547ef4][0m[38;5;86m[HTTP][0m [37m<-- POST /wd/hub/session/4f547ef4-90f5-4c54-bfdd-93564365081d/element/00000000-0000-0788-ffff-ffff0000036b/click [39m[32m200[39m [90m107 ms - 14[39m [90m[39m
[38;5;71m[4f547ef4][0m[38;5;86m[HTTP][0m [37m-->[39m [37mPOST[39m [37m/wd/hub/session/4f547ef4-90f5-4c54-bfdd-93564365081d/timeouts[39m [90m{"implicit":50}[39m
[38;5;71m[4f547ef4][0m[38;5;86m[HTTP][0m [37m<-- POST /wd/hub/session/4f547ef4-90f5-4c54-bfdd-93564365081d/timeouts [39m[32m200[39m [90m1 ms - 14[39m [90m[39m
[38;5;71m[4f547ef4][0m[38;5;86m[HTTP][0m [37m-->[39m [37mGET[39m [37m/wd/hub/session/4f547ef4-90f5-4c54-bfdd-93564365081d/window/rect[39m [90m{}[39m
[38;5;71m[4f547ef4][0m[38;5;86m[HTTP][0m [37m<-- GET /wd/hub/session/4f547ef4-90f5-4c54-bfdd-93564365081d/window/rect [39m[32m200[39m [90m45 ms - 49[39m [90m[39m
[38;5;71m[4f547ef4][0m[38;5;86m[HTTP][0m [37m-->[39m [37mPOST[39m [37m/wd/hub/session/4f547ef4-90f5-4c54-bfdd-93564365081d/elements[39m [90m{"value":"//*[@class = 'android.widget.TextView' and (@text = 'ATM' or . = 'ATM')]","using":"xpath"}[39m
[38;5;71m[4f547ef4][0m[38;5;86m[HTTP][0m [37m<-- POST /wd/hub/session/4f547ef4-90f5-4c54-bfdd-93564365081d/elements [39m[32m200[39m [90m772 ms - 12[39m [90m[39m
[38;5;71m[4f547ef4][0m[38;5;86m[HTTP][0m [37m-->[39m [37mPOST[39m [37m/wd/hub/session/4f547ef4-90f5-4c54-bfdd-93564365081d/elements[39m [90m{"value":"//*[@class = 'android.widget.TextView' and (@text = 'ATM' or . = 'ATM')]","using":"xpath"}[39m
[38;5;71m[4f547ef4][0m[38;5;86m[HTTP][0m [37m<-- POST /wd/hub/session/4f547ef4-90f5-4c54-bfdd-93564365081d/elements [39m[32m200[39m [90m1092 ms - 139[39m [90m[39m
[38;5;71m[4f547ef4][0m[38;5;86m[HTTP][0m [37m-->[39m [37mGET[39m [37m/wd/hub/session/4f547ef4-90f5-4c54-bfdd-93564365081d/element/00000000-0000-0788-ffff-ffff00000390/rect[39m [90m{}[39m
[38;5;71m[4f547ef4][0m[38;5;-81m[AndroidUiautomator2Driver@d899][0m Driver proxy active, passing request on via HTTP proxy
[38;5;71m[4f547ef4][0m[38;5;-81m[AndroidUiautomator2Driver@d899][0m Replacing sessionId 162dd359-3253-4297-9e79-4f1c4cf649a4 with 4f547ef4-90f5-4c54-bfdd-93564365081d
[38;5;71m[4f547ef4][0m[38;5;86m[HTTP][0m [37m<-- GET /wd/hub/session/4f547ef4-90f5-4c54-bfdd-93564365081d/element/00000000-0000-0788-ffff-ffff00000390/rect [39m[32m200[39m [90m48 ms - 100[39m [90m[39m
[38;5;71m[4f547ef4][0m[38;5;86m[HTTP][0m [37m-->[39m [37mPOST[39m [37m/wd/hub/session/4f547ef4-90f5-4c54-bfdd-93564365081d/timeouts[39m [90m{"implicit":40000}[39m
[38;5;71m[4f547ef4][0m[38;5;86m[HTTP][0m [37m<-- POST /wd/hub/session/4f547ef4-90f5-4c54-bfdd-93564365081d/timeouts [39m[32m200[39m [90m1 ms - 14[39m [90m[39m
[38;5;71m[4f547ef4][0m[38;5;86m[HTTP][0m [37m-->[39m [37mPOST[39m [37m/wd/hub/session/4f547ef4-90f5-4c54-bfdd-93564365081d/element/00000000-0000-0788-ffff-ffff00000390/click[39m [90m{"id":"00000000-0000-0788-ffff-ffff00000390"}[39m
[38;5;71m[4f547ef4][0m[38;5;86m[HTTP][0m [37m<-- POST /wd/hub/session/4f547ef4-90f5-4c54-bfdd-93564365081d/element/00000000-0000-0788-ffff-ffff00000390/click [39m[32m200[39m [90m90 ms - 14[39m [90m[39m
[38;5;71m[4f547ef4][0m[38;5;86m[HTTP][0m [37m-->[39m [37mPOST[39m [37m/wd/hub/session/4f547ef4-90f5-4c54-bfdd-93564365081d/timeouts[39m [90m{"implicit":50}[39m
[38;5;71m[4f547ef4][0m[38;5;86m[HTTP][0m [37m<-- POST /wd/hub/session/4f547ef4-90f5-4c54-bfdd-93564365081d/timeouts [39m[32m200[39m [90m1 ms - 14[39m [90m[39m
[38;5;71m[4f547ef4][0m[38;5;86m[HTTP][0m [37m-->[39m [37mGET[39m [37m/wd/hub/session/4f547ef4-90f5-4c54-bfdd-93564365081d/window/rect[39m [90m{}[39m
[38;5;71m[4f547ef4][0m[38;5;86m[HTTP][0m [37m<-- GET /wd/hub/session/4f547ef4-90f5-4c54-bfdd-93564365081d/window/rect [39m[32m200[39m [90m40 ms - 49[39m [90m[39m
[38;5;71m[4f547ef4][0m[38;5;86m[HTTP][0m [37m-->[39m [37mPOST[39m [37m/wd/hub/session/4f547ef4-90f5-4c54-bfdd-93564365081d/elements[39m [90m{"value":"//*[@class = 'android.widget.ImageView' and (@text = '' or . = '')]","using":"xpath"}[39m
[38;5;71m[4f547ef4][0m[38;5;86m[HTTP][0m [37m<-- POST /wd/hub/session/4f547ef4-90f5-4c54-bfdd-93564365081d/elements [39m[32m200[39m [90m570 ms - 1291[39m [90m[39m
[38;5;71m[4f547ef4][0m[38;5;86m[HTTP][0m [37m-->[39m [37mGET[39m [37m/wd/hub/session/4f547ef4-90f5-4c54-bfdd-93564365081d/element/00000000-0000-0788-ffff-ffff0000037a/rect[39m [90m{}[39m
[38;5;71m[4f547ef4][0m[38;5;-81m[AndroidUiautomator2Driver@d899][0m Driver proxy active, passing request on via HTTP proxy
[38;5;71m[4f547ef4][0m[38;5;-81m[AndroidUiautomator2Driver@d899][0m Replacing sessionId 162dd359-3253-4297-9e79-4f1c4cf649a4 with 4f547ef4-90f5-4c54-bfdd-93564365081d
[38;5;71m[4f547ef4][0m[38;5;86m[HTTP][0m [37m<-- GET /wd/hub/session/4f547ef4-90f5-4c54-bfdd-93564365081d/element/00000000-0000-0788-ffff-ffff0000037a/rect [39m[32m200[39m [90m694 ms - 99[39m [90m[39m
[38;5;71m[4f547ef4][0m[38;5;86m[HTTP][0m [37m-->[39m [37mPOST[39m [37m/wd/hub/session/4f547ef4-90f5-4c54-bfdd-93564365081d/timeouts[39m [90m{"implicit":40000}[39m
[38;5;71m[4f547ef4][0m[38;5;86m[HTTP][0m [37m<-- POST /wd/hub/session/4f547ef4-90f5-4c54-bfdd-93564365081d/timeouts [39m[32m200[39m [90m1 ms - 14[39m [90m[39m
[38;5;71m[4f547ef4][0m[38;5;86m[HTTP][0m [37m-->[39m [37mPOST[39m [37m/wd/hub/session/4f547ef4-90f5-4c54-bfdd-93564365081d/element/00000000-0000-0788-ffff-ffff0000037a/click[39m [90m{"id":"00000000-0000-0788-ffff-ffff0000037a"}[39m
[38;5;71m[4f547ef4][0m[38;5;86m[HTTP][0m [37m<-- POST /wd/hub/session/4f547ef4-90f5-4c54-bfdd-93564365081d/element/00000000-0000-0788-ffff-ffff0000037a/click [39m[32m200[39m [90m95 ms - 14[39m [90m[39m
[38;5;71m[4f547ef4][0m[38;5;86m[HTTP][0m [37m-->[39m [37mPOST[39m [37m/wd/hub/session/4f547ef4-90f5-4c54-bfdd-93564365081d/timeouts[39m [90m{"implicit":50}[39m
[38;5;71m[4f547ef4][0m[38;5;86m[HTTP][0m [37m<-- POST /wd/hub/session/4f547ef4-90f5-4c54-bfdd-93564365081d/timeouts [39m[32m200[39m [90m1 ms - 14[39m [90m[39m
[38;5;71m[4f547ef4][0m[38;5;86m[HTTP][0m [37m-->[39m [37mGET[39m [37m/wd/hub/session/4f547ef4-90f5-4c54-bfdd-93564365081d/window/rect[39m [90m{}[39m
[38;5;71m[4f547ef4][0m[38;5;86m[HTTP][0m [37m<-- GET /wd/hub/session/4f547ef4-90f5-4c54-bfdd-93564365081d/window/rect [39m[32m200[39m [90m48 ms - 49[39m [90m[39m
[38;5;71m[4f547ef4][0m[38;5;86m[HTTP][0m [37m-->[39m [37mPOST[39m [37m/wd/hub/session/4f547ef4-90f5-4c54-bfdd-93564365081d/elements[39m [90m{"value":"//*[@class = 'android.widget.TextView' and (@text = 'Bus' or . = 'Bus')]","using":"xpath"}[39m
[38;5;71m[4f547ef4][0m[38;5;86m[HTTP][0m [37m<-- POST /wd/hub/session/4f547ef4-90f5-4c54-bfdd-93564365081d/elements [39m[32m200[39m [90m891 ms - 139[39m [90m[39m
[38;5;71m[4f547ef4][0m[38;5;86m[HTTP][0m [37m-->[39m [37mGET[39m [37m/wd/hub/session/4f547ef4-90f5-4c54-bfdd-93564365081d/element/00000000-0000-0788-ffff-ffff00000394/rect[39m [90m{}[39m
[38;5;71m[4f547ef4][0m[38;5;-81m[AndroidUiautomator2Driver@d899][0m Driver proxy active, passing request on via HTTP proxy
[38;5;71m[4f547ef4][0m[38;5;-81m[AndroidUiautomator2Driver@d899][0m Replacing sessionId 162dd359-3253-4297-9e79-4f1c4cf649a4 with 4f547ef4-90f5-4c54-bfdd-93564365081d
[38;5;71m[4f547ef4][0m[38;5;86m[HTTP][0m [37m<-- GET /wd/hub/session/4f547ef4-90f5-4c54-bfdd-93564365081d/element/00000000-0000-0788-ffff-ffff00000394/rect [39m[32m200[39m [90m180 ms - 101[39m [90m[39m
[38;5;71m[4f547ef4][0m[38;5;86m[HTTP][0m [37m-->[39m [37mPOST[39m [37m/wd/hub/session/4f547ef4-90f5-4c54-bfdd-93564365081d/timeouts[39m [90m{"implicit":40000}[39m
[38;5;71m[4f547ef4][0m[38;5;86m[HTTP][0m [37m<-- POST /wd/hub/session/4f547ef4-90f5-4c54-bfdd-93564365081d/timeouts [39m[32m200[39m [90m1 ms - 14[39m [90m[39m
[38;5;71m[4f547ef4][0m[38;5;86m[HTTP][0m [37m-->[39m [37mPOST[39m [37m/wd/hub/session/4f547ef4-90f5-4c54-bfdd-93564365081d/element/00000000-0000-0788-ffff-ffff00000394/click[39m [90m{"id":"00000000-0000-0788-ffff-ffff00000394"}[39m
[38;5;71m[4f547ef4][0m[38;5;86m[HTTP][0m [37m<-- POST /wd/hub/session/4f547ef4-90f5-4c54-bfdd-93564365081d/element/00000000-0000-0788-ffff-ffff00000394/click [39m[32m200[39m [90m98 ms - 14[39m [90m[39m
[38;5;71m[4f547ef4][0m[38;5;86m[HTTP][0m [37m-->[39m [37mPOST[39m [37m/wd/hub/session/4f547ef4-90f5-4c54-bfdd-93564365081d/timeouts[39m [90m{"implicit":50}[39m
[38;5;71m[4f547ef4][0m[38;5;86m[HTTP][0m [37m<-- POST /wd/hub/session/4f547ef4-90f5-4c54-bfdd-93564365081d/timeouts [39m[32m200[39m [90m1 ms - 14[39m [90m[39m
[38;5;71m[4f547ef4][0m[38;5;86m[HTTP][0m [37m-->[39m [37mGET[39m [37m/wd/hub/session/4f547ef4-90f5-4c54-bfdd-93564365081d/window/rect[39m [90m{}[39m
[38;5;71m[4f547ef4][0m[38;5;86m[HTTP][0m [37m<-- GET /wd/hub/session/4f547ef4-90f5-4c54-bfdd-93564365081d/window/rect [39m[32m200[39m [90m40 ms - 49[39m [90m[39m
[38;5;71m[4f547ef4][0m[38;5;86m[HTTP][0m [37m-->[39m [37mPOST[39m [37m/wd/hub/session/4f547ef4-90f5-4c54-bfdd-93564365081d/elements[39m [90m{"value":"//*[@class = 'android.widget.ImageView' and (@text = '' or . = '')]","using":"xpath"}[39m
[38;5;71m[4f547ef4][0m[38;5;86m[HTTP][0m [37m<-- POST /wd/hub/session/4f547ef4-90f5-4c54-bfdd-93564365081d/elements [39m[32m200[39m [90m473 ms - 1291[39m [90m[39m
[38;5;71m[4f547ef4][0m[38;5;86m[HTTP][0m [37m-->[39m [37mGET[39m [37m/wd/hub/session/4f547ef4-90f5-4c54-bfdd-93564365081d/element/00000000-0000-0788-ffff-ffff0000037a/rect[39m [90m{}[39m
[38;5;71m[4f547ef4][0m[38;5;-81m[AndroidUiautomator2Driver@d899][0m Driver proxy active, passing request on via HTTP proxy
[38;5;71m[4f547ef4][0m[38;5;-81m[AndroidUiautomator2Driver@d899][0m Replacing sessionId 162dd359-3253-4297-9e79-4f1c4cf649a4 with 4f547ef4-90f5-4c54-bfdd-93564365081d
[38;5;71m[4f547ef4][0m[38;5;86m[HTTP][0m [37m<-- GET /wd/hub/session/4f547ef4-90f5-4c54-bfdd-93564365081d/element/00000000-0000-0788-ffff-ffff0000037a/rect [39m[32m200[39m [90m1049 ms - 99[39m [90m[39m
[38;5;71m[4f547ef4][0m[38;5;86m[HTTP][0m [37m-->[39m [37mPOST[39m [37m/wd/hub/session/4f547ef4-90f5-4c54-bfdd-93564365081d/timeouts[39m [90m{"implicit":40000}[39m
[38;5;71m[4f547ef4][0m[38;5;86m[HTTP][0m [37m<-- POST /wd/hub/session/4f547ef4-90f5-4c54-bfdd-93564365081d/timeouts [39m[32m200[39m [90m1 ms - 14[39m [90m[39m
[38;5;71m[4f547ef4][0m[38;5;86m[HTTP][0m [37m-->[39m [37mPOST[39m [37m/wd/hub/session/4f547ef4-90f5-4c54-bfdd-93564365081d/element/00000000-0000-0788-ffff-ffff0000037a/click[39m [90m{"id":"00000000-0000-0788-ffff-ffff0000037a"}[39m
[38;5;71m[4f547ef4][0m[38;5;86m[HTTP][0m [37m<-- POST /wd/hub/session/4f547ef4-90f5-4c54-bfdd-93564365081d/element/00000000-0000-0788-ffff-ffff0000037a/click [39m[32m200[39m [90m100 ms - 14[39m [90m[39m
[38;5;71m[4f547ef4][0m[38;5;86m[HTTP][0m [37m-->[39m [37mPOST[39m [37m/wd/hub/session/4f547ef4-90f5-4c54-bfdd-93564365081d/timeouts[39m [90m{"implicit":50}[39m
[38;5;71m[4f547ef4][0m[38;5;86m[HTTP][0m [37m<-- POST /wd/hub/session/4f547ef4-90f5-4c54-bfdd-93564365081d/timeouts [39m[32m200[39m [90m1 ms - 14[39m [90m[39m
[38;5;71m[4f547ef4][0m[38;5;86m[HTTP][0m [37m-->[39m [37mGET[39m [37m/wd/hub/session/4f547ef4-90f5-4c54-bfdd-93564365081d/window/rect[39m [90m{}[39m
[38;5;71m[4f547ef4][0m[38;5;86m[HTTP][0m [37m<-- GET /wd/hub/session/4f547ef4-90f5-4c54-bfdd-93564365081d/window/rect [39m[32m200[39m [90m35 ms - 49[39m [90m[39m
[38;5;71m[4f547ef4][0m[38;5;86m[HTTP][0m [37m-->[39m [37mPOST[39m [37m/wd/hub/session/4f547ef4-90f5-4c54-bfdd-93564365081d/elements[39m [90m{"value":"//*[@class = 'android.widget.TextView' and (@text = 'Car Park Help-Desk' or . = 'Car Park Help-Desk')]","using":"xpath"}[39m
[38;5;71m[4f547ef4][0m[38;5;86m[HTTP][0m [37m<-- POST /wd/hub/session/4f547ef4-90f5-4c54-bfdd-93564365081d/elements [39m[32m200[39m [90m857 ms - 139[39m [90m[39m
[38;5;71m[4f547ef4][0m[38;5;86m[HTTP][0m [37m-->[39m [37mGET[39m [37m/wd/hub/session/4f547ef4-90f5-4c54-bfdd-93564365081d/element/00000000-0000-0788-ffff-ffff00000398/rect[39m [90m{}[39m
[38;5;71m[4f547ef4][0m[38;5;-81m[AndroidUiautomator2Driver@d899][0m Driver proxy active, passing request on via HTTP proxy
[38;5;71m[4f547ef4][0m[38;5;-81m[AndroidUiautomator2Driver@d899][0m Replacing sessionId 162dd359-3253-4297-9e79-4f1c4cf649a4 with 4f547ef4-90f5-4c54-bfdd-93564365081d
[38;5;71m[4f547ef4][0m[38;5;86m[HTTP][0m [37m<-- GET /wd/hub/session/4f547ef4-90f5-4c54-bfdd-93564365081d/element/00000000-0000-0788-ffff-ffff00000398/rect [39m[32m200[39m [90m376 ms - 102[39m [90m[39m
[38;5;71m[4f547ef4][0m[38;5;86m[HTTP][0m [37m-->[39m [37mPOST[39m [37m/wd/hub/session/4f547ef4-90f5-4c54-bfdd-93564365081d/timeouts[39m [90m{"implicit":40000}[39m
[38;5;71m[4f547ef4][0m[38;5;86m[HTTP][0m [37m<-- POST /wd/hub/session/4f547ef4-90f5-4c54-bfdd-93564365081d/timeouts [39m[32m200[39m [90m1 ms - 14[39m [90m[39m
[38;5;71m[4f547ef4][0m[38;5;86m[HTTP][0m [37m-->[39m [37mPOST[39m [37m/wd/hub/session/4f547ef4-90f5-4c54-bfdd-93564365081d/element/00000000-0000-0788-ffff-ffff00000398/click[39m [90m{"id":"00000000-0000-0788-ffff-ffff00000398"}[39m
[38;5;71m[4f547ef4][0m[38;5;86m[HTTP][0m [37m<-- POST /wd/hub/session/4f547ef4-90f5-4c54-bfdd-93564365081d/element/00000000-0000-0788-ffff-ffff00000398/click [39m[32m200[39m [90m97 ms - 14[39m [90m[39m
[38;5;71m[4f547ef4][0m[38;5;86m[HTTP][0m [37m-->[39m [37mPOST[39m [37m/wd/hub/session/4f547ef4-90f5-4c54-bfdd-93564365081d/timeouts[39m [90m{"implicit":50}[39m
[38;5;71m[4f547ef4][0m[38;5;86m[HTTP][0m [37m<-- POST /wd/hub/session/4f547ef4-90f5-4c54-bfdd-93564365081d/timeouts [39m[32m200[39m [90m1 ms - 14[39m [90m[39m
[38;5;71m[4f547ef4][0m[38;5;86m[HTTP][0m [37m-->[39m [37mGET[39m [37m/wd/hub/session/4f547ef4-90f5-4c54-bfdd-93564365081d/window/rect[39m [90m{}[39m
[38;5;71m[4f547ef4][0m[38;5;86m[HTTP][0m [37m<-- GET /wd/hub/session/4f547ef4-90f5-4c54-bfdd-93564365081d/window/rect [39m[32m200[39m [90m31 ms - 49[39m [90m[39m
[38;5;71m[4f547ef4][0m[38;5;86m[HTTP][0m [37m-->[39m [37mPOST[39m [37m/wd/hub/session/4f547ef4-90f5-4c54-bfdd-93564365081d/elements[39m [90m{"value":"//*[@class = 'android.widget.ImageView' and (@text = '' or . = '')]","using":"xpath"}[39m
[38;5;71m[4f547ef4][0m[38;5;86m[HTTP][0m [37m<-- POST /wd/hub/session/4f547ef4-90f5-4c54-bfdd-93564365081d/elements [39m[32m200[39m [90m435 ms - 1291[39m [90m[39m
[38;5;71m[4f547ef4][0m[38;5;86m[HTTP][0m [37m-->[39m [37mGET[39m [37m/wd/hub/session/4f547ef4-90f5-4c54-bfdd-93564365081d/element/00000000-0000-0788-ffff-ffff0000037a/rect[39m [90m{}[39m
[38;5;71m[4f547ef4][0m[38;5;-81m[AndroidUiautomator2Driver@d899][0m Driver proxy active, passing request on via HTTP proxy
[38;5;71m[4f547ef4][0m[38;5;-81m[AndroidUiautomator2Driver@d899][0m Replacing sessionId 162dd359-3253-4297-9e79-4f1c4cf649a4 with 4f547ef4-90f5-4c54-bfdd-93564365081d
[38;5;71m[4f547ef4][0m[38;5;86m[HTTP][0m [37m<-- GET /wd/hub/session/4f547ef4-90f5-4c54-bfdd-93564365081d/element/00000000-0000-0788-ffff-ffff0000037a/rect [39m[32m200[39m [90m1005 ms - 99[39m [90m[39m
[38;5;71m[4f547ef4][0m[38;5;86m[HTTP][0m [37m-->[39m [37mPOST[39m [37m/wd/hub/session/4f547ef4-90f5-4c54-bfdd-93564365081d/timeouts[39m [90m{"implicit":40000}[39m
[38;5;71m[4f547ef4][0m[38;5;86m[HTTP][0m [37m<-- POST /wd/hub/session/4f547ef4-90f5-4c54-bfdd-93564365081d/timeouts [39m[32m200[39m [90m1 ms - 14[39m [90m[39m
[38;5;71m[4f547ef4][0m[38;5;86m[HTTP][0m [37m-->[39m [37mPOST[39m [37m/wd/hub/session/4f547ef4-90f5-4c54-bfdd-93564365081d/element/00000000-0000-0788-ffff-ffff0000037a/click[39m [90m{"id":"00000000-0000-0788-ffff-ffff0000037a"}[39m
[38;5;71m[4f547ef4][0m[38;5;86m[HTTP][0m [37m<-- POST /wd/hub/session/4f547ef4-90f5-4c54-bfdd-93564365081d/element/00000000-0000-0788-ffff-ffff0000037a/click [39m[32m200[39m [90m80 ms - 14[39m [90m[39m
[38;5;71m[4f547ef4][0m[38;5;86m[HTTP][0m [37m-->[39m [37mPOST[39m [37m/wd/hub/session/4f547ef4-90f5-4c54-bfdd-93564365081d/timeouts[39m [90m{"implicit":50}[39m
[38;5;71m[4f547ef4][0m[38;5;86m[HTTP][0m [37m<-- POST /wd/hub/session/4f547ef4-90f5-4c54-bfdd-93564365081d/timeouts [39m[32m200[39m [90m1 ms - 14[39m [90m[39m
[38;5;71m[4f547ef4][0m[38;5;86m[HTTP][0m [37m-->[39m [37mGET[39m [37m/wd/hub/session/4f547ef4-90f5-4c54-bfdd-93564365081d/window/rect[39m [90m{}[39m
[38;5;71m[4f547ef4][0m[38;5;86m[HTTP][0m [37m<-- GET /wd/hub/session/4f547ef4-90f5-4c54-bfdd-93564365081d/window/rect [39m[32m200[39m [90m34 ms - 49[39m [90m[39m
[38;5;71m[4f547ef4][0m[38;5;86m[HTTP][0m [37m-->[39m [37mPOST[39m [37m/wd/hub/session/4f547ef4-90f5-4c54-bfdd-93564365081d/elements[39m [90m{"value":"//*[@class = 'android.widget.TextView' and (@text = 'Gift Wrapping' or . = 'Gift Wrapping')]","using":"xpath"}[39m
[38;5;71m[4f547ef4][0m[38;5;86m[HTTP][0m [37m<-- POST /wd/hub/session/4f547ef4-90f5-4c54-bfdd-93564365081d/elements [39m[32m200[39m [90m705 ms - 12[39m [90m[39m
[38;5;71m[4f547ef4][0m[38;5;86m[HTTP][0m [37m-->[39m [37mPOST[39m [37m/wd/hub/session/4f547ef4-90f5-4c54-bfdd-93564365081d/elements[39m [90m{"value":"//*[@class = 'android.widget.TextView' and (@text = 'Gift Wrapping' or . = 'Gift Wrapping')]","using":"xpath"}[39m
[38;5;71m[4f547ef4][0m[38;5;86m[HTTP][0m [37m<-- POST /wd/hub/session/4f547ef4-90f5-4c54-bfdd-93564365081d/elements [39m[32m200[39m [90m790 ms - 139[39m [90m[39m
[38;5;71m[4f547ef4][0m[38;5;86m[HTTP][0m [37m-->[39m [37mGET[39m [37m/wd/hub/session/4f547ef4-90f5-4c54-bfdd-93564365081d/element/00000000-0000-0788-ffff-ffff0000039d/rect[39m [90m{}[39m
[38;5;71m[4f547ef4][0m[38;5;-81m[AndroidUiautomator2Driver@d899][0m Driver proxy active, passing request on via HTTP proxy
[38;5;71m[4f547ef4][0m[38;5;-81m[AndroidUiautomator2Driver@d899][0m Replacing sessionId 162dd359-3253-4297-9e79-4f1c4cf649a4 with 4f547ef4-90f5-4c54-bfdd-93564365081d
[38;5;71m[4f547ef4][0m[38;5;86m[HTTP][0m [37m<-- GET /wd/hub/session/4f547ef4-90f5-4c54-bfdd-93564365081d/element/00000000-0000-0788-ffff-ffff0000039d/rect [39m[32m200[39m [90m35 ms - 101[39m [90m[39m
[38;5;71m[4f547ef4][0m[38;5;86m[HTTP][0m [37m-->[39m [37mPOST[39m [37m/wd/hub/session/4f547ef4-90f5-4c54-bfdd-93564365081d/timeouts[39m [90m{"implicit":40000}[39m
[38;5;71m[4f547ef4][0m[38;5;86m[HTTP][0m [37m<-- POST /wd/hub/session/4f547ef4-90f5-4c54-bfdd-93564365081d/timeouts [39m[32m200[39m [90m1 ms - 14[39m [90m[39m
[38;5;71m[4f547ef4][0m[38;5;86m[HTTP][0m [37m-->[39m [37mPOST[39m [37m/wd/hub/session/4f547ef4-90f5-4c54-bfdd-93564365081d/element/00000000-0000-0788-ffff-ffff0000039d/click[39m [90m{"id":"00000000-0000-0788-ffff-ffff0000039d"}[39m
[38;5;71m[4f547ef4][0m[38;5;86m[HTTP][0m [37m<-- POST /wd/hub/session/4f547ef4-90f5-4c54-bfdd-93564365081d/element/00000000-0000-0788-ffff-ffff0000039d/click [39m[32m200[39m [90m81 ms - 14[39m [90m[39m
[38;5;71m[4f547ef4][0m[38;5;86m[HTTP][0m [37m-->[39m [37mPOST[39m [37m/wd/hub/session/4f547ef4-90f5-4c54-bfdd-93564365081d/timeouts[39m [90m{"implicit":50}[39m
[38;5;71m[4f547ef4][0m[38;5;86m[HTTP][0m [37m<-- POST /wd/hub/session/4f547ef4-90f5-4c54-bfdd-93564365081d/timeouts [39m[32m200[39m [90m1 ms - 14[39m [90m[39m
[38;5;71m[4f547ef4][0m[38;5;86m[HTTP][0m [37m-->[39m [37mGET[39m [37m/wd/hub/session/4f547ef4-90f5-4c54-bfdd-93564365081d/window/rect[39m [90m{}[39m
[38;5;71m[4f547ef4][0m[38;5;86m[HTTP][0m [37m<-- GET /wd/hub/session/4f547ef4-90f5-4c54-bfdd-93564365081d/window/rect [39m[32m200[39m [90m26 ms - 49[39m [90m[39m
[38;5;71m[4f547ef4][0m[38;5;86m[HTTP][0m [37m-->[39m [37mPOST[39m [37m/wd/hub/session/4f547ef4-90f5-4c54-bfdd-93564365081d/elements[39m [90m{"value":"//*[@class = 'android.widget.ImageView' and (@text = '' or . = '')]","using":"xpath"}[39m
[38;5;71m[4f547ef4][0m[38;5;86m[HTTP][0m [37m<-- POST /wd/hub/session/4f547ef4-90f5-4c54-bfdd-93564365081d/elements [39m[32m200[39m [90m389 ms - 1291[39m [90m[39m
[38;5;71m[4f547ef4][0m[38;5;86m[HTTP][0m [37m-->[39m [37mGET[39m [37m/wd/hub/session/4f547ef4-90f5-4c54-bfdd-93564365081d/element/00000000-0000-0788-ffff-ffff0000037a/rect[39m [90m{}[39m
[38;5;71m[4f547ef4][0m[38;5;-81m[AndroidUiautomator2Driver@d899][0m Driver proxy active, passing request on via HTTP proxy
[38;5;71m[4f547ef4][0m[38;5;-81m[AndroidUiautomator2Driver@d899][0m Replacing sessionId 162dd359-3253-4297-9e79-4f1c4cf649a4 with 4f547ef4-90f5-4c54-bfdd-93564365081d
[38;5;71m[4f547ef4][0m[38;5;86m[HTTP][0m [37m<-- GET /wd/hub/session/4f547ef4-90f5-4c54-bfdd-93564365081d/element/00000000-0000-0788-ffff-ffff0000037a/rect [39m[32m200[39m [90m1004 ms - 99[39m [90m[39m
[38;5;71m[4f547ef4][0m[38;5;86m[HTTP][0m [37m-->[39m [37mPOST[39m [37m/wd/hub/session/4f547ef4-90f5-4c54-bfdd-93564365081d/timeouts[39m [90m{"implicit":40000}[39m
[38;5;71m[4f547ef4][0m[38;5;86m[HTTP][0m [37m<-- POST /wd/hub/session/4f547ef4-90f5-4c54-bfdd-93564365081d/timeouts [39m[32m200[39m [90m1 ms - 14[39m [90m[39m
[38;5;71m[4f547ef4][0m[38;5;86m[HTTP][0m [37m-->[39m [37mPOST[39m [37m/wd/hub/session/4f547ef4-90f5-4c54-bfdd-93564365081d/element/00000000-0000-0788-ffff-ffff0000037a/click[39m [90m{"id":"00000000-0000-0788-ffff-ffff0000037a"}[39m
[38;5;71m[4f547ef4][0m[38;5;86m[HTTP][0m [37m<-- POST /wd/hub/session/4f547ef4-90f5-4c54-bfdd-93564365081d/element/00000000-0000-0788-ffff-ffff0000037a/click [39m[32m200[39m [90m82 ms - 14[39m [90m[39m
[38;5;71m[4f547ef4][0m[38;5;86m[HTTP][0m [37m-->[39m [37mPOST[39m [37m/wd/hub/session/4f547ef4-90f5-4c54-bfdd-93564365081d/timeouts[39m [90m{"implicit":50}[39m
[38;5;71m[4f547ef4][0m[38;5;86m[HTTP][0m [37m<-- POST /wd/hub/session/4f547ef4-90f5-4c54-bfdd-93564365081d/timeouts [39m[32m200[39m [90m1 ms - 14[39m [90m[39m
[38;5;71m[4f547ef4][0m[38;5;86m[HTTP][0m [37m-->[39m [37mGET[39m [37m/wd/hub/session/4f547ef4-90f5-4c54-bfdd-93564365081d/window/rect[39m [90m{}[39m
[38;5;71m[4f547ef4][0m[38;5;86m[HTTP][0m [37m<-- GET /wd/hub/session/4f547ef4-90f5-4c54-bfdd-93564365081d/window/rect [39m[32m200[39m [90m34 ms - 49[39m [90m[39m
[38;5;71m[4f547ef4][0m[38;5;86m[HTTP][0m [37m-->[39m [37mPOST[39m [37m/wd/hub/session/4f547ef4-90f5-4c54-bfdd-93564365081d/elements[39m [90m{"value":"//*[@class = 'android.widget.TextView' and (@text = 'Lost & Found' or . = 'Lost & Found')]","using":"xpath"}[39m
[38;5;71m[4f547ef4][0m[38;5;86m[HTTP][0m [37m<-- POST /wd/hub/session/4f547ef4-90f5-4c54-bfdd-93564365081d/elements [39m[32m200[39m [90m854 ms - 139[39m [90m[39m
[38;5;71m[4f547ef4][0m[38;5;86m[HTTP][0m [37m-->[39m [37mGET[39m [37m/wd/hub/session/4f547ef4-90f5-4c54-bfdd-93564365081d/element/00000000-0000-0788-ffff-ffff000003a1/rect[39m [90m{}[39m
[38;5;71m[4f547ef4][0m[38;5;-81m[AndroidUiautomator2Driver@d899][0m Driver proxy active, passing request on via HTTP proxy
[38;5;71m[4f547ef4][0m[38;5;-81m[AndroidUiautomator2Driver@d899][0m Replacing sessionId 162dd359-3253-4297-9e79-4f1c4cf649a4 with 4f547ef4-90f5-4c54-bfdd-93564365081d
[38;5;71m[4f547ef4][0m[38;5;86m[HTTP][0m [37m<-- GET /wd/hub/session/4f547ef4-90f5-4c54-bfdd-93564365081d/element/00000000-0000-0788-ffff-ffff000003a1/rect [39m[32m200[39m [90m368 ms - 102[39m [90m[39m
[38;5;71m[4f547ef4][0m[38;5;86m[HTTP][0m [37m-->[39m [37mPOST[39m [37m/wd/hub/session/4f547ef4-90f5-4c54-bfdd-93564365081d/timeouts[39m [90m{"implicit":40000}[39m
[38;5;71m[4f547ef4][0m[38;5;86m[HTTP][0m [37m<-- POST /wd/hub/session/4f547ef4-90f5-4c54-bfdd-93564365081d/timeouts [39m[32m200[39m [90m1 ms - 14[39m [90m[39m
[38;5;71m[4f547ef4][0m[38;5;86m[HTTP][0m [37m-->[39m [37mPOST[39m [37m/wd/hub/session/4f547ef4-90f5-4c54-bfdd-93564365081d/element/00000000-0000-0788-ffff-ffff000003a1/click[39m [90m{"id":"00000000-0000-0788-ffff-ffff000003a1"}[39m
[38;5;71m[4f547ef4][0m[38;5;86m[HTTP][0m [37m<-- POST /wd/hub/session/4f547ef4-90f5-4c54-bfdd-93564365081d/element/00000000-0000-0788-ffff-ffff000003a1/click [39m[32m200[39m [90m85 ms - 14[39m [90m[39m
[38;5;71m[4f547ef4][0m[38;5;86m[HTTP][0m [37m-->[39m [37mPOST[39m [37m/wd/hub/session/4f547ef4-90f5-4c54-bfdd-93564365081d/timeouts[39m [90m{"implicit":50}[39m
[38;5;71m[4f547ef4][0m[38;5;86m[HTTP][0m [37m<-- POST /wd/hub/session/4f547ef4-90f5-4c54-bfdd-93564365081d/timeouts [39m[32m200[39m [90m1 ms - 14[39m [90m[39m
[38;5;71m[4f547ef4][0m[38;5;86m[HTTP][0m [37m-->[39m [37mGET[39m [37m/wd/hub/session/4f547ef4-90f5-4c54-bfdd-93564365081d/window/rect[39m [90m{}[39m
[38;5;71m[4f547ef4][0m[38;5;86m[HTTP][0m [37m<-- GET /wd/hub/session/4f547ef4-90f5-4c54-bfdd-93564365081d/window/rect [39m[32m200[39m [90m34 ms - 49[39m [90m[39m
[38;5;71m[4f547ef4][0m[38;5;86m[HTTP][0m [37m-->[39m [37mPOST[39m [37m/wd/hub/session/4f547ef4-90f5-4c54-bfdd-93564365081d/elements[39m [90m{"value":"//*[@class = 'android.widget.ImageView' and (@text = '' or . = '')]","using":"xpath"}[39m
[38;5;71m[4f547ef4][0m[38;5;86m[HTTP][0m [37m<-- POST /wd/hub/session/4f547ef4-90f5-4c54-bfdd-93564365081d/elements [39m[32m200[39m [90m333 ms - 1291[39m [90m[39m
[38;5;71m[4f547ef4][0m[38;5;86m[HTTP][0m [37m-->[39m [37mGET[39m [37m/wd/hub/session/4f547ef4-90f5-4c54-bfdd-93564365081d/element/00000000-0000-0788-ffff-ffff0000037a/rect[39m [90m{}[39m
[38;5;71m[4f547ef4][0m[38;5;-81m[AndroidUiautomator2Driver@d899][0m Driver proxy active, passing request on via HTTP proxy
[38;5;71m[4f547ef4][0m[38;5;-81m[AndroidUiautomator2Driver@d899][0m Replacing sessionId 162dd359-3253-4297-9e79-4f1c4cf649a4 with 4f547ef4-90f5-4c54-bfdd-93564365081d
[38;5;71m[4f547ef4][0m[38;5;86m[HTTP][0m [37m<-- GET /wd/hub/session/4f547ef4-90f5-4c54-bfdd-93564365081d/element/00000000-0000-0788-ffff-ffff0000037a/rect [39m[32m200[39m [90m945 ms - 99[39m [90m[39m
[38;5;71m[4f547ef4][0m[38;5;86m[HTTP][0m [37m-->[39m [37mPOST[39m [37m/wd/hub/session/4f547ef4-90f5-4c54-bfdd-93564365081d/timeouts[39m [90m{"implicit":40000}[39m
[38;5;71m[4f547ef4][0m[38;5;86m[HTTP][0m [37m<-- POST /wd/hub/session/4f547ef4-90f5-4c54-bfdd-93564365081d/timeouts [39m[32m200[39m [90m1 ms - 14[39m [90m[39m
[38;5;71m[4f547ef4][0m[38;5;86m[HTTP][0m [37m-->[39m [37mPOST[39m [37m/wd/hub/session/4f547ef4-90f5-4c54-bfdd-93564365081d/element/00000000-0000-0788-ffff-ffff0000037a/click[39m [90m{"id":"00000000-0000-0788-ffff-ffff0000037a"}[39m
[38;5;71m[4f547ef4][0m[38;5;86m[HTTP][0m [37m<-- POST /wd/hub/session/4f547ef4-90f5-4c54-bfdd-93564365081d/element/00000000-0000-0788-ffff-ffff0000037a/click [39m[32m200[39m [90m90 ms - 14[39m [90m[39m
[38;5;71m[4f547ef4][0m[38;5;86m[HTTP][0m [37m-->[39m [37mPOST[39m [37m/wd/hub/session/4f547ef4-90f5-4c54-bfdd-93564365081d/timeouts[39m [90m{"implicit":50}[39m
[38;5;71m[4f547ef4][0m[38;5;86m[HTTP][0m [37m<-- POST /wd/hub/session/4f547ef4-90f5-4c54-bfdd-93564365081d/timeouts [39m[32m200[39m [90m1 ms - 14[39m [90m[39m
[38;5;71m[4f547ef4][0m[38;5;86m[HTTP][0m [37m-->[39m [37mGET[39m [37m/wd/hub/session/4f547ef4-90f5-4c54-bfdd-93564365081d/window/rect[39m [90m{}[39m
[38;5;71m[4f547ef4][0m[38;5;86m[HTTP][0m [37m<-- GET /wd/hub/session/4f547ef4-90f5-4c54-bfdd-93564365081d/window/rect [39m[32m200[39m [90m31 ms - 49[39m [90m[39m
[38;5;71m[4f547ef4][0m[38;5;86m[HTTP][0m [37m-->[39m [37mPOST[39m [37m/wd/hub/session/4f547ef4-90f5-4c54-bfdd-93564365081d/elements[39m [90m{"value":"//*[@class = 'android.widget.TextView' and (@text = 'Amenities' or . = 'Amenities')]","using":"xpath"}[39m
[38;5;71m[4f547ef4][0m[38;5;86m[HTTP][0m [37m<-- POST /wd/hub/session/4f547ef4-90f5-4c54-bfdd-93564365081d/elements [39m[32m200[39m [90m850 ms - 395[39m [90m[39m
[38;5;71m[4f547ef4][0m[38;5;86m[HTTP][0m [37m-->[39m [37mGET[39m [37m/wd/hub/session/4f547ef4-90f5-4c54-bfdd-93564365081d/element/00000000-0000-0788-ffff-ffff00000388/rect[39m [90m{}[39m
[38;5;71m[4f547ef4][0m[38;5;-81m[AndroidUiautomator2Driver@d899][0m Driver proxy active, passing request on via HTTP proxy
[38;5;71m[4f547ef4][0m[38;5;-81m[AndroidUiautomator2Driver@d899][0m Replacing sessionId 162dd359-3253-4297-9e79-4f1c4cf649a4 with 4f547ef4-90f5-4c54-bfdd-93564365081d
[38;5;71m[4f547ef4][0m[38;5;86m[HTTP][0m [37m<-- GET /wd/hub/session/4f547ef4-90f5-4c54-bfdd-93564365081d/element/00000000-0000-0788-ffff-ffff00000388/rect [39m[32m200[39m [90m248 ms - 103[39m [90m[39m
[38;5;71m[4f547ef4][0m[38;5;86m[HTTP][0m [37m-->[39m [37mPOST[39m [37m/wd/hub/session/4f547ef4-90f5-4c54-bfdd-93564365081d/timeouts[39m [90m{"implicit":40000}[39m
[38;5;71m[4f547ef4][0m[38;5;86m[HTTP][0m [37m<-- POST /wd/hub/session/4f547ef4-90f5-4c54-bfdd-93564365081d/timeouts [39m[32m200[39m [90m1 ms - 14[39m [90m[39m
[38;5;71m[4f547ef4][0m[38;5;86m[HTTP][0m [37m-->[39m [37mPOST[39m [37m/wd/hub/session/4f547ef4-90f5-4c54-bfdd-93564365081d/element/00000000-0000-0788-ffff-ffff00000388/click[39m [90m{"id":"00000000-0000-0788-ffff-ffff00000388"}[39m
[38;5;71m[4f547ef4][0m[38;5;86m[HTTP][0m [37m<-- POST /wd/hub/session/4f547ef4-90f5-4c54-bfdd-93564365081d/element/00000000-0000-0788-ffff-ffff00000388/click [39m[32m200[39m [90m128 ms - 14[39m [90m[39m
[38;5;71m[4f547ef4][0m[38;5;86m[HTTP][0m [37m-->[39m [37mPOST[39m [37m/wd/hub/session/4f547ef4-90f5-4c54-bfdd-93564365081d/timeouts[39m [90m{"implicit":50}[39m
[38;5;71m[4f547ef4][0m[38;5;86m[HTTP][0m [37m<-- POST /wd/hub/session/4f547ef4-90f5-4c54-bfdd-93564365081d/timeouts [39m[32m200[39m [90m1 ms - 14[39m [90m[39m
[38;5;71m[4f547ef4][0m[38;5;86m[HTTP][0m [37m-->[39m [37mGET[39m [37m/wd/hub/session/4f547ef4-90f5-4c54-bfdd-93564365081d/window/rect[39m [90m{}[39m
[38;5;71m[4f547ef4][0m[38;5;86m[HTTP][0m [37m<-- GET /wd/hub/session/4f547ef4-90f5-4c54-bfdd-93564365081d/window/rect [39m[32m200[39m [90m17 ms - 49[39m [90m[39m
[38;5;71m[4f547ef4][0m[38;5;86m[HTTP][0m [37m-->[39m [37mPOST[39m [37m/wd/hub/session/4f547ef4-90f5-4c54-bfdd-93564365081d/elements[39m [90m{"value":"//*[@class = 'android.widget.TextView' and (@text = 'Baby Strollers' or . = 'Baby Strollers')]","using":"xpath"}[39m
[38;5;71m[4f547ef4][0m[38;5;86m[HTTP][0m [37m<-- POST /wd/hub/session/4f547ef4-90f5-4c54-bfdd-93564365081d/elements [39m[32m200[39m [90m297 ms - 12[39m [90m[39m
[38;5;71m[4f547ef4][0m[38;5;86m[HTTP][0m [37m-->[39m [37mPOST[39m [37m/wd/hub/session/4f547ef4-90f5-4c54-bfdd-93564365081d/elements[39m [90m{"value":"//*[@class = 'android.widget.TextView' and (@text = 'Baby Strollers' or . = 'Baby Strollers')]","using":"xpath"}[39m
[38;5;71m[4f547ef4][0m[38;5;86m[HTTP][0m [37m<-- POST /wd/hub/session/4f547ef4-90f5-4c54-bfdd-93564365081d/elements [39m[32m200[39m [90m1811 ms - 139[39m [90m[39m
[38;5;71m[4f547ef4][0m[38;5;86m[HTTP][0m [37m-->[39m [37mGET[39m [37m/wd/hub/session/4f547ef4-90f5-4c54-bfdd-93564365081d/element/00000000-0000-0788-ffff-ffff0000046b/rect[39m [90m{}[39m
[38;5;71m[4f547ef4][0m[38;5;-81m[AndroidUiautomator2Driver@d899][0m Driver proxy active, passing request on via HTTP proxy
[38;5;71m[4f547ef4][0m[38;5;-81m[AndroidUiautomator2Driver@d899][0m Replacing sessionId 162dd359-3253-4297-9e79-4f1c4cf649a4 with 4f547ef4-90f5-4c54-bfdd-93564365081d
[38;5;71m[4f547ef4][0m[38;5;86m[HTTP][0m [37m<-- GET /wd/hub/session/4f547ef4-90f5-4c54-bfdd-93564365081d/element/00000000-0000-0788-ffff-ffff0000046b/rect [39m[32m200[39m [90m31 ms - 101[39m [90m[39m
[38;5;71m[4f547ef4][0m[38;5;86m[HTTP][0m [37m-->[39m [37mPOST[39m [37m/wd/hub/session/4f547ef4-90f5-4c54-bfdd-93564365081d/timeouts[39m [90m{"implicit":40000}[39m
[38;5;71m[4f547ef4][0m[38;5;86m[HTTP][0m [37m<-- POST /wd/hub/session/4f547ef4-90f5-4c54-bfdd-93564365081d/timeouts [39m[32m200[39m [90m1 ms - 14[39m [90m[39m
[38;5;71m[4f547ef4][0m[38;5;86m[HTTP][0m [37m-->[39m [37mPOST[39m [37m/wd/hub/session/4f547ef4-90f5-4c54-bfdd-93564365081d/element/00000000-0000-0788-ffff-ffff0000046b/click[39m [90m{"id":"00000000-0000-0788-ffff-ffff0000046b"}[39m
[38;5;71m[4f547ef4][0m[38;5;86m[HTTP][0m [37m<-- POST /wd/hub/session/4f547ef4-90f5-4c54-bfdd-93564365081d/element/00000000-0000-0788-ffff-ffff0000046b/click [39m[32m200[39m [90m70 ms - 14[39m [90m[39m
[38;5;71m[4f547ef4][0m[38;5;86m[HTTP][0m [37m-->[39m [37mPOST[39m [37m/wd/hub/session/4f547ef4-90f5-4c54-bfdd-93564365081d/timeouts[39m [90m{"implicit":50}[39m
[38;5;71m[4f547ef4][0m[38;5;86m[HTTP][0m [37m<-- POST /wd/hub/session/4f547ef4-90f5-4c54-bfdd-93564365081d/timeouts [39m[32m200[39m [90m1 ms - 14[39m [90m[39m
[38;5;71m[4f547ef4][0m[38;5;86m[HTTP][0m [37m-->[39m [37mGET[39m [37m/wd/hub/session/4f547ef4-90f5-4c54-bfdd-93564365081d/window/rect[39m [90m{}[39m
[38;5;71m[4f547ef4][0m[38;5;86m[HTTP][0m [37m<-- GET /wd/hub/session/4f547ef4-90f5-4c54-bfdd-93564365081d/window/rect [39m[32m200[39m [90m26 ms - 49[39m [90m[39m
[38;5;71m[4f547ef4][0m[38;5;86m[HTTP][0m [37m-->[39m [37mPOST[39m [37m/wd/hub/session/4f547ef4-90f5-4c54-bfdd-93564365081d/elements[39m [90m{"value":"//*[@class = 'android.widget.ImageView' and (@text = '' or . = '')]","using":"xpath"}[39m
[38;5;71m[4f547ef4][0m[38;5;86m[HTTP][0m [37m<-- POST /wd/hub/session/4f547ef4-90f5-4c54-bfdd-93564365081d/elements [39m[32m200[39m [90m374 ms - 1291[39m [90m[39m
[38;5;71m[4f547ef4][0m[38;5;86m[HTTP][0m [37m-->[39m [37mGET[39m [37m/wd/hub/session/4f547ef4-90f5-4c54-bfdd-93564365081d/element/00000000-0000-0788-ffff-ffff00000455/rect[39m [90m{}[39m
[38;5;71m[4f547ef4][0m[38;5;-81m[AndroidUiautomator2Driver@d899][0m Driver proxy active, passing request on via HTTP proxy
[38;5;71m[4f547ef4][0m[38;5;-81m[AndroidUiautomator2Driver@d899][0m Replacing sessionId 162dd359-3253-4297-9e79-4f1c4cf649a4 with 4f547ef4-90f5-4c54-bfdd-93564365081d
[38;5;71m[4f547ef4][0m[38;5;86m[HTTP][0m [37m<-- GET /wd/hub/session/4f547ef4-90f5-4c54-bfdd-93564365081d/element/00000000-0000-0788-ffff-ffff00000455/rect [39m[32m200[39m [90m931 ms - 99[39m [90m[39m
[38;5;71m[4f547ef4][0m[38;5;86m[HTTP][0m [37m-->[39m [37mPOST[39m [37m/wd/hub/session/4f547ef4-90f5-4c54-bfdd-93564365081d/timeouts[39m [90m{"implicit":40000}[39m
[38;5;71m[4f547ef4][0m[38;5;86m[HTTP][0m [37m<-- POST /wd/hub/session/4f547ef4-90f5-4c54-bfdd-93564365081d/timeouts [39m[32m200[39m [90m1 ms - 14[39m [90m[39m
[38;5;71m[4f547ef4][0m[38;5;86m[HTTP][0m [37m-->[39m [37mPOST[39m [37m/wd/hub/session/4f547ef4-90f5-4c54-bfdd-93564365081d/element/00000000-0000-0788-ffff-ffff00000455/click[39m [90m{"id":"00000000-0000-0788-ffff-ffff00000455"}[39m
[38;5;71m[4f547ef4][0m[38;5;86m[HTTP][0m [37m<-- POST /wd/hub/session/4f547ef4-90f5-4c54-bfdd-93564365081d/element/00000000-0000-0788-ffff-ffff00000455/click [39m[32m200[39m [90m85 ms - 14[39m [90m[39m
[38;5;71m[4f547ef4][0m[38;5;86m[HTTP][0m [37m-->[39m [37mPOST[39m [37m/wd/hub/session/4f547ef4-90f5-4c54-bfdd-93564365081d/timeouts[39m [90m{"implicit":50}[39m
[38;5;71m[4f547ef4][0m[38;5;86m[HTTP][0m [37m<-- POST /wd/hub/session/4f547ef4-90f5-4c54-bfdd-93564365081d/timeouts [39m[32m200[39m [90m1 ms - 14[39m [90m[39m
[38;5;71m[4f547ef4][0m[38;5;86m[HTTP][0m [37m-->[39m [37mGET[39m [37m/wd/hub/session/4f547ef4-90f5-4c54-bfdd-93564365081d/window/rect[39m [90m{}[39m
[38;5;71m[4f547ef4][0m[38;5;86m[HTTP][0m [37m<-- GET /wd/hub/session/4f547ef4-90f5-4c54-bfdd-93564365081d/window/rect [39m[32m200[39m [90m28 ms - 49[39m [90m[39m
[38;5;71m[4f547ef4][0m[38;5;86m[HTTP][0m [37m-->[39m [37mPOST[39m [37m/wd/hub/session/4f547ef4-90f5-4c54-bfdd-93564365081d/elements[39m [90m{"value":"//*[@class = 'android.widget.TextView' and (@text = 'Handicapped Bathrooms' or . = 'Handicapped Bathrooms')]","using":"xpath"}[39m
[38;5;71m[4f547ef4][0m[38;5;86m[HTTP][0m [37m<-- POST /wd/hub/session/4f547ef4-90f5-4c54-bfdd-93564365081d/elements [39m[32m200[39m [90m942 ms - 139[39m [90m[39m
[38;5;71m[4f547ef4][0m[38;5;86m[HTTP][0m [37m-->[39m [37mGET[39m [37m/wd/hub/session/4f547ef4-90f5-4c54-bfdd-93564365081d/element/00000000-0000-0788-ffff-ffff0000046f/rect[39m [90m{}[39m
[38;5;71m[4f547ef4][0m[38;5;-81m[AndroidUiautomator2Driver@d899][0m Driver proxy active, passing request on via HTTP proxy
[38;5;71m[4f547ef4][0m[38;5;-81m[AndroidUiautomator2Driver@d899][0m Replacing sessionId 162dd359-3253-4297-9e79-4f1c4cf649a4 with 4f547ef4-90f5-4c54-bfdd-93564365081d
[38;5;71m[4f547ef4][0m[38;5;86m[HTTP][0m [37m<-- GET /wd/hub/session/4f547ef4-90f5-4c54-bfdd-93564365081d/element/00000000-0000-0788-ffff-ffff0000046f/rect [39m[32m200[39m [90m182 ms - 102[39m [90m[39m
[38;5;71m[4f547ef4][0m[38;5;86m[HTTP][0m [37m-->[39m [37mPOST[39m [37m/wd/hub/session/4f547ef4-90f5-4c54-bfdd-93564365081d/timeouts[39m [90m{"implicit":40000}[39m
[38;5;71m[4f547ef4][0m[38;5;86m[HTTP][0m [37m<-- POST /wd/hub/session/4f547ef4-90f5-4c54-bfdd-93564365081d/timeouts [39m[32m200[39m [90m1 ms - 14[39m [90m[39m
[38;5;71m[4f547ef4][0m[38;5;86m[HTTP][0m [37m-->[39m [37mPOST[39m [37m/wd/hub/session/4f547ef4-90f5-4c54-bfdd-93564365081d/element/00000000-0000-0788-ffff-ffff0000046f/click[39m [90m{"id":"00000000-0000-0788-ffff-ffff0000046f"}[39m
[38;5;71m[4f547ef4][0m[38;5;86m[HTTP][0m [37m<-- POST /wd/hub/session/4f547ef4-90f5-4c54-bfdd-93564365081d/element/00000000-0000-0788-ffff-ffff0000046f/click [39m[32m200[39m [90m116 ms - 14[39m [90m[39m
[38;5;71m[4f547ef4][0m[38;5;86m[HTTP][0m [37m-->[39m [37mPOST[39m [37m/wd/hub/session/4f547ef4-90f5-4c54-bfdd-93564365081d/timeouts[39m [90m{"implicit":50}[39m
[38;5;71m[4f547ef4][0m[38;5;86m[HTTP][0m [37m<-- POST /wd/hub/session/4f547ef4-90f5-4c54-bfdd-93564365081d/timeouts [39m[32m200[39m [90m1 ms - 14[39m [90m[39m
[38;5;71m[4f547ef4][0m[38;5;86m[HTTP][0m [37m-->[39m [37mGET[39m [37m/wd/hub/session/4f547ef4-90f5-4c54-bfdd-93564365081d/window/rect[39m [90m{}[39m
[38;5;71m[4f547ef4][0m[38;5;86m[HTTP][0m [37m<-- GET /wd/hub/session/4f547ef4-90f5-4c54-bfdd-93564365081d/window/rect [39m[32m200[39m [90m22 ms - 49[39m [90m[39m
[38;5;71m[4f547ef4][0m[38;5;86m[HTTP][0m [37m-->[39m [37mPOST[39m [37m/wd/hub/session/4f547ef4-90f5-4c54-bfdd-93564365081d/elements[39m [90m{"value":"//*[@class = 'android.widget.ImageView' and (@text = '' or . = '')]","using":"xpath"}[39m
[38;5;71m[4f547ef4][0m[38;5;86m[HTTP][0m [37m<-- POST /wd/hub/session/4f547ef4-90f5-4c54-bfdd-93564365081d/elements [39m[32m200[39m [90m328 ms - 1291[39m [90m[39m
[38;5;71m[4f547ef4][0m[38;5;86m[HTTP][0m [37m-->[39m [37mGET[39m [37m/wd/hub/session/4f547ef4-90f5-4c54-bfdd-93564365081d/element/00000000-0000-0788-ffff-ffff00000455/rect[39m [90m{}[39m
[38;5;71m[4f547ef4][0m[38;5;-81m[AndroidUiautomator2Driver@d899][0m Driver proxy active, passing request on via HTTP proxy
[38;5;71m[4f547ef4][0m[38;5;-81m[AndroidUiautomator2Driver@d899][0m Replacing sessionId 162dd359-3253-4297-9e79-4f1c4cf649a4 with 4f547ef4-90f5-4c54-bfdd-93564365081d
[38;5;71m[4f547ef4][0m[38;5;86m[HTTP][0m [37m<-- GET /wd/hub/session/4f547ef4-90f5-4c54-bfdd-93564365081d/element/00000000-0000-0788-ffff-ffff00000455/rect [39m[32m200[39m [90m1018 ms - 99[39m [90m[39m
[38;5;71m[4f547ef4][0m[38;5;86m[HTTP][0m [37m-->[39m [37mPOST[39m [37m/wd/hub/session/4f547ef4-90f5-4c54-bfdd-93564365081d/timeouts[39m [90m{"implicit":40000}[39m
[38;5;71m[4f547ef4][0m[38;5;86m[HTTP][0m [37m<-- POST /wd/hub/session/4f547ef4-90f5-4c54-bfdd-93564365081d/timeouts [39m[32m200[39m [90m1 ms - 14[39m [90m[39m
[38;5;71m[4f547ef4][0m[38;5;86m[HTTP][0m [37m-->[39m [37mPOST[39m [37m/wd/hub/session/4f547ef4-90f5-4c54-bfdd-93564365081d/element/00000000-0000-0788-ffff-ffff00000455/click[39m [90m{"id":"00000000-0000-0788-ffff-ffff00000455"}[39m
[38;5;71m[4f547ef4][0m[38;5;86m[HTTP][0m [37m<-- POST /wd/hub/session/4f547ef4-90f5-4c54-bfdd-93564365081d/element/00000000-0000-0788-ffff-ffff00000455/click [39m[32m200[39m [90m90 ms - 14[39m [90m[39m
[38;5;71m[4f547ef4][0m[38;5;86m[HTTP][0m [37m-->[39m [37mPOST[39m [37m/wd/hub/session/4f547ef4-90f5-4c54-bfdd-93564365081d/timeouts[39m [90m{"implicit":50}[39m
[38;5;71m[4f547ef4][0m[38;5;86m[HTTP][0m [37m<-- POST /wd/hub/session/4f547ef4-90f5-4c54-bfdd-93564365081d/timeouts [39m[32m200[39m [90m1 ms - 14[39m [90m[39m
[38;5;71m[4f547ef4][0m[38;5;86m[HTTP][0m [37m-->[39m [37mGET[39m [37m/wd/hub/session/4f547ef4-90f5-4c54-bfdd-93564365081d/window/rect[39m [90m{}[39m
[38;5;71m[4f547ef4][0m[38;5;86m[HTTP][0m [37m<-- GET /wd/hub/session/4f547ef4-90f5-4c54-bfdd-93564365081d/window/rect [39m[32m200[39m [90m27 ms - 49[39m [90m[39m
[38;5;71m[4f547ef4][0m[38;5;86m[HTTP][0m [37m-->[39m [37mPOST[39m [37m/wd/hub/session/4f547ef4-90f5-4c54-bfdd-93564365081d/elements[39m [90m{"value":"//*[@class = 'android.widget.TextView' and (@text = concat(\"Parent\" , \"'\" , \"s rooms\") or . = concat(\"Parent\" , \"'\" , \"s rooms\"))]","using":"xpath"}[39m
[38;5;71m[4f547ef4][0m[38;5;86m[HTTP][0m [37m<-- POST /wd/hub/session/4f547ef4-90f5-4c54-bfdd-93564365081d/elements [39m[32m200[39m [90m1038 ms - 139[39m [90m[39m
[38;5;71m[4f547ef4][0m[38;5;86m[HTTP][0m [37m-->[39m [37mGET[39m [37m/wd/hub/session/4f547ef4-90f5-4c54-bfdd-93564365081d/element/00000000-0000-0788-ffff-ffff00000473/rect[39m [90m{}[39m
[38;5;71m[4f547ef4][0m[38;5;-81m[AndroidUiautomator2Driver@d899][0m Driver proxy active, passing request on via HTTP proxy
[38;5;71m[4f547ef4][0m[38;5;-81m[AndroidUiautomator2Driver@d899][0m Replacing sessionId 162dd359-3253-4297-9e79-4f1c4cf649a4 with 4f547ef4-90f5-4c54-bfdd-93564365081d
[38;5;71m[4f547ef4][0m[38;5;86m[HTTP][0m [37m<-- GET /wd/hub/session/4f547ef4-90f5-4c54-bfdd-93564365081d/element/00000000-0000-0788-ffff-ffff00000473/rect [39m[32m200[39m [90m119 ms - 102[39m [90m[39m
[38;5;71m[4f547ef4][0m[38;5;86m[HTTP][0m [37m-->[39m [37mPOST[39m [37m/wd/hub/session/4f547ef4-90f5-4c54-bfdd-93564365081d/timeouts[39m [90m{"implicit":40000}[39m
[38;5;71m[4f547ef4][0m[38;5;86m[HTTP][0m [37m<-- POST /wd/hub/session/4f547ef4-90f5-4c54-bfdd-93564365081d/timeouts [39m[32m200[39m [90m1 ms - 14[39m [90m[39m
[38;5;71m[4f547ef4][0m[38;5;86m[HTTP][0m [37m-->[39m [37mPOST[39m [37m/wd/hub/session/4f547ef4-90f5-4c54-bfdd-93564365081d/element/00000000-0000-0788-ffff-ffff00000473/click[39m [90m{"id":"00000000-0000-0788-ffff-ffff00000473"}[39m
[38;5;71m[4f547ef4][0m[38;5;86m[HTTP][0m [37m<-- POST /wd/hub/session/4f547ef4-90f5-4c54-bfdd-93564365081d/element/00000000-0000-0788-ffff-ffff00000473/click [39m[32m200[39m [90m75 ms - 14[39m [90m[39m
[38;5;71m[4f547ef4][0m[38;5;86m[HTTP][0m [37m-->[39m [37mPOST[39m [37m/wd/hub/session/4f547ef4-90f5-4c54-bfdd-93564365081d/timeouts[39m [90m{"implicit":50}[39m
[38;5;71m[4f547ef4][0m[38;5;86m[HTTP][0m [37m<-- POST /wd/hub/session/4f547ef4-90f5-4c54-bfdd-93564365081d/timeouts [39m[32m200[39m [90m1 ms - 14[39m [90m[39m
[38;5;71m[4f547ef4][0m[38;5;86m[HTTP][0m [37m-->[39m [37mGET[39m [37m/wd/hub/session/4f547ef4-90f5-4c54-bfdd-93564365081d/window/rect[39m [90m{}[39m
[38;5;71m[4f547ef4][0m[38;5;86m[HTTP][0m [37m<-- GET /wd/hub/session/4f547ef4-90f5-4c54-bfdd-93564365081d/window/rect [39m[32m200[39m [90m28 ms - 49[39m [90m[39m
[38;5;71m[4f547ef4][0m[38;5;86m[HTTP][0m [37m-->[39m [37mPOST[39m [37m/wd/hub/session/4f547ef4-90f5-4c54-bfdd-93564365081d/elements[39m [90m{"value":"//*[@class = 'android.widget.ImageView' and (@text = '' or . = '')]","using":"xpath"}[39m
[38;5;71m[4f547ef4][0m[38;5;86m[HTTP][0m [37m<-- POST /wd/hub/session/4f547ef4-90f5-4c54-bfdd-93564365081d/elements [39m[32m200[39m [90m388 ms - 1291[39m [90m[39m
[38;5;71m[4f547ef4][0m[38;5;86m[HTTP][0m [37m-->[39m [37mGET[39m [37m/wd/hub/session/4f547ef4-90f5-4c54-bfdd-93564365081d/element/00000000-0000-0788-ffff-ffff00000455/rect[39m [90m{}[39m
[38;5;71m[4f547ef4][0m[38;5;-81m[AndroidUiautomator2Driver@d899][0m Driver proxy active, passing request on via HTTP proxy
[38;5;71m[4f547ef4][0m[38;5;-81m[AndroidUiautomator2Driver@d899][0m Replacing sessionId 162dd359-3253-4297-9e79-4f1c4cf649a4 with 4f547ef4-90f5-4c54-bfdd-93564365081d
[38;5;71m[4f547ef4][0m[38;5;86m[HTTP][0m [37m<-- GET /wd/hub/session/4f547ef4-90f5-4c54-bfdd-93564365081d/element/00000000-0000-0788-ffff-ffff00000455/rect [39m[32m200[39m [90m920 ms - 99[39m [90m[39m
[38;5;71m[4f547ef4][0m[38;5;86m[HTTP][0m [37m-->[39m [37mPOST[39m [37m/wd/hub/session/4f547ef4-90f5-4c54-bfdd-93564365081d/timeouts[39m [90m{"implicit":40000}[39m
[38;5;71m[4f547ef4][0m[38;5;86m[HTTP][0m [37m<-- POST /wd/hub/session/4f547ef4-90f5-4c54-bfdd-93564365081d/timeouts [39m[32m200[39m [90m1 ms - 14[39m [90m[39m
[38;5;71m[4f547ef4][0m[38;5;86m[HTTP][0m [37m-->[39m [37mPOST[39m [37m/wd/hub/session/4f547ef4-90f5-4c54-bfdd-93564365081d/element/00000000-0000-0788-ffff-ffff00000455/click[39m [90m{"id":"00000000-0000-0788-ffff-ffff00000455"}[39m
[38;5;71m[4f547ef4][0m[38;5;86m[HTTP][0m [37m<-- POST /wd/hub/session/4f547ef4-90f5-4c54-bfdd-93564365081d/element/00000000-0000-0788-ffff-ffff00000455/click [39m[32m200[39m [90m73 ms - 14[39m [90m[39m
[38;5;71m[4f547ef4][0m[38;5;86m[HTTP][0m [37m-->[39m [37mPOST[39m [37m/wd/hub/session/4f547ef4-90f5-4c54-bfdd-93564365081d/timeouts[39m [90m{"implicit":50}[39m
[38;5;71m[4f547ef4][0m[38;5;86m[HTTP][0m [37m<-- POST /wd/hub/session/4f547ef4-90f5-4c54-bfdd-93564365081d/timeouts [39m[32m200[39m [90m1 ms - 14[39m [90m[39m
[38;5;71m[4f547ef4][0m[38;5;86m[HTTP][0m [37m-->[39m [37mGET[39m [37m/wd/hub/session/4f547ef4-90f5-4c54-bfdd-93564365081d/window/rect[39m [90m{}[39m
[38;5;71m[4f547ef4][0m[38;5;86m[HTTP][0m [37m<-- GET /wd/hub/session/4f547ef4-90f5-4c54-bfdd-93564365081d/window/rect [39m[32m200[39m [90m27 ms - 49[39m [90m[39m
[38;5;71m[4f547ef4][0m[38;5;86m[HTTP][0m [37m-->[39m [37mPOST[39m [37m/wd/hub/session/4f547ef4-90f5-4c54-bfdd-93564365081d/elements[39m [90m{"value":"//*[@class = 'android.widget.TextView' and (@text = 'Surau' or . = 'Surau')]","using":"xpath"}[39m
[38;5;71m[4f547ef4][0m[38;5;86m[HTTP][0m [37m<-- POST /wd/hub/session/4f547ef4-90f5-4c54-bfdd-93564365081d/elements [39m[32m200[39m [90m865 ms - 12[39m [90m[39m
[38;5;71m[4f547ef4][0m[38;5;86m[HTTP][0m [37m-->[39m [37mPOST[39m [37m/wd/hub/session/4f547ef4-90f5-4c54-bfdd-93564365081d/elements[39m [90m{"value":"//*[@class = 'android.widget.TextView' and (@text = 'Surau' or . = 'Surau')]","using":"xpath"}[39m
[38;5;71m[4f547ef4][0m[38;5;86m[HTTP][0m [37m<-- POST /wd/hub/session/4f547ef4-90f5-4c54-bfdd-93564365081d/elements [39m[32m200[39m [90m528 ms - 139[39m [90m[39m
[38;5;71m[4f547ef4][0m[38;5;86m[HTTP][0m [37m-->[39m [37mGET[39m [37m/wd/hub/session/4f547ef4-90f5-4c54-bfdd-93564365081d/element/00000000-0000-0788-ffff-ffff00000478/rect[39m [90m{}[39m
[38;5;71m[4f547ef4][0m[38;5;-81m[AndroidUiautomator2Driver@d899][0m Driver proxy active, passing request on via HTTP proxy
[38;5;71m[4f547ef4][0m[38;5;-81m[AndroidUiautomator2Driver@d899][0m Replacing sessionId 162dd359-3253-4297-9e79-4f1c4cf649a4 with 4f547ef4-90f5-4c54-bfdd-93564365081d
[38;5;71m[4f547ef4][0m[38;5;86m[HTTP][0m [37m<-- GET /wd/hub/session/4f547ef4-90f5-4c54-bfdd-93564365081d/element/00000000-0000-0788-ffff-ffff00000478/rect [39m[32m200[39m [90m27 ms - 100[39m [90m[39m
[38;5;71m[4f547ef4][0m[38;5;86m[HTTP][0m [37m-->[39m [37mPOST[39m [37m/wd/hub/session/4f547ef4-90f5-4c54-bfdd-93564365081d/timeouts[39m [90m{"implicit":40000}[39m
[38;5;71m[4f547ef4][0m[38;5;86m[HTTP][0m [37m<-- POST /wd/hub/session/4f547ef4-90f5-4c54-bfdd-93564365081d/timeouts [39m[32m200[39m [90m1 ms - 14[39m [90m[39m
[38;5;71m[4f547ef4][0m[38;5;86m[HTTP][0m [37m-->[39m [37mPOST[39m [37m/wd/hub/session/4f547ef4-90f5-4c54-bfdd-93564365081d/element/00000000-0000-0788-ffff-ffff00000478/click[39m [90m{"id":"00000000-0000-0788-ffff-ffff00000478"}[39m
[38;5;71m[4f547ef4][0m[38;5;86m[HTTP][0m [37m<-- POST /wd/hub/session/4f547ef4-90f5-4c54-bfdd-93564365081d/element/00000000-0000-0788-ffff-ffff00000478/click [39m[32m200[39m [90m88 ms - 14[39m [90m[39m
[38;5;71m[4f547ef4][0m[38;5;86m[HTTP][0m [37m-->[39m [37mPOST[39m [37m/wd/hub/session/4f547ef4-90f5-4c54-bfdd-93564365081d/timeouts[39m [90m{"implicit":50}[39m
[38;5;71m[4f547ef4][0m[38;5;86m[HTTP][0m [37m<-- POST /wd/hub/session/4f547ef4-90f5-4c54-bfdd-93564365081d/timeouts [39m[32m200[39m [90m1 ms - 14[39m [90m[39m
[38;5;71m[4f547ef4][0m[38;5;86m[HTTP][0m [37m-->[39m [37mGET[39m [37m/wd/hub/session/4f547ef4-90f5-4c54-bfdd-93564365081d/window/rect[39m [90m{}[39m
[38;5;71m[4f547ef4][0m[38;5;86m[HTTP][0m [37m<-- GET /wd/hub/session/4f547ef4-90f5-4c54-bfdd-93564365081d/window/rect [39m[32m200[39m [90m23 ms - 49[39m [90m[39m
[38;5;71m[4f547ef4][0m[38;5;86m[HTTP][0m [37m-->[39m [37mPOST[39m [37m/wd/hub/session/4f547ef4-90f5-4c54-bfdd-93564365081d/elements[39m [90m{"value":"//*[@class = 'android.widget.ImageView' and (@text = '' or . = '')]","using":"xpath"}[39m
[38;5;71m[4f547ef4][0m[38;5;86m[HTTP][0m [37m<-- POST /wd/hub/session/4f547ef4-90f5-4c54-bfdd-93564365081d/elements [39m[32m200[39m [90m303 ms - 1291[39m [90m[39m
[38;5;71m[4f547ef4][0m[38;5;86m[HTTP][0m [37m-->[39m [37mGET[39m [37m/wd/hub/session/4f547ef4-90f5-4c54-bfdd-93564365081d/element/00000000-0000-0788-ffff-ffff00000455/rect[39m [90m{}[39m
[38;5;71m[4f547ef4][0m[38;5;-81m[AndroidUiautomator2Driver@d899][0m Driver proxy active, passing request on via HTTP proxy
[38;5;71m[4f547ef4][0m[38;5;-81m[AndroidUiautomator2Driver@d899][0m Replacing sessionId 162dd359-3253-4297-9e79-4f1c4cf649a4 with 4f547ef4-90f5-4c54-bfdd-93564365081d
[38;5;71m[4f547ef4][0m[38;5;86m[HTTP][0m [37m<-- GET /wd/hub/session/4f547ef4-90f5-4c54-bfdd-93564365081d/element/00000000-0000-0788-ffff-ffff00000455/rect [39m[32m200[39m [90m993 ms - 99[39m [90m[39m
[38;5;71m[4f547ef4][0m[38;5;86m[HTTP][0m [37m-->[39m [37mPOST[39m [37m/wd/hub/session/4f547ef4-90f5-4c54-bfdd-93564365081d/timeouts[39m [90m{"implicit":40000}[39m
[38;5;71m[4f547ef4][0m[38;5;86m[HTTP][0m [37m<-- POST /wd/hub/session/4f547ef4-90f5-4c54-bfdd-93564365081d/timeouts [39m[32m200[39m [90m1 ms - 14[39m [90m[39m
[38;5;71m[4f547ef4][0m[38;5;86m[HTTP][0m [37m-->[39m [37mPOST[39m [37m/wd/hub/session/4f547ef4-90f5-4c54-bfdd-93564365081d/element/00000000-0000-0788-ffff-ffff00000455/click[39m [90m{"id":"00000000-0000-0788-ffff-ffff00000455"}[39m
[38;5;71m[4f547ef4][0m[38;5;86m[HTTP][0m [37m<-- POST /wd/hub/session/4f547ef4-90f5-4c54-bfdd-93564365081d/element/00000000-0000-0788-ffff-ffff00000455/click [39m[32m200[39m [90m75 ms - 14[39m [90m[39m
[38;5;71m[4f547ef4][0m[38;5;86m[HTTP][0m [37m-->[39m [37mPOST[39m [37m/wd/hub/session/4f547ef4-90f5-4c54-bfdd-93564365081d/timeouts[39m [90m{"implicit":50}[39m
[38;5;71m[4f547ef4][0m[38;5;86m[HTTP][0m [37m<-- POST /wd/hub/session/4f547ef4-90f5-4c54-bfdd-93564365081d/timeouts [39m[32m200[39m [90m1 ms - 14[39m [90m[39m
[38;5;71m[4f547ef4][0m[38;5;86m[HTTP][0m [37m-->[39m [37mGET[39m [37m/wd/hub/session/4f547ef4-90f5-4c54-bfdd-93564365081d/window/rect[39m [90m{}[39m
[38;5;71m[4f547ef4][0m[38;5;86m[HTTP][0m [37m<-- GET /wd/hub/session/4f547ef4-90f5-4c54-bfdd-93564365081d/window/rect [39m[32m200[39m [90m30 ms - 49[39m [90m[39m
[38;5;71m[4f547ef4][0m[38;5;86m[HTTP][0m [37m-->[39m [37mPOST[39m [37m/wd/hub/session/4f547ef4-90f5-4c54-bfdd-93564365081d/elements[39m [90m{"value":"//*[@class = 'android.widget.TextView' and (@text = 'Wheel Chairs' or . = 'Wheel Chairs')]","using":"xpath"}[39m
[38;5;71m[4f547ef4][0m[38;5;86m[HTTP][0m [37m<-- POST /wd/hub/session/4f547ef4-90f5-4c54-bfdd-93564365081d/elements [39m[32m200[39m [90m917 ms - 139[39m [90m[39m
[38;5;71m[4f547ef4][0m[38;5;86m[HTTP][0m [37m-->[39m [37mGET[39m [37m/wd/hub/session/4f547ef4-90f5-4c54-bfdd-93564365081d/element/00000000-0000-0788-ffff-ffff0000047c/rect[39m [90m{}[39m
[38;5;71m[4f547ef4][0m[38;5;-81m[AndroidUiautomator2Driver@d899][0m Driver proxy active, passing request on via HTTP proxy
[38;5;71m[4f547ef4][0m[38;5;-81m[AndroidUiautomator2Driver@d899][0m Replacing sessionId 162dd359-3253-4297-9e79-4f1c4cf649a4 with 4f547ef4-90f5-4c54-bfdd-93564365081d
[38;5;71m[4f547ef4][0m[38;5;86m[HTTP][0m [37m<-- GET /wd/hub/session/4f547ef4-90f5-4c54-bfdd-93564365081d/element/00000000-0000-0788-ffff-ffff0000047c/rect [39m[32m200[39m [90m222 ms - 102[39m [90m[39m
[38;5;71m[4f547ef4][0m[38;5;86m[HTTP][0m [37m-->[39m [37mPOST[39m [37m/wd/hub/session/4f547ef4-90f5-4c54-bfdd-93564365081d/timeouts[39m [90m{"implicit":40000}[39m
[38;5;71m[4f547ef4][0m[38;5;86m[HTTP][0m [37m<-- POST /wd/hub/session/4f547ef4-90f5-4c54-bfdd-93564365081d/timeouts [39m[32m200[39m [90m1 ms - 14[39m [90m[39m
[38;5;71m[4f547ef4][0m[38;5;86m[HTTP][0m [37m-->[39m [37mPOST[39m [37m/wd/hub/session/4f547ef4-90f5-4c54-bfdd-93564365081d/element/00000000-0000-0788-ffff-ffff0000047c/click[39m [90m{"id":"00000000-0000-0788-ffff-ffff0000047c"}[39m
[38;5;71m[4f547ef4][0m[38;5;86m[HTTP][0m [37m<-- POST /wd/hub/session/4f547ef4-90f5-4c54-bfdd-93564365081d/element/00000000-0000-0788-ffff-ffff0000047c/click [39m[32m200[39m [90m85 ms - 14[39m [90m[39m
[38;5;71m[4f547ef4][0m[38;5;86m[HTTP][0m [37m-->[39m [37mPOST[39m [37m/wd/hub/session/4f547ef4-90f5-4c54-bfdd-93564365081d/timeouts[39m [90m{"implicit":50}[39m
[38;5;71m[4f547ef4][0m[38;5;86m[HTTP][0m [37m<-- POST /wd/hub/session/4f547ef4-90f5-4c54-bfdd-93564365081d/timeouts [39m[32m200[39m [90m1 ms - 14[39m [90m[39m
[38;5;71m[4f547ef4][0m[38;5;86m[HTTP][0m [37m-->[39m [37mGET[39m [37m/wd/hub/session/4f547ef4-90f5-4c54-bfdd-93564365081d/window/rect[39m [90m{}[39m
[38;5;71m[4f547ef4][0m[38;5;86m[HTTP][0m [37m<-- GET /wd/hub/session/4f547ef4-90f5-4c54-bfdd-93564365081d/window/rect [39m[32m200[39m [90m19 ms - 49[39m [90m[39m
[38;5;71m[4f547ef4][0m[38;5;86m[HTTP][0m [37m-->[39m [37mPOST[39m [37m/wd/hub/session/4f547ef4-90f5-4c54-bfdd-93564365081d/elements[39m [90m{"value":"//*[@class = 'android.widget.ImageView' and (@text = '' or . = '')]","using":"xpath"}[39m
[38;5;71m[4f547ef4][0m[38;5;86m[HTTP][0m [37m<-- POST /wd/hub/session/4f547ef4-90f5-4c54-bfdd-93564365081d/elements [39m[32m200[39m [90m338 ms - 1291[39m [90m[39m
[38;5;71m[4f547ef4][0m[38;5;86m[HTTP][0m [37m-->[39m [37mGET[39m [37m/wd/hub/session/4f547ef4-90f5-4c54-bfdd-93564365081d/element/00000000-0000-0788-ffff-ffff00000455/rect[39m [90m{}[39m
[38;5;71m[4f547ef4][0m[38;5;-81m[AndroidUiautomator2Driver@d899][0m Driver proxy active, passing request on via HTTP proxy
[38;5;71m[4f547ef4][0m[38;5;-81m[AndroidUiautomator2Driver@d899][0m Replacing sessionId 162dd359-3253-4297-9e79-4f1c4cf649a4 with 4f547ef4-90f5-4c54-bfdd-93564365081d
[38;5;71m[4f547ef4][0m[38;5;86m[HTTP][0m [37m<-- GET /wd/hub/session/4f547ef4-90f5-4c54-bfdd-93564365081d/element/00000000-0000-0788-ffff-ffff00000455/rect [39m[32m200[39m [90m983 ms - 99[39m [90m[39m
[38;5;71m[4f547ef4][0m[38;5;86m[HTTP][0m [37m-->[39m [37mPOST[39m [37m/wd/hub/session/4f547ef4-90f5-4c54-bfdd-93564365081d/timeouts[39m [90m{"implicit":40000}[39m
[38;5;71m[4f547ef4][0m[38;5;86m[HTTP][0m [37m<-- POST /wd/hub/session/4f547ef4-90f5-4c54-bfdd-93564365081d/timeouts [39m[32m200[39m [90m1 ms - 14[39m [90m[39m
[38;5;71m[4f547ef4][0m[38;5;86m[HTTP][0m [37m-->[39m [37mPOST[39m [37m/wd/hub/session/4f547ef4-90f5-4c54-bfdd-93564365081d/element/00000000-0000-0788-ffff-ffff00000455/click[39m [90m{"id":"00000000-0000-0788-ffff-ffff00000455"}[39m
[38;5;71m[4f547ef4][0m[38;5;86m[HTTP][0m [37m<-- POST /wd/hub/session/4f547ef4-90f5-4c54-bfdd-93564365081d/element/00000000-0000-0788-ffff-ffff00000455/click [39m[32m200[39m [90m96 ms - 14[39m [90m[39m
[38;5;71m[4f547ef4][0m[38;5;86m[HTTP][0m [37m-->[39m [37mPOST[39m [37m/wd/hub/session/4f547ef4-90f5-4c54-bfdd-93564365081d/timeouts[39m [90m{"implicit":50}[39m
[38;5;71m[4f547ef4][0m[38;5;86m[HTTP][0m [37m<-- POST /wd/hub/session/4f547ef4-90f5-4c54-bfdd-93564365081d/timeouts [39m[32m200[39m [90m1 ms - 14[39m [90m[39m
[38;5;71m[4f547ef4][0m[38;5;86m[HTTP][0m [37m-->[39m [37mGET[39m [37m/wd/hub/session/4f547ef4-90f5-4c54-bfdd-93564365081d/window/rect[39m [90m{}[39m
[38;5;71m[4f547ef4][0m[38;5;86m[HTTP][0m [37m<-- GET /wd/hub/session/4f547ef4-90f5-4c54-bfdd-93564365081d/window/rect [39m[32m200[39m [90m26 ms - 49[39m [90m[39m
[38;5;71m[4f547ef4][0m[38;5;86m[HTTP][0m [37m-->[39m [37mPOST[39m [37m/wd/hub/session/4f547ef4-90f5-4c54-bfdd-93564365081d/elements[39m [90m{"value":"//*[@class = 'android.widget.TextView' and (@text = 'Transport' or . = 'Transport')]","using":"xpath"}[39m
[38;5;71m[4f547ef4][0m[38;5;86m[HTTP][0m [37m<-- POST /wd/hub/session/4f547ef4-90f5-4c54-bfdd-93564365081d/elements [39m[32m200[39m [90m920 ms - 395[39m [90m[39m
[38;5;71m[4f547ef4][0m[38;5;86m[HTTP][0m [37m-->[39m [37mGET[39m [37m/wd/hub/session/4f547ef4-90f5-4c54-bfdd-93564365081d/element/00000000-0000-0788-ffff-ffff00000466/rect[39m [90m{}[39m
[38;5;71m[4f547ef4][0m[38;5;-81m[AndroidUiautomator2Driver@d899][0m Driver proxy active, passing request on via HTTP proxy
[38;5;71m[4f547ef4][0m[38;5;-81m[AndroidUiautomator2Driver@d899][0m Replacing sessionId 162dd359-3253-4297-9e79-4f1c4cf649a4 with 4f547ef4-90f5-4c54-bfdd-93564365081d
[38;5;71m[4f547ef4][0m[38;5;86m[HTTP][0m [37m<-- GET /wd/hub/session/4f547ef4-90f5-4c54-bfdd-93564365081d/element/00000000-0000-0788-ffff-ffff00000466/rect [39m[32m200[39m [90m135 ms - 103[39m [90m[39m
[38;5;71m[4f547ef4][0m[38;5;86m[HTTP][0m [37m-->[39m [37mPOST[39m [37m/wd/hub/session/4f547ef4-90f5-4c54-bfdd-93564365081d/timeouts[39m [90m{"implicit":40000}[39m
[38;5;71m[4f547ef4][0m[38;5;86m[HTTP][0m [37m<-- POST /wd/hub/session/4f547ef4-90f5-4c54-bfdd-93564365081d/timeouts [39m[32m200[39m [90m1 ms - 14[39m [90m[39m
[38;5;71m[4f547ef4][0m[38;5;86m[HTTP][0m [37m-->[39m [37mPOST[39m [37m/wd/hub/session/4f547ef4-90f5-4c54-bfdd-93564365081d/element/00000000-0000-0788-ffff-ffff00000466/click[39m [90m{"id":"00000000-0000-0788-ffff-ffff00000466"}[39m
[38;5;71m[4f547ef4][0m[38;5;86m[HTTP][0m [37m<-- POST /wd/hub/session/4f547ef4-90f5-4c54-bfdd-93564365081d/element/00000000-0000-0788-ffff-ffff00000466/click [39m[32m200[39m [90m96 ms - 14[39m [90m[39m
[38;5;71m[4f547ef4][0m[38;5;86m[HTTP][0m [37m-->[39m [37mGET[39m [37m/wd/hub/session/4f547ef4-90f5-4c54-bfdd-93564365081d/context[39m [90m{}[39m
[38;5;71m[4f547ef4][0m[38;5;86m[HTTP][0m [37m<-- GET /wd/hub/session/4f547ef4-90f5-4c54-bfdd-93564365081d/context [39m[32m200[39m [90m1 ms - 22[39m [90m[39m
[38;5;71m[4f547ef4][0m[38;5;86m[HTTP][0m [37m-->[39m [37mGET[39m [37m/wd/hub/session/4f547ef4-90f5-4c54-bfdd-93564365081d/contexts[39m [90m{}[39m
[38;5;71m[4f547ef4][0m[38;5;86m[HTTP][0m [37m<-- GET /wd/hub/session/4f547ef4-90f5-4c54-bfdd-93564365081d/contexts [39m[32m200[39m [90m298 ms - 24[39m [90m[39m
[38;5;71m[4f547ef4][0m[38;5;86m[HTTP][0m [37m-->[39m [37mPOST[39m [37m/wd/hub/session/4f547ef4-90f5-4c54-bfdd-93564365081d/context[39m [90m{"name":"NATIVE_APP"}[39m
[38;5;71m[4f547ef4][0m[38;5;86m[HTTP][0m [37m<-- POST /wd/hub/session/4f547ef4-90f5-4c54-bfdd-93564365081d/context [39m[32m200[39m [90m1 ms - 14[39m [90m[39m
[38;5;71m[4f547ef4][0m[38;5;86m[HTTP][0m [37m-->[39m [37mGET[39m [37m/wd/hub/session/4f547ef4-90f5-4c54-bfdd-93564365081d/window/rect[39m [90m{}[39m
[38;5;71m[4f547ef4][0m[38;5;86m[HTTP][0m [37m<-- GET /wd/hub/session/4f547ef4-90f5-4c54-bfdd-93564365081d/window/rect [39m[32m200[39m [90m28 ms - 49[39m [90m[39m
[38;5;71m[4f547ef4][0m[38;5;86m[HTTP][0m [37m-->[39m [37mPOST[39m [37m/wd/hub/session/4f547ef4-90f5-4c54-bfdd-93564365081d/context[39m [90m{"name":"NATIVE_APP"}[39m
[38;5;71m[4f547ef4][0m[38;5;86m[HTTP][0m [37m<-- POST /wd/hub/session/4f547ef4-90f5-4c54-bfdd-93564365081d/context [39m[32m200[39m [90m1 ms - 14[39m [90m[39m
[38;5;71m[4f547ef4][0m[38;5;86m[HTTP][0m [37m-->[39m [37mGET[39m [37m/wd/hub/session/4f547ef4-90f5-4c54-bfdd-93564365081d/context[39m [90m{}[39m
[38;5;71m[4f547ef4][0m[38;5;86m[HTTP][0m [37m<-- GET /wd/hub/session/4f547ef4-90f5-4c54-bfdd-93564365081d/context [39m[32m200[39m [90m1 ms - 22[39m [90m[39m
[38;5;71m[4f547ef4][0m[38;5;86m[HTTP][0m [37m-->[39m [37mGET[39m [37m/wd/hub/session/4f547ef4-90f5-4c54-bfdd-93564365081d/contexts[39m [90m{}[39m
[38;5;71m[4f547ef4][0m[38;5;86m[HTTP][0m [37m<-- GET /wd/hub/session/4f547ef4-90f5-4c54-bfdd-93564365081d/contexts [39m[32m200[39m [90m282 ms - 24[39m [90m[39m
[38;5;71m[4f547ef4][0m[38;5;86m[HTTP][0m [37m-->[39m [37mPOST[39m [37m/wd/hub/session/4f547ef4-90f5-4c54-bfdd-93564365081d/context[39m [90m{"name":"NATIVE_APP"}[39m
[38;5;71m[4f547ef4][0m[38;5;86m[HTTP][0m [37m<-- POST /wd/hub/session/4f547ef4-90f5-4c54-bfdd-93564365081d/context [39m[32m200[39m [90m1 ms - 14[39m [90m[39m
[38;5;71m[4f547ef4][0m[38;5;86m[HTTP][0m [37m-->[39m [37mGET[39m [37m/wd/hub/session/4f547ef4-90f5-4c54-bfdd-93564365081d/window/rect[39m [90m{}[39m
[38;5;71m[4f547ef4][0m[38;5;86m[HTTP][0m [37m<-- GET /wd/hub/session/4f547ef4-90f5-4c54-bfdd-93564365081d/window/rect [39m[32m200[39m [90m27 ms - 49[39m [90m[39m
[38;5;71m[4f547ef4][0m[38;5;86m[HTTP][0m [37m-->[39m [37mPOST[39m [37m/wd/hub/session/4f547ef4-90f5-4c54-bfdd-93564365081d/context[39m [90m{"name":"NATIVE_APP"}[39m
[38;5;71m[4f547ef4][0m[38;5;86m[HTTP][0m [37m<-- POST /wd/hub/session/4f547ef4-90f5-4c54-bfdd-93564365081d/context [39m[32m200[39m [90m1 ms - 14[39m [90m[39m
[38;5;71m[4f547ef4][0m[38;5;86m[HTTP][0m [37m-->[39m [37mGET[39m [37m/wd/hub/session/4f547ef4-90f5-4c54-bfdd-93564365081d/context[39m [90m{}[39m
[38;5;71m[4f547ef4][0m[38;5;86m[HTTP][0m [37m<-- GET /wd/hub/session/4f547ef4-90f5-4c54-bfdd-93564365081d/context [39m[32m200[39m [90m1 ms - 22[39m [90m[39m
[38;5;71m[4f547ef4][0m[38;5;86m[HTTP][0m [37m-->[39m [37mGET[39m [37m/wd/hub/session/4f547ef4-90f5-4c54-bfdd-93564365081d/contexts[39m [90m{}[39m
[38;5;71m[4f547ef4][0m[38;5;86m[HTTP][0m [37m<-- GET /wd/hub/session/4f547ef4-90f5-4c54-bfdd-93564365081d/contexts [39m[32m200[39m [90m289 ms - 24[39m [90m[39m
[38;5;71m[4f547ef4][0m[38;5;86m[HTTP][0m [37m-->[39m [37mPOST[39m [37m/wd/hub/session/4f547ef4-90f5-4c54-bfdd-93564365081d/context[39m [90m{"name":"NATIVE_APP"}[39m
[38;5;71m[4f547ef4][0m[38;5;86m[HTTP][0m [37m<-- POST /wd/hub/session/4f547ef4-90f5-4c54-bfdd-93564365081d/context [39m[32m200[39m [90m1 ms - 14[39m [90m[39m
[38;5;71m[4f547ef4][0m[38;5;86m[HTTP][0m [37m-->[39m [37mPOST[39m [37m/wd/hub/session/4f547ef4-90f5-4c54-bfdd-93564365081d/actions[39m [90m{"actions":[{"id":"finger","type":"pointer","parameters":{"pointerType":"touch"},"actions":[{"duration":0,"type":"pause"},{"duration":0,"x":360,"y":1064,"type":"pointerMove","origin":"viewport"},{"button":0,"type":"pointerDown"},{"duration":50,"type":"pause"},{"duration":500,"x":360,"y":456,"type":"pointerMove","origin":"viewport"},{"button":0,"type":"pointerUp"}]}]}[39m
[38;5;71m[4f547ef4][0m[38;5;86m[HTTP][0m [37m<-- POST /wd/hub/session/4f547ef4-90f5-4c54-bfdd-93564365081d/actions [39m[32m200[39m [90m914 ms - 14[39m [90m[39m
[38;5;71m[4f547ef4][0m[38;5;86m[HTTP][0m [37m-->[39m [37mPOST[39m [37m/wd/hub/session/4f547ef4-90f5-4c54-bfdd-93564365081d/context[39m [90m{"name":"NATIVE_APP"}[39m
[38;5;71m[4f547ef4][0m[38;5;86m[HTTP][0m [37m<-- POST /wd/hub/session/4f547ef4-90f5-4c54-bfdd-93564365081d/context [39m[32m200[39m [90m1 ms - 14[39m [90m[39m
[38;5;71m[4f547ef4][0m[38;5;86m[HTTP][0m [37m-->[39m [37mDELETE[39m [37m/wd/hub/session/4f547ef4-90f5-4c54-bfdd-93564365081d[39m [90m{}[39m
[38;5;71m[4f547ef4][0m[38;5;168m[AppiumDriver@2e67][0m Removing session 4f547ef4-90f5-4c54-bfdd-93564365081d from our master session list
[38;5;71m[4f547ef4][0m[38;5;-81m[AndroidUiautomator2Driver@d899][0m Restoring hidden api policy to the device default configuration
[38;5;71m[4f547ef4][0m[38;5;86m[HTTP][0m [37m<-- DELETE /wd/hub/session/4f547ef4-90f5-4c54-bfdd-93564365081d [39m[32m200[39m [90m252 ms - 14[39m [90m[39m
