[38;5;112m[Appium][0m Welcome to Appium v2.13.1
[38;5;112m[Appium][0m Non-default server args:
[38;5;112m[Appium][0m { basePath: [32m'/wd/hub'[39m, loglevel: [32m'info'[39m, port: [33m53797[39m }
[38;5;112m[Appium][0m Attempting to load driver uiautomator2...
[38;5;112m[Appium][0m Appium REST http interface listener started on http://0.0.0.0:53797/wd/hub
[38;5;112m[Appium][0m You can provide the following URLs in your client code to connect to this server:
	http://192.168.1.229:53797/wd/hub
	http://127.0.0.1:53797/wd/hub (only accessible from the same host)
[38;5;112m[Appium][0m Available drivers:
[38;5;112m[Appium][0m   - uiautomator2@3.9.5 (automationName 'UiAutomator2')
[38;5;112m[Appium][0m No plugins have been installed. Use the "appium plugin" command to install the one(s) you want to use.
[38;5;86m[HTTP][0m [37m-->[39m [37mGET[39m [37m/wd/hub/status[39m [90m{}[39m
[38;5;86m[HTTP][0m [37m<-- GET /wd/hub/status [39m[32m200[39m [90m4 ms - 111[39m [90m[39m
[38;5;86m[HTTP][0m [37m-->[39m [37mPOST[39m [37m/wd/hub/session[39m [90m{"capabilities":{"firstMatch":[{"appium:app":"C:\\Users\\TUF\\git\\test\\Test Files\\Setia_City_Mall_Version_5_13_11_(Version_Code_162).apk","appium:autoGrantPermissions":true,"appium:automationName":"uiautomator2","appium:deviceName":"samsung SM-A015F (Android 12)","appium:fullReset":false,"appium:newCommandTimeout":1800,"appium:noReset":true,"appium:platformName":"ANDROID","appium:platformVersion":"12","appium:systemPort":53796,"appium:udid":"R9PNC036RCJ","platformName":"ANDROID"}]},"desiredCapabilities":{"appium:app":"C:\\Users\\TUF\\git\\test\\Test Files\\Setia_City_Mall_Version_5_13_11_(Version_Code_162).apk","appium:autoGrantPermissions":true,"appium:automationName":"uiautomator2","appium:deviceName":"samsung SM-A015F (Android 12)","appium:fullReset":false,"appium:newCommandTimeout":1800,"appium:noReset":true,"appium:platformName":"ANDROID","appium:platformVersion":"12","appium:systemPort":53796,"appium:udid":"R9PNC036RCJ"}}[39m
[38;5;123m[BaseDriver][0m Ignoring capability 'appium:platformName=ANDROID' and using capability 'platformName=ANDROID'
[38;5;123m[BaseDriver][0m The capabilities ["platformName"] are standard capabilities and do not require "appium:" prefix
[38;5;112m[Appium][0m Attempting to find matching driver for automationName 'uiautomator2' and platformName 'ANDROID'
[38;5;112m[Appium][0m The 'uiautomator2' driver was installed and matched caps.
[38;5;112m[Appium][0m Will require it at C:\Users\TUF\.appium\node_modules\appium-uiautomator2-driver
[38;5;181m[AppiumDriver@bfc4][0m Appium v2.13.1 creating new AndroidUiautomator2Driver (v3.9.5) session
[38;5;181m[AppiumDriver@bfc4][0m Checking BaseDriver versions for Appium and AndroidUiautomator2Driver
[38;5;181m[AppiumDriver@bfc4][0m Appium's BaseDriver version is 9.13.1
[38;5;181m[AppiumDriver@bfc4][0m AndroidUiautomator2Driver's BaseDriver version is 9.13.1
[38;5;42m[e5805494][0m[38;5;-51m[AndroidUiautomator2Driver@9d7f][0m Session created with session id: e5805494-027c-4665-9608-05ddb49c85e6
[38;5;42m[e5805494][0m[38;5;229m[ADB][0m Found 2 'build-tools' folders under 'C:\Users\TUF\AppData\Local\Android\Sdk' (newest first):
[38;5;42m[e5805494][0m[38;5;229m[ADB][0m     C:\Users\TUF\AppData\Local\Android\Sdk\build-tools\35.0.0
[38;5;42m[e5805494][0m[38;5;229m[ADB][0m     C:\Users\TUF\AppData\Local\Android\Sdk\build-tools\34.0.0
[38;5;42m[e5805494][0m[38;5;229m[ADB][0m Using 'adb.exe' from 'C:\Users\TUF\AppData\Local\Android\Sdk\platform-tools\adb.exe'
[38;5;42m[e5805494][0m[38;5;-51m[AndroidUiautomator2Driver@9d7f][0m Retrieving device list
[38;5;42m[e5805494][0m[38;5;-51m[AndroidUiautomator2Driver@9d7f][0m Using device: R9PNC036RCJ
[38;5;42m[e5805494][0m[38;5;229m[ADB][0m Using 'adb.exe' from 'C:\Users\TUF\AppData\Local\Android\Sdk\platform-tools\adb.exe'
[38;5;42m[e5805494][0m[38;5;123m[BaseDriver][0m Using local app 'C:\Users\TUF\git\test\Test Files\Setia_City_Mall_Version_5_13_11_(Version_Code_162).apk'
[38;5;42m[e5805494][0m[38;5;229m[ADB][0m Getting device platform version
[38;5;42m[e5805494][0m[38;5;-51m[AndroidUiautomator2Driver@9d7f][0m Relaxing hidden api policy
[38;5;42m[e5805494][0m[38;5;229m[ADB][0m Using 'aapt2.exe' from 'C:\Users\TUF\AppData\Local\Android\Sdk\build-tools\35.0.0\aapt2.exe'
[38;5;42m[e5805494][0m[38;5;229m[ADB][0m Package name: 'com.convep.setiacitymall'
[38;5;42m[e5805494][0m[38;5;229m[ADB][0m Main activity name: 'com.convep.scm.MainActivity'
[38;5;42m[e5805494][0m[38;5;-51m[AndroidUiautomator2Driver@9d7f][0m Server packages are not going to be (re)installed
[38;5;42m[e5805494][0m[38;5;229m[ADB][0m Adding packages ["io.appium.settings","io.appium.uiautomator2.server","io.appium.uiautomator2.server.test"] to Doze whitelist
[38;5;42m[e5805494][0m[38;5;-51m[AndroidUiautomator2Driver@9d7f][0m Starting UIAutomator2 server 7.1.7
[38;5;42m[e5805494][0m[38;5;-51m[AndroidUiautomator2Driver@9d7f][0m Using UIAutomator2 server from 'C:\Users\TUF\.appium\node_modules\appium-uiautomator2-driver\node_modules\appium-uiautomator2-server\apks\appium-uiautomator2-server-v7.1.7.apk' and test from 'C:\Users\TUF\.appium\node_modules\appium-uiautomator2-driver\node_modules\appium-uiautomator2-server\apks\appium-uiautomator2-server-debug-androidTest.apk'
[38;5;42m[e5805494][0m[38;5;-51m[AndroidUiautomator2Driver@9d7f][0m Waiting up to 30000ms for UiAutomator2 to be online...
[38;5;42m[e5805494][0m[38;5;-51m[AndroidUiautomator2Driver@9d7f][0m socket hang up
[38;5;42m[e5805494][0m[38;5;-51m[AndroidUiautomator2Driver@9d7f][0m socket hang up
[38;5;42m[e5805494][0m[38;5;-51m[AndroidUiautomator2Driver@9d7f][0m socket hang up
[38;5;42m[e5805494][0m[38;5;-51m[AndroidUiautomator2Driver@9d7f][0m Determined the downstream protocol as 'W3C'
[38;5;42m[e5805494][0m[38;5;-51m[AndroidUiautomator2Driver@9d7f][0m Screen already unlocked, doing nothing
[38;5;42m[e5805494][0m[38;5;-51m[AndroidUiautomator2Driver@9d7f][0m Starting 'com.convep.setiacitymall/com.convep.scm.MainActivity and waiting for 'com.convep.setiacitymall/com.convep.scm.MainActivity'
[38;5;42m[e5805494][0m[38;5;-51m[AndroidUiautomator2Driver@9d7f][0m 'com.convep.setiacitymall' is already running and noReset is enabled. Set forceAppLaunch capability to true if the app must be forcefully restarted on session startup.
[38;5;42m[e5805494][0m[38;5;181m[AppiumDriver@bfc4][0m New AndroidUiautomator2Driver session created successfully, session e5805494-027c-4665-9608-05ddb49c85e6 added to master session list
[38;5;42m[e5805494][0m[38;5;86m[HTTP][0m [37m<-- POST /wd/hub/session [39m[32m200[39m [90m6541 ms - 1269[39m [90m[39m
[38;5;86m[HTTP][0m [37m-->[39m [37mGET[39m [37m/wd/hub/status[39m [90m{}[39m
[38;5;86m[HTTP][0m [37m<-- GET /wd/hub/status [39m[32m200[39m [90m1 ms - 111[39m [90m[39m
[38;5;42m[e5805494][0m[38;5;86m[HTTP][0m [37m-->[39m [37mPOST[39m [37m/wd/hub/session/e5805494-027c-4665-9608-05ddb49c85e6/timeouts[39m [90m{"implicit":40000}[39m
[38;5;42m[e5805494][0m[38;5;86m[HTTP][0m [37m<-- POST /wd/hub/session/e5805494-027c-4665-9608-05ddb49c85e6/timeouts [39m[32m200[39m [90m2 ms - 14[39m [90m[39m
[38;5;42m[e5805494][0m[38;5;86m[HTTP][0m [37m-->[39m [37mPOST[39m [37m/wd/hub/session/e5805494-027c-4665-9608-05ddb49c85e6/execute/sync[39m [90m{"script":"mobile: getSystemBars","args":[]}[39m
[38;5;42m[e5805494][0m[38;5;-51m[AndroidUiautomator2Driver@9d7f][0m Executing native command 'mobile: getSystemBars'
[38;5;42m[e5805494][0m[38;5;86m[HTTP][0m [37m<-- POST /wd/hub/session/e5805494-027c-4665-9608-05ddb49c85e6/execute/sync [39m[32m200[39m [90m121 ms - 148[39m [90m[39m
[38;5;42m[e5805494][0m[38;5;86m[HTTP][0m [37m-->[39m [37mPOST[39m [37m/wd/hub/session/e5805494-027c-4665-9608-05ddb49c85e6/timeouts[39m [90m{"implicit":50}[39m
[38;5;42m[e5805494][0m[38;5;86m[HTTP][0m [37m<-- POST /wd/hub/session/e5805494-027c-4665-9608-05ddb49c85e6/timeouts [39m[32m200[39m [90m1 ms - 14[39m [90m[39m
[38;5;42m[e5805494][0m[38;5;86m[HTTP][0m [37m-->[39m [37mGET[39m [37m/wd/hub/session/e5805494-027c-4665-9608-05ddb49c85e6/window/rect[39m [90m{}[39m
[38;5;42m[e5805494][0m[38;5;86m[HTTP][0m [37m<-- GET /wd/hub/session/e5805494-027c-4665-9608-05ddb49c85e6/window/rect [39m[32m200[39m [90m38 ms - 49[39m [90m[39m
[38;5;42m[e5805494][0m[38;5;86m[HTTP][0m [37m-->[39m [37mPOST[39m [37m/wd/hub/session/e5805494-027c-4665-9608-05ddb49c85e6/elements[39m [90m{"using":"xpath","value":"//*[@class = 'android.widget.ImageView' and (@text = '' or . = '')]"}[39m
[38;5;42m[e5805494][0m[38;5;86m[HTTP][0m [37m<-- POST /wd/hub/session/e5805494-027c-4665-9608-05ddb49c85e6/elements [39m[32m200[39m [90m1559 ms - 1163[39m [90m[39m
[38;5;42m[e5805494][0m[38;5;86m[HTTP][0m [37m-->[39m [37mGET[39m [37m/wd/hub/session/e5805494-027c-4665-9608-05ddb49c85e6/element/00000000-0000-06e0-ffff-ffff0000004f/rect[39m [90m{}[39m
[38;5;42m[e5805494][0m[38;5;-51m[AndroidUiautomator2Driver@9d7f][0m Driver proxy active, passing request on via HTTP proxy
[38;5;42m[e5805494][0m[38;5;-51m[AndroidUiautomator2Driver@9d7f][0m Replacing sessionId 1f15bdad-d02b-48e5-89fa-a277cb3b9041 with e5805494-027c-4665-9608-05ddb49c85e6
[38;5;42m[e5805494][0m[38;5;86m[HTTP][0m [37m<-- GET /wd/hub/session/e5805494-027c-4665-9608-05ddb49c85e6/element/00000000-0000-06e0-ffff-ffff0000004f/rect [39m[32m200[39m [90m44 ms - 98[39m [90m[39m
[38;5;42m[e5805494][0m[38;5;86m[HTTP][0m [37m-->[39m [37mPOST[39m [37m/wd/hub/session/e5805494-027c-4665-9608-05ddb49c85e6/timeouts[39m [90m{"implicit":40000}[39m
[38;5;42m[e5805494][0m[38;5;86m[HTTP][0m [37m<-- POST /wd/hub/session/e5805494-027c-4665-9608-05ddb49c85e6/timeouts [39m[32m200[39m [90m1 ms - 14[39m [90m[39m
[38;5;42m[e5805494][0m[38;5;86m[HTTP][0m [37m-->[39m [37mPOST[39m [37m/wd/hub/session/e5805494-027c-4665-9608-05ddb49c85e6/element/00000000-0000-06e0-ffff-ffff0000004f/click[39m [90m{"id":"00000000-0000-06e0-ffff-ffff0000004f"}[39m
[38;5;42m[e5805494][0m[38;5;86m[HTTP][0m [37m<-- POST /wd/hub/session/e5805494-027c-4665-9608-05ddb49c85e6/element/00000000-0000-06e0-ffff-ffff0000004f/click [39m[32m200[39m [90m89 ms - 14[39m [90m[39m
[38;5;42m[e5805494][0m[38;5;86m[HTTP][0m [37m-->[39m [37mPOST[39m [37m/wd/hub/session/e5805494-027c-4665-9608-05ddb49c85e6/timeouts[39m [90m{"implicit":50}[39m
[38;5;42m[e5805494][0m[38;5;86m[HTTP][0m [37m<-- POST /wd/hub/session/e5805494-027c-4665-9608-05ddb49c85e6/timeouts [39m[32m200[39m [90m1 ms - 14[39m [90m[39m
[38;5;42m[e5805494][0m[38;5;86m[HTTP][0m [37m-->[39m [37mGET[39m [37m/wd/hub/session/e5805494-027c-4665-9608-05ddb49c85e6/window/rect[39m [90m{}[39m
[38;5;42m[e5805494][0m[38;5;86m[HTTP][0m [37m<-- GET /wd/hub/session/e5805494-027c-4665-9608-05ddb49c85e6/window/rect [39m[32m200[39m [90m48 ms - 49[39m [90m[39m
[38;5;42m[e5805494][0m[38;5;86m[HTTP][0m [37m-->[39m [37mPOST[39m [37m/wd/hub/session/e5805494-027c-4665-9608-05ddb49c85e6/elements[39m [90m{"using":"xpath","value":"//*[@class = 'android.widget.ImageView' and (@text = '' or . = '')]"}[39m
[38;5;42m[e5805494][0m[38;5;86m[HTTP][0m [37m<-- POST /wd/hub/session/e5805494-027c-4665-9608-05ddb49c85e6/elements [39m[32m200[39m [90m915 ms - 1163[39m [90m[39m
[38;5;42m[e5805494][0m[38;5;86m[HTTP][0m [37m-->[39m [37mGET[39m [37m/wd/hub/session/e5805494-027c-4665-9608-05ddb49c85e6/element/00000000-0000-06e0-ffff-ffff0000004f/rect[39m [90m{}[39m
[38;5;42m[e5805494][0m[38;5;-51m[AndroidUiautomator2Driver@9d7f][0m Driver proxy active, passing request on via HTTP proxy
[38;5;42m[e5805494][0m[38;5;-51m[AndroidUiautomator2Driver@9d7f][0m Replacing sessionId 1f15bdad-d02b-48e5-89fa-a277cb3b9041 with e5805494-027c-4665-9608-05ddb49c85e6
[38;5;42m[e5805494][0m[38;5;86m[HTTP][0m [37m<-- GET /wd/hub/session/e5805494-027c-4665-9608-05ddb49c85e6/element/00000000-0000-06e0-ffff-ffff0000004f/rect [39m[32m200[39m [90m1059 ms - 98[39m [90m[39m
[38;5;42m[e5805494][0m[38;5;86m[HTTP][0m [37m-->[39m [37mPOST[39m [37m/wd/hub/session/e5805494-027c-4665-9608-05ddb49c85e6/timeouts[39m [90m{"implicit":40000}[39m
[38;5;42m[e5805494][0m[38;5;86m[HTTP][0m [37m<-- POST /wd/hub/session/e5805494-027c-4665-9608-05ddb49c85e6/timeouts [39m[32m200[39m [90m1 ms - 14[39m [90m[39m
[38;5;42m[e5805494][0m[38;5;86m[HTTP][0m [37m-->[39m [37mPOST[39m [37m/wd/hub/session/e5805494-027c-4665-9608-05ddb49c85e6/element/00000000-0000-06e0-ffff-ffff0000004f/click[39m [90m{"id":"00000000-0000-06e0-ffff-ffff0000004f"}[39m
[38;5;42m[e5805494][0m[38;5;86m[HTTP][0m [37m<-- POST /wd/hub/session/e5805494-027c-4665-9608-05ddb49c85e6/element/00000000-0000-06e0-ffff-ffff0000004f/click [39m[32m200[39m [90m109 ms - 14[39m [90m[39m
[38;5;42m[e5805494][0m[38;5;86m[HTTP][0m [37m-->[39m [37mPOST[39m [37m/wd/hub/session/e5805494-027c-4665-9608-05ddb49c85e6/timeouts[39m [90m{"implicit":50}[39m
[38;5;42m[e5805494][0m[38;5;86m[HTTP][0m [37m<-- POST /wd/hub/session/e5805494-027c-4665-9608-05ddb49c85e6/timeouts [39m[32m200[39m [90m1 ms - 14[39m [90m[39m
[38;5;42m[e5805494][0m[38;5;86m[HTTP][0m [37m-->[39m [37mGET[39m [37m/wd/hub/session/e5805494-027c-4665-9608-05ddb49c85e6/window/rect[39m [90m{}[39m
[38;5;42m[e5805494][0m[38;5;86m[HTTP][0m [37m<-- GET /wd/hub/session/e5805494-027c-4665-9608-05ddb49c85e6/window/rect [39m[32m200[39m [90m34 ms - 49[39m [90m[39m
[38;5;42m[e5805494][0m[38;5;86m[HTTP][0m [37m-->[39m [37mPOST[39m [37m/wd/hub/session/e5805494-027c-4665-9608-05ddb49c85e6/elements[39m [90m{"using":"xpath","value":"//*[@class = 'android.widget.TextView' and (@text = 'About' or . = 'About')]"}[39m
[38;5;42m[e5805494][0m[38;5;86m[HTTP][0m [37m<-- POST /wd/hub/session/e5805494-027c-4665-9608-05ddb49c85e6/elements [39m[32m200[39m [90m906 ms - 139[39m [90m[39m
[38;5;42m[e5805494][0m[38;5;86m[HTTP][0m [37m-->[39m [37mGET[39m [37m/wd/hub/session/e5805494-027c-4665-9608-05ddb49c85e6/element/00000000-0000-06e0-ffff-ffff00000037/rect[39m [90m{}[39m
[38;5;42m[e5805494][0m[38;5;-51m[AndroidUiautomator2Driver@9d7f][0m Driver proxy active, passing request on via HTTP proxy
[38;5;42m[e5805494][0m[38;5;-51m[AndroidUiautomator2Driver@9d7f][0m Replacing sessionId 1f15bdad-d02b-48e5-89fa-a277cb3b9041 with e5805494-027c-4665-9608-05ddb49c85e6
[38;5;42m[e5805494][0m[38;5;86m[HTTP][0m [37m<-- GET /wd/hub/session/e5805494-027c-4665-9608-05ddb49c85e6/element/00000000-0000-06e0-ffff-ffff00000037/rect [39m[32m200[39m [90m50 ms - 100[39m [90m[39m
[38;5;42m[e5805494][0m[38;5;86m[HTTP][0m [37m-->[39m [37mPOST[39m [37m/wd/hub/session/e5805494-027c-4665-9608-05ddb49c85e6/timeouts[39m [90m{"implicit":40000}[39m
[38;5;42m[e5805494][0m[38;5;86m[HTTP][0m [37m<-- POST /wd/hub/session/e5805494-027c-4665-9608-05ddb49c85e6/timeouts [39m[32m200[39m [90m1 ms - 14[39m [90m[39m
[38;5;42m[e5805494][0m[38;5;86m[HTTP][0m [37m-->[39m [37mPOST[39m [37m/wd/hub/session/e5805494-027c-4665-9608-05ddb49c85e6/element/00000000-0000-06e0-ffff-ffff00000037/click[39m [90m{"id":"00000000-0000-06e0-ffff-ffff00000037"}[39m
[38;5;42m[e5805494][0m[38;5;86m[HTTP][0m [37m<-- POST /wd/hub/session/e5805494-027c-4665-9608-05ddb49c85e6/element/00000000-0000-06e0-ffff-ffff00000037/click [39m[32m200[39m [90m87 ms - 14[39m [90m[39m
[38;5;42m[e5805494][0m[38;5;86m[HTTP][0m [37m-->[39m [37mPOST[39m [37m/wd/hub/session/e5805494-027c-4665-9608-05ddb49c85e6/timeouts[39m [90m{"implicit":50}[39m
[38;5;42m[e5805494][0m[38;5;86m[HTTP][0m [37m<-- POST /wd/hub/session/e5805494-027c-4665-9608-05ddb49c85e6/timeouts [39m[32m200[39m [90m1 ms - 14[39m [90m[39m
[38;5;42m[e5805494][0m[38;5;86m[HTTP][0m [37m-->[39m [37mGET[39m [37m/wd/hub/session/e5805494-027c-4665-9608-05ddb49c85e6/window/rect[39m [90m{}[39m
[38;5;42m[e5805494][0m[38;5;86m[HTTP][0m [37m<-- GET /wd/hub/session/e5805494-027c-4665-9608-05ddb49c85e6/window/rect [39m[32m200[39m [90m40 ms - 49[39m [90m[39m
[38;5;42m[e5805494][0m[38;5;86m[HTTP][0m [37m-->[39m [37mPOST[39m [37m/wd/hub/session/e5805494-027c-4665-9608-05ddb49c85e6/elements[39m [90m{"using":"xpath","value":"//*[@class = 'android.widget.TextView' and (@text = 'Services' or . = 'Services')]"}[39m
[38;5;42m[e5805494][0m[38;5;86m[HTTP][0m [37m<-- POST /wd/hub/session/e5805494-027c-4665-9608-05ddb49c85e6/elements [39m[32m200[39m [90m1023 ms - 12[39m [90m[39m
[38;5;42m[e5805494][0m[38;5;86m[HTTP][0m [37m-->[39m [37mPOST[39m [37m/wd/hub/session/e5805494-027c-4665-9608-05ddb49c85e6/elements[39m [90m{"using":"xpath","value":"//*[@class = 'android.widget.TextView' and (@text = 'Services' or . = 'Services')]"}[39m
[38;5;42m[e5805494][0m[38;5;86m[HTTP][0m [37m<-- POST /wd/hub/session/e5805494-027c-4665-9608-05ddb49c85e6/elements [39m[32m200[39m [90m1688 ms - 139[39m [90m[39m
[38;5;42m[e5805494][0m[38;5;86m[HTTP][0m [37m-->[39m [37mGET[39m [37m/wd/hub/session/e5805494-027c-4665-9608-05ddb49c85e6/element/00000000-0000-06e0-ffff-ffff00000097/rect[39m [90m{}[39m
[38;5;42m[e5805494][0m[38;5;-51m[AndroidUiautomator2Driver@9d7f][0m Driver proxy active, passing request on via HTTP proxy
[38;5;42m[e5805494][0m[38;5;-51m[AndroidUiautomator2Driver@9d7f][0m Replacing sessionId 1f15bdad-d02b-48e5-89fa-a277cb3b9041 with e5805494-027c-4665-9608-05ddb49c85e6
[38;5;42m[e5805494][0m[38;5;86m[HTTP][0m [37m<-- GET /wd/hub/session/e5805494-027c-4665-9608-05ddb49c85e6/element/00000000-0000-06e0-ffff-ffff00000097/rect [39m[32m200[39m [90m50 ms - 103[39m [90m[39m
[38;5;42m[e5805494][0m[38;5;86m[HTTP][0m [37m-->[39m [37mPOST[39m [37m/wd/hub/session/e5805494-027c-4665-9608-05ddb49c85e6/timeouts[39m [90m{"implicit":40000}[39m
[38;5;42m[e5805494][0m[38;5;86m[HTTP][0m [37m<-- POST /wd/hub/session/e5805494-027c-4665-9608-05ddb49c85e6/timeouts [39m[32m200[39m [90m1 ms - 14[39m [90m[39m
[38;5;42m[e5805494][0m[38;5;86m[HTTP][0m [37m-->[39m [37mPOST[39m [37m/wd/hub/session/e5805494-027c-4665-9608-05ddb49c85e6/element/00000000-0000-06e0-ffff-ffff00000097/click[39m [90m{"id":"00000000-0000-06e0-ffff-ffff00000097"}[39m
[38;5;42m[e5805494][0m[38;5;86m[HTTP][0m [37m<-- POST /wd/hub/session/e5805494-027c-4665-9608-05ddb49c85e6/element/00000000-0000-06e0-ffff-ffff00000097/click [39m[32m200[39m [90m90 ms - 14[39m [90m[39m
[38;5;42m[e5805494][0m[38;5;86m[HTTP][0m [37m-->[39m [37mPOST[39m [37m/wd/hub/session/e5805494-027c-4665-9608-05ddb49c85e6/timeouts[39m [90m{"implicit":50}[39m
[38;5;42m[e5805494][0m[38;5;86m[HTTP][0m [37m<-- POST /wd/hub/session/e5805494-027c-4665-9608-05ddb49c85e6/timeouts [39m[32m200[39m [90m1 ms - 14[39m [90m[39m
[38;5;42m[e5805494][0m[38;5;86m[HTTP][0m [37m-->[39m [37mGET[39m [37m/wd/hub/session/e5805494-027c-4665-9608-05ddb49c85e6/window/rect[39m [90m{}[39m
[38;5;42m[e5805494][0m[38;5;86m[HTTP][0m [37m<-- GET /wd/hub/session/e5805494-027c-4665-9608-05ddb49c85e6/window/rect [39m[32m200[39m [90m49 ms - 49[39m [90m[39m
[38;5;42m[e5805494][0m[38;5;86m[HTTP][0m [37m-->[39m [37mPOST[39m [37m/wd/hub/session/e5805494-027c-4665-9608-05ddb49c85e6/elements[39m [90m{"using":"xpath","value":"//*[@class = 'android.widget.ScrollView' and (@text = '' or . = '')]"}[39m
[38;5;42m[e5805494][0m[38;5;86m[HTTP][0m [37m<-- POST /wd/hub/session/e5805494-027c-4665-9608-05ddb49c85e6/elements [39m[32m200[39m [90m500 ms - 139[39m [90m[39m
[38;5;42m[e5805494][0m[38;5;86m[HTTP][0m [37m-->[39m [37mGET[39m [37m/wd/hub/session/e5805494-027c-4665-9608-05ddb49c85e6/element/00000000-0000-06e0-ffff-ffff0000008a/rect[39m [90m{}[39m
[38;5;42m[e5805494][0m[38;5;-51m[AndroidUiautomator2Driver@9d7f][0m Driver proxy active, passing request on via HTTP proxy
[38;5;42m[e5805494][0m[38;5;-51m[AndroidUiautomator2Driver@9d7f][0m Replacing sessionId 1f15bdad-d02b-48e5-89fa-a277cb3b9041 with e5805494-027c-4665-9608-05ddb49c85e6
[38;5;42m[e5805494][0m[38;5;86m[HTTP][0m [37m<-- GET /wd/hub/session/e5805494-027c-4665-9608-05ddb49c85e6/element/00000000-0000-06e0-ffff-ffff0000008a/rect [39m[32m200[39m [90m924 ms - 102[39m [90m[39m
[38;5;42m[e5805494][0m[38;5;86m[HTTP][0m [37m-->[39m [37mPOST[39m [37m/wd/hub/session/e5805494-027c-4665-9608-05ddb49c85e6/timeouts[39m [90m{"implicit":40000}[39m
[38;5;42m[e5805494][0m[38;5;86m[HTTP][0m [37m<-- POST /wd/hub/session/e5805494-027c-4665-9608-05ddb49c85e6/timeouts [39m[32m200[39m [90m1 ms - 14[39m [90m[39m
[38;5;42m[e5805494][0m[38;5;86m[HTTP][0m [37m-->[39m [37mPOST[39m [37m/wd/hub/session/e5805494-027c-4665-9608-05ddb49c85e6/element/00000000-0000-06e0-ffff-ffff0000008a/click[39m [90m{"id":"00000000-0000-06e0-ffff-ffff0000008a"}[39m
[38;5;42m[e5805494][0m[38;5;86m[HTTP][0m [37m<-- POST /wd/hub/session/e5805494-027c-4665-9608-05ddb49c85e6/element/00000000-0000-06e0-ffff-ffff0000008a/click [39m[32m200[39m [90m107 ms - 14[39m [90m[39m
[38;5;42m[e5805494][0m[38;5;86m[HTTP][0m [37m-->[39m [37mPOST[39m [37m/wd/hub/session/e5805494-027c-4665-9608-05ddb49c85e6/timeouts[39m [90m{"implicit":50}[39m
[38;5;42m[e5805494][0m[38;5;86m[HTTP][0m [37m<-- POST /wd/hub/session/e5805494-027c-4665-9608-05ddb49c85e6/timeouts [39m[32m200[39m [90m1 ms - 14[39m [90m[39m
[38;5;42m[e5805494][0m[38;5;86m[HTTP][0m [37m-->[39m [37mGET[39m [37m/wd/hub/session/e5805494-027c-4665-9608-05ddb49c85e6/window/rect[39m [90m{}[39m
[38;5;42m[e5805494][0m[38;5;86m[HTTP][0m [37m<-- GET /wd/hub/session/e5805494-027c-4665-9608-05ddb49c85e6/window/rect [39m[32m200[39m [90m52 ms - 49[39m [90m[39m
[38;5;42m[e5805494][0m[38;5;86m[HTTP][0m [37m-->[39m [37mPOST[39m [37m/wd/hub/session/e5805494-027c-4665-9608-05ddb49c85e6/elements[39m [90m{"using":"xpath","value":"//*[@class = 'android.widget.TextView' and (@text = 'ATM' or . = 'ATM')]"}[39m
[38;5;42m[e5805494][0m[38;5;86m[HTTP][0m [37m<-- POST /wd/hub/session/e5805494-027c-4665-9608-05ddb49c85e6/elements [39m[32m200[39m [90m587 ms - 139[39m [90m[39m
[38;5;42m[e5805494][0m[38;5;86m[HTTP][0m [37m-->[39m [37mGET[39m [37m/wd/hub/session/e5805494-027c-4665-9608-05ddb49c85e6/element/00000000-0000-06e0-ffff-ffff000000c1/rect[39m [90m{}[39m
[38;5;42m[e5805494][0m[38;5;-51m[AndroidUiautomator2Driver@9d7f][0m Driver proxy active, passing request on via HTTP proxy
[38;5;42m[e5805494][0m[38;5;-51m[AndroidUiautomator2Driver@9d7f][0m Replacing sessionId 1f15bdad-d02b-48e5-89fa-a277cb3b9041 with e5805494-027c-4665-9608-05ddb49c85e6
[38;5;42m[e5805494][0m[38;5;86m[HTTP][0m [37m<-- GET /wd/hub/session/e5805494-027c-4665-9608-05ddb49c85e6/element/00000000-0000-06e0-ffff-ffff000000c1/rect [39m[32m200[39m [90m41 ms - 100[39m [90m[39m
[38;5;42m[e5805494][0m[38;5;86m[HTTP][0m [37m-->[39m [37mPOST[39m [37m/wd/hub/session/e5805494-027c-4665-9608-05ddb49c85e6/timeouts[39m [90m{"implicit":40000}[39m
[38;5;42m[e5805494][0m[38;5;86m[HTTP][0m [37m<-- POST /wd/hub/session/e5805494-027c-4665-9608-05ddb49c85e6/timeouts [39m[32m200[39m [90m1 ms - 14[39m [90m[39m
[38;5;42m[e5805494][0m[38;5;86m[HTTP][0m [37m-->[39m [37mPOST[39m [37m/wd/hub/session/e5805494-027c-4665-9608-05ddb49c85e6/element/00000000-0000-06e0-ffff-ffff000000c1/click[39m [90m{"id":"00000000-0000-06e0-ffff-ffff000000c1"}[39m
[38;5;42m[e5805494][0m[38;5;86m[HTTP][0m [37m<-- POST /wd/hub/session/e5805494-027c-4665-9608-05ddb49c85e6/element/00000000-0000-06e0-ffff-ffff000000c1/click [39m[32m200[39m [90m73 ms - 14[39m [90m[39m
[38;5;42m[e5805494][0m[38;5;86m[HTTP][0m [37m-->[39m [37mPOST[39m [37m/wd/hub/session/e5805494-027c-4665-9608-05ddb49c85e6/timeouts[39m [90m{"implicit":50}[39m
[38;5;42m[e5805494][0m[38;5;86m[HTTP][0m [37m<-- POST /wd/hub/session/e5805494-027c-4665-9608-05ddb49c85e6/timeouts [39m[32m200[39m [90m1 ms - 14[39m [90m[39m
[38;5;42m[e5805494][0m[38;5;86m[HTTP][0m [37m-->[39m [37mGET[39m [37m/wd/hub/session/e5805494-027c-4665-9608-05ddb49c85e6/window/rect[39m [90m{}[39m
[38;5;42m[e5805494][0m[38;5;86m[HTTP][0m [37m<-- GET /wd/hub/session/e5805494-027c-4665-9608-05ddb49c85e6/window/rect [39m[32m200[39m [90m40 ms - 49[39m [90m[39m
[38;5;42m[e5805494][0m[38;5;86m[HTTP][0m [37m-->[39m [37mPOST[39m [37m/wd/hub/session/e5805494-027c-4665-9608-05ddb49c85e6/elements[39m [90m{"using":"xpath","value":"//*[@class = 'android.widget.ImageView' and (@text = '' or . = '')]"}[39m
[38;5;42m[e5805494][0m[38;5;86m[HTTP][0m [37m<-- POST /wd/hub/session/e5805494-027c-4665-9608-05ddb49c85e6/elements [39m[32m200[39m [90m583 ms - 1291[39m [90m[39m
[38;5;42m[e5805494][0m[38;5;86m[HTTP][0m [37m-->[39m [37mGET[39m [37m/wd/hub/session/e5805494-027c-4665-9608-05ddb49c85e6/element/00000000-0000-06e0-ffff-ffff000000ab/rect[39m [90m{}[39m
[38;5;42m[e5805494][0m[38;5;-51m[AndroidUiautomator2Driver@9d7f][0m Driver proxy active, passing request on via HTTP proxy
[38;5;42m[e5805494][0m[38;5;-51m[AndroidUiautomator2Driver@9d7f][0m Replacing sessionId 1f15bdad-d02b-48e5-89fa-a277cb3b9041 with e5805494-027c-4665-9608-05ddb49c85e6
[38;5;42m[e5805494][0m[38;5;86m[HTTP][0m [37m<-- GET /wd/hub/session/e5805494-027c-4665-9608-05ddb49c85e6/element/00000000-0000-06e0-ffff-ffff000000ab/rect [39m[32m200[39m [90m764 ms - 99[39m [90m[39m
[38;5;42m[e5805494][0m[38;5;86m[HTTP][0m [37m-->[39m [37mPOST[39m [37m/wd/hub/session/e5805494-027c-4665-9608-05ddb49c85e6/timeouts[39m [90m{"implicit":40000}[39m
[38;5;42m[e5805494][0m[38;5;86m[HTTP][0m [37m<-- POST /wd/hub/session/e5805494-027c-4665-9608-05ddb49c85e6/timeouts [39m[32m200[39m [90m1 ms - 14[39m [90m[39m
[38;5;42m[e5805494][0m[38;5;86m[HTTP][0m [37m-->[39m [37mPOST[39m [37m/wd/hub/session/e5805494-027c-4665-9608-05ddb49c85e6/element/00000000-0000-06e0-ffff-ffff000000ab/click[39m [90m{"id":"00000000-0000-06e0-ffff-ffff000000ab"}[39m
[38;5;42m[e5805494][0m[38;5;86m[HTTP][0m [37m<-- POST /wd/hub/session/e5805494-027c-4665-9608-05ddb49c85e6/element/00000000-0000-06e0-ffff-ffff000000ab/click [39m[32m200[39m [90m80 ms - 14[39m [90m[39m
[38;5;42m[e5805494][0m[38;5;86m[HTTP][0m [37m-->[39m [37mPOST[39m [37m/wd/hub/session/e5805494-027c-4665-9608-05ddb49c85e6/timeouts[39m [90m{"implicit":50}[39m
[38;5;42m[e5805494][0m[38;5;86m[HTTP][0m [37m<-- POST /wd/hub/session/e5805494-027c-4665-9608-05ddb49c85e6/timeouts [39m[32m200[39m [90m1 ms - 14[39m [90m[39m
[38;5;42m[e5805494][0m[38;5;86m[HTTP][0m [37m-->[39m [37mGET[39m [37m/wd/hub/session/e5805494-027c-4665-9608-05ddb49c85e6/window/rect[39m [90m{}[39m
[38;5;42m[e5805494][0m[38;5;86m[HTTP][0m [37m<-- GET /wd/hub/session/e5805494-027c-4665-9608-05ddb49c85e6/window/rect [39m[32m200[39m [90m43 ms - 49[39m [90m[39m
[38;5;42m[e5805494][0m[38;5;86m[HTTP][0m [37m-->[39m [37mPOST[39m [37m/wd/hub/session/e5805494-027c-4665-9608-05ddb49c85e6/elements[39m [90m{"using":"xpath","value":"//*[@class = 'android.widget.TextView' and (@text = 'Bus' or . = 'Bus')]"}[39m
[38;5;42m[e5805494][0m[38;5;86m[HTTP][0m [37m<-- POST /wd/hub/session/e5805494-027c-4665-9608-05ddb49c85e6/elements [39m[32m200[39m [90m833 ms - 139[39m [90m[39m
[38;5;42m[e5805494][0m[38;5;86m[HTTP][0m [37m-->[39m [37mGET[39m [37m/wd/hub/session/e5805494-027c-4665-9608-05ddb49c85e6/element/00000000-0000-06e0-ffff-ffff000000c5/rect[39m [90m{}[39m
[38;5;42m[e5805494][0m[38;5;-51m[AndroidUiautomator2Driver@9d7f][0m Driver proxy active, passing request on via HTTP proxy
[38;5;42m[e5805494][0m[38;5;-51m[AndroidUiautomator2Driver@9d7f][0m Replacing sessionId 1f15bdad-d02b-48e5-89fa-a277cb3b9041 with e5805494-027c-4665-9608-05ddb49c85e6
[38;5;42m[e5805494][0m[38;5;86m[HTTP][0m [37m<-- GET /wd/hub/session/e5805494-027c-4665-9608-05ddb49c85e6/element/00000000-0000-06e0-ffff-ffff000000c5/rect [39m[32m200[39m [90m245 ms - 101[39m [90m[39m
[38;5;42m[e5805494][0m[38;5;86m[HTTP][0m [37m-->[39m [37mPOST[39m [37m/wd/hub/session/e5805494-027c-4665-9608-05ddb49c85e6/timeouts[39m [90m{"implicit":40000}[39m
[38;5;42m[e5805494][0m[38;5;86m[HTTP][0m [37m<-- POST /wd/hub/session/e5805494-027c-4665-9608-05ddb49c85e6/timeouts [39m[32m200[39m [90m1 ms - 14[39m [90m[39m
[38;5;42m[e5805494][0m[38;5;86m[HTTP][0m [37m-->[39m [37mPOST[39m [37m/wd/hub/session/e5805494-027c-4665-9608-05ddb49c85e6/element/00000000-0000-06e0-ffff-ffff000000c5/click[39m [90m{"id":"00000000-0000-06e0-ffff-ffff000000c5"}[39m
[38;5;42m[e5805494][0m[38;5;86m[HTTP][0m [37m<-- POST /wd/hub/session/e5805494-027c-4665-9608-05ddb49c85e6/element/00000000-0000-06e0-ffff-ffff000000c5/click [39m[32m200[39m [90m74 ms - 14[39m [90m[39m
[38;5;42m[e5805494][0m[38;5;86m[HTTP][0m [37m-->[39m [37mPOST[39m [37m/wd/hub/session/e5805494-027c-4665-9608-05ddb49c85e6/timeouts[39m [90m{"implicit":50}[39m
[38;5;42m[e5805494][0m[38;5;86m[HTTP][0m [37m<-- POST /wd/hub/session/e5805494-027c-4665-9608-05ddb49c85e6/timeouts [39m[32m200[39m [90m1 ms - 14[39m [90m[39m
[38;5;42m[e5805494][0m[38;5;86m[HTTP][0m [37m-->[39m [37mGET[39m [37m/wd/hub/session/e5805494-027c-4665-9608-05ddb49c85e6/window/rect[39m [90m{}[39m
[38;5;42m[e5805494][0m[38;5;86m[HTTP][0m [37m<-- GET /wd/hub/session/e5805494-027c-4665-9608-05ddb49c85e6/window/rect [39m[32m200[39m [90m32 ms - 49[39m [90m[39m
[38;5;42m[e5805494][0m[38;5;86m[HTTP][0m [37m-->[39m [37mPOST[39m [37m/wd/hub/session/e5805494-027c-4665-9608-05ddb49c85e6/elements[39m [90m{"using":"xpath","value":"//*[@class = 'android.widget.ImageView' and (@text = '' or . = '')]"}[39m
[38;5;42m[e5805494][0m[38;5;86m[HTTP][0m [37m<-- POST /wd/hub/session/e5805494-027c-4665-9608-05ddb49c85e6/elements [39m[32m200[39m [90m510 ms - 1291[39m [90m[39m
[38;5;42m[e5805494][0m[38;5;86m[HTTP][0m [37m-->[39m [37mGET[39m [37m/wd/hub/session/e5805494-027c-4665-9608-05ddb49c85e6/element/00000000-0000-06e0-ffff-ffff000000ab/rect[39m [90m{}[39m
[38;5;42m[e5805494][0m[38;5;-51m[AndroidUiautomator2Driver@9d7f][0m Driver proxy active, passing request on via HTTP proxy
[38;5;42m[e5805494][0m[38;5;-51m[AndroidUiautomator2Driver@9d7f][0m Replacing sessionId 1f15bdad-d02b-48e5-89fa-a277cb3b9041 with e5805494-027c-4665-9608-05ddb49c85e6
[38;5;42m[e5805494][0m[38;5;86m[HTTP][0m [37m<-- GET /wd/hub/session/e5805494-027c-4665-9608-05ddb49c85e6/element/00000000-0000-06e0-ffff-ffff000000ab/rect [39m[32m200[39m [90m807 ms - 99[39m [90m[39m
[38;5;42m[e5805494][0m[38;5;86m[HTTP][0m [37m-->[39m [37mPOST[39m [37m/wd/hub/session/e5805494-027c-4665-9608-05ddb49c85e6/timeouts[39m [90m{"implicit":40000}[39m
[38;5;42m[e5805494][0m[38;5;86m[HTTP][0m [37m<-- POST /wd/hub/session/e5805494-027c-4665-9608-05ddb49c85e6/timeouts [39m[32m200[39m [90m1 ms - 14[39m [90m[39m
[38;5;42m[e5805494][0m[38;5;86m[HTTP][0m [37m-->[39m [37mPOST[39m [37m/wd/hub/session/e5805494-027c-4665-9608-05ddb49c85e6/element/00000000-0000-06e0-ffff-ffff000000ab/click[39m [90m{"id":"00000000-0000-06e0-ffff-ffff000000ab"}[39m
[38;5;42m[e5805494][0m[38;5;86m[HTTP][0m [37m<-- POST /wd/hub/session/e5805494-027c-4665-9608-05ddb49c85e6/element/00000000-0000-06e0-ffff-ffff000000ab/click [39m[32m200[39m [90m112 ms - 14[39m [90m[39m
[38;5;42m[e5805494][0m[38;5;86m[HTTP][0m [37m-->[39m [37mPOST[39m [37m/wd/hub/session/e5805494-027c-4665-9608-05ddb49c85e6/timeouts[39m [90m{"implicit":50}[39m
[38;5;42m[e5805494][0m[38;5;86m[HTTP][0m [37m<-- POST /wd/hub/session/e5805494-027c-4665-9608-05ddb49c85e6/timeouts [39m[32m200[39m [90m1 ms - 14[39m [90m[39m
[38;5;42m[e5805494][0m[38;5;86m[HTTP][0m [37m-->[39m [37mGET[39m [37m/wd/hub/session/e5805494-027c-4665-9608-05ddb49c85e6/window/rect[39m [90m{}[39m
[38;5;42m[e5805494][0m[38;5;86m[HTTP][0m [37m<-- GET /wd/hub/session/e5805494-027c-4665-9608-05ddb49c85e6/window/rect [39m[32m200[39m [90m36 ms - 49[39m [90m[39m
[38;5;42m[e5805494][0m[38;5;86m[HTTP][0m [37m-->[39m [37mPOST[39m [37m/wd/hub/session/e5805494-027c-4665-9608-05ddb49c85e6/elements[39m [90m{"using":"xpath","value":"//*[@class = 'android.widget.TextView' and (@text = 'Car Park Help-Desk' or . = 'Car Park Help-Desk')]"}[39m
[38;5;42m[e5805494][0m[38;5;86m[HTTP][0m [37m<-- POST /wd/hub/session/e5805494-027c-4665-9608-05ddb49c85e6/elements [39m[32m200[39m [90m771 ms - 139[39m [90m[39m
[38;5;42m[e5805494][0m[38;5;86m[HTTP][0m [37m-->[39m [37mGET[39m [37m/wd/hub/session/e5805494-027c-4665-9608-05ddb49c85e6/element/00000000-0000-06e0-ffff-ffff000000c9/rect[39m [90m{}[39m
[38;5;42m[e5805494][0m[38;5;-51m[AndroidUiautomator2Driver@9d7f][0m Driver proxy active, passing request on via HTTP proxy
[38;5;42m[e5805494][0m[38;5;-51m[AndroidUiautomator2Driver@9d7f][0m Replacing sessionId 1f15bdad-d02b-48e5-89fa-a277cb3b9041 with e5805494-027c-4665-9608-05ddb49c85e6
[38;5;42m[e5805494][0m[38;5;86m[HTTP][0m [37m<-- GET /wd/hub/session/e5805494-027c-4665-9608-05ddb49c85e6/element/00000000-0000-06e0-ffff-ffff000000c9/rect [39m[32m200[39m [90m799 ms - 102[39m [90m[39m
[38;5;42m[e5805494][0m[38;5;86m[HTTP][0m [37m-->[39m [37mPOST[39m [37m/wd/hub/session/e5805494-027c-4665-9608-05ddb49c85e6/timeouts[39m [90m{"implicit":40000}[39m
[38;5;42m[e5805494][0m[38;5;86m[HTTP][0m [37m<-- POST /wd/hub/session/e5805494-027c-4665-9608-05ddb49c85e6/timeouts [39m[32m200[39m [90m1 ms - 14[39m [90m[39m
[38;5;42m[e5805494][0m[38;5;86m[HTTP][0m [37m-->[39m [37mPOST[39m [37m/wd/hub/session/e5805494-027c-4665-9608-05ddb49c85e6/element/00000000-0000-06e0-ffff-ffff000000c9/click[39m [90m{"id":"00000000-0000-06e0-ffff-ffff000000c9"}[39m
[38;5;42m[e5805494][0m[38;5;86m[HTTP][0m [37m<-- POST /wd/hub/session/e5805494-027c-4665-9608-05ddb49c85e6/element/00000000-0000-06e0-ffff-ffff000000c9/click [39m[32m200[39m [90m98 ms - 14[39m [90m[39m
[38;5;42m[e5805494][0m[38;5;86m[HTTP][0m [37m-->[39m [37mPOST[39m [37m/wd/hub/session/e5805494-027c-4665-9608-05ddb49c85e6/timeouts[39m [90m{"implicit":50}[39m
[38;5;42m[e5805494][0m[38;5;86m[HTTP][0m [37m<-- POST /wd/hub/session/e5805494-027c-4665-9608-05ddb49c85e6/timeouts [39m[32m200[39m [90m1 ms - 14[39m [90m[39m
[38;5;42m[e5805494][0m[38;5;86m[HTTP][0m [37m-->[39m [37mGET[39m [37m/wd/hub/session/e5805494-027c-4665-9608-05ddb49c85e6/window/rect[39m [90m{}[39m
[38;5;42m[e5805494][0m[38;5;86m[HTTP][0m [37m<-- GET /wd/hub/session/e5805494-027c-4665-9608-05ddb49c85e6/window/rect [39m[32m200[39m [90m30 ms - 49[39m [90m[39m
[38;5;42m[e5805494][0m[38;5;86m[HTTP][0m [37m-->[39m [37mPOST[39m [37m/wd/hub/session/e5805494-027c-4665-9608-05ddb49c85e6/elements[39m [90m{"using":"xpath","value":"//*[@class = 'android.widget.ImageView' and (@text = '' or . = '')]"}[39m
[38;5;42m[e5805494][0m[38;5;86m[HTTP][0m [37m<-- POST /wd/hub/session/e5805494-027c-4665-9608-05ddb49c85e6/elements [39m[32m200[39m [90m373 ms - 1291[39m [90m[39m
[38;5;42m[e5805494][0m[38;5;86m[HTTP][0m [37m-->[39m [37mGET[39m [37m/wd/hub/session/e5805494-027c-4665-9608-05ddb49c85e6/element/00000000-0000-06e0-ffff-ffff000000ab/rect[39m [90m{}[39m
[38;5;42m[e5805494][0m[38;5;-51m[AndroidUiautomator2Driver@9d7f][0m Driver proxy active, passing request on via HTTP proxy
[38;5;42m[e5805494][0m[38;5;-51m[AndroidUiautomator2Driver@9d7f][0m Replacing sessionId 1f15bdad-d02b-48e5-89fa-a277cb3b9041 with e5805494-027c-4665-9608-05ddb49c85e6
[38;5;42m[e5805494][0m[38;5;86m[HTTP][0m [37m<-- GET /wd/hub/session/e5805494-027c-4665-9608-05ddb49c85e6/element/00000000-0000-06e0-ffff-ffff000000ab/rect [39m[32m200[39m [90m905 ms - 99[39m [90m[39m
[38;5;42m[e5805494][0m[38;5;86m[HTTP][0m [37m-->[39m [37mPOST[39m [37m/wd/hub/session/e5805494-027c-4665-9608-05ddb49c85e6/timeouts[39m [90m{"implicit":40000}[39m
[38;5;42m[e5805494][0m[38;5;86m[HTTP][0m [37m<-- POST /wd/hub/session/e5805494-027c-4665-9608-05ddb49c85e6/timeouts [39m[32m200[39m [90m1 ms - 14[39m [90m[39m
[38;5;42m[e5805494][0m[38;5;86m[HTTP][0m [37m-->[39m [37mPOST[39m [37m/wd/hub/session/e5805494-027c-4665-9608-05ddb49c85e6/element/00000000-0000-06e0-ffff-ffff000000ab/click[39m [90m{"id":"00000000-0000-06e0-ffff-ffff000000ab"}[39m
[38;5;42m[e5805494][0m[38;5;86m[HTTP][0m [37m<-- POST /wd/hub/session/e5805494-027c-4665-9608-05ddb49c85e6/element/00000000-0000-06e0-ffff-ffff000000ab/click [39m[32m200[39m [90m91 ms - 14[39m [90m[39m
[38;5;42m[e5805494][0m[38;5;86m[HTTP][0m [37m-->[39m [37mPOST[39m [37m/wd/hub/session/e5805494-027c-4665-9608-05ddb49c85e6/timeouts[39m [90m{"implicit":50}[39m
[38;5;42m[e5805494][0m[38;5;86m[HTTP][0m [37m<-- POST /wd/hub/session/e5805494-027c-4665-9608-05ddb49c85e6/timeouts [39m[32m200[39m [90m1 ms - 14[39m [90m[39m
[38;5;42m[e5805494][0m[38;5;86m[HTTP][0m [37m-->[39m [37mGET[39m [37m/wd/hub/session/e5805494-027c-4665-9608-05ddb49c85e6/window/rect[39m [90m{}[39m
[38;5;42m[e5805494][0m[38;5;86m[HTTP][0m [37m<-- GET /wd/hub/session/e5805494-027c-4665-9608-05ddb49c85e6/window/rect [39m[32m200[39m [90m33 ms - 49[39m [90m[39m
[38;5;42m[e5805494][0m[38;5;86m[HTTP][0m [37m-->[39m [37mPOST[39m [37m/wd/hub/session/e5805494-027c-4665-9608-05ddb49c85e6/elements[39m [90m{"using":"xpath","value":"//*[@class = 'android.widget.TextView' and (@text = 'Gift Wrapping' or . = 'Gift Wrapping')]"}[39m
[38;5;42m[e5805494][0m[38;5;86m[HTTP][0m [37m<-- POST /wd/hub/session/e5805494-027c-4665-9608-05ddb49c85e6/elements [39m[32m200[39m [90m738 ms - 139[39m [90m[39m
[38;5;42m[e5805494][0m[38;5;86m[HTTP][0m [37m-->[39m [37mGET[39m [37m/wd/hub/session/e5805494-027c-4665-9608-05ddb49c85e6/element/00000000-0000-06e0-ffff-ffff000000ce/rect[39m [90m{}[39m
[38;5;42m[e5805494][0m[38;5;-51m[AndroidUiautomator2Driver@9d7f][0m Driver proxy active, passing request on via HTTP proxy
[38;5;42m[e5805494][0m[38;5;-51m[AndroidUiautomator2Driver@9d7f][0m Replacing sessionId 1f15bdad-d02b-48e5-89fa-a277cb3b9041 with e5805494-027c-4665-9608-05ddb49c85e6
[38;5;42m[e5805494][0m[38;5;86m[HTTP][0m [37m<-- GET /wd/hub/session/e5805494-027c-4665-9608-05ddb49c85e6/element/00000000-0000-06e0-ffff-ffff000000ce/rect [39m[32m200[39m [90m338 ms - 101[39m [90m[39m
[38;5;42m[e5805494][0m[38;5;86m[HTTP][0m [37m-->[39m [37mPOST[39m [37m/wd/hub/session/e5805494-027c-4665-9608-05ddb49c85e6/timeouts[39m [90m{"implicit":40000}[39m
[38;5;42m[e5805494][0m[38;5;86m[HTTP][0m [37m<-- POST /wd/hub/session/e5805494-027c-4665-9608-05ddb49c85e6/timeouts [39m[32m200[39m [90m1 ms - 14[39m [90m[39m
[38;5;42m[e5805494][0m[38;5;86m[HTTP][0m [37m-->[39m [37mPOST[39m [37m/wd/hub/session/e5805494-027c-4665-9608-05ddb49c85e6/element/00000000-0000-06e0-ffff-ffff000000ce/click[39m [90m{"id":"00000000-0000-06e0-ffff-ffff000000ce"}[39m
[38;5;42m[e5805494][0m[38;5;86m[HTTP][0m [37m<-- POST /wd/hub/session/e5805494-027c-4665-9608-05ddb49c85e6/element/00000000-0000-06e0-ffff-ffff000000ce/click [39m[32m200[39m [90m104 ms - 14[39m [90m[39m
[38;5;42m[e5805494][0m[38;5;86m[HTTP][0m [37m-->[39m [37mPOST[39m [37m/wd/hub/session/e5805494-027c-4665-9608-05ddb49c85e6/timeouts[39m [90m{"implicit":50}[39m
[38;5;42m[e5805494][0m[38;5;86m[HTTP][0m [37m<-- POST /wd/hub/session/e5805494-027c-4665-9608-05ddb49c85e6/timeouts [39m[32m200[39m [90m1 ms - 14[39m [90m[39m
[38;5;42m[e5805494][0m[38;5;86m[HTTP][0m [37m-->[39m [37mGET[39m [37m/wd/hub/session/e5805494-027c-4665-9608-05ddb49c85e6/window/rect[39m [90m{}[39m
[38;5;42m[e5805494][0m[38;5;86m[HTTP][0m [37m<-- GET /wd/hub/session/e5805494-027c-4665-9608-05ddb49c85e6/window/rect [39m[32m200[39m [90m31 ms - 49[39m [90m[39m
[38;5;42m[e5805494][0m[38;5;86m[HTTP][0m [37m-->[39m [37mPOST[39m [37m/wd/hub/session/e5805494-027c-4665-9608-05ddb49c85e6/elements[39m [90m{"using":"xpath","value":"//*[@class = 'android.widget.ImageView' and (@text = '' or . = '')]"}[39m
[38;5;42m[e5805494][0m[38;5;86m[HTTP][0m [37m<-- POST /wd/hub/session/e5805494-027c-4665-9608-05ddb49c85e6/elements [39m[32m200[39m [90m364 ms - 1291[39m [90m[39m
[38;5;42m[e5805494][0m[38;5;86m[HTTP][0m [37m-->[39m [37mGET[39m [37m/wd/hub/session/e5805494-027c-4665-9608-05ddb49c85e6/element/00000000-0000-06e0-ffff-ffff000000ab/rect[39m [90m{}[39m
[38;5;42m[e5805494][0m[38;5;-51m[AndroidUiautomator2Driver@9d7f][0m Driver proxy active, passing request on via HTTP proxy
[38;5;42m[e5805494][0m[38;5;-51m[AndroidUiautomator2Driver@9d7f][0m Replacing sessionId 1f15bdad-d02b-48e5-89fa-a277cb3b9041 with e5805494-027c-4665-9608-05ddb49c85e6
[38;5;42m[e5805494][0m[38;5;86m[HTTP][0m [37m<-- GET /wd/hub/session/e5805494-027c-4665-9608-05ddb49c85e6/element/00000000-0000-06e0-ffff-ffff000000ab/rect [39m[32m200[39m [90m1006 ms - 99[39m [90m[39m
[38;5;42m[e5805494][0m[38;5;86m[HTTP][0m [37m-->[39m [37mPOST[39m [37m/wd/hub/session/e5805494-027c-4665-9608-05ddb49c85e6/timeouts[39m [90m{"implicit":40000}[39m
[38;5;42m[e5805494][0m[38;5;86m[HTTP][0m [37m<-- POST /wd/hub/session/e5805494-027c-4665-9608-05ddb49c85e6/timeouts [39m[32m200[39m [90m1 ms - 14[39m [90m[39m
[38;5;42m[e5805494][0m[38;5;86m[HTTP][0m [37m-->[39m [37mPOST[39m [37m/wd/hub/session/e5805494-027c-4665-9608-05ddb49c85e6/element/00000000-0000-06e0-ffff-ffff000000ab/click[39m [90m{"id":"00000000-0000-06e0-ffff-ffff000000ab"}[39m
[38;5;42m[e5805494][0m[38;5;86m[HTTP][0m [37m<-- POST /wd/hub/session/e5805494-027c-4665-9608-05ddb49c85e6/element/00000000-0000-06e0-ffff-ffff000000ab/click [39m[32m200[39m [90m80 ms - 14[39m [90m[39m
[38;5;42m[e5805494][0m[38;5;86m[HTTP][0m [37m-->[39m [37mPOST[39m [37m/wd/hub/session/e5805494-027c-4665-9608-05ddb49c85e6/timeouts[39m [90m{"implicit":50}[39m
[38;5;42m[e5805494][0m[38;5;86m[HTTP][0m [37m<-- POST /wd/hub/session/e5805494-027c-4665-9608-05ddb49c85e6/timeouts [39m[32m200[39m [90m1 ms - 14[39m [90m[39m
[38;5;42m[e5805494][0m[38;5;86m[HTTP][0m [37m-->[39m [37mGET[39m [37m/wd/hub/session/e5805494-027c-4665-9608-05ddb49c85e6/window/rect[39m [90m{}[39m
[38;5;42m[e5805494][0m[38;5;86m[HTTP][0m [37m<-- GET /wd/hub/session/e5805494-027c-4665-9608-05ddb49c85e6/window/rect [39m[32m200[39m [90m31 ms - 49[39m [90m[39m
[38;5;42m[e5805494][0m[38;5;86m[HTTP][0m [37m-->[39m [37mPOST[39m [37m/wd/hub/session/e5805494-027c-4665-9608-05ddb49c85e6/elements[39m [90m{"using":"xpath","value":"//*[@class = 'android.widget.TextView' and (@text = 'Lost & Found' or . = 'Lost & Found')]"}[39m
[38;5;42m[e5805494][0m[38;5;86m[HTTP][0m [37m<-- POST /wd/hub/session/e5805494-027c-4665-9608-05ddb49c85e6/elements [39m[32m200[39m [90m767 ms - 139[39m [90m[39m
[38;5;42m[e5805494][0m[38;5;86m[HTTP][0m [37m-->[39m [37mGET[39m [37m/wd/hub/session/e5805494-027c-4665-9608-05ddb49c85e6/element/00000000-0000-06e0-ffff-ffff000000d2/rect[39m [90m{}[39m
[38;5;42m[e5805494][0m[38;5;-51m[AndroidUiautomator2Driver@9d7f][0m Driver proxy active, passing request on via HTTP proxy
[38;5;42m[e5805494][0m[38;5;-51m[AndroidUiautomator2Driver@9d7f][0m Replacing sessionId 1f15bdad-d02b-48e5-89fa-a277cb3b9041 with e5805494-027c-4665-9608-05ddb49c85e6
[38;5;42m[e5805494][0m[38;5;86m[HTTP][0m [37m<-- GET /wd/hub/session/e5805494-027c-4665-9608-05ddb49c85e6/element/00000000-0000-06e0-ffff-ffff000000d2/rect [39m[32m200[39m [90m318 ms - 102[39m [90m[39m
[38;5;42m[e5805494][0m[38;5;86m[HTTP][0m [37m-->[39m [37mPOST[39m [37m/wd/hub/session/e5805494-027c-4665-9608-05ddb49c85e6/timeouts[39m [90m{"implicit":40000}[39m
[38;5;42m[e5805494][0m[38;5;86m[HTTP][0m [37m<-- POST /wd/hub/session/e5805494-027c-4665-9608-05ddb49c85e6/timeouts [39m[32m200[39m [90m1 ms - 14[39m [90m[39m
[38;5;42m[e5805494][0m[38;5;86m[HTTP][0m [37m-->[39m [37mPOST[39m [37m/wd/hub/session/e5805494-027c-4665-9608-05ddb49c85e6/element/00000000-0000-06e0-ffff-ffff000000d2/click[39m [90m{"id":"00000000-0000-06e0-ffff-ffff000000d2"}[39m
[38;5;42m[e5805494][0m[38;5;86m[HTTP][0m [37m<-- POST /wd/hub/session/e5805494-027c-4665-9608-05ddb49c85e6/element/00000000-0000-06e0-ffff-ffff000000d2/click [39m[32m200[39m [90m75 ms - 14[39m [90m[39m
[38;5;42m[e5805494][0m[38;5;86m[HTTP][0m [37m-->[39m [37mPOST[39m [37m/wd/hub/session/e5805494-027c-4665-9608-05ddb49c85e6/timeouts[39m [90m{"implicit":50}[39m
[38;5;42m[e5805494][0m[38;5;86m[HTTP][0m [37m<-- POST /wd/hub/session/e5805494-027c-4665-9608-05ddb49c85e6/timeouts [39m[32m200[39m [90m1 ms - 14[39m [90m[39m
[38;5;42m[e5805494][0m[38;5;86m[HTTP][0m [37m-->[39m [37mGET[39m [37m/wd/hub/session/e5805494-027c-4665-9608-05ddb49c85e6/window/rect[39m [90m{}[39m
[38;5;42m[e5805494][0m[38;5;86m[HTTP][0m [37m<-- GET /wd/hub/session/e5805494-027c-4665-9608-05ddb49c85e6/window/rect [39m[32m200[39m [90m31 ms - 49[39m [90m[39m
[38;5;42m[e5805494][0m[38;5;86m[HTTP][0m [37m-->[39m [37mPOST[39m [37m/wd/hub/session/e5805494-027c-4665-9608-05ddb49c85e6/elements[39m [90m{"using":"xpath","value":"//*[@class = 'android.widget.ImageView' and (@text = '' or . = '')]"}[39m
[38;5;42m[e5805494][0m[38;5;86m[HTTP][0m [37m<-- POST /wd/hub/session/e5805494-027c-4665-9608-05ddb49c85e6/elements [39m[32m200[39m [90m374 ms - 1291[39m [90m[39m
[38;5;42m[e5805494][0m[38;5;86m[HTTP][0m [37m-->[39m [37mGET[39m [37m/wd/hub/session/e5805494-027c-4665-9608-05ddb49c85e6/element/00000000-0000-06e0-ffff-ffff000000ab/rect[39m [90m{}[39m
[38;5;42m[e5805494][0m[38;5;-51m[AndroidUiautomator2Driver@9d7f][0m Driver proxy active, passing request on via HTTP proxy
[38;5;42m[e5805494][0m[38;5;-51m[AndroidUiautomator2Driver@9d7f][0m Replacing sessionId 1f15bdad-d02b-48e5-89fa-a277cb3b9041 with e5805494-027c-4665-9608-05ddb49c85e6
[38;5;42m[e5805494][0m[38;5;86m[HTTP][0m [37m<-- GET /wd/hub/session/e5805494-027c-4665-9608-05ddb49c85e6/element/00000000-0000-06e0-ffff-ffff000000ab/rect [39m[32m200[39m [90m895 ms - 99[39m [90m[39m
[38;5;42m[e5805494][0m[38;5;86m[HTTP][0m [37m-->[39m [37mPOST[39m [37m/wd/hub/session/e5805494-027c-4665-9608-05ddb49c85e6/timeouts[39m [90m{"implicit":40000}[39m
[38;5;42m[e5805494][0m[38;5;86m[HTTP][0m [37m<-- POST /wd/hub/session/e5805494-027c-4665-9608-05ddb49c85e6/timeouts [39m[32m200[39m [90m1 ms - 14[39m [90m[39m
[38;5;42m[e5805494][0m[38;5;86m[HTTP][0m [37m-->[39m [37mPOST[39m [37m/wd/hub/session/e5805494-027c-4665-9608-05ddb49c85e6/element/00000000-0000-06e0-ffff-ffff000000ab/click[39m [90m{"id":"00000000-0000-06e0-ffff-ffff000000ab"}[39m
[38;5;42m[e5805494][0m[38;5;86m[HTTP][0m [37m<-- POST /wd/hub/session/e5805494-027c-4665-9608-05ddb49c85e6/element/00000000-0000-06e0-ffff-ffff000000ab/click [39m[32m200[39m [90m82 ms - 14[39m [90m[39m
[38;5;42m[e5805494][0m[38;5;86m[HTTP][0m [37m-->[39m [37mPOST[39m [37m/wd/hub/session/e5805494-027c-4665-9608-05ddb49c85e6/timeouts[39m [90m{"implicit":50}[39m
[38;5;42m[e5805494][0m[38;5;86m[HTTP][0m [37m<-- POST /wd/hub/session/e5805494-027c-4665-9608-05ddb49c85e6/timeouts [39m[32m200[39m [90m1 ms - 14[39m [90m[39m
[38;5;42m[e5805494][0m[38;5;86m[HTTP][0m [37m-->[39m [37mGET[39m [37m/wd/hub/session/e5805494-027c-4665-9608-05ddb49c85e6/window/rect[39m [90m{}[39m
[38;5;42m[e5805494][0m[38;5;86m[HTTP][0m [37m<-- GET /wd/hub/session/e5805494-027c-4665-9608-05ddb49c85e6/window/rect [39m[32m200[39m [90m34 ms - 49[39m [90m[39m
[38;5;42m[e5805494][0m[38;5;86m[HTTP][0m [37m-->[39m [37mPOST[39m [37m/wd/hub/session/e5805494-027c-4665-9608-05ddb49c85e6/elements[39m [90m{"using":"xpath","value":"//*[@class = 'android.widget.TextView' and (@text = 'Amenities' or . = 'Amenities')]"}[39m
[38;5;42m[e5805494][0m[38;5;86m[HTTP][0m [37m<-- POST /wd/hub/session/e5805494-027c-4665-9608-05ddb49c85e6/elements [39m[32m200[39m [90m711 ms - 267[39m [90m[39m
[38;5;42m[e5805494][0m[38;5;86m[HTTP][0m [37m-->[39m [37mGET[39m [37m/wd/hub/session/e5805494-027c-4665-9608-05ddb49c85e6/element/00000000-0000-06e0-ffff-ffff000000b9/rect[39m [90m{}[39m
[38;5;42m[e5805494][0m[38;5;-51m[AndroidUiautomator2Driver@9d7f][0m Driver proxy active, passing request on via HTTP proxy
[38;5;42m[e5805494][0m[38;5;-51m[AndroidUiautomator2Driver@9d7f][0m Replacing sessionId 1f15bdad-d02b-48e5-89fa-a277cb3b9041 with e5805494-027c-4665-9608-05ddb49c85e6
[38;5;42m[e5805494][0m[38;5;86m[HTTP][0m [37m<-- GET /wd/hub/session/e5805494-027c-4665-9608-05ddb49c85e6/element/00000000-0000-06e0-ffff-ffff000000b9/rect [39m[32m200[39m [90m353 ms - 103[39m [90m[39m
[38;5;42m[e5805494][0m[38;5;86m[HTTP][0m [37m-->[39m [37mPOST[39m [37m/wd/hub/session/e5805494-027c-4665-9608-05ddb49c85e6/timeouts[39m [90m{"implicit":40000}[39m
[38;5;42m[e5805494][0m[38;5;86m[HTTP][0m [37m<-- POST /wd/hub/session/e5805494-027c-4665-9608-05ddb49c85e6/timeouts [39m[32m200[39m [90m1 ms - 14[39m [90m[39m
[38;5;42m[e5805494][0m[38;5;86m[HTTP][0m [37m-->[39m [37mPOST[39m [37m/wd/hub/session/e5805494-027c-4665-9608-05ddb49c85e6/element/00000000-0000-06e0-ffff-ffff000000b9/click[39m [90m{"id":"00000000-0000-06e0-ffff-ffff000000b9"}[39m
[38;5;42m[e5805494][0m[38;5;86m[HTTP][0m [37m<-- POST /wd/hub/session/e5805494-027c-4665-9608-05ddb49c85e6/element/00000000-0000-06e0-ffff-ffff000000b9/click [39m[32m200[39m [90m90 ms - 14[39m [90m[39m
[38;5;42m[e5805494][0m[38;5;86m[HTTP][0m [37m-->[39m [37mPOST[39m [37m/wd/hub/session/e5805494-027c-4665-9608-05ddb49c85e6/timeouts[39m [90m{"implicit":50}[39m
[38;5;42m[e5805494][0m[38;5;86m[HTTP][0m [37m<-- POST /wd/hub/session/e5805494-027c-4665-9608-05ddb49c85e6/timeouts [39m[32m200[39m [90m1 ms - 14[39m [90m[39m
[38;5;42m[e5805494][0m[38;5;86m[HTTP][0m [37m-->[39m [37mGET[39m [37m/wd/hub/session/e5805494-027c-4665-9608-05ddb49c85e6/window/rect[39m [90m{}[39m
[38;5;42m[e5805494][0m[38;5;86m[HTTP][0m [37m<-- GET /wd/hub/session/e5805494-027c-4665-9608-05ddb49c85e6/window/rect [39m[32m200[39m [90m23 ms - 49[39m [90m[39m
[38;5;42m[e5805494][0m[38;5;86m[HTTP][0m [37m-->[39m [37mPOST[39m [37m/wd/hub/session/e5805494-027c-4665-9608-05ddb49c85e6/elements[39m [90m{"using":"xpath","value":"//*[@class = 'android.widget.TextView' and (@text = 'Baby Strollers' or . = 'Baby Strollers')]"}[39m
[38;5;42m[e5805494][0m[38;5;86m[HTTP][0m [37m<-- POST /wd/hub/session/e5805494-027c-4665-9608-05ddb49c85e6/elements [39m[32m200[39m [90m239 ms - 12[39m [90m[39m
[38;5;42m[e5805494][0m[38;5;86m[HTTP][0m [37m-->[39m [37mPOST[39m [37m/wd/hub/session/e5805494-027c-4665-9608-05ddb49c85e6/elements[39m [90m{"using":"xpath","value":"//*[@class = 'android.widget.TextView' and (@text = 'Baby Strollers' or . = 'Baby Strollers')]"}[39m
[38;5;42m[e5805494][0m[38;5;86m[HTTP][0m [37m<-- POST /wd/hub/session/e5805494-027c-4665-9608-05ddb49c85e6/elements [39m[32m200[39m [90m1510 ms - 139[39m [90m[39m
[38;5;42m[e5805494][0m[38;5;86m[HTTP][0m [37m-->[39m [37mGET[39m [37m/wd/hub/session/e5805494-027c-4665-9608-05ddb49c85e6/element/00000000-0000-06e0-ffff-ffff0000019c/rect[39m [90m{}[39m
[38;5;42m[e5805494][0m[38;5;-51m[AndroidUiautomator2Driver@9d7f][0m Driver proxy active, passing request on via HTTP proxy
[38;5;42m[e5805494][0m[38;5;-51m[AndroidUiautomator2Driver@9d7f][0m Replacing sessionId 1f15bdad-d02b-48e5-89fa-a277cb3b9041 with e5805494-027c-4665-9608-05ddb49c85e6
[38;5;42m[e5805494][0m[38;5;86m[HTTP][0m [37m<-- GET /wd/hub/session/e5805494-027c-4665-9608-05ddb49c85e6/element/00000000-0000-06e0-ffff-ffff0000019c/rect [39m[32m200[39m [90m33 ms - 101[39m [90m[39m
[38;5;42m[e5805494][0m[38;5;86m[HTTP][0m [37m-->[39m [37mPOST[39m [37m/wd/hub/session/e5805494-027c-4665-9608-05ddb49c85e6/timeouts[39m [90m{"implicit":40000}[39m
[38;5;42m[e5805494][0m[38;5;86m[HTTP][0m [37m<-- POST /wd/hub/session/e5805494-027c-4665-9608-05ddb49c85e6/timeouts [39m[32m200[39m [90m1 ms - 14[39m [90m[39m
[38;5;42m[e5805494][0m[38;5;86m[HTTP][0m [37m-->[39m [37mPOST[39m [37m/wd/hub/session/e5805494-027c-4665-9608-05ddb49c85e6/element/00000000-0000-06e0-ffff-ffff0000019c/click[39m [90m{"id":"00000000-0000-06e0-ffff-ffff0000019c"}[39m
[38;5;42m[e5805494][0m[38;5;86m[HTTP][0m [37m<-- POST /wd/hub/session/e5805494-027c-4665-9608-05ddb49c85e6/element/00000000-0000-06e0-ffff-ffff0000019c/click [39m[32m200[39m [90m79 ms - 14[39m [90m[39m
[38;5;42m[e5805494][0m[38;5;86m[HTTP][0m [37m-->[39m [37mPOST[39m [37m/wd/hub/session/e5805494-027c-4665-9608-05ddb49c85e6/timeouts[39m [90m{"implicit":50}[39m
[38;5;42m[e5805494][0m[38;5;86m[HTTP][0m [37m<-- POST /wd/hub/session/e5805494-027c-4665-9608-05ddb49c85e6/timeouts [39m[32m200[39m [90m1 ms - 14[39m [90m[39m
[38;5;42m[e5805494][0m[38;5;86m[HTTP][0m [37m-->[39m [37mGET[39m [37m/wd/hub/session/e5805494-027c-4665-9608-05ddb49c85e6/window/rect[39m [90m{}[39m
[38;5;42m[e5805494][0m[38;5;86m[HTTP][0m [37m<-- GET /wd/hub/session/e5805494-027c-4665-9608-05ddb49c85e6/window/rect [39m[32m200[39m [90m24 ms - 49[39m [90m[39m
[38;5;42m[e5805494][0m[38;5;86m[HTTP][0m [37m-->[39m [37mPOST[39m [37m/wd/hub/session/e5805494-027c-4665-9608-05ddb49c85e6/elements[39m [90m{"using":"xpath","value":"//*[@class = 'android.widget.ImageView' and (@text = '' or . = '')]"}[39m
[38;5;42m[e5805494][0m[38;5;86m[HTTP][0m [37m<-- POST /wd/hub/session/e5805494-027c-4665-9608-05ddb49c85e6/elements [39m[32m200[39m [90m433 ms - 1291[39m [90m[39m
[38;5;42m[e5805494][0m[38;5;86m[HTTP][0m [37m-->[39m [37mGET[39m [37m/wd/hub/session/e5805494-027c-4665-9608-05ddb49c85e6/element/00000000-0000-06e0-ffff-ffff00000186/rect[39m [90m{}[39m
[38;5;42m[e5805494][0m[38;5;-51m[AndroidUiautomator2Driver@9d7f][0m Driver proxy active, passing request on via HTTP proxy
[38;5;42m[e5805494][0m[38;5;-51m[AndroidUiautomator2Driver@9d7f][0m Replacing sessionId 1f15bdad-d02b-48e5-89fa-a277cb3b9041 with e5805494-027c-4665-9608-05ddb49c85e6
[38;5;42m[e5805494][0m[38;5;86m[HTTP][0m [37m<-- GET /wd/hub/session/e5805494-027c-4665-9608-05ddb49c85e6/element/00000000-0000-06e0-ffff-ffff00000186/rect [39m[32m200[39m [90m925 ms - 99[39m [90m[39m
[38;5;42m[e5805494][0m[38;5;86m[HTTP][0m [37m-->[39m [37mPOST[39m [37m/wd/hub/session/e5805494-027c-4665-9608-05ddb49c85e6/timeouts[39m [90m{"implicit":40000}[39m
[38;5;42m[e5805494][0m[38;5;86m[HTTP][0m [37m<-- POST /wd/hub/session/e5805494-027c-4665-9608-05ddb49c85e6/timeouts [39m[32m200[39m [90m1 ms - 14[39m [90m[39m
[38;5;42m[e5805494][0m[38;5;86m[HTTP][0m [37m-->[39m [37mPOST[39m [37m/wd/hub/session/e5805494-027c-4665-9608-05ddb49c85e6/element/00000000-0000-06e0-ffff-ffff00000186/click[39m [90m{"id":"00000000-0000-06e0-ffff-ffff00000186"}[39m
[38;5;42m[e5805494][0m[38;5;86m[HTTP][0m [37m<-- POST /wd/hub/session/e5805494-027c-4665-9608-05ddb49c85e6/element/00000000-0000-06e0-ffff-ffff00000186/click [39m[32m200[39m [90m83 ms - 14[39m [90m[39m
[38;5;42m[e5805494][0m[38;5;86m[HTTP][0m [37m-->[39m [37mPOST[39m [37m/wd/hub/session/e5805494-027c-4665-9608-05ddb49c85e6/timeouts[39m [90m{"implicit":50}[39m
[38;5;42m[e5805494][0m[38;5;86m[HTTP][0m [37m<-- POST /wd/hub/session/e5805494-027c-4665-9608-05ddb49c85e6/timeouts [39m[32m200[39m [90m1 ms - 14[39m [90m[39m
[38;5;42m[e5805494][0m[38;5;86m[HTTP][0m [37m-->[39m [37mGET[39m [37m/wd/hub/session/e5805494-027c-4665-9608-05ddb49c85e6/window/rect[39m [90m{}[39m
[38;5;42m[e5805494][0m[38;5;86m[HTTP][0m [37m<-- GET /wd/hub/session/e5805494-027c-4665-9608-05ddb49c85e6/window/rect [39m[32m200[39m [90m29 ms - 49[39m [90m[39m
[38;5;42m[e5805494][0m[38;5;86m[HTTP][0m [37m-->[39m [37mPOST[39m [37m/wd/hub/session/e5805494-027c-4665-9608-05ddb49c85e6/elements[39m [90m{"using":"xpath","value":"//*[@class = 'android.widget.TextView' and (@text = 'Handicapped Bathrooms' or . = 'Handicapped Bathrooms')]"}[39m
[38;5;42m[e5805494][0m[38;5;86m[HTTP][0m [37m<-- POST /wd/hub/session/e5805494-027c-4665-9608-05ddb49c85e6/elements [39m[32m200[39m [90m250 ms - 12[39m [90m[39m
[38;5;42m[e5805494][0m[38;5;86m[HTTP][0m [37m-->[39m [37mPOST[39m [37m/wd/hub/session/e5805494-027c-4665-9608-05ddb49c85e6/elements[39m [90m{"using":"xpath","value":"//*[@class = 'android.widget.TextView' and (@text = 'Handicapped Bathrooms' or . = 'Handicapped Bathrooms')]"}[39m
[38;5;42m[e5805494][0m[38;5;86m[HTTP][0m [37m<-- POST /wd/hub/session/e5805494-027c-4665-9608-05ddb49c85e6/elements [39m[32m200[39m [90m1123 ms - 139[39m [90m[39m
[38;5;42m[e5805494][0m[38;5;86m[HTTP][0m [37m-->[39m [37mGET[39m [37m/wd/hub/session/e5805494-027c-4665-9608-05ddb49c85e6/element/00000000-0000-06e0-ffff-ffff000001a0/rect[39m [90m{}[39m
[38;5;42m[e5805494][0m[38;5;-51m[AndroidUiautomator2Driver@9d7f][0m Driver proxy active, passing request on via HTTP proxy
[38;5;42m[e5805494][0m[38;5;-51m[AndroidUiautomator2Driver@9d7f][0m Replacing sessionId 1f15bdad-d02b-48e5-89fa-a277cb3b9041 with e5805494-027c-4665-9608-05ddb49c85e6
[38;5;42m[e5805494][0m[38;5;86m[HTTP][0m [37m<-- GET /wd/hub/session/e5805494-027c-4665-9608-05ddb49c85e6/element/00000000-0000-06e0-ffff-ffff000001a0/rect [39m[32m200[39m [90m32 ms - 102[39m [90m[39m
[38;5;42m[e5805494][0m[38;5;86m[HTTP][0m [37m-->[39m [37mPOST[39m [37m/wd/hub/session/e5805494-027c-4665-9608-05ddb49c85e6/timeouts[39m [90m{"implicit":40000}[39m
[38;5;42m[e5805494][0m[38;5;86m[HTTP][0m [37m<-- POST /wd/hub/session/e5805494-027c-4665-9608-05ddb49c85e6/timeouts [39m[32m200[39m [90m1 ms - 14[39m [90m[39m
[38;5;42m[e5805494][0m[38;5;86m[HTTP][0m [37m-->[39m [37mPOST[39m [37m/wd/hub/session/e5805494-027c-4665-9608-05ddb49c85e6/element/00000000-0000-06e0-ffff-ffff000001a0/click[39m [90m{"id":"00000000-0000-06e0-ffff-ffff000001a0"}[39m
[38;5;42m[e5805494][0m[38;5;86m[HTTP][0m [37m<-- POST /wd/hub/session/e5805494-027c-4665-9608-05ddb49c85e6/element/00000000-0000-06e0-ffff-ffff000001a0/click [39m[32m200[39m [90m71 ms - 14[39m [90m[39m
[38;5;42m[e5805494][0m[38;5;86m[HTTP][0m [37m-->[39m [37mPOST[39m [37m/wd/hub/session/e5805494-027c-4665-9608-05ddb49c85e6/timeouts[39m [90m{"implicit":50}[39m
[38;5;42m[e5805494][0m[38;5;86m[HTTP][0m [37m<-- POST /wd/hub/session/e5805494-027c-4665-9608-05ddb49c85e6/timeouts [39m[32m200[39m [90m1 ms - 14[39m [90m[39m
[38;5;42m[e5805494][0m[38;5;86m[HTTP][0m [37m-->[39m [37mGET[39m [37m/wd/hub/session/e5805494-027c-4665-9608-05ddb49c85e6/window/rect[39m [90m{}[39m
[38;5;42m[e5805494][0m[38;5;86m[HTTP][0m [37m<-- GET /wd/hub/session/e5805494-027c-4665-9608-05ddb49c85e6/window/rect [39m[32m200[39m [90m27 ms - 49[39m [90m[39m
[38;5;42m[e5805494][0m[38;5;86m[HTTP][0m [37m-->[39m [37mPOST[39m [37m/wd/hub/session/e5805494-027c-4665-9608-05ddb49c85e6/elements[39m [90m{"using":"xpath","value":"//*[@class = 'android.widget.ImageView' and (@text = '' or . = '')]"}[39m
[38;5;42m[e5805494][0m[38;5;86m[HTTP][0m [37m<-- POST /wd/hub/session/e5805494-027c-4665-9608-05ddb49c85e6/elements [39m[32m200[39m [90m373 ms - 1291[39m [90m[39m
[38;5;42m[e5805494][0m[38;5;86m[HTTP][0m [37m-->[39m [37mGET[39m [37m/wd/hub/session/e5805494-027c-4665-9608-05ddb49c85e6/element/00000000-0000-06e0-ffff-ffff00000186/rect[39m [90m{}[39m
[38;5;42m[e5805494][0m[38;5;-51m[AndroidUiautomator2Driver@9d7f][0m Driver proxy active, passing request on via HTTP proxy
[38;5;42m[e5805494][0m[38;5;-51m[AndroidUiautomator2Driver@9d7f][0m Replacing sessionId 1f15bdad-d02b-48e5-89fa-a277cb3b9041 with e5805494-027c-4665-9608-05ddb49c85e6
[38;5;42m[e5805494][0m[38;5;86m[HTTP][0m [37m<-- GET /wd/hub/session/e5805494-027c-4665-9608-05ddb49c85e6/element/00000000-0000-06e0-ffff-ffff00000186/rect [39m[32m200[39m [90m1010 ms - 99[39m [90m[39m
[38;5;42m[e5805494][0m[38;5;86m[HTTP][0m [37m-->[39m [37mPOST[39m [37m/wd/hub/session/e5805494-027c-4665-9608-05ddb49c85e6/timeouts[39m [90m{"implicit":40000}[39m
[38;5;42m[e5805494][0m[38;5;86m[HTTP][0m [37m<-- POST /wd/hub/session/e5805494-027c-4665-9608-05ddb49c85e6/timeouts [39m[32m200[39m [90m1 ms - 14[39m [90m[39m
[38;5;42m[e5805494][0m[38;5;86m[HTTP][0m [37m-->[39m [37mPOST[39m [37m/wd/hub/session/e5805494-027c-4665-9608-05ddb49c85e6/element/00000000-0000-06e0-ffff-ffff00000186/click[39m [90m{"id":"00000000-0000-06e0-ffff-ffff00000186"}[39m
[38;5;42m[e5805494][0m[38;5;86m[HTTP][0m [37m<-- POST /wd/hub/session/e5805494-027c-4665-9608-05ddb49c85e6/element/00000000-0000-06e0-ffff-ffff00000186/click [39m[32m200[39m [90m83 ms - 14[39m [90m[39m
[38;5;42m[e5805494][0m[38;5;86m[HTTP][0m [37m-->[39m [37mPOST[39m [37m/wd/hub/session/e5805494-027c-4665-9608-05ddb49c85e6/timeouts[39m [90m{"implicit":50}[39m
[38;5;42m[e5805494][0m[38;5;86m[HTTP][0m [37m<-- POST /wd/hub/session/e5805494-027c-4665-9608-05ddb49c85e6/timeouts [39m[32m200[39m [90m1 ms - 14[39m [90m[39m
[38;5;42m[e5805494][0m[38;5;86m[HTTP][0m [37m-->[39m [37mGET[39m [37m/wd/hub/session/e5805494-027c-4665-9608-05ddb49c85e6/window/rect[39m [90m{}[39m
[38;5;42m[e5805494][0m[38;5;86m[HTTP][0m [37m<-- GET /wd/hub/session/e5805494-027c-4665-9608-05ddb49c85e6/window/rect [39m[32m200[39m [90m28 ms - 49[39m [90m[39m
[38;5;42m[e5805494][0m[38;5;86m[HTTP][0m [37m-->[39m [37mPOST[39m [37m/wd/hub/session/e5805494-027c-4665-9608-05ddb49c85e6/elements[39m [90m{"using":"xpath","value":"//*[@class = 'android.widget.TextView' and (@text = concat(\"Parent\" , \"'\" , \"s rooms\") or . = concat(\"Parent\" , \"'\" , \"s rooms\"))]"}[39m
[38;5;42m[e5805494][0m[38;5;86m[HTTP][0m [37m<-- POST /wd/hub/session/e5805494-027c-4665-9608-05ddb49c85e6/elements [39m[32m200[39m [90m902 ms - 139[39m [90m[39m
[38;5;42m[e5805494][0m[38;5;86m[HTTP][0m [37m-->[39m [37mGET[39m [37m/wd/hub/session/e5805494-027c-4665-9608-05ddb49c85e6/element/00000000-0000-06e0-ffff-ffff000001a4/rect[39m [90m{}[39m
[38;5;42m[e5805494][0m[38;5;-51m[AndroidUiautomator2Driver@9d7f][0m Driver proxy active, passing request on via HTTP proxy
[38;5;42m[e5805494][0m[38;5;-51m[AndroidUiautomator2Driver@9d7f][0m Replacing sessionId 1f15bdad-d02b-48e5-89fa-a277cb3b9041 with e5805494-027c-4665-9608-05ddb49c85e6
[38;5;42m[e5805494][0m[38;5;86m[HTTP][0m [37m<-- GET /wd/hub/session/e5805494-027c-4665-9608-05ddb49c85e6/element/00000000-0000-06e0-ffff-ffff000001a4/rect [39m[32m200[39m [90m256 ms - 102[39m [90m[39m
[38;5;42m[e5805494][0m[38;5;86m[HTTP][0m [37m-->[39m [37mPOST[39m [37m/wd/hub/session/e5805494-027c-4665-9608-05ddb49c85e6/timeouts[39m [90m{"implicit":40000}[39m
[38;5;42m[e5805494][0m[38;5;86m[HTTP][0m [37m<-- POST /wd/hub/session/e5805494-027c-4665-9608-05ddb49c85e6/timeouts [39m[32m200[39m [90m1 ms - 14[39m [90m[39m
[38;5;42m[e5805494][0m[38;5;86m[HTTP][0m [37m-->[39m [37mPOST[39m [37m/wd/hub/session/e5805494-027c-4665-9608-05ddb49c85e6/element/00000000-0000-06e0-ffff-ffff000001a4/click[39m [90m{"id":"00000000-0000-06e0-ffff-ffff000001a4"}[39m
[38;5;42m[e5805494][0m[38;5;86m[HTTP][0m [37m<-- POST /wd/hub/session/e5805494-027c-4665-9608-05ddb49c85e6/element/00000000-0000-06e0-ffff-ffff000001a4/click [39m[32m200[39m [90m87 ms - 14[39m [90m[39m
[38;5;42m[e5805494][0m[38;5;86m[HTTP][0m [37m-->[39m [37mPOST[39m [37m/wd/hub/session/e5805494-027c-4665-9608-05ddb49c85e6/timeouts[39m [90m{"implicit":50}[39m
[38;5;42m[e5805494][0m[38;5;86m[HTTP][0m [37m<-- POST /wd/hub/session/e5805494-027c-4665-9608-05ddb49c85e6/timeouts [39m[32m200[39m [90m1 ms - 14[39m [90m[39m
[38;5;42m[e5805494][0m[38;5;86m[HTTP][0m [37m-->[39m [37mGET[39m [37m/wd/hub/session/e5805494-027c-4665-9608-05ddb49c85e6/window/rect[39m [90m{}[39m
[38;5;42m[e5805494][0m[38;5;86m[HTTP][0m [37m<-- GET /wd/hub/session/e5805494-027c-4665-9608-05ddb49c85e6/window/rect [39m[32m200[39m [90m26 ms - 49[39m [90m[39m
[38;5;42m[e5805494][0m[38;5;86m[HTTP][0m [37m-->[39m [37mPOST[39m [37m/wd/hub/session/e5805494-027c-4665-9608-05ddb49c85e6/elements[39m [90m{"using":"xpath","value":"//*[@class = 'android.widget.ImageView' and (@text = '' or . = '')]"}[39m
[38;5;42m[e5805494][0m[38;5;86m[HTTP][0m [37m<-- POST /wd/hub/session/e5805494-027c-4665-9608-05ddb49c85e6/elements [39m[32m200[39m [90m379 ms - 1291[39m [90m[39m
[38;5;42m[e5805494][0m[38;5;86m[HTTP][0m [37m-->[39m [37mGET[39m [37m/wd/hub/session/e5805494-027c-4665-9608-05ddb49c85e6/element/00000000-0000-06e0-ffff-ffff00000186/rect[39m [90m{}[39m
[38;5;42m[e5805494][0m[38;5;-51m[AndroidUiautomator2Driver@9d7f][0m Driver proxy active, passing request on via HTTP proxy
[38;5;42m[e5805494][0m[38;5;-51m[AndroidUiautomator2Driver@9d7f][0m Replacing sessionId 1f15bdad-d02b-48e5-89fa-a277cb3b9041 with e5805494-027c-4665-9608-05ddb49c85e6
[38;5;42m[e5805494][0m[38;5;86m[HTTP][0m [37m<-- GET /wd/hub/session/e5805494-027c-4665-9608-05ddb49c85e6/element/00000000-0000-06e0-ffff-ffff00000186/rect [39m[32m200[39m [90m928 ms - 99[39m [90m[39m
[38;5;42m[e5805494][0m[38;5;86m[HTTP][0m [37m-->[39m [37mPOST[39m [37m/wd/hub/session/e5805494-027c-4665-9608-05ddb49c85e6/timeouts[39m [90m{"implicit":40000}[39m
[38;5;42m[e5805494][0m[38;5;86m[HTTP][0m [37m<-- POST /wd/hub/session/e5805494-027c-4665-9608-05ddb49c85e6/timeouts [39m[32m200[39m [90m1 ms - 14[39m [90m[39m
[38;5;42m[e5805494][0m[38;5;86m[HTTP][0m [37m-->[39m [37mPOST[39m [37m/wd/hub/session/e5805494-027c-4665-9608-05ddb49c85e6/element/00000000-0000-06e0-ffff-ffff00000186/click[39m [90m{"id":"00000000-0000-06e0-ffff-ffff00000186"}[39m
[38;5;42m[e5805494][0m[38;5;86m[HTTP][0m [37m<-- POST /wd/hub/session/e5805494-027c-4665-9608-05ddb49c85e6/element/00000000-0000-06e0-ffff-ffff00000186/click [39m[32m200[39m [90m89 ms - 14[39m [90m[39m
[38;5;42m[e5805494][0m[38;5;86m[HTTP][0m [37m-->[39m [37mPOST[39m [37m/wd/hub/session/e5805494-027c-4665-9608-05ddb49c85e6/timeouts[39m [90m{"implicit":50}[39m
[38;5;42m[e5805494][0m[38;5;86m[HTTP][0m [37m<-- POST /wd/hub/session/e5805494-027c-4665-9608-05ddb49c85e6/timeouts [39m[32m200[39m [90m1 ms - 14[39m [90m[39m
[38;5;42m[e5805494][0m[38;5;86m[HTTP][0m [37m-->[39m [37mGET[39m [37m/wd/hub/session/e5805494-027c-4665-9608-05ddb49c85e6/window/rect[39m [90m{}[39m
[38;5;42m[e5805494][0m[38;5;86m[HTTP][0m [37m<-- GET /wd/hub/session/e5805494-027c-4665-9608-05ddb49c85e6/window/rect [39m[32m200[39m [90m27 ms - 49[39m [90m[39m
[38;5;42m[e5805494][0m[38;5;86m[HTTP][0m [37m-->[39m [37mPOST[39m [37m/wd/hub/session/e5805494-027c-4665-9608-05ddb49c85e6/elements[39m [90m{"using":"xpath","value":"//*[@class = 'android.widget.TextView' and (@text = 'Surau' or . = 'Surau')]"}[39m
[38;5;42m[e5805494][0m[38;5;86m[HTTP][0m [37m<-- POST /wd/hub/session/e5805494-027c-4665-9608-05ddb49c85e6/elements [39m[32m200[39m [90m915 ms - 139[39m [90m[39m
[38;5;42m[e5805494][0m[38;5;86m[HTTP][0m [37m-->[39m [37mGET[39m [37m/wd/hub/session/e5805494-027c-4665-9608-05ddb49c85e6/element/00000000-0000-06e0-ffff-ffff000001a9/rect[39m [90m{}[39m
[38;5;42m[e5805494][0m[38;5;-51m[AndroidUiautomator2Driver@9d7f][0m Driver proxy active, passing request on via HTTP proxy
[38;5;42m[e5805494][0m[38;5;-51m[AndroidUiautomator2Driver@9d7f][0m Replacing sessionId 1f15bdad-d02b-48e5-89fa-a277cb3b9041 with e5805494-027c-4665-9608-05ddb49c85e6
[38;5;42m[e5805494][0m[38;5;86m[HTTP][0m [37m<-- GET /wd/hub/session/e5805494-027c-4665-9608-05ddb49c85e6/element/00000000-0000-06e0-ffff-ffff000001a9/rect [39m[32m200[39m [90m262 ms - 100[39m [90m[39m
[38;5;42m[e5805494][0m[38;5;86m[HTTP][0m [37m-->[39m [37mPOST[39m [37m/wd/hub/session/e5805494-027c-4665-9608-05ddb49c85e6/timeouts[39m [90m{"implicit":40000}[39m
[38;5;42m[e5805494][0m[38;5;86m[HTTP][0m [37m<-- POST /wd/hub/session/e5805494-027c-4665-9608-05ddb49c85e6/timeouts [39m[32m200[39m [90m1 ms - 14[39m [90m[39m
[38;5;42m[e5805494][0m[38;5;86m[HTTP][0m [37m-->[39m [37mPOST[39m [37m/wd/hub/session/e5805494-027c-4665-9608-05ddb49c85e6/element/00000000-0000-06e0-ffff-ffff000001a9/click[39m [90m{"id":"00000000-0000-06e0-ffff-ffff000001a9"}[39m
[38;5;42m[e5805494][0m[38;5;86m[HTTP][0m [37m<-- POST /wd/hub/session/e5805494-027c-4665-9608-05ddb49c85e6/element/00000000-0000-06e0-ffff-ffff000001a9/click [39m[32m200[39m [90m106 ms - 14[39m [90m[39m
[38;5;42m[e5805494][0m[38;5;86m[HTTP][0m [37m-->[39m [37mPOST[39m [37m/wd/hub/session/e5805494-027c-4665-9608-05ddb49c85e6/timeouts[39m [90m{"implicit":50}[39m
[38;5;42m[e5805494][0m[38;5;86m[HTTP][0m [37m<-- POST /wd/hub/session/e5805494-027c-4665-9608-05ddb49c85e6/timeouts [39m[32m200[39m [90m1 ms - 14[39m [90m[39m
[38;5;42m[e5805494][0m[38;5;86m[HTTP][0m [37m-->[39m [37mGET[39m [37m/wd/hub/session/e5805494-027c-4665-9608-05ddb49c85e6/window/rect[39m [90m{}[39m
[38;5;42m[e5805494][0m[38;5;86m[HTTP][0m [37m<-- GET /wd/hub/session/e5805494-027c-4665-9608-05ddb49c85e6/window/rect [39m[32m200[39m [90m26 ms - 49[39m [90m[39m
[38;5;42m[e5805494][0m[38;5;86m[HTTP][0m [37m-->[39m [37mPOST[39m [37m/wd/hub/session/e5805494-027c-4665-9608-05ddb49c85e6/elements[39m [90m{"using":"xpath","value":"//*[@class = 'android.widget.ImageView' and (@text = '' or . = '')]"}[39m
[38;5;42m[e5805494][0m[38;5;86m[HTTP][0m [37m<-- POST /wd/hub/session/e5805494-027c-4665-9608-05ddb49c85e6/elements [39m[32m200[39m [90m410 ms - 1291[39m [90m[39m
[38;5;42m[e5805494][0m[38;5;86m[HTTP][0m [37m-->[39m [37mGET[39m [37m/wd/hub/session/e5805494-027c-4665-9608-05ddb49c85e6/element/00000000-0000-06e0-ffff-ffff00000186/rect[39m [90m{}[39m
[38;5;42m[e5805494][0m[38;5;-51m[AndroidUiautomator2Driver@9d7f][0m Driver proxy active, passing request on via HTTP proxy
[38;5;42m[e5805494][0m[38;5;-51m[AndroidUiautomator2Driver@9d7f][0m Replacing sessionId 1f15bdad-d02b-48e5-89fa-a277cb3b9041 with e5805494-027c-4665-9608-05ddb49c85e6
[38;5;42m[e5805494][0m[38;5;86m[HTTP][0m [37m<-- GET /wd/hub/session/e5805494-027c-4665-9608-05ddb49c85e6/element/00000000-0000-06e0-ffff-ffff00000186/rect [39m[32m200[39m [90m946 ms - 99[39m [90m[39m
[38;5;42m[e5805494][0m[38;5;86m[HTTP][0m [37m-->[39m [37mPOST[39m [37m/wd/hub/session/e5805494-027c-4665-9608-05ddb49c85e6/timeouts[39m [90m{"implicit":40000}[39m
[38;5;42m[e5805494][0m[38;5;86m[HTTP][0m [37m<-- POST /wd/hub/session/e5805494-027c-4665-9608-05ddb49c85e6/timeouts [39m[32m200[39m [90m1 ms - 14[39m [90m[39m
[38;5;42m[e5805494][0m[38;5;86m[HTTP][0m [37m-->[39m [37mPOST[39m [37m/wd/hub/session/e5805494-027c-4665-9608-05ddb49c85e6/element/00000000-0000-06e0-ffff-ffff00000186/click[39m [90m{"id":"00000000-0000-06e0-ffff-ffff00000186"}[39m
[38;5;42m[e5805494][0m[38;5;86m[HTTP][0m [37m<-- POST /wd/hub/session/e5805494-027c-4665-9608-05ddb49c85e6/element/00000000-0000-06e0-ffff-ffff00000186/click [39m[32m200[39m [90m105 ms - 14[39m [90m[39m
[38;5;42m[e5805494][0m[38;5;86m[HTTP][0m [37m-->[39m [37mPOST[39m [37m/wd/hub/session/e5805494-027c-4665-9608-05ddb49c85e6/timeouts[39m [90m{"implicit":50}[39m
[38;5;42m[e5805494][0m[38;5;86m[HTTP][0m [37m<-- POST /wd/hub/session/e5805494-027c-4665-9608-05ddb49c85e6/timeouts [39m[32m200[39m [90m1 ms - 14[39m [90m[39m
[38;5;42m[e5805494][0m[38;5;86m[HTTP][0m [37m-->[39m [37mGET[39m [37m/wd/hub/session/e5805494-027c-4665-9608-05ddb49c85e6/window/rect[39m [90m{}[39m
[38;5;42m[e5805494][0m[38;5;86m[HTTP][0m [37m<-- GET /wd/hub/session/e5805494-027c-4665-9608-05ddb49c85e6/window/rect [39m[32m200[39m [90m26 ms - 49[39m [90m[39m
[38;5;42m[e5805494][0m[38;5;86m[HTTP][0m [37m-->[39m [37mPOST[39m [37m/wd/hub/session/e5805494-027c-4665-9608-05ddb49c85e6/elements[39m [90m{"using":"xpath","value":"//*[@class = 'android.widget.TextView' and (@text = 'Wheel Chairs' or . = 'Wheel Chairs')]"}[39m
[38;5;42m[e5805494][0m[38;5;86m[HTTP][0m [37m<-- POST /wd/hub/session/e5805494-027c-4665-9608-05ddb49c85e6/elements [39m[32m200[39m [90m497 ms - 12[39m [90m[39m
[38;5;42m[e5805494][0m[38;5;86m[HTTP][0m [37m-->[39m [37mPOST[39m [37m/wd/hub/session/e5805494-027c-4665-9608-05ddb49c85e6/elements[39m [90m{"using":"xpath","value":"//*[@class = 'android.widget.TextView' and (@text = 'Wheel Chairs' or . = 'Wheel Chairs')]"}[39m
[38;5;42m[e5805494][0m[38;5;86m[HTTP][0m [37m<-- POST /wd/hub/session/e5805494-027c-4665-9608-05ddb49c85e6/elements [39m[32m200[39m [90m974 ms - 139[39m [90m[39m
[38;5;42m[e5805494][0m[38;5;86m[HTTP][0m [37m-->[39m [37mGET[39m [37m/wd/hub/session/e5805494-027c-4665-9608-05ddb49c85e6/element/00000000-0000-06e0-ffff-ffff000001ad/rect[39m [90m{}[39m
[38;5;42m[e5805494][0m[38;5;-51m[AndroidUiautomator2Driver@9d7f][0m Driver proxy active, passing request on via HTTP proxy
[38;5;42m[e5805494][0m[38;5;-51m[AndroidUiautomator2Driver@9d7f][0m Replacing sessionId 1f15bdad-d02b-48e5-89fa-a277cb3b9041 with e5805494-027c-4665-9608-05ddb49c85e6
[38;5;42m[e5805494][0m[38;5;86m[HTTP][0m [37m<-- GET /wd/hub/session/e5805494-027c-4665-9608-05ddb49c85e6/element/00000000-0000-06e0-ffff-ffff000001ad/rect [39m[32m200[39m [90m28 ms - 102[39m [90m[39m
[38;5;42m[e5805494][0m[38;5;86m[HTTP][0m [37m-->[39m [37mPOST[39m [37m/wd/hub/session/e5805494-027c-4665-9608-05ddb49c85e6/timeouts[39m [90m{"implicit":40000}[39m
[38;5;42m[e5805494][0m[38;5;86m[HTTP][0m [37m<-- POST /wd/hub/session/e5805494-027c-4665-9608-05ddb49c85e6/timeouts [39m[32m200[39m [90m1 ms - 14[39m [90m[39m
[38;5;42m[e5805494][0m[38;5;86m[HTTP][0m [37m-->[39m [37mPOST[39m [37m/wd/hub/session/e5805494-027c-4665-9608-05ddb49c85e6/element/00000000-0000-06e0-ffff-ffff000001ad/click[39m [90m{"id":"00000000-0000-06e0-ffff-ffff000001ad"}[39m
[38;5;42m[e5805494][0m[38;5;86m[HTTP][0m [37m<-- POST /wd/hub/session/e5805494-027c-4665-9608-05ddb49c85e6/element/00000000-0000-06e0-ffff-ffff000001ad/click [39m[32m200[39m [90m81 ms - 14[39m [90m[39m
[38;5;42m[e5805494][0m[38;5;86m[HTTP][0m [37m-->[39m [37mPOST[39m [37m/wd/hub/session/e5805494-027c-4665-9608-05ddb49c85e6/timeouts[39m [90m{"implicit":50}[39m
[38;5;42m[e5805494][0m[38;5;86m[HTTP][0m [37m<-- POST /wd/hub/session/e5805494-027c-4665-9608-05ddb49c85e6/timeouts [39m[32m200[39m [90m1 ms - 14[39m [90m[39m
[38;5;42m[e5805494][0m[38;5;86m[HTTP][0m [37m-->[39m [37mGET[39m [37m/wd/hub/session/e5805494-027c-4665-9608-05ddb49c85e6/window/rect[39m [90m{}[39m
[38;5;42m[e5805494][0m[38;5;86m[HTTP][0m [37m<-- GET /wd/hub/session/e5805494-027c-4665-9608-05ddb49c85e6/window/rect [39m[32m200[39m [90m18 ms - 49[39m [90m[39m
[38;5;42m[e5805494][0m[38;5;86m[HTTP][0m [37m-->[39m [37mPOST[39m [37m/wd/hub/session/e5805494-027c-4665-9608-05ddb49c85e6/elements[39m [90m{"using":"xpath","value":"//*[@class = 'android.widget.ImageView' and (@text = '' or . = '')]"}[39m
[38;5;42m[e5805494][0m[38;5;86m[HTTP][0m [37m<-- POST /wd/hub/session/e5805494-027c-4665-9608-05ddb49c85e6/elements [39m[32m200[39m [90m346 ms - 1291[39m [90m[39m
[38;5;42m[e5805494][0m[38;5;86m[HTTP][0m [37m-->[39m [37mGET[39m [37m/wd/hub/session/e5805494-027c-4665-9608-05ddb49c85e6/element/00000000-0000-06e0-ffff-ffff00000186/rect[39m [90m{}[39m
[38;5;42m[e5805494][0m[38;5;-51m[AndroidUiautomator2Driver@9d7f][0m Driver proxy active, passing request on via HTTP proxy
[38;5;42m[e5805494][0m[38;5;-51m[AndroidUiautomator2Driver@9d7f][0m Replacing sessionId 1f15bdad-d02b-48e5-89fa-a277cb3b9041 with e5805494-027c-4665-9608-05ddb49c85e6
[38;5;42m[e5805494][0m[38;5;86m[HTTP][0m [37m<-- GET /wd/hub/session/e5805494-027c-4665-9608-05ddb49c85e6/element/00000000-0000-06e0-ffff-ffff00000186/rect [39m[32m200[39m [90m1045 ms - 99[39m [90m[39m
[38;5;42m[e5805494][0m[38;5;86m[HTTP][0m [37m-->[39m [37mPOST[39m [37m/wd/hub/session/e5805494-027c-4665-9608-05ddb49c85e6/timeouts[39m [90m{"implicit":40000}[39m
[38;5;42m[e5805494][0m[38;5;86m[HTTP][0m [37m<-- POST /wd/hub/session/e5805494-027c-4665-9608-05ddb49c85e6/timeouts [39m[32m200[39m [90m1 ms - 14[39m [90m[39m
[38;5;42m[e5805494][0m[38;5;86m[HTTP][0m [37m-->[39m [37mPOST[39m [37m/wd/hub/session/e5805494-027c-4665-9608-05ddb49c85e6/element/00000000-0000-06e0-ffff-ffff00000186/click[39m [90m{"id":"00000000-0000-06e0-ffff-ffff00000186"}[39m
[38;5;42m[e5805494][0m[38;5;86m[HTTP][0m [37m<-- POST /wd/hub/session/e5805494-027c-4665-9608-05ddb49c85e6/element/00000000-0000-06e0-ffff-ffff00000186/click [39m[32m200[39m [90m73 ms - 14[39m [90m[39m
[38;5;42m[e5805494][0m[38;5;86m[HTTP][0m [37m-->[39m [37mPOST[39m [37m/wd/hub/session/e5805494-027c-4665-9608-05ddb49c85e6/timeouts[39m [90m{"implicit":50}[39m
[38;5;42m[e5805494][0m[38;5;86m[HTTP][0m [37m<-- POST /wd/hub/session/e5805494-027c-4665-9608-05ddb49c85e6/timeouts [39m[32m200[39m [90m1 ms - 14[39m [90m[39m
[38;5;42m[e5805494][0m[38;5;86m[HTTP][0m [37m-->[39m [37mGET[39m [37m/wd/hub/session/e5805494-027c-4665-9608-05ddb49c85e6/window/rect[39m [90m{}[39m
[38;5;42m[e5805494][0m[38;5;86m[HTTP][0m [37m<-- GET /wd/hub/session/e5805494-027c-4665-9608-05ddb49c85e6/window/rect [39m[32m200[39m [90m26 ms - 49[39m [90m[39m
[38;5;42m[e5805494][0m[38;5;86m[HTTP][0m [37m-->[39m [37mPOST[39m [37m/wd/hub/session/e5805494-027c-4665-9608-05ddb49c85e6/elements[39m [90m{"using":"xpath","value":"//*[@class = 'android.widget.TextView' and (@text = 'Transport' or . = 'Transport')]"}[39m
[38;5;42m[e5805494][0m[38;5;86m[HTTP][0m [37m<-- POST /wd/hub/session/e5805494-027c-4665-9608-05ddb49c85e6/elements [39m[32m200[39m [90m826 ms - 395[39m [90m[39m
[38;5;42m[e5805494][0m[38;5;86m[HTTP][0m [37m-->[39m [37mGET[39m [37m/wd/hub/session/e5805494-027c-4665-9608-05ddb49c85e6/element/00000000-0000-06e0-ffff-ffff00000197/rect[39m [90m{}[39m
[38;5;42m[e5805494][0m[38;5;-51m[AndroidUiautomator2Driver@9d7f][0m Driver proxy active, passing request on via HTTP proxy
[38;5;42m[e5805494][0m[38;5;-51m[AndroidUiautomator2Driver@9d7f][0m Replacing sessionId 1f15bdad-d02b-48e5-89fa-a277cb3b9041 with e5805494-027c-4665-9608-05ddb49c85e6
[38;5;42m[e5805494][0m[38;5;86m[HTTP][0m [37m<-- GET /wd/hub/session/e5805494-027c-4665-9608-05ddb49c85e6/element/00000000-0000-06e0-ffff-ffff00000197/rect [39m[32m200[39m [90m314 ms - 103[39m [90m[39m
[38;5;42m[e5805494][0m[38;5;86m[HTTP][0m [37m-->[39m [37mPOST[39m [37m/wd/hub/session/e5805494-027c-4665-9608-05ddb49c85e6/timeouts[39m [90m{"implicit":40000}[39m
[38;5;42m[e5805494][0m[38;5;86m[HTTP][0m [37m<-- POST /wd/hub/session/e5805494-027c-4665-9608-05ddb49c85e6/timeouts [39m[32m200[39m [90m1 ms - 14[39m [90m[39m
[38;5;42m[e5805494][0m[38;5;86m[HTTP][0m [37m-->[39m [37mPOST[39m [37m/wd/hub/session/e5805494-027c-4665-9608-05ddb49c85e6/element/00000000-0000-06e0-ffff-ffff00000197/click[39m [90m{"id":"00000000-0000-06e0-ffff-ffff00000197"}[39m
[38;5;42m[e5805494][0m[38;5;86m[HTTP][0m [37m<-- POST /wd/hub/session/e5805494-027c-4665-9608-05ddb49c85e6/element/00000000-0000-06e0-ffff-ffff00000197/click [39m[32m200[39m [90m574 ms - 14[39m [90m[39m
[38;5;42m[e5805494][0m[38;5;86m[HTTP][0m [37m-->[39m [37mGET[39m [37m/wd/hub/session/e5805494-027c-4665-9608-05ddb49c85e6/context[39m [90m{}[39m
[38;5;42m[e5805494][0m[38;5;86m[HTTP][0m [37m<-- GET /wd/hub/session/e5805494-027c-4665-9608-05ddb49c85e6/context [39m[32m200[39m [90m1 ms - 22[39m [90m[39m
[38;5;42m[e5805494][0m[38;5;86m[HTTP][0m [37m-->[39m [37mGET[39m [37m/wd/hub/session/e5805494-027c-4665-9608-05ddb49c85e6/contexts[39m [90m{}[39m
[38;5;42m[e5805494][0m[38;5;86m[HTTP][0m [37m<-- GET /wd/hub/session/e5805494-027c-4665-9608-05ddb49c85e6/contexts [39m[32m200[39m [90m301 ms - 24[39m [90m[39m
[38;5;42m[e5805494][0m[38;5;86m[HTTP][0m [37m-->[39m [37mPOST[39m [37m/wd/hub/session/e5805494-027c-4665-9608-05ddb49c85e6/context[39m [90m{"name":"NATIVE_APP"}[39m
[38;5;42m[e5805494][0m[38;5;86m[HTTP][0m [37m<-- POST /wd/hub/session/e5805494-027c-4665-9608-05ddb49c85e6/context [39m[32m200[39m [90m1 ms - 14[39m [90m[39m
[38;5;42m[e5805494][0m[38;5;86m[HTTP][0m [37m-->[39m [37mGET[39m [37m/wd/hub/session/e5805494-027c-4665-9608-05ddb49c85e6/window/rect[39m [90m{}[39m
[38;5;42m[e5805494][0m[38;5;86m[HTTP][0m [37m<-- GET /wd/hub/session/e5805494-027c-4665-9608-05ddb49c85e6/window/rect [39m[32m200[39m [90m27 ms - 49[39m [90m[39m
[38;5;42m[e5805494][0m[38;5;86m[HTTP][0m [37m-->[39m [37mPOST[39m [37m/wd/hub/session/e5805494-027c-4665-9608-05ddb49c85e6/context[39m [90m{"name":"NATIVE_APP"}[39m
[38;5;42m[e5805494][0m[38;5;86m[HTTP][0m [37m<-- POST /wd/hub/session/e5805494-027c-4665-9608-05ddb49c85e6/context [39m[32m200[39m [90m1 ms - 14[39m [90m[39m
[38;5;42m[e5805494][0m[38;5;86m[HTTP][0m [37m-->[39m [37mGET[39m [37m/wd/hub/session/e5805494-027c-4665-9608-05ddb49c85e6/context[39m [90m{}[39m
[38;5;42m[e5805494][0m[38;5;86m[HTTP][0m [37m<-- GET /wd/hub/session/e5805494-027c-4665-9608-05ddb49c85e6/context [39m[32m200[39m [90m1 ms - 22[39m [90m[39m
[38;5;42m[e5805494][0m[38;5;86m[HTTP][0m [37m-->[39m [37mGET[39m [37m/wd/hub/session/e5805494-027c-4665-9608-05ddb49c85e6/contexts[39m [90m{}[39m
[38;5;42m[e5805494][0m[38;5;86m[HTTP][0m [37m<-- GET /wd/hub/session/e5805494-027c-4665-9608-05ddb49c85e6/contexts [39m[32m200[39m [90m284 ms - 24[39m [90m[39m
[38;5;42m[e5805494][0m[38;5;86m[HTTP][0m [37m-->[39m [37mPOST[39m [37m/wd/hub/session/e5805494-027c-4665-9608-05ddb49c85e6/context[39m [90m{"name":"NATIVE_APP"}[39m
[38;5;42m[e5805494][0m[38;5;86m[HTTP][0m [37m<-- POST /wd/hub/session/e5805494-027c-4665-9608-05ddb49c85e6/context [39m[32m200[39m [90m1 ms - 14[39m [90m[39m
[38;5;42m[e5805494][0m[38;5;86m[HTTP][0m [37m-->[39m [37mGET[39m [37m/wd/hub/session/e5805494-027c-4665-9608-05ddb49c85e6/window/rect[39m [90m{}[39m
[38;5;42m[e5805494][0m[38;5;86m[HTTP][0m [37m<-- GET /wd/hub/session/e5805494-027c-4665-9608-05ddb49c85e6/window/rect [39m[32m200[39m [90m25 ms - 49[39m [90m[39m
[38;5;42m[e5805494][0m[38;5;86m[HTTP][0m [37m-->[39m [37mPOST[39m [37m/wd/hub/session/e5805494-027c-4665-9608-05ddb49c85e6/context[39m [90m{"name":"NATIVE_APP"}[39m
[38;5;42m[e5805494][0m[38;5;86m[HTTP][0m [37m<-- POST /wd/hub/session/e5805494-027c-4665-9608-05ddb49c85e6/context [39m[32m200[39m [90m1 ms - 14[39m [90m[39m
[38;5;42m[e5805494][0m[38;5;86m[HTTP][0m [37m-->[39m [37mGET[39m [37m/wd/hub/session/e5805494-027c-4665-9608-05ddb49c85e6/context[39m [90m{}[39m
[38;5;42m[e5805494][0m[38;5;86m[HTTP][0m [37m<-- GET /wd/hub/session/e5805494-027c-4665-9608-05ddb49c85e6/context [39m[32m200[39m [90m1 ms - 22[39m [90m[39m
[38;5;42m[e5805494][0m[38;5;86m[HTTP][0m [37m-->[39m [37mGET[39m [37m/wd/hub/session/e5805494-027c-4665-9608-05ddb49c85e6/contexts[39m [90m{}[39m
[38;5;42m[e5805494][0m[38;5;86m[HTTP][0m [37m<-- GET /wd/hub/session/e5805494-027c-4665-9608-05ddb49c85e6/contexts [39m[32m200[39m [90m272 ms - 24[39m [90m[39m
[38;5;42m[e5805494][0m[38;5;86m[HTTP][0m [37m-->[39m [37mPOST[39m [37m/wd/hub/session/e5805494-027c-4665-9608-05ddb49c85e6/context[39m [90m{"name":"NATIVE_APP"}[39m
[38;5;42m[e5805494][0m[38;5;86m[HTTP][0m [37m<-- POST /wd/hub/session/e5805494-027c-4665-9608-05ddb49c85e6/context [39m[32m200[39m [90m1 ms - 14[39m [90m[39m
[38;5;42m[e5805494][0m[38;5;86m[HTTP][0m [37m-->[39m [37mPOST[39m [37m/wd/hub/session/e5805494-027c-4665-9608-05ddb49c85e6/actions[39m [90m{"actions":[{"id":"finger","type":"pointer","parameters":{"pointerType":"touch"},"actions":[{"duration":0,"type":"pause"},{"duration":0,"x":360,"y":1064,"type":"pointerMove","origin":"viewport"},{"button":0,"type":"pointerDown"},{"duration":50,"type":"pause"},{"duration":500,"x":360,"y":456,"type":"pointerMove","origin":"viewport"},{"button":0,"type":"pointerUp"}]}]}[39m
[38;5;42m[e5805494][0m[38;5;86m[HTTP][0m [37m<-- POST /wd/hub/session/e5805494-027c-4665-9608-05ddb49c85e6/actions [39m[32m200[39m [90m843 ms - 14[39m [90m[39m
[38;5;42m[e5805494][0m[38;5;86m[HTTP][0m [37m-->[39m [37mPOST[39m [37m/wd/hub/session/e5805494-027c-4665-9608-05ddb49c85e6/context[39m [90m{"name":"NATIVE_APP"}[39m
[38;5;42m[e5805494][0m[38;5;86m[HTTP][0m [37m<-- POST /wd/hub/session/e5805494-027c-4665-9608-05ddb49c85e6/context [39m[32m200[39m [90m1 ms - 14[39m [90m[39m
[38;5;42m[e5805494][0m[38;5;86m[HTTP][0m [37m-->[39m [37mDELETE[39m [37m/wd/hub/session/e5805494-027c-4665-9608-05ddb49c85e6[39m [90m{}[39m
[38;5;42m[e5805494][0m[38;5;181m[AppiumDriver@bfc4][0m Removing session e5805494-027c-4665-9608-05ddb49c85e6 from our master session list
[38;5;42m[e5805494][0m[38;5;-51m[AndroidUiautomator2Driver@9d7f][0m Restoring hidden api policy to the device default configuration
[38;5;42m[e5805494][0m[38;5;86m[HTTP][0m [37m<-- DELETE /wd/hub/session/e5805494-027c-4665-9608-05ddb49c85e6 [39m[32m200[39m [90m289 ms - 14[39m [90m[39m
