[38;5;112m[Appium][0m Welcome to Appium v2.13.1
[38;5;112m[Appium][0m Non-default server args:
[38;5;112m[Appium][0m { basePath: [32m'/wd/hub'[39m, loglevel: [32m'info'[39m, port: [33m56446[39m }
[38;5;112m[Appium][0m Attempting to load driver uiautomator2...
[38;5;112m[Appium][0m Appium REST http interface listener started on http://0.0.0.0:56446/wd/hub
[38;5;112m[Appium][0m You can provide the following URLs in your client code to connect to this server:
	http://192.168.1.229:56446/wd/hub
	http://127.0.0.1:56446/wd/hub (only accessible from the same host)
[38;5;112m[Appium][0m Available drivers:
[38;5;112m[Appium][0m   - uiautomator2@3.9.5 (automationName 'UiAutomator2')
[38;5;112m[Appium][0m No plugins have been installed. Use the "appium plugin" command to install the one(s) you want to use.
[38;5;86m[HTTP][0m [37m-->[39m [37mGET[39m [37m/wd/hub/status[39m [90m{}[39m
[38;5;86m[HTTP][0m [37m<-- GET /wd/hub/status [39m[32m200[39m [90m4 ms - 111[39m [90m[39m
[38;5;86m[HTTP][0m [37m-->[39m [37mPOST[39m [37m/wd/hub/session[39m [90m{"capabilities":{"firstMatch":[{"appium:app":"C:\\Users\\TUF\\git\\test\\Test Files\\Setia_City_Mall_Version_5_13_11_(Version_Code_162).apk","appium:autoGrantPermissions":true,"appium:automationName":"uiautomator2","appium:deviceName":"samsung SM-A015F (Android 12)","appium:fullReset":false,"appium:newCommandTimeout":1800,"appium:noReset":true,"appium:platformName":"ANDROID","appium:platformVersion":"12","appium:systemPort":56445,"appium:udid":"R9PNC036RCJ","platformName":"ANDROID"}]},"desiredCapabilities":{"appium:app":"C:\\Users\\TUF\\git\\test\\Test Files\\Setia_City_Mall_Version_5_13_11_(Version_Code_162).apk","appium:autoGrantPermissions":true,"appium:automationName":"uiautomator2","appium:deviceName":"samsung SM-A015F (Android 12)","appium:fullReset":false,"appium:newCommandTimeout":1800,"appium:noReset":true,"appium:platformName":"ANDROID","appium:platformVersion":"12","appium:systemPort":56445,"appium:udid":"R9PNC036RCJ"}}[39m
[38;5;123m[BaseDriver][0m Ignoring capability 'appium:platformName=ANDROID' and using capability 'platformName=ANDROID'
[38;5;123m[BaseDriver][0m The capabilities ["platformName"] are standard capabilities and do not require "appium:" prefix
[38;5;112m[Appium][0m Attempting to find matching driver for automationName 'uiautomator2' and platformName 'ANDROID'
[38;5;112m[Appium][0m The 'uiautomator2' driver was installed and matched caps.
[38;5;112m[Appium][0m Will require it at C:\Users\TUF\.appium\node_modules\appium-uiautomator2-driver
[38;5;59m[AppiumDriver@f23d][0m Appium v2.13.1 creating new AndroidUiautomator2Driver (v3.9.5) session
[38;5;59m[AppiumDriver@f23d][0m Checking BaseDriver versions for Appium and AndroidUiautomator2Driver
[38;5;59m[AppiumDriver@f23d][0m Appium's BaseDriver version is 9.13.1
[38;5;59m[AppiumDriver@f23d][0m AndroidUiautomator2Driver's BaseDriver version is 9.13.1
[38;5;89m[36c3a32b][0m[38;5;-130m[AndroidUiautomator2Driver@c523][0m Session created with session id: 36c3a32b-f16b-4524-ad06-d04c014d6371
[38;5;89m[36c3a32b][0m[38;5;229m[ADB][0m Found 2 'build-tools' folders under 'C:\Users\TUF\AppData\Local\Android\Sdk' (newest first):
[38;5;89m[36c3a32b][0m[38;5;229m[ADB][0m     C:\Users\TUF\AppData\Local\Android\Sdk\build-tools\35.0.0
[38;5;89m[36c3a32b][0m[38;5;229m[ADB][0m     C:\Users\TUF\AppData\Local\Android\Sdk\build-tools\34.0.0
[38;5;89m[36c3a32b][0m[38;5;229m[ADB][0m Using 'adb.exe' from 'C:\Users\TUF\AppData\Local\Android\Sdk\platform-tools\adb.exe'
[38;5;89m[36c3a32b][0m[38;5;-130m[AndroidUiautomator2Driver@c523][0m Retrieving device list
[38;5;89m[36c3a32b][0m[38;5;-130m[AndroidUiautomator2Driver@c523][0m Using device: R9PNC036RCJ
[38;5;89m[36c3a32b][0m[38;5;229m[ADB][0m Using 'adb.exe' from 'C:\Users\TUF\AppData\Local\Android\Sdk\platform-tools\adb.exe'
[38;5;89m[36c3a32b][0m[38;5;123m[BaseDriver][0m Using local app 'C:\Users\TUF\git\test\Test Files\Setia_City_Mall_Version_5_13_11_(Version_Code_162).apk'
[38;5;89m[36c3a32b][0m[38;5;229m[ADB][0m Getting device platform version
[38;5;89m[36c3a32b][0m[38;5;-130m[AndroidUiautomator2Driver@c523][0m Relaxing hidden api policy
[38;5;89m[36c3a32b][0m[38;5;229m[ADB][0m Using 'aapt2.exe' from 'C:\Users\TUF\AppData\Local\Android\Sdk\build-tools\35.0.0\aapt2.exe'
[38;5;89m[36c3a32b][0m[38;5;229m[ADB][0m Package name: 'com.convep.setiacitymall'
[38;5;89m[36c3a32b][0m[38;5;229m[ADB][0m Main activity name: 'com.convep.scm.MainActivity'
[38;5;89m[36c3a32b][0m[38;5;-130m[AndroidUiautomator2Driver@c523][0m Server packages are not going to be (re)installed
[38;5;89m[36c3a32b][0m[38;5;229m[ADB][0m Adding packages ["io.appium.settings","io.appium.uiautomator2.server","io.appium.uiautomator2.server.test"] to Doze whitelist
[38;5;89m[36c3a32b][0m[38;5;-130m[AndroidUiautomator2Driver@c523][0m Starting UIAutomator2 server 7.1.7
[38;5;89m[36c3a32b][0m[38;5;-130m[AndroidUiautomator2Driver@c523][0m Using UIAutomator2 server from 'C:\Users\TUF\.appium\node_modules\appium-uiautomator2-driver\node_modules\appium-uiautomator2-server\apks\appium-uiautomator2-server-v7.1.7.apk' and test from 'C:\Users\TUF\.appium\node_modules\appium-uiautomator2-driver\node_modules\appium-uiautomator2-server\apks\appium-uiautomator2-server-debug-androidTest.apk'
[38;5;89m[36c3a32b][0m[38;5;-130m[AndroidUiautomator2Driver@c523][0m Waiting up to 30000ms for UiAutomator2 to be online...
[38;5;89m[36c3a32b][0m[38;5;-130m[AndroidUiautomator2Driver@c523][0m socket hang up
[38;5;89m[36c3a32b][0m[38;5;-130m[AndroidUiautomator2Driver@c523][0m socket hang up
[38;5;89m[36c3a32b][0m[38;5;-130m[AndroidUiautomator2Driver@c523][0m socket hang up
[38;5;89m[36c3a32b][0m[38;5;-130m[AndroidUiautomator2Driver@c523][0m socket hang up
[38;5;89m[36c3a32b][0m[38;5;-130m[AndroidUiautomator2Driver@c523][0m Determined the downstream protocol as 'W3C'
[38;5;89m[36c3a32b][0m[38;5;-130m[AndroidUiautomator2Driver@c523][0m Screen already unlocked, doing nothing
[38;5;89m[36c3a32b][0m[38;5;-130m[AndroidUiautomator2Driver@c523][0m Starting 'com.convep.setiacitymall/com.convep.scm.MainActivity and waiting for 'com.convep.setiacitymall/com.convep.scm.MainActivity'
[38;5;89m[36c3a32b][0m[38;5;-130m[AndroidUiautomator2Driver@c523][0m 'com.convep.setiacitymall' is already running and noReset is enabled. Set forceAppLaunch capability to true if the app must be forcefully restarted on session startup.
[38;5;89m[36c3a32b][0m[38;5;59m[AppiumDriver@f23d][0m New AndroidUiautomator2Driver session created successfully, session 36c3a32b-f16b-4524-ad06-d04c014d6371 added to master session list
[38;5;89m[36c3a32b][0m[38;5;86m[HTTP][0m [37m<-- POST /wd/hub/session [39m[32m200[39m [90m6690 ms - 1269[39m [90m[39m
[38;5;86m[HTTP][0m [37m-->[39m [37mGET[39m [37m/wd/hub/status[39m [90m{}[39m
[38;5;86m[HTTP][0m [37m<-- GET /wd/hub/status [39m[32m200[39m [90m1 ms - 111[39m [90m[39m
[38;5;89m[36c3a32b][0m[38;5;86m[HTTP][0m [37m-->[39m [37mPOST[39m [37m/wd/hub/session/36c3a32b-f16b-4524-ad06-d04c014d6371/timeouts[39m [90m{"implicit":40000}[39m
[38;5;89m[36c3a32b][0m[38;5;86m[HTTP][0m [37m<-- POST /wd/hub/session/36c3a32b-f16b-4524-ad06-d04c014d6371/timeouts [39m[32m200[39m [90m2 ms - 14[39m [90m[39m
[38;5;89m[36c3a32b][0m[38;5;86m[HTTP][0m [37m-->[39m [37mPOST[39m [37m/wd/hub/session/36c3a32b-f16b-4524-ad06-d04c014d6371/execute/sync[39m [90m{"script":"mobile: getSystemBars","args":[]}[39m
[38;5;89m[36c3a32b][0m[38;5;-130m[AndroidUiautomator2Driver@c523][0m Executing native command 'mobile: getSystemBars'
[38;5;89m[36c3a32b][0m[38;5;86m[HTTP][0m [37m<-- POST /wd/hub/session/36c3a32b-f16b-4524-ad06-d04c014d6371/execute/sync [39m[32m200[39m [90m130 ms - 148[39m [90m[39m
[38;5;89m[36c3a32b][0m[38;5;86m[HTTP][0m [37m-->[39m [37mPOST[39m [37m/wd/hub/session/36c3a32b-f16b-4524-ad06-d04c014d6371/timeouts[39m [90m{"implicit":50}[39m
[38;5;89m[36c3a32b][0m[38;5;86m[HTTP][0m [37m<-- POST /wd/hub/session/36c3a32b-f16b-4524-ad06-d04c014d6371/timeouts [39m[32m200[39m [90m1 ms - 14[39m [90m[39m
[38;5;89m[36c3a32b][0m[38;5;86m[HTTP][0m [37m-->[39m [37mGET[39m [37m/wd/hub/session/36c3a32b-f16b-4524-ad06-d04c014d6371/window/rect[39m [90m{}[39m
[38;5;89m[36c3a32b][0m[38;5;86m[HTTP][0m [37m<-- GET /wd/hub/session/36c3a32b-f16b-4524-ad06-d04c014d6371/window/rect [39m[32m200[39m [90m38 ms - 49[39m [90m[39m
[38;5;89m[36c3a32b][0m[38;5;86m[HTTP][0m [37m-->[39m [37mPOST[39m [37m/wd/hub/session/36c3a32b-f16b-4524-ad06-d04c014d6371/elements[39m [90m{"using":"xpath","value":"//*[@class = 'android.widget.ImageView' and (@text = '' or . = '')]"}[39m
[38;5;89m[36c3a32b][0m[38;5;86m[HTTP][0m [37m<-- POST /wd/hub/session/36c3a32b-f16b-4524-ad06-d04c014d6371/elements [39m[32m200[39m [90m2429 ms - 523[39m [90m[39m
[38;5;89m[36c3a32b][0m[38;5;86m[HTTP][0m [37m-->[39m [37mGET[39m [37m/wd/hub/session/36c3a32b-f16b-4524-ad06-d04c014d6371/element/00000000-0000-0762-ffff-ffff000000b9/rect[39m [90m{}[39m
[38;5;89m[36c3a32b][0m[38;5;-130m[AndroidUiautomator2Driver@c523][0m Driver proxy active, passing request on via HTTP proxy
[38;5;89m[36c3a32b][0m[38;5;-130m[AndroidUiautomator2Driver@c523][0m Replacing sessionId 27e04814-bd73-4975-bfea-f02ead705f8a with 36c3a32b-f16b-4524-ad06-d04c014d6371
[38;5;89m[36c3a32b][0m[38;5;86m[HTTP][0m [37m<-- GET /wd/hub/session/36c3a32b-f16b-4524-ad06-d04c014d6371/element/00000000-0000-0762-ffff-ffff000000b9/rect [39m[32m200[39m [90m58 ms - 102[39m [90m[39m
[38;5;89m[36c3a32b][0m[38;5;86m[HTTP][0m [37m-->[39m [37mPOST[39m [37m/wd/hub/session/36c3a32b-f16b-4524-ad06-d04c014d6371/timeouts[39m [90m{"implicit":40000}[39m
[38;5;89m[36c3a32b][0m[38;5;86m[HTTP][0m [37m<-- POST /wd/hub/session/36c3a32b-f16b-4524-ad06-d04c014d6371/timeouts [39m[32m200[39m [90m1 ms - 14[39m [90m[39m
[38;5;89m[36c3a32b][0m[38;5;86m[HTTP][0m [37m-->[39m [37mPOST[39m [37m/wd/hub/session/36c3a32b-f16b-4524-ad06-d04c014d6371/element/00000000-0000-0762-ffff-ffff000000b9/click[39m [90m{"id":"00000000-0000-0762-ffff-ffff000000b9"}[39m
[38;5;89m[36c3a32b][0m[38;5;86m[HTTP][0m [37m<-- POST /wd/hub/session/36c3a32b-f16b-4524-ad06-d04c014d6371/element/00000000-0000-0762-ffff-ffff000000b9/click [39m[32m200[39m [90m100 ms - 14[39m [90m[39m
[38;5;89m[36c3a32b][0m[38;5;86m[HTTP][0m [37m-->[39m [37mPOST[39m [37m/wd/hub/session/36c3a32b-f16b-4524-ad06-d04c014d6371/timeouts[39m [90m{"implicit":50}[39m
[38;5;89m[36c3a32b][0m[38;5;86m[HTTP][0m [37m<-- POST /wd/hub/session/36c3a32b-f16b-4524-ad06-d04c014d6371/timeouts [39m[32m200[39m [90m1 ms - 14[39m [90m[39m
[38;5;89m[36c3a32b][0m[38;5;86m[HTTP][0m [37m-->[39m [37mGET[39m [37m/wd/hub/session/36c3a32b-f16b-4524-ad06-d04c014d6371/window/rect[39m [90m{}[39m
[38;5;89m[36c3a32b][0m[38;5;86m[HTTP][0m [37m<-- GET /wd/hub/session/36c3a32b-f16b-4524-ad06-d04c014d6371/window/rect [39m[32m200[39m [90m38 ms - 49[39m [90m[39m
[38;5;89m[36c3a32b][0m[38;5;86m[HTTP][0m [37m-->[39m [37mPOST[39m [37m/wd/hub/session/36c3a32b-f16b-4524-ad06-d04c014d6371/elements[39m [90m{"using":"xpath","value":"//*[@class = 'android.widget.TextView' and (@text = 'About' or . = 'About')]"}[39m
[38;5;89m[36c3a32b][0m[38;5;86m[HTTP][0m [37m<-- POST /wd/hub/session/36c3a32b-f16b-4524-ad06-d04c014d6371/elements [39m[32m200[39m [90m631 ms - 12[39m [90m[39m
[38;5;89m[36c3a32b][0m[38;5;86m[HTTP][0m [37m-->[39m [37mPOST[39m [37m/wd/hub/session/36c3a32b-f16b-4524-ad06-d04c014d6371/elements[39m [90m{"using":"xpath","value":"//*[@class = 'android.widget.TextView' and (@text = 'About' or . = 'About')]"}[39m
[38;5;89m[36c3a32b][0m[38;5;86m[HTTP][0m [37m<-- POST /wd/hub/session/36c3a32b-f16b-4524-ad06-d04c014d6371/elements [39m[32m200[39m [90m595 ms - 12[39m [90m[39m
[38;5;89m[36c3a32b][0m[38;5;86m[HTTP][0m [37m-->[39m [37mPOST[39m [37m/wd/hub/session/36c3a32b-f16b-4524-ad06-d04c014d6371/elements[39m [90m{"using":"xpath","value":"//*[@class = 'android.widget.TextView' and (@text = 'About' or . = 'About')]"}[39m
[38;5;89m[36c3a32b][0m[38;5;86m[HTTP][0m [37m<-- POST /wd/hub/session/36c3a32b-f16b-4524-ad06-d04c014d6371/elements [39m[32m200[39m [90m960 ms - 12[39m [90m[39m
[38;5;89m[36c3a32b][0m[38;5;86m[HTTP][0m [37m-->[39m [37mPOST[39m [37m/wd/hub/session/36c3a32b-f16b-4524-ad06-d04c014d6371/elements[39m [90m{"using":"xpath","value":"//*[@class = 'android.widget.TextView' and (@text = 'About' or . = 'About')]"}[39m
[38;5;89m[36c3a32b][0m[38;5;86m[HTTP][0m [37m<-- POST /wd/hub/session/36c3a32b-f16b-4524-ad06-d04c014d6371/elements [39m[32m200[39m [90m1322 ms - 12[39m [90m[39m
[38;5;89m[36c3a32b][0m[38;5;86m[HTTP][0m [37m-->[39m [37mPOST[39m [37m/wd/hub/session/36c3a32b-f16b-4524-ad06-d04c014d6371/elements[39m [90m{"using":"xpath","value":"//*[@class = 'android.widget.TextView' and (@text = 'About' or . = 'About')]"}[39m
[38;5;89m[36c3a32b][0m[38;5;86m[HTTP][0m [37m<-- POST /wd/hub/session/36c3a32b-f16b-4524-ad06-d04c014d6371/elements [39m[32m200[39m [90m531 ms - 12[39m [90m[39m
[38;5;89m[36c3a32b][0m[38;5;86m[HTTP][0m [37m-->[39m [37mPOST[39m [37m/wd/hub/session/36c3a32b-f16b-4524-ad06-d04c014d6371/elements[39m [90m{"using":"xpath","value":"//*[@class = 'android.widget.TextView' and (@text = 'About' or . = 'About')]"}[39m
[38;5;89m[36c3a32b][0m[38;5;86m[HTTP][0m [37m<-- POST /wd/hub/session/36c3a32b-f16b-4524-ad06-d04c014d6371/elements [39m[32m200[39m [90m321 ms - 12[39m [90m[39m
[38;5;89m[36c3a32b][0m[38;5;86m[HTTP][0m [37m-->[39m [37mPOST[39m [37m/wd/hub/session/36c3a32b-f16b-4524-ad06-d04c014d6371/elements[39m [90m{"using":"xpath","value":"//*[@class = 'android.widget.TextView' and (@text = 'About' or . = 'About')]"}[39m
[38;5;89m[36c3a32b][0m[38;5;86m[HTTP][0m [37m<-- POST /wd/hub/session/36c3a32b-f16b-4524-ad06-d04c014d6371/elements [39m[32m200[39m [90m285 ms - 12[39m [90m[39m
[38;5;89m[36c3a32b][0m[38;5;86m[HTTP][0m [37m-->[39m [37mPOST[39m [37m/wd/hub/session/36c3a32b-f16b-4524-ad06-d04c014d6371/elements[39m [90m{"using":"xpath","value":"//*[@class = 'android.widget.TextView' and (@text = 'About' or . = 'About')]"}[39m
[38;5;89m[36c3a32b][0m[38;5;86m[HTTP][0m [37m<-- POST /wd/hub/session/36c3a32b-f16b-4524-ad06-d04c014d6371/elements [39m[32m200[39m [90m291 ms - 12[39m [90m[39m
[38;5;89m[36c3a32b][0m[38;5;86m[HTTP][0m [37m-->[39m [37mPOST[39m [37m/wd/hub/session/36c3a32b-f16b-4524-ad06-d04c014d6371/elements[39m [90m{"using":"xpath","value":"//*[@class = 'android.widget.TextView' and (@text = 'About' or . = 'About')]"}[39m
[38;5;89m[36c3a32b][0m[38;5;86m[HTTP][0m [37m<-- POST /wd/hub/session/36c3a32b-f16b-4524-ad06-d04c014d6371/elements [39m[32m200[39m [90m278 ms - 12[39m [90m[39m
[38;5;89m[36c3a32b][0m[38;5;86m[HTTP][0m [37m-->[39m [37mPOST[39m [37m/wd/hub/session/36c3a32b-f16b-4524-ad06-d04c014d6371/elements[39m [90m{"using":"xpath","value":"//*[@class = 'android.widget.TextView' and (@text = 'About' or . = 'About')]"}[39m
[38;5;89m[36c3a32b][0m[38;5;86m[HTTP][0m [37m<-- POST /wd/hub/session/36c3a32b-f16b-4524-ad06-d04c014d6371/elements [39m[32m200[39m [90m554 ms - 12[39m [90m[39m
[38;5;89m[36c3a32b][0m[38;5;86m[HTTP][0m [37m-->[39m [37mPOST[39m [37m/wd/hub/session/36c3a32b-f16b-4524-ad06-d04c014d6371/elements[39m [90m{"using":"xpath","value":"//*[@class = 'android.widget.TextView' and (@text = 'About' or . = 'About')]"}[39m
[38;5;89m[36c3a32b][0m[38;5;86m[HTTP][0m [37m<-- POST /wd/hub/session/36c3a32b-f16b-4524-ad06-d04c014d6371/elements [39m[32m200[39m [90m676 ms - 12[39m [90m[39m
[38;5;89m[36c3a32b][0m[38;5;86m[HTTP][0m [37m-->[39m [37mPOST[39m [37m/wd/hub/session/36c3a32b-f16b-4524-ad06-d04c014d6371/elements[39m [90m{"using":"xpath","value":"//*[@class = 'android.widget.TextView' and (@text = 'About' or . = 'About')]"}[39m
[38;5;89m[36c3a32b][0m[38;5;86m[HTTP][0m [37m<-- POST /wd/hub/session/36c3a32b-f16b-4524-ad06-d04c014d6371/elements [39m[32m200[39m [90m176 ms - 12[39m [90m[39m
[38;5;89m[36c3a32b][0m[38;5;86m[HTTP][0m [37m-->[39m [37mPOST[39m [37m/wd/hub/session/36c3a32b-f16b-4524-ad06-d04c014d6371/elements[39m [90m{"using":"xpath","value":"//*[@class = 'android.widget.TextView' and (@text = 'About' or . = 'About')]"}[39m
[38;5;89m[36c3a32b][0m[38;5;86m[HTTP][0m [37m<-- POST /wd/hub/session/36c3a32b-f16b-4524-ad06-d04c014d6371/elements [39m[32m200[39m [90m173 ms - 12[39m [90m[39m
[38;5;89m[36c3a32b][0m[38;5;86m[HTTP][0m [37m-->[39m [37mPOST[39m [37m/wd/hub/session/36c3a32b-f16b-4524-ad06-d04c014d6371/elements[39m [90m{"using":"xpath","value":"//*[@class = 'android.widget.TextView' and (@text = 'About' or . = 'About')]"}[39m
[38;5;89m[36c3a32b][0m[38;5;86m[HTTP][0m [37m<-- POST /wd/hub/session/36c3a32b-f16b-4524-ad06-d04c014d6371/elements [39m[32m200[39m [90m161 ms - 12[39m [90m[39m
[38;5;89m[36c3a32b][0m[38;5;86m[HTTP][0m [37m-->[39m [37mPOST[39m [37m/wd/hub/session/36c3a32b-f16b-4524-ad06-d04c014d6371/elements[39m [90m{"using":"xpath","value":"//*[@class = 'android.widget.TextView' and (@text = 'About' or . = 'About')]"}[39m
[38;5;89m[36c3a32b][0m[38;5;86m[HTTP][0m [37m<-- POST /wd/hub/session/36c3a32b-f16b-4524-ad06-d04c014d6371/elements [39m[32m200[39m [90m153 ms - 12[39m [90m[39m
[38;5;89m[36c3a32b][0m[38;5;86m[HTTP][0m [37m-->[39m [37mPOST[39m [37m/wd/hub/session/36c3a32b-f16b-4524-ad06-d04c014d6371/elements[39m [90m{"using":"xpath","value":"//*[@class = 'android.widget.TextView' and (@text = 'About' or . = 'About')]"}[39m
[38;5;89m[36c3a32b][0m[38;5;86m[HTTP][0m [37m<-- POST /wd/hub/session/36c3a32b-f16b-4524-ad06-d04c014d6371/elements [39m[32m200[39m [90m155 ms - 12[39m [90m[39m
[38;5;89m[36c3a32b][0m[38;5;86m[HTTP][0m [37m-->[39m [37mPOST[39m [37m/wd/hub/session/36c3a32b-f16b-4524-ad06-d04c014d6371/elements[39m [90m{"using":"xpath","value":"//*[@class = 'android.widget.TextView' and (@text = 'About' or . = 'About')]"}[39m
[38;5;89m[36c3a32b][0m[38;5;86m[HTTP][0m [37m<-- POST /wd/hub/session/36c3a32b-f16b-4524-ad06-d04c014d6371/elements [39m[32m200[39m [90m138 ms - 12[39m [90m[39m
[38;5;89m[36c3a32b][0m[38;5;86m[HTTP][0m [37m-->[39m [37mPOST[39m [37m/wd/hub/session/36c3a32b-f16b-4524-ad06-d04c014d6371/elements[39m [90m{"using":"xpath","value":"//*[@class = 'android.widget.TextView' and (@text = 'About' or . = 'About')]"}[39m
[38;5;89m[36c3a32b][0m[38;5;86m[HTTP][0m [37m<-- POST /wd/hub/session/36c3a32b-f16b-4524-ad06-d04c014d6371/elements [39m[32m200[39m [90m146 ms - 12[39m [90m[39m
[38;5;89m[36c3a32b][0m[38;5;86m[HTTP][0m [37m-->[39m [37mPOST[39m [37m/wd/hub/session/36c3a32b-f16b-4524-ad06-d04c014d6371/elements[39m [90m{"using":"xpath","value":"//*[@class = 'android.widget.TextView' and (@text = 'About' or . = 'About')]"}[39m
[38;5;89m[36c3a32b][0m[38;5;86m[HTTP][0m [37m<-- POST /wd/hub/session/36c3a32b-f16b-4524-ad06-d04c014d6371/elements [39m[32m200[39m [90m152 ms - 12[39m [90m[39m
[38;5;89m[36c3a32b][0m[38;5;86m[HTTP][0m [37m-->[39m [37mPOST[39m [37m/wd/hub/session/36c3a32b-f16b-4524-ad06-d04c014d6371/elements[39m [90m{"using":"xpath","value":"//*[@class = 'android.widget.TextView' and (@text = 'About' or . = 'About')]"}[39m
[38;5;89m[36c3a32b][0m[38;5;86m[HTTP][0m [37m<-- POST /wd/hub/session/36c3a32b-f16b-4524-ad06-d04c014d6371/elements [39m[32m200[39m [90m148 ms - 12[39m [90m[39m
[38;5;89m[36c3a32b][0m[38;5;86m[HTTP][0m [37m-->[39m [37mPOST[39m [37m/wd/hub/session/36c3a32b-f16b-4524-ad06-d04c014d6371/elements[39m [90m{"using":"xpath","value":"//*[@class = 'android.widget.TextView' and (@text = 'About' or . = 'About')]"}[39m
[38;5;89m[36c3a32b][0m[38;5;86m[HTTP][0m [37m<-- POST /wd/hub/session/36c3a32b-f16b-4524-ad06-d04c014d6371/elements [39m[32m200[39m [90m196 ms - 12[39m [90m[39m
[38;5;89m[36c3a32b][0m[38;5;86m[HTTP][0m [37m-->[39m [37mPOST[39m [37m/wd/hub/session/36c3a32b-f16b-4524-ad06-d04c014d6371/elements[39m [90m{"using":"xpath","value":"//*[@class = 'android.widget.TextView' and (@text = 'About' or . = 'About')]"}[39m
[38;5;89m[36c3a32b][0m[38;5;86m[HTTP][0m [37m<-- POST /wd/hub/session/36c3a32b-f16b-4524-ad06-d04c014d6371/elements [39m[32m200[39m [90m150 ms - 12[39m [90m[39m
[38;5;89m[36c3a32b][0m[38;5;86m[HTTP][0m [37m-->[39m [37mPOST[39m [37m/wd/hub/session/36c3a32b-f16b-4524-ad06-d04c014d6371/elements[39m [90m{"using":"xpath","value":"//*[@class = 'android.widget.TextView' and (@text = 'About' or . = 'About')]"}[39m
[38;5;89m[36c3a32b][0m[38;5;86m[HTTP][0m [37m<-- POST /wd/hub/session/36c3a32b-f16b-4524-ad06-d04c014d6371/elements [39m[32m200[39m [90m129 ms - 12[39m [90m[39m
[38;5;89m[36c3a32b][0m[38;5;86m[HTTP][0m [37m-->[39m [37mPOST[39m [37m/wd/hub/session/36c3a32b-f16b-4524-ad06-d04c014d6371/elements[39m [90m{"using":"xpath","value":"//*[@class = 'android.widget.TextView' and (@text = 'About' or . = 'About')]"}[39m
[38;5;89m[36c3a32b][0m[38;5;86m[HTTP][0m [37m<-- POST /wd/hub/session/36c3a32b-f16b-4524-ad06-d04c014d6371/elements [39m[32m200[39m [90m113 ms - 12[39m [90m[39m
[38;5;89m[36c3a32b][0m[38;5;86m[HTTP][0m [37m-->[39m [37mPOST[39m [37m/wd/hub/session/36c3a32b-f16b-4524-ad06-d04c014d6371/elements[39m [90m{"using":"xpath","value":"//*[@class = 'android.widget.TextView' and (@text = 'About' or . = 'About')]"}[39m
[38;5;89m[36c3a32b][0m[38;5;86m[HTTP][0m [37m<-- POST /wd/hub/session/36c3a32b-f16b-4524-ad06-d04c014d6371/elements [39m[32m200[39m [90m131 ms - 12[39m [90m[39m
[38;5;89m[36c3a32b][0m[38;5;86m[HTTP][0m [37m-->[39m [37mPOST[39m [37m/wd/hub/session/36c3a32b-f16b-4524-ad06-d04c014d6371/elements[39m [90m{"using":"xpath","value":"//*[@class = 'android.widget.TextView' and (@text = 'About' or . = 'About')]"}[39m
[38;5;89m[36c3a32b][0m[38;5;86m[HTTP][0m [37m<-- POST /wd/hub/session/36c3a32b-f16b-4524-ad06-d04c014d6371/elements [39m[32m200[39m [90m122 ms - 12[39m [90m[39m
[38;5;89m[36c3a32b][0m[38;5;86m[HTTP][0m [37m-->[39m [37mPOST[39m [37m/wd/hub/session/36c3a32b-f16b-4524-ad06-d04c014d6371/elements[39m [90m{"using":"xpath","value":"//*[@class = 'android.widget.TextView' and (@text = 'About' or . = 'About')]"}[39m
[38;5;89m[36c3a32b][0m[38;5;86m[HTTP][0m [37m<-- POST /wd/hub/session/36c3a32b-f16b-4524-ad06-d04c014d6371/elements [39m[32m200[39m [90m127 ms - 12[39m [90m[39m
[38;5;89m[36c3a32b][0m[38;5;86m[HTTP][0m [37m-->[39m [37mPOST[39m [37m/wd/hub/session/36c3a32b-f16b-4524-ad06-d04c014d6371/elements[39m [90m{"using":"xpath","value":"//*[@class = 'android.widget.TextView' and (@text = 'About' or . = 'About')]"}[39m
[38;5;89m[36c3a32b][0m[38;5;86m[HTTP][0m [37m<-- POST /wd/hub/session/36c3a32b-f16b-4524-ad06-d04c014d6371/elements [39m[32m200[39m [90m125 ms - 12[39m [90m[39m
[38;5;89m[36c3a32b][0m[38;5;86m[HTTP][0m [37m-->[39m [37mPOST[39m [37m/wd/hub/session/36c3a32b-f16b-4524-ad06-d04c014d6371/elements[39m [90m{"using":"xpath","value":"//*[@class = 'android.widget.TextView' and (@text = 'About' or . = 'About')]"}[39m
[38;5;89m[36c3a32b][0m[38;5;86m[HTTP][0m [37m<-- POST /wd/hub/session/36c3a32b-f16b-4524-ad06-d04c014d6371/elements [39m[32m200[39m [90m136 ms - 12[39m [90m[39m
[38;5;89m[36c3a32b][0m[38;5;86m[HTTP][0m [37m-->[39m [37mPOST[39m [37m/wd/hub/session/36c3a32b-f16b-4524-ad06-d04c014d6371/elements[39m [90m{"using":"xpath","value":"//*[@class = 'android.widget.TextView' and (@text = 'About' or . = 'About')]"}[39m
[38;5;89m[36c3a32b][0m[38;5;86m[HTTP][0m [37m<-- POST /wd/hub/session/36c3a32b-f16b-4524-ad06-d04c014d6371/elements [39m[32m200[39m [90m119 ms - 12[39m [90m[39m
[38;5;89m[36c3a32b][0m[38;5;86m[HTTP][0m [37m-->[39m [37mPOST[39m [37m/wd/hub/session/36c3a32b-f16b-4524-ad06-d04c014d6371/elements[39m [90m{"using":"xpath","value":"//*[@class = 'android.widget.TextView' and (@text = 'About' or . = 'About')]"}[39m
[38;5;89m[36c3a32b][0m[38;5;86m[HTTP][0m [37m<-- POST /wd/hub/session/36c3a32b-f16b-4524-ad06-d04c014d6371/elements [39m[32m200[39m [90m97 ms - 12[39m [90m[39m
[38;5;89m[36c3a32b][0m[38;5;86m[HTTP][0m [37m-->[39m [37mPOST[39m [37m/wd/hub/session/36c3a32b-f16b-4524-ad06-d04c014d6371/elements[39m [90m{"using":"xpath","value":"//*[@class = 'android.widget.TextView' and (@text = 'About' or . = 'About')]"}[39m
[38;5;89m[36c3a32b][0m[38;5;86m[HTTP][0m [37m<-- POST /wd/hub/session/36c3a32b-f16b-4524-ad06-d04c014d6371/elements [39m[32m200[39m [90m98 ms - 12[39m [90m[39m
[38;5;89m[36c3a32b][0m[38;5;86m[HTTP][0m [37m-->[39m [37mPOST[39m [37m/wd/hub/session/36c3a32b-f16b-4524-ad06-d04c014d6371/elements[39m [90m{"using":"xpath","value":"//*[@class = 'android.widget.TextView' and (@text = 'About' or . = 'About')]"}[39m
[38;5;89m[36c3a32b][0m[38;5;86m[HTTP][0m [37m<-- POST /wd/hub/session/36c3a32b-f16b-4524-ad06-d04c014d6371/elements [39m[32m200[39m [90m111 ms - 12[39m [90m[39m
[38;5;89m[36c3a32b][0m[38;5;86m[HTTP][0m [37m-->[39m [37mPOST[39m [37m/wd/hub/session/36c3a32b-f16b-4524-ad06-d04c014d6371/elements[39m [90m{"using":"xpath","value":"//*[@class = 'android.widget.TextView' and (@text = 'About' or . = 'About')]"}[39m
[38;5;89m[36c3a32b][0m[38;5;86m[HTTP][0m [37m<-- POST /wd/hub/session/36c3a32b-f16b-4524-ad06-d04c014d6371/elements [39m[32m200[39m [90m113 ms - 12[39m [90m[39m
[38;5;89m[36c3a32b][0m[38;5;86m[HTTP][0m [37m-->[39m [37mPOST[39m [37m/wd/hub/session/36c3a32b-f16b-4524-ad06-d04c014d6371/elements[39m [90m{"using":"xpath","value":"//*[@class = 'android.widget.TextView' and (@text = 'About' or . = 'About')]"}[39m
[38;5;89m[36c3a32b][0m[38;5;86m[HTTP][0m [37m<-- POST /wd/hub/session/36c3a32b-f16b-4524-ad06-d04c014d6371/elements [39m[32m200[39m [90m111 ms - 12[39m [90m[39m
[38;5;89m[36c3a32b][0m[38;5;86m[HTTP][0m [37m-->[39m [37mPOST[39m [37m/wd/hub/session/36c3a32b-f16b-4524-ad06-d04c014d6371/elements[39m [90m{"using":"xpath","value":"//*[@class = 'android.widget.TextView' and (@text = 'About' or . = 'About')]"}[39m
[38;5;89m[36c3a32b][0m[38;5;86m[HTTP][0m [37m<-- POST /wd/hub/session/36c3a32b-f16b-4524-ad06-d04c014d6371/elements [39m[32m200[39m [90m92 ms - 12[39m [90m[39m
[38;5;89m[36c3a32b][0m[38;5;86m[HTTP][0m [37m-->[39m [37mPOST[39m [37m/wd/hub/session/36c3a32b-f16b-4524-ad06-d04c014d6371/elements[39m [90m{"using":"xpath","value":"//*[@class = 'android.widget.TextView' and (@text = 'About' or . = 'About')]"}[39m
[38;5;89m[36c3a32b][0m[38;5;86m[HTTP][0m [37m<-- POST /wd/hub/session/36c3a32b-f16b-4524-ad06-d04c014d6371/elements [39m[32m200[39m [90m110 ms - 12[39m [90m[39m
[38;5;89m[36c3a32b][0m[38;5;86m[HTTP][0m [37m-->[39m [37mPOST[39m [37m/wd/hub/session/36c3a32b-f16b-4524-ad06-d04c014d6371/elements[39m [90m{"using":"xpath","value":"//*[@class = 'android.widget.TextView' and (@text = 'About' or . = 'About')]"}[39m
[38;5;89m[36c3a32b][0m[38;5;86m[HTTP][0m [37m<-- POST /wd/hub/session/36c3a32b-f16b-4524-ad06-d04c014d6371/elements [39m[32m200[39m [90m109 ms - 12[39m [90m[39m
[38;5;89m[36c3a32b][0m[38;5;86m[HTTP][0m [37m-->[39m [37mPOST[39m [37m/wd/hub/session/36c3a32b-f16b-4524-ad06-d04c014d6371/elements[39m [90m{"using":"xpath","value":"//*[@class = 'android.widget.TextView' and (@text = 'About' or . = 'About')]"}[39m
[38;5;89m[36c3a32b][0m[38;5;86m[HTTP][0m [37m<-- POST /wd/hub/session/36c3a32b-f16b-4524-ad06-d04c014d6371/elements [39m[32m200[39m [90m116 ms - 12[39m [90m[39m
[38;5;89m[36c3a32b][0m[38;5;86m[HTTP][0m [37m-->[39m [37mPOST[39m [37m/wd/hub/session/36c3a32b-f16b-4524-ad06-d04c014d6371/elements[39m [90m{"using":"xpath","value":"//*[@class = 'android.widget.TextView' and (@text = 'About' or . = 'About')]"}[39m
[38;5;89m[36c3a32b][0m[38;5;86m[HTTP][0m [37m<-- POST /wd/hub/session/36c3a32b-f16b-4524-ad06-d04c014d6371/elements [39m[32m200[39m [90m109 ms - 12[39m [90m[39m
[38;5;89m[36c3a32b][0m[38;5;86m[HTTP][0m [37m-->[39m [37mPOST[39m [37m/wd/hub/session/36c3a32b-f16b-4524-ad06-d04c014d6371/elements[39m [90m{"using":"xpath","value":"//*[@class = 'android.widget.TextView' and (@text = 'About' or . = 'About')]"}[39m
[38;5;89m[36c3a32b][0m[38;5;86m[HTTP][0m [37m<-- POST /wd/hub/session/36c3a32b-f16b-4524-ad06-d04c014d6371/elements [39m[32m200[39m [90m107 ms - 12[39m [90m[39m
[38;5;89m[36c3a32b][0m[38;5;86m[HTTP][0m [37m-->[39m [37mPOST[39m [37m/wd/hub/session/36c3a32b-f16b-4524-ad06-d04c014d6371/elements[39m [90m{"using":"xpath","value":"//*[@class = 'android.widget.TextView' and (@text = 'About' or . = 'About')]"}[39m
[38;5;89m[36c3a32b][0m[38;5;86m[HTTP][0m [37m<-- POST /wd/hub/session/36c3a32b-f16b-4524-ad06-d04c014d6371/elements [39m[32m200[39m [90m87 ms - 12[39m [90m[39m
[38;5;89m[36c3a32b][0m[38;5;86m[HTTP][0m [37m-->[39m [37mPOST[39m [37m/wd/hub/session/36c3a32b-f16b-4524-ad06-d04c014d6371/elements[39m [90m{"using":"xpath","value":"//*[@class = 'android.widget.TextView' and (@text = 'About' or . = 'About')]"}[39m
[38;5;89m[36c3a32b][0m[38;5;86m[HTTP][0m [37m<-- POST /wd/hub/session/36c3a32b-f16b-4524-ad06-d04c014d6371/elements [39m[32m200[39m [90m86 ms - 12[39m [90m[39m
[38;5;89m[36c3a32b][0m[38;5;86m[HTTP][0m [37m-->[39m [37mPOST[39m [37m/wd/hub/session/36c3a32b-f16b-4524-ad06-d04c014d6371/elements[39m [90m{"using":"xpath","value":"//*[@class = 'android.widget.TextView' and (@text = 'About' or . = 'About')]"}[39m
[38;5;89m[36c3a32b][0m[38;5;86m[HTTP][0m [37m<-- POST /wd/hub/session/36c3a32b-f16b-4524-ad06-d04c014d6371/elements [39m[32m200[39m [90m574 ms - 12[39m [90m[39m
[38;5;89m[36c3a32b][0m[38;5;86m[HTTP][0m [37m-->[39m [37mPOST[39m [37m/wd/hub/session/36c3a32b-f16b-4524-ad06-d04c014d6371/elements[39m [90m{"using":"xpath","value":"//*[@class = 'android.widget.TextView' and (@text = 'About' or . = 'About')]"}[39m
[38;5;89m[36c3a32b][0m[38;5;86m[HTTP][0m [37m<-- POST /wd/hub/session/36c3a32b-f16b-4524-ad06-d04c014d6371/elements [39m[32m200[39m [90m82 ms - 12[39m [90m[39m
[38;5;89m[36c3a32b][0m[38;5;86m[HTTP][0m [37m-->[39m [37mPOST[39m [37m/wd/hub/session/36c3a32b-f16b-4524-ad06-d04c014d6371/elements[39m [90m{"using":"xpath","value":"//*[@class = 'android.widget.TextView' and (@text = 'About' or . = 'About')]"}[39m
[38;5;89m[36c3a32b][0m[38;5;86m[HTTP][0m [37m<-- POST /wd/hub/session/36c3a32b-f16b-4524-ad06-d04c014d6371/elements [39m[32m200[39m [90m93 ms - 12[39m [90m[39m
[38;5;89m[36c3a32b][0m[38;5;86m[HTTP][0m [37m-->[39m [37mPOST[39m [37m/wd/hub/session/36c3a32b-f16b-4524-ad06-d04c014d6371/elements[39m [90m{"using":"xpath","value":"//*[@class = 'android.widget.TextView' and (@text = 'About' or . = 'About')]"}[39m
[38;5;89m[36c3a32b][0m[38;5;86m[HTTP][0m [37m<-- POST /wd/hub/session/36c3a32b-f16b-4524-ad06-d04c014d6371/elements [39m[32m200[39m [90m104 ms - 12[39m [90m[39m
[38;5;89m[36c3a32b][0m[38;5;86m[HTTP][0m [37m-->[39m [37mPOST[39m [37m/wd/hub/session/36c3a32b-f16b-4524-ad06-d04c014d6371/elements[39m [90m{"using":"xpath","value":"//*[@class = 'android.widget.TextView' and (@text = 'About' or . = 'About')]"}[39m
[38;5;89m[36c3a32b][0m[38;5;86m[HTTP][0m [37m<-- POST /wd/hub/session/36c3a32b-f16b-4524-ad06-d04c014d6371/elements [39m[32m200[39m [90m98 ms - 12[39m [90m[39m
[38;5;89m[36c3a32b][0m[38;5;86m[HTTP][0m [37m-->[39m [37mPOST[39m [37m/wd/hub/session/36c3a32b-f16b-4524-ad06-d04c014d6371/elements[39m [90m{"using":"xpath","value":"//*[@class = 'android.widget.TextView' and (@text = 'About' or . = 'About')]"}[39m
[38;5;89m[36c3a32b][0m[38;5;86m[HTTP][0m [37m<-- POST /wd/hub/session/36c3a32b-f16b-4524-ad06-d04c014d6371/elements [39m[32m200[39m [90m157 ms - 12[39m [90m[39m
[38;5;89m[36c3a32b][0m[38;5;86m[HTTP][0m [37m-->[39m [37mPOST[39m [37m/wd/hub/session/36c3a32b-f16b-4524-ad06-d04c014d6371/elements[39m [90m{"using":"xpath","value":"//*[@class = 'android.widget.TextView' and (@text = 'About' or . = 'About')]"}[39m
[38;5;89m[36c3a32b][0m[38;5;86m[HTTP][0m [37m<-- POST /wd/hub/session/36c3a32b-f16b-4524-ad06-d04c014d6371/elements [39m[32m200[39m [90m804 ms - 12[39m [90m[39m
[38;5;89m[36c3a32b][0m[38;5;86m[HTTP][0m [37m-->[39m [37mPOST[39m [37m/wd/hub/session/36c3a32b-f16b-4524-ad06-d04c014d6371/elements[39m [90m{"using":"xpath","value":"//*[@class = 'android.widget.TextView' and (@text = 'About' or . = 'About')]"}[39m
[38;5;89m[36c3a32b][0m[38;5;86m[HTTP][0m [37m<-- POST /wd/hub/session/36c3a32b-f16b-4524-ad06-d04c014d6371/elements [39m[32m200[39m [90m105 ms - 12[39m [90m[39m
[38;5;89m[36c3a32b][0m[38;5;86m[HTTP][0m [37m-->[39m [37mPOST[39m [37m/wd/hub/session/36c3a32b-f16b-4524-ad06-d04c014d6371/elements[39m [90m{"using":"xpath","value":"//*[@class = 'android.widget.TextView' and (@text = 'About' or . = 'About')]"}[39m
[38;5;89m[36c3a32b][0m[38;5;86m[HTTP][0m [37m<-- POST /wd/hub/session/36c3a32b-f16b-4524-ad06-d04c014d6371/elements [39m[32m200[39m [90m139 ms - 12[39m [90m[39m
[38;5;89m[36c3a32b][0m[38;5;86m[HTTP][0m [37m-->[39m [37mPOST[39m [37m/wd/hub/session/36c3a32b-f16b-4524-ad06-d04c014d6371/elements[39m [90m{"using":"xpath","value":"//*[@class = 'android.widget.TextView' and (@text = 'About' or . = 'About')]"}[39m
[38;5;89m[36c3a32b][0m[38;5;86m[HTTP][0m [37m<-- POST /wd/hub/session/36c3a32b-f16b-4524-ad06-d04c014d6371/elements [39m[32m200[39m [90m114 ms - 12[39m [90m[39m
[38;5;89m[36c3a32b][0m[38;5;86m[HTTP][0m [37m-->[39m [37mPOST[39m [37m/wd/hub/session/36c3a32b-f16b-4524-ad06-d04c014d6371/elements[39m [90m{"using":"xpath","value":"//*[@class = 'android.widget.TextView' and (@text = 'About' or . = 'About')]"}[39m
[38;5;89m[36c3a32b][0m[38;5;86m[HTTP][0m [37m<-- POST /wd/hub/session/36c3a32b-f16b-4524-ad06-d04c014d6371/elements [39m[32m200[39m [90m130 ms - 12[39m [90m[39m
[38;5;89m[36c3a32b][0m[38;5;86m[HTTP][0m [37m-->[39m [37mPOST[39m [37m/wd/hub/session/36c3a32b-f16b-4524-ad06-d04c014d6371/elements[39m [90m{"using":"xpath","value":"//*[@class = 'android.widget.TextView' and (@text = 'About' or . = 'About')]"}[39m
[38;5;89m[36c3a32b][0m[38;5;86m[HTTP][0m [37m<-- POST /wd/hub/session/36c3a32b-f16b-4524-ad06-d04c014d6371/elements [39m[32m200[39m [90m153 ms - 12[39m [90m[39m
[38;5;89m[36c3a32b][0m[38;5;86m[HTTP][0m [37m-->[39m [37mPOST[39m [37m/wd/hub/session/36c3a32b-f16b-4524-ad06-d04c014d6371/elements[39m [90m{"using":"xpath","value":"//*[@class = 'android.widget.TextView' and (@text = 'About' or . = 'About')]"}[39m
[38;5;89m[36c3a32b][0m[38;5;86m[HTTP][0m [37m<-- POST /wd/hub/session/36c3a32b-f16b-4524-ad06-d04c014d6371/elements [39m[32m200[39m [90m1451 ms - 12[39m [90m[39m
[38;5;89m[36c3a32b][0m[38;5;86m[HTTP][0m [37m-->[39m [37mPOST[39m [37m/wd/hub/session/36c3a32b-f16b-4524-ad06-d04c014d6371/elements[39m [90m{"using":"xpath","value":"//*[@class = 'android.widget.TextView' and (@text = 'About' or . = 'About')]"}[39m
[38;5;89m[36c3a32b][0m[38;5;86m[HTTP][0m [37m<-- POST /wd/hub/session/36c3a32b-f16b-4524-ad06-d04c014d6371/elements [39m[32m200[39m [90m1143 ms - 12[39m [90m[39m
[38;5;89m[36c3a32b][0m[38;5;86m[HTTP][0m [37m-->[39m [37mPOST[39m [37m/wd/hub/session/36c3a32b-f16b-4524-ad06-d04c014d6371/elements[39m [90m{"using":"xpath","value":"//*[@class = 'android.widget.TextView' and (@text = 'About' or . = 'About')]"}[39m
[38;5;89m[36c3a32b][0m[38;5;86m[HTTP][0m [37m<-- POST /wd/hub/session/36c3a32b-f16b-4524-ad06-d04c014d6371/elements [39m[32m200[39m [90m133 ms - 12[39m [90m[39m
[38;5;89m[36c3a32b][0m[38;5;86m[HTTP][0m [37m-->[39m [37mPOST[39m [37m/wd/hub/session/36c3a32b-f16b-4524-ad06-d04c014d6371/elements[39m [90m{"using":"xpath","value":"//*[@class = 'android.widget.TextView' and (@text = 'About' or . = 'About')]"}[39m
[38;5;89m[36c3a32b][0m[38;5;86m[HTTP][0m [37m<-- POST /wd/hub/session/36c3a32b-f16b-4524-ad06-d04c014d6371/elements [39m[32m200[39m [90m857 ms - 12[39m [90m[39m
[38;5;89m[36c3a32b][0m[38;5;86m[HTTP][0m [37m-->[39m [37mPOST[39m [37m/wd/hub/session/36c3a32b-f16b-4524-ad06-d04c014d6371/elements[39m [90m{"using":"xpath","value":"//*[@class = 'android.widget.TextView' and (@text = 'About' or . = 'About')]"}[39m
[38;5;89m[36c3a32b][0m[38;5;86m[HTTP][0m [37m<-- POST /wd/hub/session/36c3a32b-f16b-4524-ad06-d04c014d6371/elements [39m[32m200[39m [90m99 ms - 12[39m [90m[39m
[38;5;89m[36c3a32b][0m[38;5;86m[HTTP][0m [37m-->[39m [37mPOST[39m [37m/wd/hub/session/36c3a32b-f16b-4524-ad06-d04c014d6371/elements[39m [90m{"using":"xpath","value":"//*[@class = 'android.widget.TextView' and (@text = 'About' or . = 'About')]"}[39m
[38;5;89m[36c3a32b][0m[38;5;86m[HTTP][0m [37m<-- POST /wd/hub/session/36c3a32b-f16b-4524-ad06-d04c014d6371/elements [39m[32m200[39m [90m101 ms - 12[39m [90m[39m
[38;5;89m[36c3a32b][0m[38;5;86m[HTTP][0m [37m-->[39m [37mPOST[39m [37m/wd/hub/session/36c3a32b-f16b-4524-ad06-d04c014d6371/elements[39m [90m{"using":"xpath","value":"//*[@class = 'android.widget.TextView' and (@text = 'About' or . = 'About')]"}[39m
[38;5;89m[36c3a32b][0m[38;5;86m[HTTP][0m [37m<-- POST /wd/hub/session/36c3a32b-f16b-4524-ad06-d04c014d6371/elements [39m[32m200[39m [90m115 ms - 12[39m [90m[39m
[38;5;89m[36c3a32b][0m[38;5;86m[HTTP][0m [37m-->[39m [37mPOST[39m [37m/wd/hub/session/36c3a32b-f16b-4524-ad06-d04c014d6371/elements[39m [90m{"using":"xpath","value":"//*[@class = 'android.widget.TextView' and (@text = 'About' or . = 'About')]"}[39m
[38;5;89m[36c3a32b][0m[38;5;86m[HTTP][0m [37m<-- POST /wd/hub/session/36c3a32b-f16b-4524-ad06-d04c014d6371/elements [39m[32m200[39m [90m106 ms - 12[39m [90m[39m
[38;5;89m[36c3a32b][0m[38;5;86m[HTTP][0m [37m-->[39m [37mPOST[39m [37m/wd/hub/session/36c3a32b-f16b-4524-ad06-d04c014d6371/elements[39m [90m{"using":"xpath","value":"//*[@class = 'android.widget.TextView' and (@text = 'About' or . = 'About')]"}[39m
[38;5;89m[36c3a32b][0m[38;5;86m[HTTP][0m [37m<-- POST /wd/hub/session/36c3a32b-f16b-4524-ad06-d04c014d6371/elements [39m[32m200[39m [90m104 ms - 12[39m [90m[39m
[38;5;89m[36c3a32b][0m[38;5;86m[HTTP][0m [37m-->[39m [37mPOST[39m [37m/wd/hub/session/36c3a32b-f16b-4524-ad06-d04c014d6371/elements[39m [90m{"using":"xpath","value":"//*[@class = 'android.widget.TextView' and (@text = 'About' or . = 'About')]"}[39m
[38;5;89m[36c3a32b][0m[38;5;86m[HTTP][0m [37m<-- POST /wd/hub/session/36c3a32b-f16b-4524-ad06-d04c014d6371/elements [39m[32m200[39m [90m115 ms - 12[39m [90m[39m
[38;5;89m[36c3a32b][0m[38;5;86m[HTTP][0m [37m-->[39m [37mPOST[39m [37m/wd/hub/session/36c3a32b-f16b-4524-ad06-d04c014d6371/elements[39m [90m{"using":"xpath","value":"//*[@class = 'android.widget.TextView' and (@text = 'About' or . = 'About')]"}[39m
[38;5;89m[36c3a32b][0m[38;5;86m[HTTP][0m [37m<-- POST /wd/hub/session/36c3a32b-f16b-4524-ad06-d04c014d6371/elements [39m[32m200[39m [90m102 ms - 12[39m [90m[39m
[38;5;89m[36c3a32b][0m[38;5;86m[HTTP][0m [37m-->[39m [37mPOST[39m [37m/wd/hub/session/36c3a32b-f16b-4524-ad06-d04c014d6371/elements[39m [90m{"using":"xpath","value":"//*[@class = 'android.widget.TextView' and (@text = 'About' or . = 'About')]"}[39m
[38;5;89m[36c3a32b][0m[38;5;86m[HTTP][0m [37m<-- POST /wd/hub/session/36c3a32b-f16b-4524-ad06-d04c014d6371/elements [39m[32m200[39m [90m100 ms - 12[39m [90m[39m
[38;5;89m[36c3a32b][0m[38;5;86m[HTTP][0m [37m-->[39m [37mPOST[39m [37m/wd/hub/session/36c3a32b-f16b-4524-ad06-d04c014d6371/elements[39m [90m{"using":"xpath","value":"//*[@class = 'android.widget.TextView' and (@text = 'About' or . = 'About')]"}[39m
[38;5;89m[36c3a32b][0m[38;5;86m[HTTP][0m [37m<-- POST /wd/hub/session/36c3a32b-f16b-4524-ad06-d04c014d6371/elements [39m[32m200[39m [90m94 ms - 12[39m [90m[39m
[38;5;89m[36c3a32b][0m[38;5;86m[HTTP][0m [37m-->[39m [37mPOST[39m [37m/wd/hub/session/36c3a32b-f16b-4524-ad06-d04c014d6371/elements[39m [90m{"using":"xpath","value":"//*[@class = 'android.widget.TextView' and (@text = 'About' or . = 'About')]"}[39m
[38;5;89m[36c3a32b][0m[38;5;86m[HTTP][0m [37m<-- POST /wd/hub/session/36c3a32b-f16b-4524-ad06-d04c014d6371/elements [39m[32m200[39m [90m110 ms - 12[39m [90m[39m
[38;5;89m[36c3a32b][0m[38;5;86m[HTTP][0m [37m-->[39m [37mPOST[39m [37m/wd/hub/session/36c3a32b-f16b-4524-ad06-d04c014d6371/elements[39m [90m{"using":"xpath","value":"//*[@class = 'android.widget.TextView' and (@text = 'About' or . = 'About')]"}[39m
[38;5;89m[36c3a32b][0m[38;5;86m[HTTP][0m [37m<-- POST /wd/hub/session/36c3a32b-f16b-4524-ad06-d04c014d6371/elements [39m[32m200[39m [90m107 ms - 12[39m [90m[39m
[38;5;89m[36c3a32b][0m[38;5;86m[HTTP][0m [37m-->[39m [37mPOST[39m [37m/wd/hub/session/36c3a32b-f16b-4524-ad06-d04c014d6371/elements[39m [90m{"using":"xpath","value":"//*[@class = 'android.widget.TextView' and (@text = 'About' or . = 'About')]"}[39m
[38;5;89m[36c3a32b][0m[38;5;86m[HTTP][0m [37m<-- POST /wd/hub/session/36c3a32b-f16b-4524-ad06-d04c014d6371/elements [39m[32m200[39m [90m103 ms - 12[39m [90m[39m
[38;5;89m[36c3a32b][0m[38;5;86m[HTTP][0m [37m-->[39m [37mPOST[39m [37m/wd/hub/session/36c3a32b-f16b-4524-ad06-d04c014d6371/elements[39m [90m{"using":"xpath","value":"//*[@class = 'android.widget.TextView' and (@text = 'About' or . = 'About')]"}[39m
[38;5;89m[36c3a32b][0m[38;5;86m[HTTP][0m [37m<-- POST /wd/hub/session/36c3a32b-f16b-4524-ad06-d04c014d6371/elements [39m[32m200[39m [90m98 ms - 12[39m [90m[39m
[38;5;89m[36c3a32b][0m[38;5;86m[HTTP][0m [37m-->[39m [37mPOST[39m [37m/wd/hub/session/36c3a32b-f16b-4524-ad06-d04c014d6371/elements[39m [90m{"using":"xpath","value":"//*[@class = 'android.widget.TextView' and (@text = 'About' or . = 'About')]"}[39m
[38;5;89m[36c3a32b][0m[38;5;86m[HTTP][0m [37m<-- POST /wd/hub/session/36c3a32b-f16b-4524-ad06-d04c014d6371/elements [39m[32m200[39m [90m104 ms - 12[39m [90m[39m
[38;5;89m[36c3a32b][0m[38;5;86m[HTTP][0m [37m-->[39m [37mPOST[39m [37m/wd/hub/session/36c3a32b-f16b-4524-ad06-d04c014d6371/elements[39m [90m{"using":"xpath","value":"//*[@class = 'android.widget.TextView' and (@text = 'About' or . = 'About')]"}[39m
[38;5;89m[36c3a32b][0m[38;5;86m[HTTP][0m [37m<-- POST /wd/hub/session/36c3a32b-f16b-4524-ad06-d04c014d6371/elements [39m[32m200[39m [90m154 ms - 12[39m [90m[39m
[38;5;89m[36c3a32b][0m[38;5;86m[HTTP][0m [37m-->[39m [37mPOST[39m [37m/wd/hub/session/36c3a32b-f16b-4524-ad06-d04c014d6371/elements[39m [90m{"using":"xpath","value":"//*[@class = 'android.widget.TextView' and (@text = 'About' or . = 'About')]"}[39m
[38;5;89m[36c3a32b][0m[38;5;86m[HTTP][0m [37m<-- POST /wd/hub/session/36c3a32b-f16b-4524-ad06-d04c014d6371/elements [39m[32m200[39m [90m127 ms - 12[39m [90m[39m
[38;5;89m[36c3a32b][0m[38;5;86m[HTTP][0m [37m-->[39m [37mPOST[39m [37m/wd/hub/session/36c3a32b-f16b-4524-ad06-d04c014d6371/elements[39m [90m{"using":"xpath","value":"//*[@class = 'android.widget.TextView' and (@text = 'About' or . = 'About')]"}[39m
[38;5;89m[36c3a32b][0m[38;5;86m[HTTP][0m [37m<-- POST /wd/hub/session/36c3a32b-f16b-4524-ad06-d04c014d6371/elements [39m[32m200[39m [90m137 ms - 12[39m [90m[39m
[38;5;89m[36c3a32b][0m[38;5;86m[HTTP][0m [37m-->[39m [37mPOST[39m [37m/wd/hub/session/36c3a32b-f16b-4524-ad06-d04c014d6371/elements[39m [90m{"using":"xpath","value":"//*[@class = 'android.widget.TextView' and (@text = 'About' or . = 'About')]"}[39m
[38;5;89m[36c3a32b][0m[38;5;86m[HTTP][0m [37m<-- POST /wd/hub/session/36c3a32b-f16b-4524-ad06-d04c014d6371/elements [39m[32m200[39m [90m141 ms - 12[39m [90m[39m
[38;5;89m[36c3a32b][0m[38;5;86m[HTTP][0m [37m-->[39m [37mPOST[39m [37m/wd/hub/session/36c3a32b-f16b-4524-ad06-d04c014d6371/elements[39m [90m{"using":"xpath","value":"//*[@class = 'android.widget.TextView' and (@text = 'About' or . = 'About')]"}[39m
[38;5;89m[36c3a32b][0m[38;5;86m[HTTP][0m [37m<-- POST /wd/hub/session/36c3a32b-f16b-4524-ad06-d04c014d6371/elements [39m[32m200[39m [90m132 ms - 12[39m [90m[39m
[38;5;89m[36c3a32b][0m[38;5;86m[HTTP][0m [37m-->[39m [37mPOST[39m [37m/wd/hub/session/36c3a32b-f16b-4524-ad06-d04c014d6371/elements[39m [90m{"using":"xpath","value":"//*[@class = 'android.widget.TextView' and (@text = 'About' or . = 'About')]"}[39m
[38;5;89m[36c3a32b][0m[38;5;86m[HTTP][0m [37m<-- POST /wd/hub/session/36c3a32b-f16b-4524-ad06-d04c014d6371/elements [39m[32m200[39m [90m125 ms - 12[39m [90m[39m
[38;5;89m[36c3a32b][0m[38;5;86m[HTTP][0m [37m-->[39m [37mPOST[39m [37m/wd/hub/session/36c3a32b-f16b-4524-ad06-d04c014d6371/elements[39m [90m{"using":"xpath","value":"//*[@class = 'android.widget.TextView' and (@text = 'About' or . = 'About')]"}[39m
[38;5;89m[36c3a32b][0m[38;5;86m[HTTP][0m [37m<-- POST /wd/hub/session/36c3a32b-f16b-4524-ad06-d04c014d6371/elements [39m[32m200[39m [90m129 ms - 12[39m [90m[39m
[38;5;89m[36c3a32b][0m[38;5;86m[HTTP][0m [37m-->[39m [37mPOST[39m [37m/wd/hub/session/36c3a32b-f16b-4524-ad06-d04c014d6371/elements[39m [90m{"using":"xpath","value":"//*[@class = 'android.widget.TextView' and (@text = 'About' or . = 'About')]"}[39m
[38;5;89m[36c3a32b][0m[38;5;86m[HTTP][0m [37m<-- POST /wd/hub/session/36c3a32b-f16b-4524-ad06-d04c014d6371/elements [39m[32m200[39m [90m132 ms - 12[39m [90m[39m
[38;5;89m[36c3a32b][0m[38;5;86m[HTTP][0m [37m-->[39m [37mPOST[39m [37m/wd/hub/session/36c3a32b-f16b-4524-ad06-d04c014d6371/elements[39m [90m{"using":"xpath","value":"//*[@class = 'android.widget.TextView' and (@text = 'About' or . = 'About')]"}[39m
[38;5;89m[36c3a32b][0m[38;5;86m[HTTP][0m [37m<-- POST /wd/hub/session/36c3a32b-f16b-4524-ad06-d04c014d6371/elements [39m[32m200[39m [90m141 ms - 12[39m [90m[39m
[38;5;89m[36c3a32b][0m[38;5;86m[HTTP][0m [37m-->[39m [37mPOST[39m [37m/wd/hub/session/36c3a32b-f16b-4524-ad06-d04c014d6371/elements[39m [90m{"using":"xpath","value":"//*[@class = 'android.widget.TextView' and (@text = 'About' or . = 'About')]"}[39m
[38;5;89m[36c3a32b][0m[38;5;86m[HTTP][0m [37m<-- POST /wd/hub/session/36c3a32b-f16b-4524-ad06-d04c014d6371/elements [39m[32m200[39m [90m137 ms - 12[39m [90m[39m
[38;5;89m[36c3a32b][0m[38;5;86m[HTTP][0m [37m-->[39m [37mPOST[39m [37m/wd/hub/session/36c3a32b-f16b-4524-ad06-d04c014d6371/elements[39m [90m{"using":"xpath","value":"//*[@class = 'android.widget.TextView' and (@text = 'About' or . = 'About')]"}[39m
[38;5;89m[36c3a32b][0m[38;5;86m[HTTP][0m [37m<-- POST /wd/hub/session/36c3a32b-f16b-4524-ad06-d04c014d6371/elements [39m[32m200[39m [90m141 ms - 12[39m [90m[39m
[38;5;89m[36c3a32b][0m[38;5;86m[HTTP][0m [37m-->[39m [37mPOST[39m [37m/wd/hub/session/36c3a32b-f16b-4524-ad06-d04c014d6371/elements[39m [90m{"using":"xpath","value":"//*[@class = 'android.widget.TextView' and (@text = 'About' or . = 'About')]"}[39m
[38;5;89m[36c3a32b][0m[38;5;86m[HTTP][0m [37m<-- POST /wd/hub/session/36c3a32b-f16b-4524-ad06-d04c014d6371/elements [39m[32m200[39m [90m141 ms - 12[39m [90m[39m
[38;5;89m[36c3a32b][0m[38;5;86m[HTTP][0m [37m-->[39m [37mPOST[39m [37m/wd/hub/session/36c3a32b-f16b-4524-ad06-d04c014d6371/elements[39m [90m{"using":"xpath","value":"//*[@class = 'android.widget.TextView' and (@text = 'About' or . = 'About')]"}[39m
[38;5;89m[36c3a32b][0m[38;5;86m[HTTP][0m [37m<-- POST /wd/hub/session/36c3a32b-f16b-4524-ad06-d04c014d6371/elements [39m[32m200[39m [90m119 ms - 12[39m [90m[39m
[38;5;89m[36c3a32b][0m[38;5;86m[HTTP][0m [37m-->[39m [37mPOST[39m [37m/wd/hub/session/36c3a32b-f16b-4524-ad06-d04c014d6371/elements[39m [90m{"using":"xpath","value":"//*[@class = 'android.widget.TextView' and (@text = 'About' or . = 'About')]"}[39m
[38;5;89m[36c3a32b][0m[38;5;86m[HTTP][0m [37m<-- POST /wd/hub/session/36c3a32b-f16b-4524-ad06-d04c014d6371/elements [39m[32m200[39m [90m110 ms - 12[39m [90m[39m
[38;5;89m[36c3a32b][0m[38;5;86m[HTTP][0m [37m-->[39m [37mPOST[39m [37m/wd/hub/session/36c3a32b-f16b-4524-ad06-d04c014d6371/elements[39m [90m{"using":"xpath","value":"//*[@class = 'android.widget.TextView' and (@text = 'About' or . = 'About')]"}[39m
[38;5;89m[36c3a32b][0m[38;5;86m[HTTP][0m [37m<-- POST /wd/hub/session/36c3a32b-f16b-4524-ad06-d04c014d6371/elements [39m[32m200[39m [90m142 ms - 12[39m [90m[39m
[38;5;89m[36c3a32b][0m[38;5;86m[HTTP][0m [37m-->[39m [37mPOST[39m [37m/wd/hub/session/36c3a32b-f16b-4524-ad06-d04c014d6371/elements[39m [90m{"using":"xpath","value":"//*[@class = 'android.widget.TextView' and (@text = 'About' or . = 'About')]"}[39m
[38;5;89m[36c3a32b][0m[38;5;86m[HTTP][0m [37m<-- POST /wd/hub/session/36c3a32b-f16b-4524-ad06-d04c014d6371/elements [39m[32m200[39m [90m129 ms - 12[39m [90m[39m
[38;5;89m[36c3a32b][0m[38;5;86m[HTTP][0m [37m-->[39m [37mPOST[39m [37m/wd/hub/session/36c3a32b-f16b-4524-ad06-d04c014d6371/elements[39m [90m{"using":"xpath","value":"//*[@class = 'android.widget.TextView' and (@text = 'About' or . = 'About')]"}[39m
[38;5;89m[36c3a32b][0m[38;5;86m[HTTP][0m [37m<-- POST /wd/hub/session/36c3a32b-f16b-4524-ad06-d04c014d6371/elements [39m[32m200[39m [90m135 ms - 12[39m [90m[39m
[38;5;89m[36c3a32b][0m[38;5;86m[HTTP][0m [37m-->[39m [37mPOST[39m [37m/wd/hub/session/36c3a32b-f16b-4524-ad06-d04c014d6371/elements[39m [90m{"using":"xpath","value":"//*[@class = 'android.widget.TextView' and (@text = 'About' or . = 'About')]"}[39m
[38;5;89m[36c3a32b][0m[38;5;86m[HTTP][0m [37m<-- POST /wd/hub/session/36c3a32b-f16b-4524-ad06-d04c014d6371/elements [39m[32m200[39m [90m127 ms - 12[39m [90m[39m
[38;5;89m[36c3a32b][0m[38;5;86m[HTTP][0m [37m-->[39m [37mPOST[39m [37m/wd/hub/session/36c3a32b-f16b-4524-ad06-d04c014d6371/elements[39m [90m{"using":"xpath","value":"//*[@class = 'android.widget.TextView' and (@text = 'About' or . = 'About')]"}[39m
[38;5;89m[36c3a32b][0m[38;5;86m[HTTP][0m [37m<-- POST /wd/hub/session/36c3a32b-f16b-4524-ad06-d04c014d6371/elements [39m[32m200[39m [90m143 ms - 12[39m [90m[39m
[38;5;89m[36c3a32b][0m[38;5;86m[HTTP][0m [37m-->[39m [37mPOST[39m [37m/wd/hub/session/36c3a32b-f16b-4524-ad06-d04c014d6371/elements[39m [90m{"using":"xpath","value":"//*[@class = 'android.widget.TextView' and (@text = 'About' or . = 'About')]"}[39m
[38;5;89m[36c3a32b][0m[38;5;86m[HTTP][0m [37m<-- POST /wd/hub/session/36c3a32b-f16b-4524-ad06-d04c014d6371/elements [39m[32m200[39m [90m190 ms - 12[39m [90m[39m
[38;5;89m[36c3a32b][0m[38;5;86m[HTTP][0m [37m-->[39m [37mPOST[39m [37m/wd/hub/session/36c3a32b-f16b-4524-ad06-d04c014d6371/elements[39m [90m{"using":"xpath","value":"//*[@class = 'android.widget.TextView' and (@text = 'About' or . = 'About')]"}[39m
[38;5;89m[36c3a32b][0m[38;5;86m[HTTP][0m [37m<-- POST /wd/hub/session/36c3a32b-f16b-4524-ad06-d04c014d6371/elements [39m[32m200[39m [90m125 ms - 12[39m [90m[39m
[38;5;89m[36c3a32b][0m[38;5;86m[HTTP][0m [37m-->[39m [37mPOST[39m [37m/wd/hub/session/36c3a32b-f16b-4524-ad06-d04c014d6371/elements[39m [90m{"using":"xpath","value":"//*[@class = 'android.widget.TextView' and (@text = 'About' or . = 'About')]"}[39m
[38;5;89m[36c3a32b][0m[38;5;86m[HTTP][0m [37m<-- POST /wd/hub/session/36c3a32b-f16b-4524-ad06-d04c014d6371/elements [39m[32m200[39m [90m133 ms - 12[39m [90m[39m
[38;5;89m[36c3a32b][0m[38;5;86m[HTTP][0m [37m-->[39m [37mPOST[39m [37m/wd/hub/session/36c3a32b-f16b-4524-ad06-d04c014d6371/elements[39m [90m{"using":"xpath","value":"//*[@class = 'android.widget.TextView' and (@text = 'About' or . = 'About')]"}[39m
[38;5;89m[36c3a32b][0m[38;5;86m[HTTP][0m [37m<-- POST /wd/hub/session/36c3a32b-f16b-4524-ad06-d04c014d6371/elements [39m[32m200[39m [90m139 ms - 12[39m [90m[39m
[38;5;89m[36c3a32b][0m[38;5;86m[HTTP][0m [37m-->[39m [37mPOST[39m [37m/wd/hub/session/36c3a32b-f16b-4524-ad06-d04c014d6371/elements[39m [90m{"using":"xpath","value":"//*[@class = 'android.widget.TextView' and (@text = 'About' or . = 'About')]"}[39m
[38;5;89m[36c3a32b][0m[38;5;86m[HTTP][0m [37m<-- POST /wd/hub/session/36c3a32b-f16b-4524-ad06-d04c014d6371/elements [39m[32m200[39m [90m132 ms - 12[39m [90m[39m
[38;5;89m[36c3a32b][0m[38;5;86m[HTTP][0m [37m-->[39m [37mPOST[39m [37m/wd/hub/session/36c3a32b-f16b-4524-ad06-d04c014d6371/elements[39m [90m{"using":"xpath","value":"//*[@class = 'android.widget.TextView' and (@text = 'About' or . = 'About')]"}[39m
[38;5;89m[36c3a32b][0m[38;5;86m[HTTP][0m [37m<-- POST /wd/hub/session/36c3a32b-f16b-4524-ad06-d04c014d6371/elements [39m[32m200[39m [90m119 ms - 12[39m [90m[39m
[38;5;89m[36c3a32b][0m[38;5;86m[HTTP][0m [37m-->[39m [37mPOST[39m [37m/wd/hub/session/36c3a32b-f16b-4524-ad06-d04c014d6371/elements[39m [90m{"using":"xpath","value":"//*[@class = 'android.widget.TextView' and (@text = 'About' or . = 'About')]"}[39m
[38;5;89m[36c3a32b][0m[38;5;86m[HTTP][0m [37m<-- POST /wd/hub/session/36c3a32b-f16b-4524-ad06-d04c014d6371/elements [39m[32m200[39m [90m122 ms - 12[39m [90m[39m
[38;5;89m[36c3a32b][0m[38;5;86m[HTTP][0m [37m-->[39m [37mPOST[39m [37m/wd/hub/session/36c3a32b-f16b-4524-ad06-d04c014d6371/elements[39m [90m{"using":"xpath","value":"//*[@class = 'android.widget.TextView' and (@text = 'About' or . = 'About')]"}[39m
[38;5;89m[36c3a32b][0m[38;5;86m[HTTP][0m [37m<-- POST /wd/hub/session/36c3a32b-f16b-4524-ad06-d04c014d6371/elements [39m[32m200[39m [90m142 ms - 12[39m [90m[39m
[38;5;89m[36c3a32b][0m[38;5;86m[HTTP][0m [37m-->[39m [37mPOST[39m [37m/wd/hub/session/36c3a32b-f16b-4524-ad06-d04c014d6371/elements[39m [90m{"using":"xpath","value":"//*[@class = 'android.widget.TextView' and (@text = 'About' or . = 'About')]"}[39m
[38;5;89m[36c3a32b][0m[38;5;86m[HTTP][0m [37m<-- POST /wd/hub/session/36c3a32b-f16b-4524-ad06-d04c014d6371/elements [39m[32m200[39m [90m130 ms - 12[39m [90m[39m
[38;5;89m[36c3a32b][0m[38;5;86m[HTTP][0m [37m-->[39m [37mPOST[39m [37m/wd/hub/session/36c3a32b-f16b-4524-ad06-d04c014d6371/elements[39m [90m{"using":"xpath","value":"//*[@class = 'android.widget.TextView' and (@text = 'About' or . = 'About')]"}[39m
[38;5;89m[36c3a32b][0m[38;5;86m[HTTP][0m [37m<-- POST /wd/hub/session/36c3a32b-f16b-4524-ad06-d04c014d6371/elements [39m[32m200[39m [90m139 ms - 12[39m [90m[39m
[38;5;89m[36c3a32b][0m[38;5;86m[HTTP][0m [37m-->[39m [37mPOST[39m [37m/wd/hub/session/36c3a32b-f16b-4524-ad06-d04c014d6371/elements[39m [90m{"using":"xpath","value":"//*[@class = 'android.widget.TextView' and (@text = 'About' or . = 'About')]"}[39m
[38;5;89m[36c3a32b][0m[38;5;86m[HTTP][0m [37m<-- POST /wd/hub/session/36c3a32b-f16b-4524-ad06-d04c014d6371/elements [39m[32m200[39m [90m141 ms - 12[39m [90m[39m
[38;5;89m[36c3a32b][0m[38;5;86m[HTTP][0m [37m-->[39m [37mPOST[39m [37m/wd/hub/session/36c3a32b-f16b-4524-ad06-d04c014d6371/elements[39m [90m{"using":"xpath","value":"//*[@class = 'android.widget.TextView' and (@text = 'About' or . = 'About')]"}[39m
[38;5;89m[36c3a32b][0m[38;5;86m[HTTP][0m [37m<-- POST /wd/hub/session/36c3a32b-f16b-4524-ad06-d04c014d6371/elements [39m[32m200[39m [90m133 ms - 12[39m [90m[39m
[38;5;89m[36c3a32b][0m[38;5;86m[HTTP][0m [37m-->[39m [37mPOST[39m [37m/wd/hub/session/36c3a32b-f16b-4524-ad06-d04c014d6371/elements[39m [90m{"using":"xpath","value":"//*[@class = 'android.widget.TextView' and (@text = 'About' or . = 'About')]"}[39m
[38;5;89m[36c3a32b][0m[38;5;86m[HTTP][0m [37m<-- POST /wd/hub/session/36c3a32b-f16b-4524-ad06-d04c014d6371/elements [39m[32m200[39m [90m129 ms - 12[39m [90m[39m
[38;5;89m[36c3a32b][0m[38;5;86m[HTTP][0m [37m-->[39m [37mPOST[39m [37m/wd/hub/session/36c3a32b-f16b-4524-ad06-d04c014d6371/elements[39m [90m{"using":"xpath","value":"//*[@class = 'android.widget.TextView' and (@text = 'About' or . = 'About')]"}[39m
[38;5;89m[36c3a32b][0m[38;5;86m[HTTP][0m [37m<-- POST /wd/hub/session/36c3a32b-f16b-4524-ad06-d04c014d6371/elements [39m[32m200[39m [90m130 ms - 12[39m [90m[39m
[38;5;89m[36c3a32b][0m[38;5;86m[HTTP][0m [37m-->[39m [37mPOST[39m [37m/wd/hub/session/36c3a32b-f16b-4524-ad06-d04c014d6371/elements[39m [90m{"using":"xpath","value":"//*[@class = 'android.widget.TextView' and (@text = 'About' or . = 'About')]"}[39m
[38;5;89m[36c3a32b][0m[38;5;86m[HTTP][0m [37m<-- POST /wd/hub/session/36c3a32b-f16b-4524-ad06-d04c014d6371/elements [39m[32m200[39m [90m121 ms - 12[39m [90m[39m
[38;5;89m[36c3a32b][0m[38;5;86m[HTTP][0m [37m-->[39m [37mPOST[39m [37m/wd/hub/session/36c3a32b-f16b-4524-ad06-d04c014d6371/elements[39m [90m{"using":"xpath","value":"//*[@class = 'android.widget.TextView' and (@text = 'About' or . = 'About')]"}[39m
[38;5;89m[36c3a32b][0m[38;5;86m[HTTP][0m [37m<-- POST /wd/hub/session/36c3a32b-f16b-4524-ad06-d04c014d6371/elements [39m[32m200[39m [90m129 ms - 12[39m [90m[39m
[38;5;89m[36c3a32b][0m[38;5;86m[HTTP][0m [37m-->[39m [37mPOST[39m [37m/wd/hub/session/36c3a32b-f16b-4524-ad06-d04c014d6371/elements[39m [90m{"using":"xpath","value":"//*[@class = 'android.widget.TextView' and (@text = 'About' or . = 'About')]"}[39m
[38;5;89m[36c3a32b][0m[38;5;86m[HTTP][0m [37m<-- POST /wd/hub/session/36c3a32b-f16b-4524-ad06-d04c014d6371/elements [39m[32m200[39m [90m129 ms - 12[39m [90m[39m
[38;5;89m[36c3a32b][0m[38;5;86m[HTTP][0m [37m-->[39m [37mPOST[39m [37m/wd/hub/session/36c3a32b-f16b-4524-ad06-d04c014d6371/elements[39m [90m{"using":"xpath","value":"//*[@class = 'android.widget.TextView' and (@text = 'About' or . = 'About')]"}[39m
[38;5;89m[36c3a32b][0m[38;5;86m[HTTP][0m [37m<-- POST /wd/hub/session/36c3a32b-f16b-4524-ad06-d04c014d6371/elements [39m[32m200[39m [90m133 ms - 12[39m [90m[39m
[38;5;89m[36c3a32b][0m[38;5;86m[HTTP][0m [37m-->[39m [37mPOST[39m [37m/wd/hub/session/36c3a32b-f16b-4524-ad06-d04c014d6371/elements[39m [90m{"using":"xpath","value":"//*[@class = 'android.widget.TextView' and (@text = 'About' or . = 'About')]"}[39m
[38;5;89m[36c3a32b][0m[38;5;86m[HTTP][0m [37m<-- POST /wd/hub/session/36c3a32b-f16b-4524-ad06-d04c014d6371/elements [39m[32m200[39m [90m186 ms - 12[39m [90m[39m
[38;5;89m[36c3a32b][0m[38;5;86m[HTTP][0m [37m-->[39m [37mPOST[39m [37m/wd/hub/session/36c3a32b-f16b-4524-ad06-d04c014d6371/elements[39m [90m{"using":"xpath","value":"//*[@class = 'android.widget.TextView' and (@text = 'About' or . = 'About')]"}[39m
[38;5;89m[36c3a32b][0m[38;5;86m[HTTP][0m [37m<-- POST /wd/hub/session/36c3a32b-f16b-4524-ad06-d04c014d6371/elements [39m[32m200[39m [90m142 ms - 12[39m [90m[39m
[38;5;89m[36c3a32b][0m[38;5;86m[HTTP][0m [37m-->[39m [37mPOST[39m [37m/wd/hub/session/36c3a32b-f16b-4524-ad06-d04c014d6371/elements[39m [90m{"using":"xpath","value":"//*[@class = 'android.widget.TextView' and (@text = 'About' or . = 'About')]"}[39m
[38;5;89m[36c3a32b][0m[38;5;86m[HTTP][0m [37m<-- POST /wd/hub/session/36c3a32b-f16b-4524-ad06-d04c014d6371/elements [39m[32m200[39m [90m157 ms - 12[39m [90m[39m
[38;5;89m[36c3a32b][0m[38;5;86m[HTTP][0m [37m-->[39m [37mPOST[39m [37m/wd/hub/session/36c3a32b-f16b-4524-ad06-d04c014d6371/elements[39m [90m{"using":"xpath","value":"//*[@class = 'android.widget.TextView' and (@text = 'About' or . = 'About')]"}[39m
[38;5;89m[36c3a32b][0m[38;5;86m[HTTP][0m [37m<-- POST /wd/hub/session/36c3a32b-f16b-4524-ad06-d04c014d6371/elements [39m[32m200[39m [90m108 ms - 12[39m [90m[39m
[38;5;89m[36c3a32b][0m[38;5;86m[HTTP][0m [37m-->[39m [37mPOST[39m [37m/wd/hub/session/36c3a32b-f16b-4524-ad06-d04c014d6371/elements[39m [90m{"using":"xpath","value":"//*[@class = 'android.widget.TextView' and (@text = 'About' or . = 'About')]"}[39m
[38;5;89m[36c3a32b][0m[38;5;86m[HTTP][0m [37m<-- POST /wd/hub/session/36c3a32b-f16b-4524-ad06-d04c014d6371/elements [39m[32m200[39m [90m172 ms - 12[39m [90m[39m
[38;5;89m[36c3a32b][0m[38;5;-130m[AndroidUiautomator2Driver@c523][0m Shutting down because we waited 1800 seconds for a command
[38;5;89m[36c3a32b][0m[38;5;59m[AppiumDriver@f23d][0m Ending session, cause was 'New Command Timeout of 1800 seconds expired. Try customizing the timeout using the 'newCommandTimeout' desired capability'
[38;5;89m[36c3a32b][0m[38;5;59m[AppiumDriver@f23d][0m Removing session '36c3a32b-f16b-4524-ad06-d04c014d6371' from our master session list
[38;5;89m[36c3a32b][0m[38;5;-130m[AndroidUiautomator2Driver@c523][0m Did not get confirmation UiAutomator2 deleteSession worked; Error was: UnknownError: An unknown server-side error occurred while processing the command. Original error: 'DELETE /' cannot be proxied to UiAutomator2 server because the instrumentation process is not running (probably crashed). Check the server log and/or the logcat output for more details
[38;5;89m[36c3a32b][0m[38;5;-130m[AndroidUiautomator2Driver@c523][0m Restoring hidden api policy to the device default configuration
